# JRE version: OpenJDK Runtime Environment JBR-17.0.9+8-1166.2-jcef (17.0.9+8) (build 17.0.9+8-b1166.2)
# Java VM: OpenJDK 64-Bit Server VM JBR-17.0.9+8-1166.2-jcef (17.0.9+8-b1166.2, mixed mode, tiered, compressed class ptrs, g1 gc, windows-amd64)
GC Precious Log:
 CPUs: 12 total, 12 available
 Memory: 16254M
 Large Page Support: Disabled
 NUMA Support: Disabled
 Compressed Oops: Disabled
 Heap Region Size: 32M
 Heap Min Capacity: 32M
 Heap Initial Capacity: 256M
 Heap Max Capacity: 4096G
 Pre-touch: Disabled
 Parallel Workers: 10
 Concurrent Workers: 3
 Concurrent Refinement Workers: 10
 Periodic GC: Disabled
Heap:
 garbage-first heap   total 1048576K, used 284861K [0x00000232ca000000, 0x00000632ca000000)
  region size 32768K, 2 young (65536K), 1 survivors (32768K)
 Metaspace       used 22164K, committed 22464K, reserved 1114112K
  class space    used 2271K, committed 2432K, reserved 1048576K
GC Heap History (20 events):
Event: 1.106 GC heap before
{Heap before GC invocations=0 (full 0):
 garbage-first heap   total 262144K, used 32768K [0x00000232ca000000, 0x00000632ca000000)
  region size 32768K, 1 young (32768K), 0 survivors (0K)
 Metaspace       used 16510K, committed 16768K, reserved 1114112K
  class space    used 1554K, committed 1664K, reserved 1048576K
}
Event: 1.118 GC heap after
{Heap after GC invocations=1 (full 0):
 garbage-first heap   total 262144K, used 6191K [0x00000232ca000000, 0x00000632ca000000)
  region size 32768K, 1 young (32768K), 1 survivors (32768K)
 Metaspace       used 16510K, committed 16768K, reserved 1114112K
  class space    used 1554K, committed 1664K, reserved 1048576K
}
Event: 1.283 GC heap before
{Heap before GC invocations=1 (full 0):
 garbage-first heap   total 262144K, used 6191K [0x00000232ca000000, 0x00000632ca000000)
  region size 32768K, 2 young (65536K), 1 survivors (32768K)
 Metaspace       used 16585K, committed 16832K, reserved 1114112K
  class space    used 1556K, committed 1664K, reserved 1048576K
}
Event: 1.290 GC heap after
{Heap after GC invocations=2 (full 0):
 garbage-first heap   total 262144K, used 15081K [0x00000232ca000000, 0x00000632ca000000)
  region size 32768K, 1 young (32768K), 1 survivors (32768K)
 Metaspace       used 16585K, committed 16832K, reserved 1114112K
  class space    used 1556K, committed 1664K, reserved 1048576K
}
Event: 1.552 GC heap before
{Heap before GC invocations=2 (full 0):
 garbage-first heap   total 262144K, used 47849K [0x00000232ca000000, 0x00000632ca000000)
  region size 32768K, 2 young (65536K), 1 survivors (32768K)
 Metaspace       used 16593K, committed 16832K, reserved 1114112K
  class space    used 1556K, committed 1664K, reserved 1048576K
}
Event: 1.563 GC heap after
{Heap after GC invocations=3 (full 0):
 garbage-first heap   total 262144K, used 31120K [0x00000232ca000000, 0x00000632ca000000)
  region size 32768K, 1 young (32768K), 1 survivors (32768K)
 Metaspace       used 16593K, committed 16832K, reserved 1114112K
  class space    used 1556K, committed 1664K, reserved 1048576K
}
Event: 1.593 GC heap before
{Heap before GC invocations=3 (full 0):
 garbage-first heap   total 262144K, used 31120K [0x00000232ca000000, 0x00000632ca000000)
  region size 32768K, 2 young (65536K), 1 survivors (32768K)
 Metaspace       used 16594K, committed 16832K, reserved 1114112K
  class space    used 1556K, committed 1664K, reserved 1048576K
}
Event: 1.605 GC heap after
{Heap after GC invocations=4 (full 0):
 garbage-first heap   total 262144K, used 47056K [0x00000232ca000000, 0x00000632ca000000)
  region size 32768K, 1 young (32768K), 1 survivors (32768K)
 Metaspace       used 16594K, committed 16832K, reserved 1114112K
  class space    used 1556K, committed 1664K, reserved 1048576K
}
Event: 1.760 GC heap before
{Heap before GC invocations=4 (full 0):
 garbage-first heap   total 262144K, used 79824K [0x00000232ca000000, 0x00000632ca000000)
  region size 32768K, 2 young (65536K), 1 survivors (32768K)
 Metaspace       used 16945K, committed 17216K, reserved 1114112K
  class space    used 1608K, committed 1728K, reserved 1048576K
}
Event: 1.770 GC heap after
{Heap after GC invocations=5 (full 0):
 garbage-first heap   total 524288K, used 129845K [0x00000232ca000000, 0x00000632ca000000)
  region size 32768K, 1 young (32768K), 1 survivors (32768K)
 Metaspace       used 16945K, committed 17216K, reserved 1114112K
  class space    used 1608K, committed 1728K, reserved 1048576K
}
Event: 1.799 GC heap before
{Heap before GC invocations=5 (full 0):
 garbage-first heap   total 524288K, used 129845K [0x00000232ca000000, 0x00000632ca000000)
  region size 32768K, 2 young (65536K), 1 survivors (32768K)
 Metaspace       used 16948K, committed 17216K, reserved 1114112K
  class space    used 1608K, committed 1728K, reserved 1048576K
}
Event: 1.810 GC heap after
{Heap after GC invocations=6 (full 0):
 garbage-first heap   total 524288K, used 189115K [0x00000232ca000000, 0x00000632ca000000)
  region size 32768K, 1 young (32768K), 1 survivors (32768K)
 Metaspace       used 16948K, committed 17216K, reserved 1114112K
  class space    used 1608K, committed 1728K, reserved 1048576K
}
Event: 2.020 GC heap before
{Heap before GC invocations=6 (full 0):
 garbage-first heap   total 524288K, used 221883K [0x00000232ca000000, 0x00000632ca000000)
  region size 32768K, 2 young (65536K), 1 survivors (32768K)
 Metaspace       used 17403K, committed 17600K, reserved 1114112K
  class space    used 1666K, committed 1728K, reserved 1048576K
}
Event: 2.031 GC heap after
{Heap after GC invocations=7 (full 0):
 garbage-first heap   total 524288K, used 209368K [0x00000232ca000000, 0x00000632ca000000)
  region size 32768K, 1 young (32768K), 1 survivors (32768K)
 Metaspace       used 17403K, committed 17600K, reserved 1114112K
  class space    used 1666K, committed 1728K, reserved 1048576K
}
Event: 3.519 GC heap before
{Heap before GC invocations=7 (full 0):
 garbage-first heap   total 524288K, used 242136K [0x00000232ca000000, 0x00000632ca000000)
  region size 32768K, 2 young (65536K), 1 survivors (32768K)
 Metaspace       used 17436K, committed 17664K, reserved 1114112K
  class space    used 1671K, committed 1728K, reserved 1048576K
}
Event: 3.533 GC heap after
{Heap after GC invocations=8 (full 0):
 garbage-first heap   total 524288K, used 247874K [0x00000232ca000000, 0x00000632ca000000)
  region size 32768K, 1 young (32768K), 1 survivors (32768K)
 Metaspace       used 17436K, committed 17664K, reserved 1114112K
  class space    used 1671K, committed 1728K, reserved 1048576K
}
Event: 4.855 GC heap before
{Heap before GC invocations=8 (full 0):
 garbage-first heap   total 524288K, used 280642K [0x00000232ca000000, 0x00000632ca000000)
  region size 32768K, 2 young (65536K), 1 survivors (32768K)
 Metaspace       used 19411K, committed 19648K, reserved 1114112K
  class space    used 1945K, committed 2048K, reserved 1048576K
}
Event: 4.870 GC heap after
{Heap after GC invocations=9 (full 0):
 garbage-first heap   total 524288K, used 280565K [0x00000232ca000000, 0x00000632ca000000)
  region size 32768K, 1 young (32768K), 1 survivors (32768K)
 Metaspace       used 19411K, committed 19648K, reserved 1114112K
  class space    used 1945K, committed 2048K, reserved 1048576K
}
Event: 6.054 GC heap before
{Heap before GC invocations=9 (full 0):
 garbage-first heap   total 524288K, used 280565K [0x00000232ca000000, 0x00000632ca000000)
  region size 32768K, 2 young (65536K), 1 survivors (32768K)
 Metaspace       used 21219K, committed 21504K, reserved 1114112K
  class space    used 2195K, committed 2304K, reserved 1048576K
}
Event: 6.066 GC heap after
{Heap after GC invocations=10 (full 0):
 garbage-first heap   total 1048576K, used 284861K [0x00000232ca000000, 0x00000632ca000000)
  region size 32768K, 1 young (32768K), 1 survivors (32768K)
 Metaspace       used 21219K, committed 21504K, reserved 1114112K
  class space    used 2195K, committed 2304K, reserved 1048576K
}

