# JRE version: OpenJDK Runtime Environment JBR-17.0.9+8-1166.2-jcef (17.0.9+8) (build 17.0.9+8-b1166.2)
# Java VM: OpenJDK 64-Bit Server VM JBR-17.0.9+8-1166.2-jcef (17.0.9+8-b1166.2, mixed mode, tiered, compressed class ptrs, g1 gc, windows-amd64)
GC Precious Log:
 CPUs: 12 total, 12 available
 Memory: 16254M
 Large Page Support: Disabled
 NUMA Support: Disabled
 Compressed Oops: Disabled
 Heap Region Size: 32M
 Heap Min Capacity: 32M
 Heap Initial Capacity: 256M
 Heap Max Capacity: 4096G
 Pre-touch: Disabled
 Parallel Workers: 10
 Concurrent Workers: 3
 Concurrent Refinement Workers: 10
 Periodic GC: Disabled
Heap:
 garbage-first heap   total 557056K, used 251078K [0x000001a3dc000000, 0x000005a3dc000000)
  region size 32768K, 2 young (65536K), 1 survivors (32768K)
 Metaspace       used 22975K, committed 23296K, reserved 1114112K
  class space    used 2349K, committed 2496K, reserved 1048576K
GC Heap History (20 events):
Event: 1.142 GC heap before
{Heap before GC invocations=0 (full 0):
 garbage-first heap   total 262144K, used 32768K [0x000001a3dc000000, 0x000005a3dc000000)
  region size 32768K, 1 young (32768K), 0 survivors (0K)
 Metaspace       used 16495K, committed 16768K, reserved 1114112K
  class space    used 1554K, committed 1664K, reserved 1048576K
}
Event: 1.153 GC heap after
{Heap after GC invocations=1 (full 0):
 garbage-first heap   total 262144K, used 6133K [0x000001a3dc000000, 0x000005a3dc000000)
  region size 32768K, 1 young (32768K), 1 survivors (32768K)
 Metaspace       used 16495K, committed 16768K, reserved 1114112K
  class space    used 1554K, committed 1664K, reserved 1048576K
}
Event: 1.307 GC heap before
{Heap before GC invocations=1 (full 0):
 garbage-first heap   total 262144K, used 6133K [0x000001a3dc000000, 0x000005a3dc000000)
  region size 32768K, 2 young (65536K), 1 survivors (32768K)
 Metaspace       used 16573K, committed 16832K, reserved 1114112K
  class space    used 1556K, committed 1664K, reserved 1048576K
}
Event: 1.315 GC heap after
{Heap after GC invocations=2 (full 0):
 garbage-first heap   total 262144K, used 15026K [0x000001a3dc000000, 0x000005a3dc000000)
  region size 32768K, 1 young (32768K), 1 survivors (32768K)
 Metaspace       used 16573K, committed 16832K, reserved 1114112K
  class space    used 1556K, committed 1664K, reserved 1048576K
}
Event: 1.594 GC heap before
{Heap before GC invocations=2 (full 0):
 garbage-first heap   total 262144K, used 47794K [0x000001a3dc000000, 0x000005a3dc000000)
  region size 32768K, 2 young (65536K), 1 survivors (32768K)
 Metaspace       used 16581K, committed 16832K, reserved 1114112K
  class space    used 1556K, committed 1664K, reserved 1048576K
}
Event: 1.606 GC heap after
{Heap after GC invocations=3 (full 0):
 garbage-first heap   total 262144K, used 60330K [0x000001a3dc000000, 0x000005a3dc000000)
  region size 32768K, 1 young (32768K), 1 survivors (32768K)
 Metaspace       used 16581K, committed 16832K, reserved 1114112K
  class space    used 1556K, committed 1664K, reserved 1048576K
}
Event: 1.634 GC heap before
{Heap before GC invocations=3 (full 0):
 garbage-first heap   total 262144K, used 60330K [0x000001a3dc000000, 0x000005a3dc000000)
  region size 32768K, 2 young (65536K), 1 survivors (32768K)
 Metaspace       used 16581K, committed 16832K, reserved 1114112K
  class space    used 1556K, committed 1664K, reserved 1048576K
}
Event: 1.647 GC heap after
{Heap after GC invocations=4 (full 0):
 garbage-first heap   total 262144K, used 62341K [0x000001a3dc000000, 0x000005a3dc000000)
  region size 32768K, 1 young (32768K), 1 survivors (32768K)
 Metaspace       used 16581K, committed 16832K, reserved 1114112K
  class space    used 1556K, committed 1664K, reserved 1048576K
}
Event: 1.807 GC heap before
{Heap before GC invocations=4 (full 0):
 garbage-first heap   total 262144K, used 95109K [0x000001a3dc000000, 0x000005a3dc000000)
  region size 32768K, 2 young (65536K), 1 survivors (32768K)
 Metaspace       used 16932K, committed 17216K, reserved 1114112K
  class space    used 1608K, committed 1728K, reserved 1048576K
}
Event: 1.817 GC heap after
{Heap after GC invocations=5 (full 0):
 garbage-first heap   total 262144K, used 122176K [0x000001a3dc000000, 0x000005a3dc000000)
  region size 32768K, 1 young (32768K), 1 survivors (32768K)
 Metaspace       used 16932K, committed 17216K, reserved 1114112K
  class space    used 1608K, committed 1728K, reserved 1048576K
}
Event: 1.838 GC heap before
{Heap before GC invocations=5 (full 0):
 garbage-first heap   total 262144K, used 122176K [0x000001a3dc000000, 0x000005a3dc000000)
  region size 32768K, 2 young (65536K), 1 survivors (32768K)
 Metaspace       used 16936K, committed 17216K, reserved 1114112K
  class space    used 1608K, committed 1728K, reserved 1048576K
}
Event: 1.849 GC heap after
{Heap after GC invocations=6 (full 0):
 garbage-first heap   total 524288K, used 156065K [0x000001a3dc000000, 0x000005a3dc000000)
  region size 32768K, 1 young (32768K), 1 survivors (32768K)
 Metaspace       used 16936K, committed 17216K, reserved 1114112K
  class space    used 1608K, committed 1728K, reserved 1048576K
}
Event: 2.046 GC heap before
{Heap before GC invocations=6 (full 0):
 garbage-first heap   total 524288K, used 188833K [0x000001a3dc000000, 0x000005a3dc000000)
  region size 32768K, 2 young (65536K), 1 survivors (32768K)
 Metaspace       used 17394K, committed 17600K, reserved 1114112K
  class space    used 1666K, committed 1728K, reserved 1048576K
}
Event: 2.058 GC heap after
{Heap after GC invocations=7 (full 0):
 garbage-first heap   total 524288K, used 176381K [0x000001a3dc000000, 0x000005a3dc000000)
  region size 32768K, 1 young (32768K), 1 survivors (32768K)
 Metaspace       used 17394K, committed 17600K, reserved 1114112K
  class space    used 1666K, committed 1728K, reserved 1048576K
}
Event: 5.065 GC heap before
{Heap before GC invocations=7 (full 0):
 garbage-first heap   total 524288K, used 241917K [0x000001a3dc000000, 0x000005a3dc000000)
  region size 32768K, 3 young (98304K), 1 survivors (32768K)
 Metaspace       used 18933K, committed 19200K, reserved 1114112K
  class space    used 1882K, committed 1984K, reserved 1048576K
}
Event: 5.090 GC heap after
{Heap after GC invocations=8 (full 0):
 garbage-first heap   total 524288K, used 246450K [0x000001a3dc000000, 0x000005a3dc000000)
  region size 32768K, 1 young (32768K), 1 survivors (32768K)
 Metaspace       used 18933K, committed 19200K, reserved 1114112K
  class space    used 1882K, committed 1984K, reserved 1048576K
}
Event: 7.092 GC heap before
{Heap before GC invocations=8 (full 0):
 garbage-first heap   total 524288K, used 246450K [0x000001a3dc000000, 0x000005a3dc000000)
  region size 32768K, 2 young (65536K), 1 survivors (32768K)
 Metaspace       used 21234K, committed 21504K, reserved 1114112K
  class space    used 2168K, committed 2304K, reserved 1048576K
}
Event: 7.102 GC heap after
{Heap after GC invocations=9 (full 0):
 garbage-first heap   total 524288K, used 251969K [0x000001a3dc000000, 0x000005a3dc000000)
  region size 32768K, 1 young (32768K), 1 survivors (32768K)
 Metaspace       used 21234K, committed 21504K, reserved 1114112K
  class space    used 2168K, committed 2304K, reserved 1048576K
}
Event: 25.552 GC heap before
{Heap before GC invocations=10 (full 0):
 garbage-first heap   total 557056K, used 284737K [0x000001a3dc000000, 0x000005a3dc000000)
  region size 32768K, 2 young (65536K), 1 survivors (32768K)
 Metaspace       used 22901K, committed 23232K, reserved 1114112K
  class space    used 2347K, committed 2496K, reserved 1048576K
}
Event: 25.557 GC heap after
{Heap after GC invocations=11 (full 0):
 garbage-first heap   total 557056K, used 251078K [0x000001a3dc000000, 0x000005a3dc000000)
  region size 32768K, 1 young (32768K), 1 survivors (32768K)
 Metaspace       used 22901K, committed 23232K, reserved 1114112K
  class space    used 2347K, committed 2496K, reserved 1048576K
}

