# JRE version: OpenJDK Runtime Environment JBR-17.0.9+8-1166.2-jcef (17.0.9+8) (build 17.0.9+8-b1166.2)
# Java VM: OpenJDK 64-Bit Server VM JBR-17.0.9+8-1166.2-jcef (17.0.9+8-b1166.2, mixed mode, tiered, compressed class ptrs, g1 gc, windows-amd64)
GC Precious Log:
 CPUs: 12 total, 12 available
 Memory: 16254M
 Large Page Support: Disabled
 NUMA Support: Disabled
 Compressed Oops: Disabled
 Heap Region Size: 32M
 Heap Min Capacity: 32M
 Heap Initial Capacity: 256M
 Heap Max Capacity: 4096G
 Pre-touch: Disabled
 Parallel Workers: 10
 Concurrent Workers: 3
 Concurrent Refinement Workers: 10
 Periodic GC: Disabled
Heap:
 garbage-first heap   total 491520K, used 259258K [0x000001d3c6000000, 0x000005d3c6000000)
  region size 32768K, 2 young (65536K), 1 survivors (32768K)
 Metaspace       used 21483K, committed 21760K, reserved 1114112K
  class space    used 2198K, committed 2368K, reserved 1048576K
GC Heap History (14 events):
Event: 1.066 GC heap before
{Heap before GC invocations=0 (full 0):
 garbage-first heap   total 262144K, used 98304K [0x000001d3c6000000, 0x000005d3c6000000)
  region size 32768K, 1 young (32768K), 0 survivors (0K)
 Metaspace       used 16502K, committed 16768K, reserved 1114112K
  class space    used 1553K, committed 1664K, reserved 1048576K
}
Event: 1.077 GC heap after
{Heap after GC invocations=1 (full 0):
 garbage-first heap   total 262144K, used 69695K [0x000001d3c6000000, 0x000005d3c6000000)
  region size 32768K, 1 young (32768K), 1 survivors (32768K)
 Metaspace       used 16502K, committed 16768K, reserved 1114112K
  class space    used 1553K, committed 1664K, reserved 1048576K
}
Event: 1.203 GC heap before
{Heap before GC invocations=1 (full 0):
 garbage-first heap   total 262144K, used 102463K [0x000001d3c6000000, 0x000005d3c6000000)
  region size 32768K, 2 young (65536K), 1 survivors (32768K)
 Metaspace       used 16516K, committed 16768K, reserved 1114112K
  class space    used 1554K, committed 1664K, reserved 1048576K
}
Event: 1.209 GC heap after
{Heap after GC invocations=2 (full 0):
 garbage-first heap   total 262144K, used 69879K [0x000001d3c6000000, 0x000005d3c6000000)
  region size 32768K, 1 young (32768K), 1 survivors (32768K)
 Metaspace       used 16516K, committed 16768K, reserved 1114112K
  class space    used 1554K, committed 1664K, reserved 1048576K
}
Event: 1.316 GC heap before
{Heap before GC invocations=2 (full 0):
 garbage-first heap   total 262144K, used 69879K [0x000001d3c6000000, 0x000005d3c6000000)
  region size 32768K, 2 young (65536K), 1 survivors (32768K)
 Metaspace       used 16516K, committed 16768K, reserved 1114112K
  class space    used 1554K, committed 1664K, reserved 1048576K
}
Event: 1.322 GC heap after
{Heap after GC invocations=3 (full 0):
 garbage-first heap   total 262144K, used 69683K [0x000001d3c6000000, 0x000005d3c6000000)
  region size 32768K, 1 young (32768K), 1 survivors (32768K)
 Metaspace       used 16516K, committed 16768K, reserved 1114112K
  class space    used 1554K, committed 1664K, reserved 1048576K
}
Event: 1.354 GC heap before
{Heap before GC invocations=3 (full 0):
 garbage-first heap   total 262144K, used 135219K [0x000001d3c6000000, 0x000005d3c6000000)
  region size 32768K, 2 young (65536K), 1 survivors (32768K)
 Metaspace       used 16516K, committed 16768K, reserved 1114112K
  class space    used 1554K, committed 1664K, reserved 1048576K
}
Event: 1.359 GC heap after
{Heap after GC invocations=4 (full 0):
 garbage-first heap   total 262144K, used 135339K [0x000001d3c6000000, 0x000005d3c6000000)
  region size 32768K, 1 young (32768K), 1 survivors (32768K)
 Metaspace       used 16516K, committed 16768K, reserved 1114112K
  class space    used 1554K, committed 1664K, reserved 1048576K
}
Event: 1.558 GC heap before
{Heap before GC invocations=5 (full 0):
 garbage-first heap   total 393216K, used 233643K [0x000001d3c6000000, 0x000005d3c6000000)
  region size 32768K, 2 young (65536K), 1 survivors (32768K)
 Metaspace       used 16516K, committed 16768K, reserved 1114112K
  class space    used 1554K, committed 1664K, reserved 1048576K
}
Event: 1.565 GC heap after
{Heap after GC invocations=6 (full 0):
 garbage-first heap   total 393216K, used 211506K [0x000001d3c6000000, 0x000005d3c6000000)
  region size 32768K, 1 young (32768K), 1 survivors (32768K)
 Metaspace       used 16516K, committed 16768K, reserved 1114112K
  class space    used 1554K, committed 1664K, reserved 1048576K
}
Event: 1.640 GC heap before
{Heap before GC invocations=6 (full 0):
 garbage-first heap   total 393216K, used 211506K [0x000001d3c6000000, 0x000005d3c6000000)
  region size 32768K, 2 young (65536K), 1 survivors (32768K)
 Metaspace       used 16533K, committed 16768K, reserved 1114112K
  class space    used 1556K, committed 1664K, reserved 1048576K
}
Event: 1.649 GC heap after
{Heap after GC invocations=7 (full 0):
 garbage-first heap   total 557056K, used 85250K [0x000001d3c6000000, 0x000005d3c6000000)
  region size 32768K, 1 young (32768K), 1 survivors (32768K)
 Metaspace       used 16533K, committed 16768K, reserved 1114112K
  class space    used 1556K, committed 1664K, reserved 1048576K
}
Event: 4.888 GC heap before
{Heap before GC invocations=8 (full 0):
 garbage-first heap   total 458752K, used 281858K [0x000001d3c6000000, 0x000005d3c6000000)
  region size 32768K, 7 young (229376K), 1 survivors (32768K)
 Metaspace       used 17372K, committed 17600K, reserved 1114112K
  class space    used 1670K, committed 1728K, reserved 1048576K
}
Event: 4.922 GC heap after
{Heap after GC invocations=9 (full 0):
 garbage-first heap   total 491520K, used 259258K [0x000001d3c6000000, 0x000005d3c6000000)
  region size 32768K, 1 young (32768K), 1 survivors (32768K)
 Metaspace       used 17372K, committed 17600K, reserved 1114112K
  class space    used 1670K, committed 1728K, reserved 1048576K
}

