# JRE version: OpenJDK Runtime Environment JBR-17.0.9+8-1166.2-jcef (17.0.9+8) (build 17.0.9+8-b1166.2)
# Java VM: OpenJDK 64-Bit Server VM JBR-17.0.9+8-1166.2-jcef (17.0.9+8-b1166.2, mixed mode, tiered, compressed class ptrs, g1 gc, windows-amd64)
GC Precious Log:
 CPUs: 12 total, 12 available
 Memory: 16254M
 Large Page Support: Disabled
 NUMA Support: Disabled
 Compressed Oops: Disabled
 Heap Region Size: 32M
 Heap Min Capacity: 32M
 Heap Initial Capacity: 256M
 Heap Max Capacity: 4096G
 Pre-touch: Disabled
 Parallel Workers: 10
 Concurrent Workers: 3
 Concurrent Refinement Workers: 10
 Periodic GC: Disabled
Heap:
 garbage-first heap   total 524288K, used 190395K [0x000001e2ce000000, 0x000005e2ce000000)
  region size 32768K, 2 young (65536K), 1 survivors (32768K)
 Metaspace       used 23216K, committed 23488K, reserved 1114112K
  class space    used 2377K, committed 2496K, reserved 1048576K
GC Heap History (18 events):
Event: 1.030 GC heap before
{Heap before GC invocations=0 (full 0):
 garbage-first heap   total 262144K, used 32768K [0x000001e2ce000000, 0x000005e2ce000000)
  region size 32768K, 1 young (32768K), 0 survivors (0K)
 Metaspace       used 15918K, committed 16192K, reserved 1114112K
  class space    used 1496K, committed 1600K, reserved 1048576K
}
Event: 1.042 GC heap after
{Heap after GC invocations=1 (full 0):
 garbage-first heap   total 262144K, used 6034K [0x000001e2ce000000, 0x000005e2ce000000)
  region size 32768K, 1 young (32768K), 1 survivors (32768K)
 Metaspace       used 15918K, committed 16192K, reserved 1114112K
  class space    used 1496K, committed 1600K, reserved 1048576K
}
Event: 1.153 GC heap before
{Heap before GC invocations=1 (full 0):
 garbage-first heap   total 262144K, used 6034K [0x000001e2ce000000, 0x000005e2ce000000)
  region size 32768K, 2 young (65536K), 1 survivors (32768K)
 Metaspace       used 16577K, committed 16832K, reserved 1114112K
  class space    used 1557K, committed 1664K, reserved 1048576K
}
Event: 1.160 GC heap after
{Heap after GC invocations=2 (full 0):
 garbage-first heap   total 262144K, used 17354K [0x000001e2ce000000, 0x000005e2ce000000)
  region size 32768K, 1 young (32768K), 1 survivors (32768K)
 Metaspace       used 16577K, committed 16832K, reserved 1114112K
  class space    used 1557K, committed 1664K, reserved 1048576K
}
Event: 1.433 GC heap before
{Heap before GC invocations=2 (full 0):
 garbage-first heap   total 262144K, used 50122K [0x000001e2ce000000, 0x000005e2ce000000)
  region size 32768K, 2 young (65536K), 1 survivors (32768K)
 Metaspace       used 16591K, committed 16832K, reserved 1114112K
  class space    used 1557K, committed 1664K, reserved 1048576K
}
Event: 1.447 GC heap after
{Heap after GC invocations=3 (full 0):
 garbage-first heap   total 262144K, used 31393K [0x000001e2ce000000, 0x000005e2ce000000)
  region size 32768K, 1 young (32768K), 1 survivors (32768K)
 Metaspace       used 16591K, committed 16832K, reserved 1114112K
  class space    used 1557K, committed 1664K, reserved 1048576K
}
Event: 1.513 GC heap before
{Heap before GC invocations=3 (full 0):
 garbage-first heap   total 262144K, used 31393K [0x000001e2ce000000, 0x000005e2ce000000)
  region size 32768K, 2 young (65536K), 1 survivors (32768K)
 Metaspace       used 16591K, committed 16832K, reserved 1114112K
  class space    used 1557K, committed 1664K, reserved 1048576K
}
Event: 1.529 GC heap after
{Heap after GC invocations=4 (full 0):
 garbage-first heap   total 262144K, used 47210K [0x000001e2ce000000, 0x000005e2ce000000)
  region size 32768K, 1 young (32768K), 1 survivors (32768K)
 Metaspace       used 16591K, committed 16832K, reserved 1114112K
  class space    used 1557K, committed 1664K, reserved 1048576K
}
Event: 1.723 GC heap before
{Heap before GC invocations=4 (full 0):
 garbage-first heap   total 262144K, used 79978K [0x000001e2ce000000, 0x000005e2ce000000)
  region size 32768K, 2 young (65536K), 1 survivors (32768K)
 Metaspace       used 16942K, committed 17216K, reserved 1114112K
  class space    used 1608K, committed 1728K, reserved 1048576K
}
Event: 1.728 GC heap after
{Heap after GC invocations=5 (full 0):
 garbage-first heap   total 524288K, used 73397K [0x000001e2ce000000, 0x000005e2ce000000)
  region size 32768K, 1 young (32768K), 1 survivors (32768K)
 Metaspace       used 16942K, committed 17216K, reserved 1114112K
  class space    used 1608K, committed 1728K, reserved 1048576K
}
Event: 2.348 GC heap before
{Heap before GC invocations=5 (full 0):
 garbage-first heap   total 524288K, used 106165K [0x000001e2ce000000, 0x000005e2ce000000)
  region size 32768K, 3 young (98304K), 1 survivors (32768K)
 Metaspace       used 17405K, committed 17600K, reserved 1114112K
  class space    used 1667K, committed 1728K, reserved 1048576K
}
Event: 2.367 GC heap after
{Heap after GC invocations=6 (full 0):
 garbage-first heap   total 524288K, used 129606K [0x000001e2ce000000, 0x000005e2ce000000)
  region size 32768K, 1 young (32768K), 1 survivors (32768K)
 Metaspace       used 17405K, committed 17600K, reserved 1114112K
  class space    used 1667K, committed 1728K, reserved 1048576K
}
Event: 3.847 GC heap before
{Heap before GC invocations=6 (full 0):
 garbage-first heap   total 524288K, used 162374K [0x000001e2ce000000, 0x000005e2ce000000)
  region size 32768K, 2 young (65536K), 1 survivors (32768K)
 Metaspace       used 17435K, committed 17664K, reserved 1114112K
  class space    used 1671K, committed 1728K, reserved 1048576K
}
Event: 3.865 GC heap after
{Heap after GC invocations=7 (full 0):
 garbage-first heap   total 524288K, used 160895K [0x000001e2ce000000, 0x000005e2ce000000)
  region size 32768K, 1 young (32768K), 1 survivors (32768K)
 Metaspace       used 17435K, committed 17664K, reserved 1114112K
  class space    used 1671K, committed 1728K, reserved 1048576K
}
Event: 5.698 GC heap before
{Heap before GC invocations=7 (full 0):
 garbage-first heap   total 524288K, used 160895K [0x000001e2ce000000, 0x000005e2ce000000)
  region size 32768K, 2 young (65536K), 1 survivors (32768K)
 Metaspace       used 21189K, committed 21504K, reserved 1114112K
  class space    used 2201K, committed 2368K, reserved 1048576K
}
Event: 5.717 GC heap after
{Heap after GC invocations=8 (full 0):
 garbage-first heap   total 524288K, used 185407K [0x000001e2ce000000, 0x000005e2ce000000)
  region size 32768K, 1 young (32768K), 1 survivors (32768K)
 Metaspace       used 21189K, committed 21504K, reserved 1114112K
  class space    used 2201K, committed 2368K, reserved 1048576K
}
Event: 20.872 GC heap before
{Heap before GC invocations=9 (full 0):
 garbage-first heap   total 524288K, used 185407K [0x000001e2ce000000, 0x000005e2ce000000)
  region size 32768K, 2 young (65536K), 1 survivors (32768K)
 Metaspace       used 23146K, committed 23424K, reserved 1114112K
  class space    used 2375K, committed 2496K, reserved 1048576K
}
Event: 20.881 GC heap after
{Heap after GC invocations=10 (full 0):
 garbage-first heap   total 524288K, used 190395K [0x000001e2ce000000, 0x000005e2ce000000)
  region size 32768K, 1 young (32768K), 1 survivors (32768K)
 Metaspace       used 23146K, committed 23424K, reserved 1114112K
  class space    used 2375K, committed 2496K, reserved 1048576K
}

