# JRE version: OpenJDK Runtime Environment JBR-17.0.9+8-1166.2-jcef (17.0.9+8) (build 17.0.9+8-b1166.2)
# Java VM: OpenJDK 64-Bit Server VM JBR-17.0.9+8-1166.2-jcef (17.0.9+8-b1166.2, mixed mode, tiered, compressed class ptrs, g1 gc, windows-amd64)
GC Precious Log:
 CPUs: 12 total, 12 available
 Memory: 16254M
 Large Page Support: Disabled
 NUMA Support: Disabled
 Compressed Oops: Disabled
 Heap Region Size: 32M
 Heap Min Capacity: 32M
 Heap Initial Capacity: 256M
 Heap Max Capacity: 4096G
 Pre-touch: Disabled
 Parallel Workers: 10
 Concurrent Workers: 3
 Concurrent Refinement Workers: 10
 Periodic GC: Disabled
Heap:
 garbage-first heap   total 524288K, used 230596K [0x000002bed0000000, 0x000006bed0000000)
  region size 32768K, 2 young (65536K), 1 survivors (32768K)
 Metaspace       used 21535K, committed 21824K, reserved 1114112K
  class space    used 2199K, committed 2368K, reserved 1048576K
GC Heap History (18 events):
Event: 2.100 GC heap before
{Heap before GC invocations=0 (full 0):
 garbage-first heap   total 262144K, used 32768K [0x000002bed0000000, 0x000006bed0000000)
  region size 32768K, 1 young (32768K), 0 survivors (0K)
 Metaspace       used 16515K, committed 16768K, reserved 1114112K
  class space    used 1554K, committed 1664K, reserved 1048576K
}
Event: 2.117 GC heap after
{Heap after GC invocations=1 (full 0):
 garbage-first heap   total 262144K, used 6115K [0x000002bed0000000, 0x000006bed0000000)
  region size 32768K, 1 young (32768K), 1 survivors (32768K)
 Metaspace       used 16515K, committed 16768K, reserved 1114112K
  class space    used 1554K, committed 1664K, reserved 1048576K
}
Event: 2.373 GC heap before
{Heap before GC invocations=1 (full 0):
 garbage-first heap   total 262144K, used 6115K [0x000002bed0000000, 0x000006bed0000000)
  region size 32768K, 2 young (65536K), 1 survivors (32768K)
 Metaspace       used 16592K, committed 16832K, reserved 1114112K
  class space    used 1556K, committed 1664K, reserved 1048576K
}
Event: 2.385 GC heap after
{Heap after GC invocations=2 (full 0):
 garbage-first heap   total 262144K, used 15239K [0x000002bed0000000, 0x000006bed0000000)
  region size 32768K, 1 young (32768K), 1 survivors (32768K)
 Metaspace       used 16592K, committed 16832K, reserved 1114112K
  class space    used 1556K, committed 1664K, reserved 1048576K
}
Event: 2.785 GC heap before
{Heap before GC invocations=2 (full 0):
 garbage-first heap   total 262144K, used 48007K [0x000002bed0000000, 0x000006bed0000000)
  region size 32768K, 2 young (65536K), 1 survivors (32768K)
 Metaspace       used 16600K, committed 16832K, reserved 1114112K
  class space    used 1556K, committed 1664K, reserved 1048576K
}
Event: 2.798 GC heap after
{Heap after GC invocations=3 (full 0):
 garbage-first heap   total 262144K, used 30948K [0x000002bed0000000, 0x000006bed0000000)
  region size 32768K, 1 young (32768K), 1 survivors (32768K)
 Metaspace       used 16600K, committed 16832K, reserved 1114112K
  class space    used 1556K, committed 1664K, reserved 1048576K
}
Event: 2.835 GC heap before
{Heap before GC invocations=3 (full 0):
 garbage-first heap   total 262144K, used 30948K [0x000002bed0000000, 0x000006bed0000000)
  region size 32768K, 2 young (65536K), 1 survivors (32768K)
 Metaspace       used 16601K, committed 16832K, reserved 1114112K
  class space    used 1556K, committed 1664K, reserved 1048576K
}
Event: 2.851 GC heap after
{Heap after GC invocations=4 (full 0):
 garbage-first heap   total 262144K, used 47064K [0x000002bed0000000, 0x000006bed0000000)
  region size 32768K, 1 young (32768K), 1 survivors (32768K)
 Metaspace       used 16601K, committed 16832K, reserved 1114112K
  class space    used 1556K, committed 1664K, reserved 1048576K
}
Event: 3.141 GC heap before
{Heap before GC invocations=4 (full 0):
 garbage-first heap   total 262144K, used 79832K [0x000002bed0000000, 0x000006bed0000000)
  region size 32768K, 2 young (65536K), 1 survivors (32768K)
 Metaspace       used 16969K, committed 17216K, reserved 1114112K
  class space    used 1611K, committed 1728K, reserved 1048576K
}
Event: 3.154 GC heap after
{Heap after GC invocations=5 (full 0):
 garbage-first heap   total 262144K, used 88843K [0x000002bed0000000, 0x000006bed0000000)
  region size 32768K, 1 young (32768K), 1 survivors (32768K)
 Metaspace       used 16969K, committed 17216K, reserved 1114112K
  class space    used 1611K, committed 1728K, reserved 1048576K
}
Event: 3.218 GC heap before
{Heap before GC invocations=5 (full 0):
 garbage-first heap   total 262144K, used 88843K [0x000002bed0000000, 0x000006bed0000000)
  region size 32768K, 2 young (65536K), 1 survivors (32768K)
 Metaspace       used 16972K, committed 17216K, reserved 1114112K
  class space    used 1611K, committed 1728K, reserved 1048576K
}
Event: 3.236 GC heap after
{Heap after GC invocations=6 (full 0):
 garbage-first heap   total 524288K, used 140331K [0x000002bed0000000, 0x000006bed0000000)
  region size 32768K, 1 young (32768K), 1 survivors (32768K)
 Metaspace       used 16972K, committed 17216K, reserved 1114112K
  class space    used 1611K, committed 1728K, reserved 1048576K
}
Event: 3.831 GC heap before
{Heap before GC invocations=6 (full 0):
 garbage-first heap   total 524288K, used 173099K [0x000002bed0000000, 0x000006bed0000000)
  region size 32768K, 2 young (65536K), 1 survivors (32768K)
 Metaspace       used 17423K, committed 17664K, reserved 1114112K
  class space    used 1666K, committed 1792K, reserved 1048576K
}
Event: 3.845 GC heap after
{Heap after GC invocations=7 (full 0):
 garbage-first heap   total 524288K, used 161471K [0x000002bed0000000, 0x000006bed0000000)
  region size 32768K, 1 young (32768K), 1 survivors (32768K)
 Metaspace       used 17423K, committed 17664K, reserved 1114112K
  class space    used 1666K, committed 1792K, reserved 1048576K
}
Event: 7.612 GC heap before
{Heap before GC invocations=7 (full 0):
 garbage-first heap   total 524288K, used 227007K [0x000002bed0000000, 0x000006bed0000000)
  region size 32768K, 3 young (98304K), 1 survivors (32768K)
 Metaspace       used 19711K, committed 19968K, reserved 1114112K
  class space    used 1993K, committed 2112K, reserved 1048576K
}
Event: 7.637 GC heap after
{Heap after GC invocations=8 (full 0):
 garbage-first heap   total 524288K, used 224546K [0x000002bed0000000, 0x000006bed0000000)
  region size 32768K, 1 young (32768K), 1 survivors (32768K)
 Metaspace       used 19711K, committed 19968K, reserved 1114112K
  class space    used 1993K, committed 2112K, reserved 1048576K
}
Event: 10.305 GC heap before
{Heap before GC invocations=8 (full 0):
 garbage-first heap   total 524288K, used 224546K [0x000002bed0000000, 0x000006bed0000000)
  region size 32768K, 2 young (65536K), 1 survivors (32768K)
 Metaspace       used 21261K, committed 21504K, reserved 1114112K
  class space    used 2181K, committed 2304K, reserved 1048576K
}
Event: 10.316 GC heap after
{Heap after GC invocations=9 (full 0):
 garbage-first heap   total 524288K, used 230596K [0x000002bed0000000, 0x000006bed0000000)
  region size 32768K, 1 young (32768K), 1 survivors (32768K)
 Metaspace       used 21261K, committed 21504K, reserved 1114112K
  class space    used 2181K, committed 2304K, reserved 1048576K
}

