# JRE version: OpenJDK Runtime Environment JBR-17.0.9+8-1166.2-jcef (17.0.9+8) (build 17.0.9+8-b1166.2)
# Java VM: OpenJDK 64-Bit Server VM JBR-17.0.9+8-1166.2-jcef (17.0.9+8-b1166.2, mixed mode, tiered, compressed class ptrs, g1 gc, windows-amd64)
GC Precious Log:
 CPUs: 12 total, 12 available
 Memory: 16254M
 Large Page Support: Disabled
 NUMA Support: Disabled
 Compressed Oops: Disabled
 Heap Region Size: 32M
 Heap Min Capacity: 32M
 Heap Initial Capacity: 256M
 Heap Max Capacity: 4096G
 Pre-touch: Disabled
 Parallel Workers: 10
 Concurrent Workers: 3
 Concurrent Refinement Workers: 10
 Periodic GC: Disabled
Heap:
 garbage-first heap   total 655360K, used 304092K [0x000002a79a000000, 0x000006a79a000000)
  region size 32768K, 2 young (65536K), 1 survivors (32768K)
 Metaspace       used 23647K, committed 23936K, reserved 1114112K
  class space    used 2497K, committed 2624K, reserved 1048576K
GC Heap History (20 events):
Event: 1.273 GC heap before
{Heap before GC invocations=1 (full 0):
 garbage-first heap   total 262144K, used 102507K [0x000002a79a000000, 0x000006a79a000000)
  region size 32768K, 2 young (65536K), 1 survivors (32768K)
 Metaspace       used 16505K, committed 16768K, reserved 1114112K
  class space    used 1554K, committed 1664K, reserved 1048576K
}
Event: 1.279 GC heap after
{Heap after GC invocations=2 (full 0):
 garbage-first heap   total 262144K, used 69778K [0x000002a79a000000, 0x000006a79a000000)
  region size 32768K, 1 young (32768K), 1 survivors (32768K)
 Metaspace       used 16505K, committed 16768K, reserved 1114112K
  class space    used 1554K, committed 1664K, reserved 1048576K
}
Event: 1.368 GC heap before
{Heap before GC invocations=2 (full 0):
 garbage-first heap   total 262144K, used 69778K [0x000002a79a000000, 0x000006a79a000000)
  region size 32768K, 2 young (65536K), 1 survivors (32768K)
 Metaspace       used 16506K, committed 16768K, reserved 1114112K
  class space    used 1554K, committed 1664K, reserved 1048576K
}
Event: 1.373 GC heap after
{Heap after GC invocations=3 (full 0):
 garbage-first heap   total 262144K, used 69897K [0x000002a79a000000, 0x000006a79a000000)
  region size 32768K, 1 young (32768K), 1 survivors (32768K)
 Metaspace       used 16506K, committed 16768K, reserved 1114112K
  class space    used 1554K, committed 1664K, reserved 1048576K
}
Event: 1.400 GC heap before
{Heap before GC invocations=3 (full 0):
 garbage-first heap   total 262144K, used 135433K [0x000002a79a000000, 0x000006a79a000000)
  region size 32768K, 2 young (65536K), 1 survivors (32768K)
 Metaspace       used 16506K, committed 16768K, reserved 1114112K
  class space    used 1554K, committed 1664K, reserved 1048576K
}
Event: 1.405 GC heap after
{Heap after GC invocations=4 (full 0):
 garbage-first heap   total 262144K, used 135340K [0x000002a79a000000, 0x000006a79a000000)
  region size 32768K, 1 young (32768K), 1 survivors (32768K)
 Metaspace       used 16506K, committed 16768K, reserved 1114112K
  class space    used 1554K, committed 1664K, reserved 1048576K
}
Event: 1.584 GC heap before
{Heap before GC invocations=5 (full 0):
 garbage-first heap   total 393216K, used 233644K [0x000002a79a000000, 0x000006a79a000000)
  region size 32768K, 2 young (65536K), 1 survivors (32768K)
 Metaspace       used 16506K, committed 16768K, reserved 1114112K
  class space    used 1554K, committed 1664K, reserved 1048576K
}
Event: 1.590 GC heap after
{Heap after GC invocations=6 (full 0):
 garbage-first heap   total 393216K, used 211440K [0x000002a79a000000, 0x000006a79a000000)
  region size 32768K, 1 young (32768K), 1 survivors (32768K)
 Metaspace       used 16506K, committed 16768K, reserved 1114112K
  class space    used 1554K, committed 1664K, reserved 1048576K
}
Event: 1.655 GC heap before
{Heap before GC invocations=6 (full 0):
 garbage-first heap   total 393216K, used 211440K [0x000002a79a000000, 0x000006a79a000000)
  region size 32768K, 2 young (65536K), 1 survivors (32768K)
 Metaspace       used 16519K, committed 16768K, reserved 1114112K
  class space    used 1556K, committed 1664K, reserved 1048576K
}
Event: 1.662 GC heap after
{Heap after GC invocations=7 (full 0):
 garbage-first heap   total 393216K, used 85224K [0x000002a79a000000, 0x000006a79a000000)
  region size 32768K, 1 young (32768K), 1 survivors (32768K)
 Metaspace       used 16519K, committed 16768K, reserved 1114112K
  class space    used 1556K, committed 1664K, reserved 1048576K
}
Event: 2.243 GC heap before
{Heap before GC invocations=8 (full 0):
 garbage-first heap   total 393216K, used 216296K [0x000002a79a000000, 0x000006a79a000000)
  region size 32768K, 5 young (163840K), 1 survivors (32768K)
 Metaspace       used 17145K, committed 17344K, reserved 1114112K
  class space    used 1637K, committed 1728K, reserved 1048576K
}
Event: 2.266 GC heap after
{Heap after GC invocations=9 (full 0):
 garbage-first heap   total 393216K, used 211123K [0x000002a79a000000, 0x000006a79a000000)
  region size 32768K, 1 young (32768K), 1 survivors (32768K)
 Metaspace       used 17145K, committed 17344K, reserved 1114112K
  class space    used 1637K, committed 1728K, reserved 1048576K
}
Event: 3.474 GC heap before
{Heap before GC invocations=9 (full 0):
 garbage-first heap   total 393216K, used 243891K [0x000002a79a000000, 0x000006a79a000000)
  region size 32768K, 2 young (65536K), 1 survivors (32768K)
 Metaspace       used 17366K, committed 17600K, reserved 1114112K
  class space    used 1670K, committed 1728K, reserved 1048576K
}
Event: 3.489 GC heap after
{Heap after GC invocations=10 (full 0):
 garbage-first heap   total 589824K, used 241113K [0x000002a79a000000, 0x000006a79a000000)
  region size 32768K, 1 young (32768K), 1 survivors (32768K)
 Metaspace       used 17366K, committed 17600K, reserved 1114112K
  class space    used 1670K, committed 1728K, reserved 1048576K
}
Event: 4.931 GC heap before
{Heap before GC invocations=11 (full 0):
 garbage-first heap   total 589824K, used 273881K [0x000002a79a000000, 0x000006a79a000000)
  region size 32768K, 2 young (65536K), 1 survivors (32768K)
 Metaspace       used 17366K, committed 17600K, reserved 1114112K
  class space    used 1670K, committed 1728K, reserved 1048576K
}
Event: 4.950 GC heap after
{Heap after GC invocations=12 (full 0):
 garbage-first heap   total 589824K, used 275197K [0x000002a79a000000, 0x000006a79a000000)
  region size 32768K, 1 young (32768K), 1 survivors (32768K)
 Metaspace       used 17366K, committed 17600K, reserved 1114112K
  class space    used 1670K, committed 1728K, reserved 1048576K
}
Event: 17.223 GC heap before
{Heap before GC invocations=12 (full 0):
 garbage-first heap   total 589824K, used 307965K [0x000002a79a000000, 0x000006a79a000000)
  region size 32768K, 2 young (65536K), 1 survivors (32768K)
 Metaspace       used 23320K, committed 23552K, reserved 1114112K
  class space    used 2477K, committed 2560K, reserved 1048576K
}
Event: 17.240 GC heap after
{Heap after GC invocations=13 (full 0):
 garbage-first heap   total 589824K, used 297330K [0x000002a79a000000, 0x000006a79a000000)
  region size 32768K, 1 young (32768K), 1 survivors (32768K)
 Metaspace       used 23320K, committed 23552K, reserved 1114112K
  class space    used 2477K, committed 2560K, reserved 1048576K
}
Event: 23.833 GC heap before
{Heap before GC invocations=13 (full 0):
 garbage-first heap   total 589824K, used 330098K [0x000002a79a000000, 0x000006a79a000000)
  region size 32768K, 2 young (65536K), 1 survivors (32768K)
 Metaspace       used 23640K, committed 23936K, reserved 1114112K
  class space    used 2494K, committed 2624K, reserved 1048576K
}
Event: 23.844 GC heap after
{Heap after GC invocations=14 (full 0):
 garbage-first heap   total 589824K, used 304092K [0x000002a79a000000, 0x000006a79a000000)
  region size 32768K, 1 young (32768K), 1 survivors (32768K)
 Metaspace       used 23640K, committed 23936K, reserved 1114112K
  class space    used 2494K, committed 2624K, reserved 1048576K
}

