# JRE version: OpenJDK Runtime Environment JBR-17.0.9+8-1166.2-jcef (17.0.9+8) (build 17.0.9+8-b1166.2)
# Java VM: OpenJDK 64-Bit Server VM JBR-17.0.9+8-1166.2-jcef (17.0.9+8-b1166.2, mixed mode, tiered, compressed class ptrs, g1 gc, windows-amd64)
GC Precious Log:
 CPUs: 12 total, 12 available
 Memory: 16254M
 Large Page Support: Disabled
 NUMA Support: Disabled
 Compressed Oops: Disabled
 Heap Region Size: 32M
 Heap Min Capacity: 32M
 Heap Initial Capacity: 256M
 Heap Max Capacity: 4096G
 Pre-touch: Disabled
 Parallel Workers: 10
 Concurrent Workers: 3
 Concurrent Refinement Workers: 10
 Periodic GC: Disabled
Heap:
 garbage-first heap   total 524288K, used 218714K [0x0000021ac4000000, 0x0000061ac4000000)
  region size 32768K, 2 young (65536K), 1 survivors (32768K)
 Metaspace       used 21568K, committed 21888K, reserved 1114112K
  class space    used 2202K, committed 2368K, reserved 1048576K
GC Heap History (18 events):
Event: 1.106 GC heap before
{Heap before GC invocations=0 (full 0):
 garbage-first heap   total 262144K, used 32768K [0x0000021ac4000000, 0x0000061ac4000000)
  region size 32768K, 1 young (32768K), 0 survivors (0K)
 Metaspace       used 16499K, committed 16768K, reserved 1114112K
  class space    used 1554K, committed 1664K, reserved 1048576K
}
Event: 1.116 GC heap after
{Heap after GC invocations=1 (full 0):
 garbage-first heap   total 262144K, used 6076K [0x0000021ac4000000, 0x0000061ac4000000)
  region size 32768K, 1 young (32768K), 1 survivors (32768K)
 Metaspace       used 16499K, committed 16768K, reserved 1114112K
  class space    used 1554K, committed 1664K, reserved 1048576K
}
Event: 1.236 GC heap before
{Heap before GC invocations=1 (full 0):
 garbage-first heap   total 262144K, used 6076K [0x0000021ac4000000, 0x0000061ac4000000)
  region size 32768K, 2 young (65536K), 1 survivors (32768K)
 Metaspace       used 16523K, committed 16768K, reserved 1114112K
  class space    used 1554K, committed 1664K, reserved 1048576K
}
Event: 1.244 GC heap after
{Heap after GC invocations=2 (full 0):
 garbage-first heap   total 262144K, used 15405K [0x0000021ac4000000, 0x0000061ac4000000)
  region size 32768K, 1 young (32768K), 1 survivors (32768K)
 Metaspace       used 16523K, committed 16768K, reserved 1114112K
  class space    used 1554K, committed 1664K, reserved 1048576K
}
Event: 1.554 GC heap before
{Heap before GC invocations=2 (full 0):
 garbage-first heap   total 262144K, used 48173K [0x0000021ac4000000, 0x0000061ac4000000)
  region size 32768K, 2 young (65536K), 1 survivors (32768K)
 Metaspace       used 16531K, committed 16768K, reserved 1114112K
  class space    used 1554K, committed 1664K, reserved 1048576K
}
Event: 1.565 GC heap after
{Heap after GC invocations=3 (full 0):
 garbage-first heap   total 262144K, used 31116K [0x0000021ac4000000, 0x0000061ac4000000)
  region size 32768K, 1 young (32768K), 1 survivors (32768K)
 Metaspace       used 16531K, committed 16768K, reserved 1114112K
  class space    used 1554K, committed 1664K, reserved 1048576K
}
Event: 1.594 GC heap before
{Heap before GC invocations=3 (full 0):
 garbage-first heap   total 262144K, used 31116K [0x0000021ac4000000, 0x0000061ac4000000)
  region size 32768K, 2 young (65536K), 1 survivors (32768K)
 Metaspace       used 16531K, committed 16768K, reserved 1114112K
  class space    used 1554K, committed 1664K, reserved 1048576K
}
Event: 1.608 GC heap after
{Heap after GC invocations=4 (full 0):
 garbage-first heap   total 262144K, used 47296K [0x0000021ac4000000, 0x0000061ac4000000)
  region size 32768K, 1 young (32768K), 1 survivors (32768K)
 Metaspace       used 16531K, committed 16768K, reserved 1114112K
  class space    used 1554K, committed 1664K, reserved 1048576K
}
Event: 1.767 GC heap before
{Heap before GC invocations=4 (full 0):
 garbage-first heap   total 262144K, used 80064K [0x0000021ac4000000, 0x0000061ac4000000)
  region size 32768K, 2 young (65536K), 1 survivors (32768K)
 Metaspace       used 16883K, committed 17152K, reserved 1114112K
  class space    used 1606K, committed 1728K, reserved 1048576K
}
Event: 1.781 GC heap after
{Heap after GC invocations=5 (full 0):
 garbage-first heap   total 262144K, used 89265K [0x0000021ac4000000, 0x0000061ac4000000)
  region size 32768K, 1 young (32768K), 1 survivors (32768K)
 Metaspace       used 16883K, committed 17152K, reserved 1114112K
  class space    used 1606K, committed 1728K, reserved 1048576K
}
Event: 1.804 GC heap before
{Heap before GC invocations=5 (full 0):
 garbage-first heap   total 262144K, used 89265K [0x0000021ac4000000, 0x0000061ac4000000)
  region size 32768K, 2 young (65536K), 1 survivors (32768K)
 Metaspace       used 16887K, committed 17152K, reserved 1114112K
  class space    used 1606K, committed 1728K, reserved 1048576K
}
Event: 1.816 GC heap after
{Heap after GC invocations=6 (full 0):
 garbage-first heap   total 524288K, used 123315K [0x0000021ac4000000, 0x0000061ac4000000)
  region size 32768K, 1 young (32768K), 1 survivors (32768K)
 Metaspace       used 16887K, committed 17152K, reserved 1114112K
  class space    used 1606K, committed 1728K, reserved 1048576K
}
Event: 1.986 GC heap before
{Heap before GC invocations=6 (full 0):
 garbage-first heap   total 524288K, used 156083K [0x0000021ac4000000, 0x0000061ac4000000)
  region size 32768K, 2 young (65536K), 1 survivors (32768K)
 Metaspace       used 17210K, committed 17408K, reserved 1114112K
  class space    used 1644K, committed 1728K, reserved 1048576K
}
Event: 1.998 GC heap after
{Heap after GC invocations=7 (full 0):
 garbage-first heap   total 524288K, used 144319K [0x0000021ac4000000, 0x0000061ac4000000)
  region size 32768K, 1 young (32768K), 1 survivors (32768K)
 Metaspace       used 17210K, committed 17408K, reserved 1114112K
  class space    used 1644K, committed 1728K, reserved 1048576K
}
Event: 2.765 GC heap before
{Heap before GC invocations=7 (full 0):
 garbage-first heap   total 524288K, used 209855K [0x0000021ac4000000, 0x0000061ac4000000)
  region size 32768K, 3 young (98304K), 1 survivors (32768K)
 Metaspace       used 18594K, committed 18880K, reserved 1114112K
  class space    used 1811K, committed 1920K, reserved 1048576K
}
Event: 2.789 GC heap after
{Heap after GC invocations=8 (full 0):
 garbage-first heap   total 524288K, used 212852K [0x0000021ac4000000, 0x0000061ac4000000)
  region size 32768K, 1 young (32768K), 1 survivors (32768K)
 Metaspace       used 18594K, committed 18880K, reserved 1114112K
  class space    used 1811K, committed 1920K, reserved 1048576K
}
Event: 6.101 GC heap before
{Heap before GC invocations=8 (full 0):
 garbage-first heap   total 524288K, used 212852K [0x0000021ac4000000, 0x0000061ac4000000)
  region size 32768K, 2 young (65536K), 1 survivors (32768K)
 Metaspace       used 21222K, committed 21504K, reserved 1114112K
  class space    used 2173K, committed 2304K, reserved 1048576K
}
Event: 6.111 GC heap after
{Heap after GC invocations=9 (full 0):
 garbage-first heap   total 524288K, used 218714K [0x0000021ac4000000, 0x0000061ac4000000)
  region size 32768K, 1 young (32768K), 1 survivors (32768K)
 Metaspace       used 21222K, committed 21504K, reserved 1114112K
  class space    used 2173K, committed 2304K, reserved 1048576K
}

