# JRE version: OpenJDK Runtime Environment JBR-17.0.9+8-1166.2-jcef (17.0.9+8) (build 17.0.9+8-b1166.2)
# Java VM: OpenJDK 64-Bit Server VM JBR-17.0.9+8-1166.2-jcef (17.0.9+8-b1166.2, mixed mode, tiered, compressed class ptrs, g1 gc, windows-amd64)
GC Precious Log:
 CPUs: 12 total, 12 available
 Memory: 16254M
 Large Page Support: Disabled
 NUMA Support: Disabled
 Compressed Oops: Disabled
 Heap Region Size: 32M
 Heap Min Capacity: 32M
 Heap Initial Capacity: 256M
 Heap Max Capacity: 4096G
 Pre-touch: Disabled
 Parallel Workers: 10
 Concurrent Workers: 3
 Concurrent Refinement Workers: 10
 Periodic GC: Disabled
Heap:
 garbage-first heap   total 524288K, used 214615K [0x0000016aa6000000, 0x0000056aa6000000)
  region size 32768K, 2 young (65536K), 1 survivors (32768K)
 Metaspace       used 21268K, committed 21568K, reserved 1114112K
  class space    used 2176K, committed 2304K, reserved 1048576K
GC Heap History (18 events):
Event: 1.123 GC heap before
{Heap before GC invocations=0 (full 0):
 garbage-first heap   total 262144K, used 0K [0x0000016aa6000000, 0x0000056aa6000000)
  region size 32768K, 1 young (32768K), 0 survivors (0K)
 Metaspace       used 16489K, committed 16704K, reserved 1114112K
  class space    used 1552K, committed 1664K, reserved 1048576K
}
Event: 1.134 GC heap after
{Heap after GC invocations=1 (full 0):
 garbage-first heap   total 262144K, used 6154K [0x0000016aa6000000, 0x0000056aa6000000)
  region size 32768K, 1 young (32768K), 1 survivors (32768K)
 Metaspace       used 16489K, committed 16704K, reserved 1114112K
  class space    used 1552K, committed 1664K, reserved 1048576K
}
Event: 1.248 GC heap before
{Heap before GC invocations=1 (full 0):
 garbage-first heap   total 262144K, used 6154K [0x0000016aa6000000, 0x0000056aa6000000)
  region size 32768K, 2 young (65536K), 1 survivors (32768K)
 Metaspace       used 16511K, committed 16768K, reserved 1114112K
  class space    used 1552K, committed 1664K, reserved 1048576K
}
Event: 1.257 GC heap after
{Heap after GC invocations=2 (full 0):
 garbage-first heap   total 262144K, used 15438K [0x0000016aa6000000, 0x0000056aa6000000)
  region size 32768K, 1 young (32768K), 1 survivors (32768K)
 Metaspace       used 16511K, committed 16768K, reserved 1114112K
  class space    used 1552K, committed 1664K, reserved 1048576K
}
Event: 1.570 GC heap before
{Heap before GC invocations=2 (full 0):
 garbage-first heap   total 262144K, used 48206K [0x0000016aa6000000, 0x0000056aa6000000)
  region size 32768K, 2 young (65536K), 1 survivors (32768K)
 Metaspace       used 16519K, committed 16768K, reserved 1114112K
  class space    used 1552K, committed 1664K, reserved 1048576K
}
Event: 1.581 GC heap after
{Heap after GC invocations=3 (full 0):
 garbage-first heap   total 262144K, used 31232K [0x0000016aa6000000, 0x0000056aa6000000)
  region size 32768K, 1 young (32768K), 1 survivors (32768K)
 Metaspace       used 16519K, committed 16768K, reserved 1114112K
  class space    used 1552K, committed 1664K, reserved 1048576K
}
Event: 1.610 GC heap before
{Heap before GC invocations=3 (full 0):
 garbage-first heap   total 262144K, used 31232K [0x0000016aa6000000, 0x0000056aa6000000)
  region size 32768K, 2 young (65536K), 1 survivors (32768K)
 Metaspace       used 16519K, committed 16768K, reserved 1114112K
  class space    used 1552K, committed 1664K, reserved 1048576K
}
Event: 1.623 GC heap after
{Heap after GC invocations=4 (full 0):
 garbage-first heap   total 262144K, used 47400K [0x0000016aa6000000, 0x0000056aa6000000)
  region size 32768K, 1 young (32768K), 1 survivors (32768K)
 Metaspace       used 16519K, committed 16768K, reserved 1114112K
  class space    used 1552K, committed 1664K, reserved 1048576K
}
Event: 1.789 GC heap before
{Heap before GC invocations=4 (full 0):
 garbage-first heap   total 262144K, used 80168K [0x0000016aa6000000, 0x0000056aa6000000)
  region size 32768K, 2 young (65536K), 1 survivors (32768K)
 Metaspace       used 16870K, committed 17088K, reserved 1114112K
  class space    used 1604K, committed 1664K, reserved 1048576K
}
Event: 1.800 GC heap after
{Heap after GC invocations=5 (full 0):
 garbage-first heap   total 262144K, used 88971K [0x0000016aa6000000, 0x0000056aa6000000)
  region size 32768K, 1 young (32768K), 1 survivors (32768K)
 Metaspace       used 16870K, committed 17088K, reserved 1114112K
  class space    used 1604K, committed 1664K, reserved 1048576K
}
Event: 1.823 GC heap before
{Heap before GC invocations=5 (full 0):
 garbage-first heap   total 262144K, used 88971K [0x0000016aa6000000, 0x0000056aa6000000)
  region size 32768K, 2 young (65536K), 1 survivors (32768K)
 Metaspace       used 16873K, committed 17088K, reserved 1114112K
  class space    used 1604K, committed 1664K, reserved 1048576K
}
Event: 1.836 GC heap after
{Heap after GC invocations=6 (full 0):
 garbage-first heap   total 524288K, used 123551K [0x0000016aa6000000, 0x0000056aa6000000)
  region size 32768K, 1 young (32768K), 1 survivors (32768K)
 Metaspace       used 16873K, committed 17088K, reserved 1114112K
  class space    used 1604K, committed 1664K, reserved 1048576K
}
Event: 2.087 GC heap before
{Heap before GC invocations=6 (full 0):
 garbage-first heap   total 524288K, used 156319K [0x0000016aa6000000, 0x0000056aa6000000)
  region size 32768K, 2 young (65536K), 1 survivors (32768K)
 Metaspace       used 16968K, committed 17152K, reserved 1114112K
  class space    used 1619K, committed 1728K, reserved 1048576K
}
Event: 2.100 GC heap after
{Heap after GC invocations=7 (full 0):
 garbage-first heap   total 524288K, used 155393K [0x0000016aa6000000, 0x0000056aa6000000)
  region size 32768K, 1 young (32768K), 1 survivors (32768K)
 Metaspace       used 16968K, committed 17152K, reserved 1114112K
  class space    used 1619K, committed 1728K, reserved 1048576K
}
Event: 2.458 GC heap before
{Heap before GC invocations=7 (full 0):
 garbage-first heap   total 524288K, used 188161K [0x0000016aa6000000, 0x0000056aa6000000)
  region size 32768K, 2 young (65536K), 1 survivors (32768K)
 Metaspace       used 16983K, committed 17216K, reserved 1114112K
  class space    used 1621K, committed 1728K, reserved 1048576K
}
Event: 2.476 GC heap after
{Heap after GC invocations=8 (full 0):
 garbage-first heap   total 524288K, used 196186K [0x0000016aa6000000, 0x0000056aa6000000)
  region size 32768K, 1 young (32768K), 1 survivors (32768K)
 Metaspace       used 16983K, committed 17216K, reserved 1114112K
  class space    used 1621K, committed 1728K, reserved 1048576K
}
Event: 5.425 GC heap before
{Heap before GC invocations=8 (full 0):
 garbage-first heap   total 524288K, used 196186K [0x0000016aa6000000, 0x0000056aa6000000)
  region size 32768K, 2 young (65536K), 1 survivors (32768K)
 Metaspace       used 21246K, committed 21504K, reserved 1114112K
  class space    used 2174K, committed 2304K, reserved 1048576K
}
Event: 5.439 GC heap after
{Heap after GC invocations=9 (full 0):
 garbage-first heap   total 524288K, used 214615K [0x0000016aa6000000, 0x0000056aa6000000)
  region size 32768K, 1 young (32768K), 1 survivors (32768K)
 Metaspace       used 21246K, committed 21504K, reserved 1114112K
  class space    used 2174K, committed 2304K, reserved 1048576K
}

