# JRE version: OpenJDK Runtime Environment JBR-17.0.9+8-1166.2-jcef (17.0.9+8) (build 17.0.9+8-b1166.2)
# Java VM: OpenJDK 64-Bit Server VM JBR-17.0.9+8-1166.2-jcef (17.0.9+8-b1166.2, mixed mode, tiered, compressed class ptrs, g1 gc, windows-amd64)
GC Precious Log:
 CPUs: 12 total, 12 available
 Memory: 16254M
 Large Page Support: Disabled
 NUMA Support: Disabled
 Compressed Oops: Disabled
 Heap Region Size: 32M
 Heap Min Capacity: 32M
 Heap Initial Capacity: 256M
 Heap Max Capacity: 4096G
 Pre-touch: Disabled
 Parallel Workers: 10
 Concurrent Workers: 3
 Concurrent Refinement Workers: 10
 Periodic GC: Disabled
Heap:
 garbage-first heap   total 983040K, used 297613K [0x00000286ae000000, 0x00000686ae000000)
  region size 32768K, 4 young (131072K), 1 survivors (32768K)
 Metaspace       used 23424K, committed 23680K, reserved 1114112K
  class space    used 2374K, committed 2496K, reserved 1048576K
GC Heap History (20 events):
Event: 1.116 GC heap before
{Heap before GC invocations=0 (full 0):
 garbage-first heap   total 262144K, used 0K [0x00000286ae000000, 0x00000686ae000000)
  region size 32768K, 1 young (32768K), 0 survivors (0K)
 Metaspace       used 16511K, committed 16768K, reserved 1114112K
  class space    used 1553K, committed 1664K, reserved 1048576K
}
Event: 1.128 GC heap after
{Heap after GC invocations=1 (full 0):
 garbage-first heap   total 262144K, used 6116K [0x00000286ae000000, 0x00000686ae000000)
  region size 32768K, 1 young (32768K), 1 survivors (32768K)
 Metaspace       used 16511K, committed 16768K, reserved 1114112K
  class space    used 1553K, committed 1664K, reserved 1048576K
}
Event: 1.274 GC heap before
{Heap before GC invocations=1 (full 0):
 garbage-first heap   total 262144K, used 38884K [0x00000286ae000000, 0x00000686ae000000)
  region size 32768K, 2 young (65536K), 1 survivors (32768K)
 Metaspace       used 16590K, committed 16832K, reserved 1114112K
  class space    used 1556K, committed 1664K, reserved 1048576K
}
Event: 1.282 GC heap after
{Heap after GC invocations=2 (full 0):
 garbage-first heap   total 262144K, used 15551K [0x00000286ae000000, 0x00000686ae000000)
  region size 32768K, 1 young (32768K), 1 survivors (32768K)
 Metaspace       used 16590K, committed 16832K, reserved 1114112K
  class space    used 1556K, committed 1664K, reserved 1048576K
}
Event: 1.615 GC heap before
{Heap before GC invocations=2 (full 0):
 garbage-first heap   total 262144K, used 48319K [0x00000286ae000000, 0x00000686ae000000)
  region size 32768K, 2 young (65536K), 1 survivors (32768K)
 Metaspace       used 16599K, committed 16832K, reserved 1114112K
  class space    used 1556K, committed 1664K, reserved 1048576K
}
Event: 1.627 GC heap after
{Heap after GC invocations=3 (full 0):
 garbage-first heap   total 262144K, used 31440K [0x00000286ae000000, 0x00000686ae000000)
  region size 32768K, 1 young (32768K), 1 survivors (32768K)
 Metaspace       used 16599K, committed 16832K, reserved 1114112K
  class space    used 1556K, committed 1664K, reserved 1048576K
}
Event: 1.660 GC heap before
{Heap before GC invocations=3 (full 0):
 garbage-first heap   total 262144K, used 31440K [0x00000286ae000000, 0x00000686ae000000)
  region size 32768K, 2 young (65536K), 1 survivors (32768K)
 Metaspace       used 16599K, committed 16832K, reserved 1114112K
  class space    used 1556K, committed 1664K, reserved 1048576K
}
Event: 1.678 GC heap after
{Heap after GC invocations=4 (full 0):
 garbage-first heap   total 262144K, used 47429K [0x00000286ae000000, 0x00000686ae000000)
  region size 32768K, 1 young (32768K), 1 survivors (32768K)
 Metaspace       used 16599K, committed 16832K, reserved 1114112K
  class space    used 1556K, committed 1664K, reserved 1048576K
}
Event: 1.917 GC heap before
{Heap before GC invocations=4 (full 0):
 garbage-first heap   total 262144K, used 80197K [0x00000286ae000000, 0x00000686ae000000)
  region size 32768K, 2 young (65536K), 1 survivors (32768K)
 Metaspace       used 16950K, committed 17216K, reserved 1114112K
  class space    used 1608K, committed 1728K, reserved 1048576K
}
Event: 1.937 GC heap after
{Heap after GC invocations=5 (full 0):
 garbage-first heap   total 524288K, used 106620K [0x00000286ae000000, 0x00000686ae000000)
  region size 32768K, 1 young (32768K), 1 survivors (32768K)
 Metaspace       used 16950K, committed 17216K, reserved 1114112K
  class space    used 1608K, committed 1728K, reserved 1048576K
}
Event: 1.978 GC heap before
{Heap before GC invocations=5 (full 0):
 garbage-first heap   total 524288K, used 106620K [0x00000286ae000000, 0x00000686ae000000)
  region size 32768K, 2 young (65536K), 1 survivors (32768K)
 Metaspace       used 16953K, committed 17216K, reserved 1114112K
  class space    used 1608K, committed 1728K, reserved 1048576K
}
Event: 1.998 GC heap after
{Heap after GC invocations=6 (full 0):
 garbage-first heap   total 524288K, used 140566K [0x00000286ae000000, 0x00000686ae000000)
  region size 32768K, 1 young (32768K), 1 survivors (32768K)
 Metaspace       used 16953K, committed 17216K, reserved 1114112K
  class space    used 1608K, committed 1728K, reserved 1048576K
}
Event: 2.177 GC heap before
{Heap before GC invocations=6 (full 0):
 garbage-first heap   total 524288K, used 173334K [0x00000286ae000000, 0x00000686ae000000)
  region size 32768K, 2 young (65536K), 1 survivors (32768K)
 Metaspace       used 17398K, committed 17600K, reserved 1114112K
  class space    used 1663K, committed 1728K, reserved 1048576K
}
Event: 2.199 GC heap after
{Heap after GC invocations=7 (full 0):
 garbage-first heap   total 524288K, used 152863K [0x00000286ae000000, 0x00000686ae000000)
  region size 32768K, 1 young (32768K), 1 survivors (32768K)
 Metaspace       used 17398K, committed 17600K, reserved 1114112K
  class space    used 1663K, committed 1728K, reserved 1048576K
}
Event: 2.634 GC heap before
{Heap before GC invocations=7 (full 0):
 garbage-first heap   total 524288K, used 185631K [0x00000286ae000000, 0x00000686ae000000)
  region size 32768K, 2 young (65536K), 1 survivors (32768K)
 Metaspace       used 17436K, committed 17664K, reserved 1114112K
  class space    used 1668K, committed 1728K, reserved 1048576K
}
Event: 2.652 GC heap after
{Heap after GC invocations=8 (full 0):
 garbage-first heap   total 524288K, used 195347K [0x00000286ae000000, 0x00000686ae000000)
  region size 32768K, 1 young (32768K), 1 survivors (32768K)
 Metaspace       used 17436K, committed 17664K, reserved 1114112K
  class space    used 1668K, committed 1728K, reserved 1048576K
}
Event: 3.083 GC heap before
{Heap before GC invocations=8 (full 0):
 garbage-first heap   total 524288K, used 228115K [0x00000286ae000000, 0x00000686ae000000)
  region size 32768K, 2 young (65536K), 1 survivors (32768K)
 Metaspace       used 18841K, committed 19136K, reserved 1114112K
  class space    used 1848K, committed 1984K, reserved 1048576K
}
Event: 3.104 GC heap after
{Heap after GC invocations=9 (full 0):
 garbage-first heap   total 1114112K, used 228039K [0x00000286ae000000, 0x00000686ae000000)
  region size 32768K, 1 young (32768K), 1 survivors (32768K)
 Metaspace       used 18841K, committed 19136K, reserved 1114112K
  class space    used 1848K, committed 1984K, reserved 1048576K
}
Event: 3.908 GC heap before
{Heap before GC invocations=9 (full 0):
 garbage-first heap   total 1114112K, used 228039K [0x00000286ae000000, 0x00000686ae000000)
  region size 32768K, 2 young (65536K), 1 survivors (32768K)
 Metaspace       used 21195K, committed 21504K, reserved 1114112K
  class space    used 2190K, committed 2304K, reserved 1048576K
}
Event: 3.919 GC heap after
{Heap after GC invocations=10 (full 0):
 garbage-first heap   total 1114112K, used 232077K [0x00000286ae000000, 0x00000686ae000000)
  region size 32768K, 1 young (32768K), 1 survivors (32768K)
 Metaspace       used 21195K, committed 21504K, reserved 1114112K
  class space    used 2190K, committed 2304K, reserved 1048576K
}

