# JRE version: OpenJDK Runtime Environment JBR-17.0.9+8-1166.2-jcef (17.0.9+8) (build 17.0.9+8-b1166.2)
# Java VM: OpenJDK 64-Bit Server VM JBR-17.0.9+8-1166.2-jcef (17.0.9+8-b1166.2, mixed mode, tiered, compressed class ptrs, g1 gc, windows-amd64)
GC Precious Log:
 CPUs: 12 total, 12 available
 Memory: 16254M
 Large Page Support: Disabled
 NUMA Support: Disabled
 Compressed Oops: Disabled
 Heap Region Size: 32M
 Heap Min Capacity: 32M
 Heap Initial Capacity: 256M
 Heap Max Capacity: 4096G
 Pre-touch: Disabled
 Parallel Workers: 10
 Concurrent Workers: 3
 Concurrent Refinement Workers: 10
 Periodic GC: Disabled
Heap:
 garbage-first heap   total 983040K, used 246669K [0x0000027f56000000, 0x0000067f56000000)
  region size 32768K, 2 young (65536K), 1 survivors (32768K)
 Metaspace       used 21281K, committed 21568K, reserved 1114112K
  class space    used 2180K, committed 2304K, reserved 1048576K
GC Heap History (18 events):
Event: 0.991 GC heap before
{Heap before GC invocations=0 (full 0):
 garbage-first heap   total 262144K, used 32768K [0x0000027f56000000, 0x0000067f56000000)
  region size 32768K, 1 young (32768K), 0 survivors (0K)
 Metaspace       used 15894K, committed 16064K, reserved 1114112K
  class space    used 1494K, committed 1600K, reserved 1048576K
}
Event: 1.002 GC heap after
{Heap after GC invocations=1 (full 0):
 garbage-first heap   total 262144K, used 6010K [0x0000027f56000000, 0x0000067f56000000)
  region size 32768K, 1 young (32768K), 1 survivors (32768K)
 Metaspace       used 15894K, committed 16064K, reserved 1114112K
  class space    used 1494K, committed 1600K, reserved 1048576K
}
Event: 1.113 GC heap before
{Heap before GC invocations=1 (full 0):
 garbage-first heap   total 262144K, used 6010K [0x0000027f56000000, 0x0000067f56000000)
  region size 32768K, 2 young (65536K), 1 survivors (32768K)
 Metaspace       used 16508K, committed 16768K, reserved 1114112K
  class space    used 1552K, committed 1664K, reserved 1048576K
}
Event: 1.120 GC heap after
{Heap after GC invocations=2 (full 0):
 garbage-first heap   total 262144K, used 15452K [0x0000027f56000000, 0x0000067f56000000)
  region size 32768K, 1 young (32768K), 1 survivors (32768K)
 Metaspace       used 16508K, committed 16768K, reserved 1114112K
  class space    used 1552K, committed 1664K, reserved 1048576K
}
Event: 1.374 GC heap before
{Heap before GC invocations=2 (full 0):
 garbage-first heap   total 262144K, used 48220K [0x0000027f56000000, 0x0000067f56000000)
  region size 32768K, 2 young (65536K), 1 survivors (32768K)
 Metaspace       used 16517K, committed 16768K, reserved 1114112K
  class space    used 1552K, committed 1664K, reserved 1048576K
}
Event: 1.384 GC heap after
{Heap after GC invocations=3 (full 0):
 garbage-first heap   total 262144K, used 59209K [0x0000027f56000000, 0x0000067f56000000)
  region size 32768K, 1 young (32768K), 1 survivors (32768K)
 Metaspace       used 16517K, committed 16768K, reserved 1114112K
  class space    used 1552K, committed 1664K, reserved 1048576K
}
Event: 1.413 GC heap before
{Heap before GC invocations=3 (full 0):
 garbage-first heap   total 262144K, used 59209K [0x0000027f56000000, 0x0000067f56000000)
  region size 32768K, 2 young (65536K), 1 survivors (32768K)
 Metaspace       used 16517K, committed 16768K, reserved 1114112K
  class space    used 1552K, committed 1664K, reserved 1048576K
}
Event: 1.424 GC heap after
{Heap after GC invocations=4 (full 0):
 garbage-first heap   total 262144K, used 62703K [0x0000027f56000000, 0x0000067f56000000)
  region size 32768K, 1 young (32768K), 1 survivors (32768K)
 Metaspace       used 16517K, committed 16768K, reserved 1114112K
  class space    used 1552K, committed 1664K, reserved 1048576K
}
Event: 1.577 GC heap before
{Heap before GC invocations=4 (full 0):
 garbage-first heap   total 262144K, used 95471K [0x0000027f56000000, 0x0000067f56000000)
  region size 32768K, 2 young (65536K), 1 survivors (32768K)
 Metaspace       used 16868K, committed 17152K, reserved 1114112K
  class space    used 1603K, committed 1728K, reserved 1048576K
}
Event: 1.587 GC heap after
{Heap after GC invocations=5 (full 0):
 garbage-first heap   total 524288K, used 122168K [0x0000027f56000000, 0x0000067f56000000)
  region size 32768K, 1 young (32768K), 1 survivors (32768K)
 Metaspace       used 16868K, committed 17152K, reserved 1114112K
  class space    used 1603K, committed 1728K, reserved 1048576K
}
Event: 1.616 GC heap before
{Heap before GC invocations=5 (full 0):
 garbage-first heap   total 524288K, used 122168K [0x0000027f56000000, 0x0000067f56000000)
  region size 32768K, 2 young (65536K), 1 survivors (32768K)
 Metaspace       used 16871K, committed 17152K, reserved 1114112K
  class space    used 1603K, committed 1728K, reserved 1048576K
}
Event: 1.627 GC heap after
{Heap after GC invocations=6 (full 0):
 garbage-first heap   total 524288K, used 156334K [0x0000027f56000000, 0x0000067f56000000)
  region size 32768K, 1 young (32768K), 1 survivors (32768K)
 Metaspace       used 16871K, committed 17152K, reserved 1114112K
  class space    used 1603K, committed 1728K, reserved 1048576K
}
Event: 1.884 GC heap before
{Heap before GC invocations=6 (full 0):
 garbage-first heap   total 524288K, used 189102K [0x0000027f56000000, 0x0000067f56000000)
  region size 32768K, 2 young (65536K), 1 survivors (32768K)
 Metaspace       used 16950K, committed 17152K, reserved 1114112K
  class space    used 1616K, committed 1728K, reserved 1048576K
}
Event: 1.902 GC heap after
{Heap after GC invocations=7 (full 0):
 garbage-first heap   total 524288K, used 188991K [0x0000027f56000000, 0x0000067f56000000)
  region size 32768K, 1 young (32768K), 1 survivors (32768K)
 Metaspace       used 16950K, committed 17152K, reserved 1114112K
  class space    used 1616K, committed 1728K, reserved 1048576K
}
Event: 2.249 GC heap before
{Heap before GC invocations=7 (full 0):
 garbage-first heap   total 524288K, used 221759K [0x0000027f56000000, 0x0000067f56000000)
  region size 32768K, 2 young (65536K), 1 survivors (32768K)
 Metaspace       used 16980K, committed 17216K, reserved 1114112K
  class space    used 1621K, committed 1728K, reserved 1048576K
}
Event: 2.266 GC heap after
{Heap after GC invocations=8 (full 0):
 garbage-first heap   total 524288K, used 228967K [0x0000027f56000000, 0x0000067f56000000)
  region size 32768K, 1 young (32768K), 1 survivors (32768K)
 Metaspace       used 16980K, committed 17216K, reserved 1114112K
  class space    used 1621K, committed 1728K, reserved 1048576K
}
Event: 5.289 GC heap before
{Heap before GC invocations=8 (full 0):
 garbage-first heap   total 524288K, used 228967K [0x0000027f56000000, 0x0000067f56000000)
  region size 32768K, 2 young (65536K), 1 survivors (32768K)
 Metaspace       used 21269K, committed 21504K, reserved 1114112K
  class space    used 2178K, committed 2304K, reserved 1048576K
}
Event: 5.305 GC heap after
{Heap after GC invocations=9 (full 0):
 garbage-first heap   total 1048576K, used 246669K [0x0000027f56000000, 0x0000067f56000000)
  region size 32768K, 1 young (32768K), 1 survivors (32768K)
 Metaspace       used 21269K, committed 21504K, reserved 1114112K
  class space    used 2178K, committed 2304K, reserved 1048576K
}

