# JRE version: OpenJDK Runtime Environment JBR-17.0.9+8-1166.2-jcef (17.0.9+8) (build 17.0.9+8-b1166.2)
# Java VM: OpenJDK 64-Bit Server VM JBR-17.0.9+8-1166.2-jcef (17.0.9+8-b1166.2, mixed mode, tiered, compressed class ptrs, g1 gc, windows-amd64)
GC Precious Log:
 CPUs: 12 total, 12 available
 Memory: 16254M
 Large Page Support: Disabled
 NUMA Support: Disabled
 Compressed Oops: Disabled
 Heap Region Size: 32M
 Heap Min Capacity: 32M
 Heap Initial Capacity: 256M
 Heap Max Capacity: 4096G
 Pre-touch: Disabled
 Parallel Workers: 10
 Concurrent Workers: 3
 Concurrent Refinement Workers: 10
 Periodic GC: Disabled
Heap:
 garbage-first heap   total 983040K, used 250901K [0x00000205a8000000, 0x00000605a8000000)
  region size 32768K, 3 young (98304K), 1 survivors (32768K)
 Metaspace       used 21389K, committed 21696K, reserved 1114112K
  class space    used 2187K, committed 2368K, reserved 1048576K
GC Heap History (20 events):
Event: 1.235 GC heap before
{Heap before GC invocations=1 (full 0):
 garbage-first heap   total 262144K, used 6111K [0x00000205a8000000, 0x00000605a8000000)
  region size 32768K, 2 young (65536K), 1 survivors (32768K)
 Metaspace       used 16499K, committed 16768K, reserved 1114112K
  class space    used 1552K, committed 1664K, reserved 1048576K
}
Event: 1.243 GC heap after
{Heap after GC invocations=2 (full 0):
 garbage-first heap   total 262144K, used 15364K [0x00000205a8000000, 0x00000605a8000000)
  region size 32768K, 1 young (32768K), 1 survivors (32768K)
 Metaspace       used 16499K, committed 16768K, reserved 1114112K
  class space    used 1552K, committed 1664K, reserved 1048576K
}
Event: 1.572 GC heap before
{Heap before GC invocations=2 (full 0):
 garbage-first heap   total 262144K, used 48132K [0x00000205a8000000, 0x00000605a8000000)
  region size 32768K, 2 young (65536K), 1 survivors (32768K)
 Metaspace       used 16507K, committed 16768K, reserved 1114112K
  class space    used 1552K, committed 1664K, reserved 1048576K
}
Event: 1.587 GC heap after
{Heap after GC invocations=3 (full 0):
 garbage-first heap   total 262144K, used 31220K [0x00000205a8000000, 0x00000605a8000000)
  region size 32768K, 1 young (32768K), 1 survivors (32768K)
 Metaspace       used 16507K, committed 16768K, reserved 1114112K
  class space    used 1552K, committed 1664K, reserved 1048576K
}
Event: 1.618 GC heap before
{Heap before GC invocations=3 (full 0):
 garbage-first heap   total 262144K, used 31220K [0x00000205a8000000, 0x00000605a8000000)
  region size 32768K, 2 young (65536K), 1 survivors (32768K)
 Metaspace       used 16507K, committed 16768K, reserved 1114112K
  class space    used 1552K, committed 1664K, reserved 1048576K
}
Event: 1.631 GC heap after
{Heap after GC invocations=4 (full 0):
 garbage-first heap   total 262144K, used 47288K [0x00000205a8000000, 0x00000605a8000000)
  region size 32768K, 1 young (32768K), 1 survivors (32768K)
 Metaspace       used 16507K, committed 16768K, reserved 1114112K
  class space    used 1552K, committed 1664K, reserved 1048576K
}
Event: 1.788 GC heap before
{Heap before GC invocations=4 (full 0):
 garbage-first heap   total 262144K, used 80056K [0x00000205a8000000, 0x00000605a8000000)
  region size 32768K, 2 young (65536K), 1 survivors (32768K)
 Metaspace       used 16860K, committed 17024K, reserved 1114112K
  class space    used 1604K, committed 1664K, reserved 1048576K
}
Event: 1.803 GC heap after
{Heap after GC invocations=5 (full 0):
 garbage-first heap   total 524288K, used 89121K [0x00000205a8000000, 0x00000605a8000000)
  region size 32768K, 1 young (32768K), 1 survivors (32768K)
 Metaspace       used 16860K, committed 17024K, reserved 1114112K
  class space    used 1604K, committed 1664K, reserved 1048576K
}
Event: 1.862 GC heap before
{Heap before GC invocations=5 (full 0):
 garbage-first heap   total 524288K, used 89121K [0x00000205a8000000, 0x00000605a8000000)
  region size 32768K, 2 young (65536K), 1 survivors (32768K)
 Metaspace       used 16863K, committed 17088K, reserved 1114112K
  class space    used 1604K, committed 1664K, reserved 1048576K
}
Event: 1.880 GC heap after
{Heap after GC invocations=6 (full 0):
 garbage-first heap   total 524288K, used 146853K [0x00000205a8000000, 0x00000605a8000000)
  region size 32768K, 1 young (32768K), 1 survivors (32768K)
 Metaspace       used 16863K, committed 17088K, reserved 1114112K
  class space    used 1604K, committed 1664K, reserved 1048576K
}
Event: 2.118 GC heap before
{Heap before GC invocations=6 (full 0):
 garbage-first heap   total 524288K, used 179621K [0x00000205a8000000, 0x00000605a8000000)
  region size 32768K, 2 young (65536K), 1 survivors (32768K)
 Metaspace       used 16957K, committed 17152K, reserved 1114112K
  class space    used 1619K, committed 1728K, reserved 1048576K
}
Event: 2.132 GC heap after
{Heap after GC invocations=7 (full 0):
 garbage-first heap   total 524288K, used 165118K [0x00000205a8000000, 0x00000605a8000000)
  region size 32768K, 1 young (32768K), 1 survivors (32768K)
 Metaspace       used 16957K, committed 17152K, reserved 1114112K
  class space    used 1619K, committed 1728K, reserved 1048576K
}
Event: 2.471 GC heap before
{Heap before GC invocations=7 (full 0):
 garbage-first heap   total 524288K, used 197886K [0x00000205a8000000, 0x00000605a8000000)
  region size 32768K, 2 young (65536K), 1 survivors (32768K)
 Metaspace       used 16972K, committed 17216K, reserved 1114112K
  class space    used 1621K, committed 1728K, reserved 1048576K
}
Event: 2.489 GC heap after
{Heap after GC invocations=8 (full 0):
 garbage-first heap   total 524288K, used 198104K [0x00000205a8000000, 0x00000605a8000000)
  region size 32768K, 1 young (32768K), 1 survivors (32768K)
 Metaspace       used 16972K, committed 17216K, reserved 1114112K
  class space    used 1621K, committed 1728K, reserved 1048576K
}
Event: 6.864 GC heap before
{Heap before GC invocations=8 (full 0):
 garbage-first heap   total 524288K, used 230872K [0x00000205a8000000, 0x00000605a8000000)
  region size 32768K, 2 young (65536K), 1 survivors (32768K)
 Metaspace       used 21203K, committed 21504K, reserved 1114112K
  class space    used 2168K, committed 2304K, reserved 1048576K
}
Event: 6.878 GC heap after
{Heap after GC invocations=9 (full 0):
 garbage-first heap   total 1048576K, used 217194K [0x00000205a8000000, 0x00000605a8000000)
  region size 32768K, 1 young (32768K), 1 survivors (32768K)
 Metaspace       used 21203K, committed 21504K, reserved 1114112K
  class space    used 2168K, committed 2304K, reserved 1048576K
}
Event: 8.993 GC heap before
{Heap before GC invocations=9 (full 0):
 garbage-first heap   total 1048576K, used 217194K [0x00000205a8000000, 0x00000605a8000000)
  region size 32768K, 2 young (65536K), 1 survivors (32768K)
 Metaspace       used 21256K, committed 21504K, reserved 1114112K
  class space    used 2168K, committed 2304K, reserved 1048576K
}
Event: 9.002 GC heap after
{Heap after GC invocations=10 (full 0):
 garbage-first heap   total 1048576K, used 219070K [0x00000205a8000000, 0x00000605a8000000)
  region size 32768K, 1 young (32768K), 1 survivors (32768K)
 Metaspace       used 21256K, committed 21504K, reserved 1114112K
  class space    used 2168K, committed 2304K, reserved 1048576K
}
Event: 49.299 GC heap before
{Heap before GC invocations=11 (full 0):
 garbage-first heap   total 983040K, used 350142K [0x00000205a8000000, 0x00000605a8000000)
  region size 32768K, 5 young (163840K), 1 survivors (32768K)
 Metaspace       used 21373K, committed 21632K, reserved 1114112K
  class space    used 2184K, committed 2304K, reserved 1048576K
}
Event: 49.303 GC heap after
{Heap after GC invocations=12 (full 0):
 garbage-first heap   total 983040K, used 218133K [0x00000205a8000000, 0x00000605a8000000)
  region size 32768K, 1 young (32768K), 1 survivors (32768K)
 Metaspace       used 21373K, committed 21632K, reserved 1114112K
  class space    used 2184K, committed 2304K, reserved 1048576K
}

