# JRE version: OpenJDK Runtime Environment JBR-17.0.9+8-1166.2-jcef (17.0.9+8) (build 17.0.9+8-b1166.2)
# Java VM: OpenJDK 64-Bit Server VM JBR-17.0.9+8-1166.2-jcef (17.0.9+8-b1166.2, mixed mode, tiered, compressed class ptrs, g1 gc, windows-amd64)
GC Precious Log:
 CPUs: 12 total, 12 available
 Memory: 16254M
 Large Page Support: Disabled
 NUMA Support: Disabled
 Compressed Oops: Disabled
 Heap Region Size: 32M
 Heap Min Capacity: 32M
 Heap Initial Capacity: 256M
 Heap Max Capacity: 4096G
 Pre-touch: Disabled
 Parallel Workers: 10
 Concurrent Workers: 3
 Concurrent Refinement Workers: 10
 Periodic GC: Disabled
Heap:
 garbage-first heap   total 1048576K, used 248887K [0x0000014d00000000, 0x0000054d00000000)
  region size 32768K, 2 young (65536K), 1 survivors (32768K)
 Metaspace       used 21600K, committed 21888K, reserved 1114112K
  class space    used 2205K, committed 2368K, reserved 1048576K
GC Heap History (20 events):
Event: 0.994 GC heap before
{Heap before GC invocations=0 (full 0):
 garbage-first heap   total 262144K, used 0K [0x0000014d00000000, 0x0000054d00000000)
  region size 32768K, 1 young (32768K), 0 survivors (0K)
 Metaspace       used 15917K, committed 16192K, reserved 1114112K
  class space    used 1495K, committed 1600K, reserved 1048576K
}
Event: 1.005 GC heap after
{Heap after GC invocations=1 (full 0):
 garbage-first heap   total 262144K, used 5973K [0x0000014d00000000, 0x0000054d00000000)
  region size 32768K, 1 young (32768K), 1 survivors (32768K)
 Metaspace       used 15917K, committed 16192K, reserved 1114112K
  class space    used 1495K, committed 1600K, reserved 1048576K
}
Event: 1.160 GC heap before
{Heap before GC invocations=1 (full 0):
 garbage-first heap   total 262144K, used 38741K [0x0000014d00000000, 0x0000054d00000000)
  region size 32768K, 2 young (65536K), 1 survivors (32768K)
 Metaspace       used 16581K, committed 16832K, reserved 1114112K
  class space    used 1556K, committed 1664K, reserved 1048576K
}
Event: 1.168 GC heap after
{Heap after GC invocations=2 (full 0):
 garbage-first heap   total 262144K, used 15445K [0x0000014d00000000, 0x0000054d00000000)
  region size 32768K, 1 young (32768K), 1 survivors (32768K)
 Metaspace       used 16581K, committed 16832K, reserved 1114112K
  class space    used 1556K, committed 1664K, reserved 1048576K
}
Event: 1.480 GC heap before
{Heap before GC invocations=2 (full 0):
 garbage-first heap   total 262144K, used 48213K [0x0000014d00000000, 0x0000054d00000000)
  region size 32768K, 2 young (65536K), 1 survivors (32768K)
 Metaspace       used 16590K, committed 16832K, reserved 1114112K
  class space    used 1556K, committed 1664K, reserved 1048576K
}
Event: 1.497 GC heap after
{Heap after GC invocations=3 (full 0):
 garbage-first heap   total 262144K, used 31231K [0x0000014d00000000, 0x0000054d00000000)
  region size 32768K, 1 young (32768K), 1 survivors (32768K)
 Metaspace       used 16590K, committed 16832K, reserved 1114112K
  class space    used 1556K, committed 1664K, reserved 1048576K
}
Event: 1.535 GC heap before
{Heap before GC invocations=3 (full 0):
 garbage-first heap   total 262144K, used 31231K [0x0000014d00000000, 0x0000054d00000000)
  region size 32768K, 2 young (65536K), 1 survivors (32768K)
 Metaspace       used 16590K, committed 16832K, reserved 1114112K
  class space    used 1556K, committed 1664K, reserved 1048576K
}
Event: 1.551 GC heap after
{Heap after GC invocations=4 (full 0):
 garbage-first heap   total 262144K, used 47426K [0x0000014d00000000, 0x0000054d00000000)
  region size 32768K, 1 young (32768K), 1 survivors (32768K)
 Metaspace       used 16590K, committed 16832K, reserved 1114112K
  class space    used 1556K, committed 1664K, reserved 1048576K
}
Event: 1.742 GC heap before
{Heap before GC invocations=4 (full 0):
 garbage-first heap   total 262144K, used 80194K [0x0000014d00000000, 0x0000054d00000000)
  region size 32768K, 2 young (65536K), 1 survivors (32768K)
 Metaspace       used 16941K, committed 17216K, reserved 1114112K
  class space    used 1608K, committed 1728K, reserved 1048576K
}
Event: 1.754 GC heap after
{Heap after GC invocations=5 (full 0):
 garbage-first heap   total 524288K, used 89145K [0x0000014d00000000, 0x0000054d00000000)
  region size 32768K, 1 young (32768K), 1 survivors (32768K)
 Metaspace       used 16941K, committed 17216K, reserved 1114112K
  class space    used 1608K, committed 1728K, reserved 1048576K
}
Event: 1.789 GC heap before
{Heap before GC invocations=5 (full 0):
 garbage-first heap   total 524288K, used 89145K [0x0000014d00000000, 0x0000054d00000000)
  region size 32768K, 2 young (65536K), 1 survivors (32768K)
 Metaspace       used 16945K, committed 17216K, reserved 1114112K
  class space    used 1608K, committed 1728K, reserved 1048576K
}
Event: 1.803 GC heap after
{Heap after GC invocations=6 (full 0):
 garbage-first heap   total 524288K, used 156314K [0x0000014d00000000, 0x0000054d00000000)
  region size 32768K, 1 young (32768K), 1 survivors (32768K)
 Metaspace       used 16945K, committed 17216K, reserved 1114112K
  class space    used 1608K, committed 1728K, reserved 1048576K
}
Event: 2.049 GC heap before
{Heap before GC invocations=6 (full 0):
 garbage-first heap   total 524288K, used 189082K [0x0000014d00000000, 0x0000054d00000000)
  region size 32768K, 2 young (65536K), 1 survivors (32768K)
 Metaspace       used 17403K, committed 17600K, reserved 1114112K
  class space    used 1666K, committed 1728K, reserved 1048576K
}
Event: 2.072 GC heap after
{Heap after GC invocations=7 (full 0):
 garbage-first heap   total 524288K, used 176076K [0x0000014d00000000, 0x0000054d00000000)
  region size 32768K, 1 young (32768K), 1 survivors (32768K)
 Metaspace       used 17403K, committed 17600K, reserved 1114112K
  class space    used 1666K, committed 1728K, reserved 1048576K
}
Event: 3.807 GC heap before
{Heap before GC invocations=7 (full 0):
 garbage-first heap   total 524288K, used 208844K [0x0000014d00000000, 0x0000054d00000000)
  region size 32768K, 2 young (65536K), 1 survivors (32768K)
 Metaspace       used 17436K, committed 17664K, reserved 1114112K
  class space    used 1671K, committed 1728K, reserved 1048576K
}
Event: 3.825 GC heap after
{Heap after GC invocations=8 (full 0):
 garbage-first heap   total 524288K, used 211828K [0x0000014d00000000, 0x0000054d00000000)
  region size 32768K, 1 young (32768K), 1 survivors (32768K)
 Metaspace       used 17436K, committed 17664K, reserved 1114112K
  class space    used 1671K, committed 1728K, reserved 1048576K
}
Event: 5.432 GC heap before
{Heap before GC invocations=8 (full 0):
 garbage-first heap   total 524288K, used 244596K [0x0000014d00000000, 0x0000054d00000000)
  region size 32768K, 2 young (65536K), 1 survivors (32768K)
 Metaspace       used 19970K, committed 20288K, reserved 1114112K
  class space    used 2041K, committed 2176K, reserved 1048576K
}
Event: 5.448 GC heap after
{Heap after GC invocations=9 (full 0):
 garbage-first heap   total 524288K, used 244309K [0x0000014d00000000, 0x0000054d00000000)
  region size 32768K, 1 young (32768K), 1 survivors (32768K)
 Metaspace       used 19970K, committed 20288K, reserved 1114112K
  class space    used 2041K, committed 2176K, reserved 1048576K
}
Event: 7.442 GC heap before
{Heap before GC invocations=9 (full 0):
 garbage-first heap   total 524288K, used 244309K [0x0000014d00000000, 0x0000054d00000000)
  region size 32768K, 2 young (65536K), 1 survivors (32768K)
 Metaspace       used 21221K, committed 21504K, reserved 1114112K
  class space    used 2167K, committed 2304K, reserved 1048576K
}
Event: 7.453 GC heap after
{Heap after GC invocations=10 (full 0):
 garbage-first heap   total 1048576K, used 248887K [0x0000014d00000000, 0x0000054d00000000)
  region size 32768K, 1 young (32768K), 1 survivors (32768K)
 Metaspace       used 21221K, committed 21504K, reserved 1114112K
  class space    used 2167K, committed 2304K, reserved 1048576K
}

