# JRE version: OpenJDK Runtime Environment JBR-17.0.9+8-1166.2-jcef (17.0.9+8) (build 17.0.9+8-b1166.2)
# Java VM: OpenJDK 64-Bit Server VM JBR-17.0.9+8-1166.2-jcef (17.0.9+8-b1166.2, mixed mode, tiered, compressed class ptrs, g1 gc, windows-amd64)
GC Precious Log:
 CPUs: 12 total, 12 available
 Memory: 16254M
 Large Page Support: Disabled
 NUMA Support: Disabled
 Compressed Oops: Disabled
 Heap Region Size: 32M
 Heap Min Capacity: 32M
 Heap Initial Capacity: 256M
 Heap Max Capacity: 4096G
 Pre-touch: Disabled
 Parallel Workers: 10
 Concurrent Workers: 3
 Concurrent Refinement Workers: 10
 Periodic GC: Disabled
Heap:
 garbage-first heap   total 1114112K, used 234167K [0x0000025128000000, 0x0000065128000000)
  region size 32768K, 2 young (65536K), 1 survivors (32768K)
 Metaspace       used 22632K, committed 22912K, reserved 1114112K
  class space    used 2304K, committed 2432K, reserved 1048576K
GC Heap History (20 events):
Event: 1.094 GC heap before
{Heap before GC invocations=0 (full 0):
 garbage-first heap   total 262144K, used 0K [0x0000025128000000, 0x0000065128000000)
  region size 32768K, 1 young (32768K), 0 survivors (0K)
 Metaspace       used 16496K, committed 16768K, reserved 1114112K
  class space    used 1553K, committed 1664K, reserved 1048576K
}
Event: 1.105 GC heap after
{Heap after GC invocations=1 (full 0):
 garbage-first heap   total 262144K, used 6175K [0x0000025128000000, 0x0000065128000000)
  region size 32768K, 1 young (32768K), 1 survivors (32768K)
 Metaspace       used 16496K, committed 16768K, reserved 1114112K
  class space    used 1553K, committed 1664K, reserved 1048576K
}
Event: 1.257 GC heap before
{Heap before GC invocations=1 (full 0):
 garbage-first heap   total 262144K, used 38943K [0x0000025128000000, 0x0000065128000000)
  region size 32768K, 2 young (65536K), 1 survivors (32768K)
 Metaspace       used 16574K, committed 16832K, reserved 1114112K
  class space    used 1556K, committed 1664K, reserved 1048576K
}
Event: 1.266 GC heap after
{Heap after GC invocations=2 (full 0):
 garbage-first heap   total 262144K, used 15373K [0x0000025128000000, 0x0000065128000000)
  region size 32768K, 1 young (32768K), 1 survivors (32768K)
 Metaspace       used 16574K, committed 16832K, reserved 1114112K
  class space    used 1556K, committed 1664K, reserved 1048576K
}
Event: 1.580 GC heap before
{Heap before GC invocations=2 (full 0):
 garbage-first heap   total 262144K, used 48141K [0x0000025128000000, 0x0000065128000000)
  region size 32768K, 2 young (65536K), 1 survivors (32768K)
 Metaspace       used 16583K, committed 16832K, reserved 1114112K
  class space    used 1556K, committed 1664K, reserved 1048576K
}
Event: 1.591 GC heap after
{Heap after GC invocations=3 (full 0):
 garbage-first heap   total 262144K, used 31208K [0x0000025128000000, 0x0000065128000000)
  region size 32768K, 1 young (32768K), 1 survivors (32768K)
 Metaspace       used 16583K, committed 16832K, reserved 1114112K
  class space    used 1556K, committed 1664K, reserved 1048576K
}
Event: 1.623 GC heap before
{Heap before GC invocations=3 (full 0):
 garbage-first heap   total 262144K, used 31208K [0x0000025128000000, 0x0000065128000000)
  region size 32768K, 2 young (65536K), 1 survivors (32768K)
 Metaspace       used 16583K, committed 16832K, reserved 1114112K
  class space    used 1556K, committed 1664K, reserved 1048576K
}
Event: 1.637 GC heap after
{Heap after GC invocations=4 (full 0):
 garbage-first heap   total 262144K, used 47194K [0x0000025128000000, 0x0000065128000000)
  region size 32768K, 1 young (32768K), 1 survivors (32768K)
 Metaspace       used 16583K, committed 16832K, reserved 1114112K
  class space    used 1556K, committed 1664K, reserved 1048576K
}
Event: 1.866 GC heap before
{Heap before GC invocations=4 (full 0):
 garbage-first heap   total 262144K, used 79962K [0x0000025128000000, 0x0000065128000000)
  region size 32768K, 2 young (65536K), 1 survivors (32768K)
 Metaspace       used 16934K, committed 17216K, reserved 1114112K
  class space    used 1608K, committed 1728K, reserved 1048576K
}
Event: 1.879 GC heap after
{Heap after GC invocations=5 (full 0):
 garbage-first heap   total 262144K, used 106503K [0x0000025128000000, 0x0000065128000000)
  region size 32768K, 1 young (32768K), 1 survivors (32768K)
 Metaspace       used 16934K, committed 17216K, reserved 1114112K
  class space    used 1608K, committed 1728K, reserved 1048576K
}
Event: 1.904 GC heap before
{Heap before GC invocations=5 (full 0):
 garbage-first heap   total 262144K, used 106503K [0x0000025128000000, 0x0000065128000000)
  region size 32768K, 2 young (65536K), 1 survivors (32768K)
 Metaspace       used 16938K, committed 17216K, reserved 1114112K
  class space    used 1608K, committed 1728K, reserved 1048576K
}
Event: 1.917 GC heap after
{Heap after GC invocations=6 (full 0):
 garbage-first heap   total 524288K, used 140295K [0x0000025128000000, 0x0000065128000000)
  region size 32768K, 1 young (32768K), 1 survivors (32768K)
 Metaspace       used 16938K, committed 17216K, reserved 1114112K
  class space    used 1608K, committed 1728K, reserved 1048576K
}
Event: 2.082 GC heap before
{Heap before GC invocations=6 (full 0):
 garbage-first heap   total 524288K, used 173063K [0x0000025128000000, 0x0000065128000000)
  region size 32768K, 2 young (65536K), 1 survivors (32768K)
 Metaspace       used 17380K, committed 17600K, reserved 1114112K
  class space    used 1663K, committed 1728K, reserved 1048576K
}
Event: 2.101 GC heap after
{Heap after GC invocations=7 (full 0):
 garbage-first heap   total 524288K, used 166889K [0x0000025128000000, 0x0000065128000000)
  region size 32768K, 1 young (32768K), 1 survivors (32768K)
 Metaspace       used 17380K, committed 17600K, reserved 1114112K
  class space    used 1663K, committed 1728K, reserved 1048576K
}
Event: 3.011 GC heap before
{Heap before GC invocations=7 (full 0):
 garbage-first heap   total 524288K, used 232425K [0x0000025128000000, 0x0000065128000000)
  region size 32768K, 3 young (98304K), 1 survivors (32768K)
 Metaspace       used 18720K, committed 18944K, reserved 1114112K
  class space    used 1819K, committed 1920K, reserved 1048576K
}
Event: 3.036 GC heap after
{Heap after GC invocations=8 (full 0):
 garbage-first heap   total 524288K, used 229748K [0x0000025128000000, 0x0000065128000000)
  region size 32768K, 1 young (32768K), 1 survivors (32768K)
 Metaspace       used 18720K, committed 18944K, reserved 1114112K
  class space    used 1819K, committed 1920K, reserved 1048576K
}
Event: 3.936 GC heap before
{Heap before GC invocations=8 (full 0):
 garbage-first heap   total 524288K, used 229748K [0x0000025128000000, 0x0000065128000000)
  region size 32768K, 2 young (65536K), 1 survivors (32768K)
 Metaspace       used 21184K, committed 21568K, reserved 1114112K
  class space    used 2197K, committed 2368K, reserved 1048576K
}
Event: 3.948 GC heap after
{Heap after GC invocations=9 (full 0):
 garbage-first heap   total 524288K, used 236512K [0x0000025128000000, 0x0000065128000000)
  region size 32768K, 1 young (32768K), 1 survivors (32768K)
 Metaspace       used 21184K, committed 21568K, reserved 1114112K
  class space    used 2197K, committed 2368K, reserved 1048576K
}
Event: 14.622 GC heap before
{Heap before GC invocations=10 (full 0):
 garbage-first heap   total 557056K, used 269280K [0x0000025128000000, 0x0000065128000000)
  region size 32768K, 2 young (65536K), 1 survivors (32768K)
 Metaspace       used 22601K, committed 22848K, reserved 1114112K
  class space    used 2302K, committed 2432K, reserved 1048576K
}
Event: 14.629 GC heap after
{Heap after GC invocations=11 (full 0):
 garbage-first heap   total 1114112K, used 234167K [0x0000025128000000, 0x0000065128000000)
  region size 32768K, 1 young (32768K), 1 survivors (32768K)
 Metaspace       used 22601K, committed 22848K, reserved 1114112K
  class space    used 2302K, committed 2432K, reserved 1048576K
}

