# JRE version: OpenJDK Runtime Environment JBR-17.0.9+8-1166.2-jcef (17.0.9+8) (build 17.0.9+8-b1166.2)
# Java VM: OpenJDK 64-Bit Server VM JBR-17.0.9+8-1166.2-jcef (17.0.9+8-b1166.2, mixed mode, tiered, compressed class ptrs, g1 gc, windows-amd64)
GC Precious Log:
 CPUs: 12 total, 12 available
 Memory: 16254M
 Large Page Support: Disabled
 NUMA Support: Disabled
 Compressed Oops: Disabled
 Heap Region Size: 32M
 Heap Min Capacity: 32M
 Heap Initial Capacity: 256M
 Heap Max Capacity: 4096G
 Pre-touch: Disabled
 Parallel Workers: 10
 Concurrent Workers: 3
 Concurrent Refinement Workers: 10
 Periodic GC: Disabled
Heap:
 garbage-first heap   total 983040K, used 262393K [0x000001e8c2000000, 0x000005e8c2000000)
  region size 32768K, 3 young (98304K), 1 survivors (32768K)
 Metaspace       used 23000K, committed 23296K, reserved 1114112K
  class space    used 2333K, committed 2496K, reserved 1048576K
GC Heap History (20 events):
Event: 1.707 GC heap before
{Heap before GC invocations=0 (full 0):
 garbage-first heap   total 262144K, used 32768K [0x000001e8c2000000, 0x000005e8c2000000)
  region size 32768K, 1 young (32768K), 0 survivors (0K)
 Metaspace       used 16514K, committed 16768K, reserved 1114112K
  class space    used 1554K, committed 1664K, reserved 1048576K
}
Event: 1.720 GC heap after
{Heap after GC invocations=1 (full 0):
 garbage-first heap   total 262144K, used 6139K [0x000001e8c2000000, 0x000005e8c2000000)
  region size 32768K, 1 young (32768K), 1 survivors (32768K)
 Metaspace       used 16514K, committed 16768K, reserved 1114112K
  class space    used 1554K, committed 1664K, reserved 1048576K
}
Event: 1.856 GC heap before
{Heap before GC invocations=1 (full 0):
 garbage-first heap   total 262144K, used 6139K [0x000001e8c2000000, 0x000005e8c2000000)
  region size 32768K, 2 young (65536K), 1 survivors (32768K)
 Metaspace       used 16544K, committed 16768K, reserved 1114112K
  class space    used 1555K, committed 1664K, reserved 1048576K
}
Event: 1.864 GC heap after
{Heap after GC invocations=2 (full 0):
 garbage-first heap   total 262144K, used 15416K [0x000001e8c2000000, 0x000005e8c2000000)
  region size 32768K, 1 young (32768K), 1 survivors (32768K)
 Metaspace       used 16544K, committed 16768K, reserved 1114112K
  class space    used 1555K, committed 1664K, reserved 1048576K
}
Event: 2.152 GC heap before
{Heap before GC invocations=2 (full 0):
 garbage-first heap   total 262144K, used 48184K [0x000001e8c2000000, 0x000005e8c2000000)
  region size 32768K, 2 young (65536K), 1 survivors (32768K)
 Metaspace       used 16552K, committed 16768K, reserved 1114112K
  class space    used 1555K, committed 1664K, reserved 1048576K
}
Event: 2.163 GC heap after
{Heap after GC invocations=3 (full 0):
 garbage-first heap   total 262144K, used 31150K [0x000001e8c2000000, 0x000005e8c2000000)
  region size 32768K, 1 young (32768K), 1 survivors (32768K)
 Metaspace       used 16552K, committed 16768K, reserved 1114112K
  class space    used 1555K, committed 1664K, reserved 1048576K
}
Event: 2.193 GC heap before
{Heap before GC invocations=3 (full 0):
 garbage-first heap   total 262144K, used 31150K [0x000001e8c2000000, 0x000005e8c2000000)
  region size 32768K, 2 young (65536K), 1 survivors (32768K)
 Metaspace       used 16552K, committed 16768K, reserved 1114112K
  class space    used 1555K, committed 1664K, reserved 1048576K
}
Event: 2.207 GC heap after
{Heap after GC invocations=4 (full 0):
 garbage-first heap   total 262144K, used 47297K [0x000001e8c2000000, 0x000005e8c2000000)
  region size 32768K, 1 young (32768K), 1 survivors (32768K)
 Metaspace       used 16552K, committed 16768K, reserved 1114112K
  class space    used 1555K, committed 1664K, reserved 1048576K
}
Event: 2.431 GC heap before
{Heap before GC invocations=4 (full 0):
 garbage-first heap   total 262144K, used 80065K [0x000001e8c2000000, 0x000005e8c2000000)
  region size 32768K, 2 young (65536K), 1 survivors (32768K)
 Metaspace       used 16903K, committed 17152K, reserved 1114112K
  class space    used 1606K, committed 1728K, reserved 1048576K
}
Event: 2.446 GC heap after
{Heap after GC invocations=5 (full 0):
 garbage-first heap   total 262144K, used 106578K [0x000001e8c2000000, 0x000005e8c2000000)
  region size 32768K, 1 young (32768K), 1 survivors (32768K)
 Metaspace       used 16903K, committed 17152K, reserved 1114112K
  class space    used 1606K, committed 1728K, reserved 1048576K
}
Event: 2.496 GC heap before
{Heap before GC invocations=5 (full 0):
 garbage-first heap   total 262144K, used 106578K [0x000001e8c2000000, 0x000005e8c2000000)
  region size 32768K, 2 young (65536K), 1 survivors (32768K)
 Metaspace       used 16908K, committed 17152K, reserved 1114112K
  class space    used 1606K, committed 1728K, reserved 1048576K
}
Event: 2.507 GC heap after
{Heap after GC invocations=6 (full 0):
 garbage-first heap   total 524288K, used 140540K [0x000001e8c2000000, 0x000005e8c2000000)
  region size 32768K, 1 young (32768K), 1 survivors (32768K)
 Metaspace       used 16908K, committed 17152K, reserved 1114112K
  class space    used 1606K, committed 1728K, reserved 1048576K
}
Event: 2.789 GC heap before
{Heap before GC invocations=6 (full 0):
 garbage-first heap   total 524288K, used 173308K [0x000001e8c2000000, 0x000005e8c2000000)
  region size 32768K, 2 young (65536K), 1 survivors (32768K)
 Metaspace       used 17258K, committed 17536K, reserved 1114112K
  class space    used 1647K, committed 1792K, reserved 1048576K
}
Event: 2.801 GC heap after
{Heap after GC invocations=7 (full 0):
 garbage-first heap   total 524288K, used 152911K [0x000001e8c2000000, 0x000005e8c2000000)
  region size 32768K, 1 young (32768K), 1 survivors (32768K)
 Metaspace       used 17258K, committed 17536K, reserved 1114112K
  class space    used 1647K, committed 1792K, reserved 1048576K
}
Event: 3.242 GC heap before
{Heap before GC invocations=7 (full 0):
 garbage-first heap   total 524288K, used 185679K [0x000001e8c2000000, 0x000005e8c2000000)
  region size 32768K, 2 young (65536K), 1 survivors (32768K)
 Metaspace       used 17296K, committed 17600K, reserved 1114112K
  class space    used 1652K, committed 1792K, reserved 1048576K
}
Event: 3.263 GC heap after
{Heap after GC invocations=8 (full 0):
 garbage-first heap   total 524288K, used 193884K [0x000001e8c2000000, 0x000005e8c2000000)
  region size 32768K, 1 young (32768K), 1 survivors (32768K)
 Metaspace       used 17296K, committed 17600K, reserved 1114112K
  class space    used 1652K, committed 1792K, reserved 1048576K
}
Event: 3.720 GC heap before
{Heap before GC invocations=8 (full 0):
 garbage-first heap   total 524288K, used 226652K [0x000001e8c2000000, 0x000005e8c2000000)
  region size 32768K, 2 young (65536K), 1 survivors (32768K)
 Metaspace       used 18831K, committed 19072K, reserved 1114112K
  class space    used 1867K, committed 1984K, reserved 1048576K
}
Event: 3.736 GC heap after
{Heap after GC invocations=9 (full 0):
 garbage-first heap   total 524288K, used 226643K [0x000001e8c2000000, 0x000005e8c2000000)
  region size 32768K, 1 young (32768K), 1 survivors (32768K)
 Metaspace       used 18831K, committed 19072K, reserved 1114112K
  class space    used 1867K, committed 1984K, reserved 1048576K
}
Event: 4.857 GC heap before
{Heap before GC invocations=9 (full 0):
 garbage-first heap   total 524288K, used 226643K [0x000001e8c2000000, 0x000005e8c2000000)
  region size 32768K, 2 young (65536K), 1 survivors (32768K)
 Metaspace       used 21185K, committed 21504K, reserved 1114112K
  class space    used 2197K, committed 2368K, reserved 1048576K
}
Event: 4.868 GC heap after
{Heap after GC invocations=10 (full 0):
 garbage-first heap   total 1015808K, used 229625K [0x000001e8c2000000, 0x000005e8c2000000)
  region size 32768K, 1 young (32768K), 1 survivors (32768K)
 Metaspace       used 21185K, committed 21504K, reserved 1114112K
  class space    used 2197K, committed 2368K, reserved 1048576K
}

