# JRE version: OpenJDK Runtime Environment JBR-17.0.9+8-1166.2-jcef (17.0.9+8) (build 17.0.9+8-b1166.2)
# Java VM: OpenJDK 64-Bit Server VM JBR-17.0.9+8-1166.2-jcef (17.0.9+8-b1166.2, mixed mode, tiered, compressed class ptrs, g1 gc, windows-amd64)
GC Precious Log:
 CPUs: 12 total, 12 available
 Memory: 16254M
 Large Page Support: Disabled
 NUMA Support: Disabled
 Compressed Oops: Disabled
 Heap Region Size: 32M
 Heap Min Capacity: 32M
 Heap Initial Capacity: 256M
 Heap Max Capacity: 4096G
 Pre-touch: Disabled
 Parallel Workers: 10
 Concurrent Workers: 3
 Concurrent Refinement Workers: 10
 Periodic GC: Disabled
Heap:
 garbage-first heap   total 524288K, used 231508K [0x000002347e000000, 0x000006347e000000)
  region size 32768K, 2 young (65536K), 1 survivors (32768K)
 Metaspace       used 21284K, committed 21568K, reserved 1114112K
  class space    used 2179K, committed 2304K, reserved 1048576K
GC Heap History (18 events):
Event: 1.090 GC heap before
{Heap before GC invocations=0 (full 0):
 garbage-first heap   total 262144K, used 0K [0x000002347e000000, 0x000006347e000000)
  region size 32768K, 1 young (32768K), 0 survivors (0K)
 Metaspace       used 16481K, committed 16704K, reserved 1114112K
  class space    used 1553K, committed 1664K, reserved 1048576K
}
Event: 1.101 GC heap after
{Heap after GC invocations=1 (full 0):
 garbage-first heap   total 262144K, used 6103K [0x000002347e000000, 0x000006347e000000)
  region size 32768K, 1 young (32768K), 1 survivors (32768K)
 Metaspace       used 16481K, committed 16704K, reserved 1114112K
  class space    used 1553K, committed 1664K, reserved 1048576K
}
Event: 1.204 GC heap before
{Heap before GC invocations=1 (full 0):
 garbage-first heap   total 262144K, used 6103K [0x000002347e000000, 0x000006347e000000)
  region size 32768K, 2 young (65536K), 1 survivors (32768K)
 Metaspace       used 16503K, committed 16768K, reserved 1114112K
  class space    used 1553K, committed 1664K, reserved 1048576K
}
Event: 1.211 GC heap after
{Heap after GC invocations=2 (full 0):
 garbage-first heap   total 262144K, used 15488K [0x000002347e000000, 0x000006347e000000)
  region size 32768K, 1 young (32768K), 1 survivors (32768K)
 Metaspace       used 16503K, committed 16768K, reserved 1114112K
  class space    used 1553K, committed 1664K, reserved 1048576K
}
Event: 1.482 GC heap before
{Heap before GC invocations=2 (full 0):
 garbage-first heap   total 262144K, used 48256K [0x000002347e000000, 0x000006347e000000)
  region size 32768K, 2 young (65536K), 1 survivors (32768K)
 Metaspace       used 16511K, committed 16768K, reserved 1114112K
  class space    used 1553K, committed 1664K, reserved 1048576K
}
Event: 1.491 GC heap after
{Heap after GC invocations=3 (full 0):
 garbage-first heap   total 262144K, used 31170K [0x000002347e000000, 0x000006347e000000)
  region size 32768K, 1 young (32768K), 1 survivors (32768K)
 Metaspace       used 16511K, committed 16768K, reserved 1114112K
  class space    used 1553K, committed 1664K, reserved 1048576K
}
Event: 1.518 GC heap before
{Heap before GC invocations=3 (full 0):
 garbage-first heap   total 262144K, used 31170K [0x000002347e000000, 0x000006347e000000)
  region size 32768K, 2 young (65536K), 1 survivors (32768K)
 Metaspace       used 16511K, committed 16768K, reserved 1114112K
  class space    used 1553K, committed 1664K, reserved 1048576K
}
Event: 1.530 GC heap after
{Heap after GC invocations=4 (full 0):
 garbage-first heap   total 262144K, used 47282K [0x000002347e000000, 0x000006347e000000)
  region size 32768K, 1 young (32768K), 1 survivors (32768K)
 Metaspace       used 16511K, committed 16768K, reserved 1114112K
  class space    used 1553K, committed 1664K, reserved 1048576K
}
Event: 1.682 GC heap before
{Heap before GC invocations=4 (full 0):
 garbage-first heap   total 262144K, used 80050K [0x000002347e000000, 0x000006347e000000)
  region size 32768K, 2 young (65536K), 1 survivors (32768K)
 Metaspace       used 16863K, committed 17088K, reserved 1114112K
  class space    used 1604K, committed 1728K, reserved 1048576K
}
Event: 1.692 GC heap after
{Heap after GC invocations=5 (full 0):
 garbage-first heap   total 262144K, used 106648K [0x000002347e000000, 0x000006347e000000)
  region size 32768K, 1 young (32768K), 1 survivors (32768K)
 Metaspace       used 16863K, committed 17088K, reserved 1114112K
  class space    used 1604K, committed 1728K, reserved 1048576K
}
Event: 1.712 GC heap before
{Heap before GC invocations=5 (full 0):
 garbage-first heap   total 262144K, used 106648K [0x000002347e000000, 0x000006347e000000)
  region size 32768K, 2 young (65536K), 1 survivors (32768K)
 Metaspace       used 16866K, committed 17088K, reserved 1114112K
  class space    used 1604K, committed 1728K, reserved 1048576K
}
Event: 1.723 GC heap after
{Heap after GC invocations=6 (full 0):
 garbage-first heap   total 524288K, used 146842K [0x000002347e000000, 0x000006347e000000)
  region size 32768K, 1 young (32768K), 1 survivors (32768K)
 Metaspace       used 16866K, committed 17088K, reserved 1114112K
  class space    used 1604K, committed 1728K, reserved 1048576K
}
Event: 1.962 GC heap before
{Heap before GC invocations=6 (full 0):
 garbage-first heap   total 524288K, used 179610K [0x000002347e000000, 0x000006347e000000)
  region size 32768K, 2 young (65536K), 1 survivors (32768K)
 Metaspace       used 16947K, committed 17216K, reserved 1114112K
  class space    used 1617K, committed 1728K, reserved 1048576K
}
Event: 1.977 GC heap after
{Heap after GC invocations=7 (full 0):
 garbage-first heap   total 524288K, used 171787K [0x000002347e000000, 0x000006347e000000)
  region size 32768K, 1 young (32768K), 1 survivors (32768K)
 Metaspace       used 16947K, committed 17216K, reserved 1114112K
  class space    used 1617K, committed 1728K, reserved 1048576K
}
Event: 2.286 GC heap before
{Heap before GC invocations=7 (full 0):
 garbage-first heap   total 524288K, used 204555K [0x000002347e000000, 0x000006347e000000)
  region size 32768K, 2 young (65536K), 1 survivors (32768K)
 Metaspace       used 16976K, committed 17216K, reserved 1114112K
  class space    used 1622K, committed 1728K, reserved 1048576K
}
Event: 2.303 GC heap after
{Heap after GC invocations=8 (full 0):
 garbage-first heap   total 524288K, used 212675K [0x000002347e000000, 0x000006347e000000)
  region size 32768K, 1 young (32768K), 1 survivors (32768K)
 Metaspace       used 16976K, committed 17216K, reserved 1114112K
  class space    used 1622K, committed 1728K, reserved 1048576K
}
Event: 6.094 GC heap before
{Heap before GC invocations=8 (full 0):
 garbage-first heap   total 524288K, used 212675K [0x000002347e000000, 0x000006347e000000)
  region size 32768K, 2 young (65536K), 1 survivors (32768K)
 Metaspace       used 21267K, committed 21504K, reserved 1114112K
  class space    used 2178K, committed 2304K, reserved 1048576K
}
Event: 6.108 GC heap after
{Heap after GC invocations=9 (full 0):
 garbage-first heap   total 524288K, used 231508K [0x000002347e000000, 0x000006347e000000)
  region size 32768K, 1 young (32768K), 1 survivors (32768K)
 Metaspace       used 21267K, committed 21504K, reserved 1114112K
  class space    used 2178K, committed 2304K, reserved 1048576K
}

