# JRE version: OpenJDK Runtime Environment JBR-17.0.9+8-1166.2-jcef (17.0.9+8) (build 17.0.9+8-b1166.2)
# Java VM: OpenJDK 64-Bit Server VM JBR-17.0.9+8-1166.2-jcef (17.0.9+8-b1166.2, mixed mode, tiered, compressed class ptrs, g1 gc, windows-amd64)
GC Precious Log:
 CPUs: 12 total, 12 available
 Memory: 16254M
 Large Page Support: Disabled
 NUMA Support: Disabled
 Compressed Oops: Disabled
 Heap Region Size: 32M
 Heap Min Capacity: 32M
 Heap Initial Capacity: 256M
 Heap Max Capacity: 4096G
 Pre-touch: Disabled
 Parallel Workers: 10
 Concurrent Workers: 3
 Concurrent Refinement Workers: 10
 Periodic GC: Disabled
Heap:
 garbage-first heap   total 524288K, used 229296K [0x000002aec4000000, 0x000006aec4000000)
  region size 32768K, 2 young (65536K), 1 survivors (32768K)
 Metaspace       used 21509K, committed 21824K, reserved 1114112K
  class space    used 2198K, committed 2368K, reserved 1048576K
GC Heap History (18 events):
Event: 1.011 GC heap before
{Heap before GC invocations=0 (full 0):
 garbage-first heap   total 262144K, used 0K [0x000002aec4000000, 0x000006aec4000000)
  region size 32768K, 1 young (32768K), 0 survivors (0K)
 Metaspace       used 15917K, committed 16192K, reserved 1114112K
  class space    used 1495K, committed 1600K, reserved 1048576K
}
Event: 1.023 GC heap after
{Heap after GC invocations=1 (full 0):
 garbage-first heap   total 262144K, used 6029K [0x000002aec4000000, 0x000006aec4000000)
  region size 32768K, 1 young (32768K), 1 survivors (32768K)
 Metaspace       used 15917K, committed 16192K, reserved 1114112K
  class space    used 1495K, committed 1600K, reserved 1048576K
}
Event: 1.179 GC heap before
{Heap before GC invocations=1 (full 0):
 garbage-first heap   total 262144K, used 38797K [0x000002aec4000000, 0x000006aec4000000)
  region size 32768K, 2 young (65536K), 1 survivors (32768K)
 Metaspace       used 16578K, committed 16832K, reserved 1114112K
  class space    used 1556K, committed 1664K, reserved 1048576K
}
Event: 1.187 GC heap after
{Heap after GC invocations=2 (full 0):
 garbage-first heap   total 262144K, used 15552K [0x000002aec4000000, 0x000006aec4000000)
  region size 32768K, 1 young (32768K), 1 survivors (32768K)
 Metaspace       used 16578K, committed 16832K, reserved 1114112K
  class space    used 1556K, committed 1664K, reserved 1048576K
}
Event: 1.476 GC heap before
{Heap before GC invocations=2 (full 0):
 garbage-first heap   total 262144K, used 48320K [0x000002aec4000000, 0x000006aec4000000)
  region size 32768K, 2 young (65536K), 1 survivors (32768K)
 Metaspace       used 16587K, committed 16832K, reserved 1114112K
  class space    used 1556K, committed 1664K, reserved 1048576K
}
Event: 1.486 GC heap after
{Heap after GC invocations=3 (full 0):
 garbage-first heap   total 262144K, used 31340K [0x000002aec4000000, 0x000006aec4000000)
  region size 32768K, 1 young (32768K), 1 survivors (32768K)
 Metaspace       used 16587K, committed 16832K, reserved 1114112K
  class space    used 1556K, committed 1664K, reserved 1048576K
}
Event: 1.515 GC heap before
{Heap before GC invocations=3 (full 0):
 garbage-first heap   total 262144K, used 31340K [0x000002aec4000000, 0x000006aec4000000)
  region size 32768K, 2 young (65536K), 1 survivors (32768K)
 Metaspace       used 16587K, committed 16832K, reserved 1114112K
  class space    used 1556K, committed 1664K, reserved 1048576K
}
Event: 1.526 GC heap after
{Heap after GC invocations=4 (full 0):
 garbage-first heap   total 262144K, used 47425K [0x000002aec4000000, 0x000006aec4000000)
  region size 32768K, 1 young (32768K), 1 survivors (32768K)
 Metaspace       used 16587K, committed 16832K, reserved 1114112K
  class space    used 1556K, committed 1664K, reserved 1048576K
}
Event: 1.683 GC heap before
{Heap before GC invocations=4 (full 0):
 garbage-first heap   total 262144K, used 80193K [0x000002aec4000000, 0x000006aec4000000)
  region size 32768K, 2 young (65536K), 1 survivors (32768K)
 Metaspace       used 16939K, committed 17216K, reserved 1114112K
  class space    used 1608K, committed 1728K, reserved 1048576K
}
Event: 1.696 GC heap after
{Heap after GC invocations=5 (full 0):
 garbage-first heap   total 524288K, used 106719K [0x000002aec4000000, 0x000006aec4000000)
  region size 32768K, 1 young (32768K), 1 survivors (32768K)
 Metaspace       used 16939K, committed 17216K, reserved 1114112K
  class space    used 1608K, committed 1728K, reserved 1048576K
}
Event: 1.726 GC heap before
{Heap before GC invocations=5 (full 0):
 garbage-first heap   total 524288K, used 106719K [0x000002aec4000000, 0x000006aec4000000)
  region size 32768K, 2 young (65536K), 1 survivors (32768K)
 Metaspace       used 16942K, committed 17216K, reserved 1114112K
  class space    used 1608K, committed 1728K, reserved 1048576K
}
Event: 1.739 GC heap after
{Heap after GC invocations=6 (full 0):
 garbage-first heap   total 524288K, used 140295K [0x000002aec4000000, 0x000006aec4000000)
  region size 32768K, 1 young (32768K), 1 survivors (32768K)
 Metaspace       used 16942K, committed 17216K, reserved 1114112K
  class space    used 1608K, committed 1728K, reserved 1048576K
}
Event: 1.934 GC heap before
{Heap before GC invocations=6 (full 0):
 garbage-first heap   total 524288K, used 173063K [0x000002aec4000000, 0x000006aec4000000)
  region size 32768K, 2 young (65536K), 1 survivors (32768K)
 Metaspace       used 17404K, committed 17600K, reserved 1114112K
  class space    used 1666K, committed 1728K, reserved 1048576K
}
Event: 1.945 GC heap after
{Heap after GC invocations=7 (full 0):
 garbage-first heap   total 524288K, used 160776K [0x000002aec4000000, 0x000006aec4000000)
  region size 32768K, 1 young (32768K), 1 survivors (32768K)
 Metaspace       used 17404K, committed 17600K, reserved 1114112K
  class space    used 1666K, committed 1728K, reserved 1048576K
}
Event: 4.955 GC heap before
{Heap before GC invocations=7 (full 0):
 garbage-first heap   total 524288K, used 226312K [0x000002aec4000000, 0x000006aec4000000)
  region size 32768K, 3 young (98304K), 1 survivors (32768K)
 Metaspace       used 19947K, committed 20224K, reserved 1114112K
  class space    used 2041K, committed 2176K, reserved 1048576K
}
Event: 4.980 GC heap after
{Heap after GC invocations=8 (full 0):
 garbage-first heap   total 524288K, used 223638K [0x000002aec4000000, 0x000006aec4000000)
  region size 32768K, 1 young (32768K), 1 survivors (32768K)
 Metaspace       used 19947K, committed 20224K, reserved 1114112K
  class space    used 2041K, committed 2176K, reserved 1048576K
}
Event: 7.077 GC heap before
{Heap before GC invocations=8 (full 0):
 garbage-first heap   total 524288K, used 223638K [0x000002aec4000000, 0x000006aec4000000)
  region size 32768K, 2 young (65536K), 1 survivors (32768K)
 Metaspace       used 21256K, committed 21504K, reserved 1114112K
  class space    used 2180K, committed 2304K, reserved 1048576K
}
Event: 7.088 GC heap after
{Heap after GC invocations=9 (full 0):
 garbage-first heap   total 524288K, used 229296K [0x000002aec4000000, 0x000006aec4000000)
  region size 32768K, 1 young (32768K), 1 survivors (32768K)
 Metaspace       used 21256K, committed 21504K, reserved 1114112K
  class space    used 2180K, committed 2304K, reserved 1048576K
}

