# JRE version: OpenJDK Runtime Environment JBR-17.0.9+8-1166.2-jcef (17.0.9+8) (build 17.0.9+8-b1166.2)
# Java VM: OpenJDK 64-Bit Server VM JBR-17.0.9+8-1166.2-jcef (17.0.9+8-b1166.2, mixed mode, tiered, compressed class ptrs, g1 gc, windows-amd64)
GC Precious Log:
 CPUs: 12 total, 12 available
 Memory: 16254M
 Large Page Support: Disabled
 NUMA Support: Disabled
 Compressed Oops: Disabled
 Heap Region Size: 32M
 Heap Min Capacity: 32M
 Heap Initial Capacity: 256M
 Heap Max Capacity: 4096G
 Pre-touch: Disabled
 Parallel Workers: 10
 Concurrent Workers: 3
 Concurrent Refinement Workers: 10
 Periodic GC: Disabled
Heap:
 garbage-first heap   total 1048576K, used 264692K [0x000002d6f4000000, 0x000006d6f4000000)
  region size 32768K, 2 young (65536K), 1 survivors (32768K)
 Metaspace       used 22106K, committed 22400K, reserved 1114112K
  class space    used 2268K, committed 2432K, reserved 1048576K
GC Heap History (20 events):
Event: 1.029 GC heap before
{Heap before GC invocations=0 (full 0):
 garbage-first heap   total 262144K, used 0K [0x000002d6f4000000, 0x000006d6f4000000)
  region size 32768K, 1 young (32768K), 0 survivors (0K)
 Metaspace       used 15920K, committed 16192K, reserved 1114112K
  class space    used 1495K, committed 1600K, reserved 1048576K
}
Event: 1.047 GC heap after
{Heap after GC invocations=1 (full 0):
 garbage-first heap   total 262144K, used 6058K [0x000002d6f4000000, 0x000006d6f4000000)
  region size 32768K, 1 young (32768K), 1 survivors (32768K)
 Metaspace       used 15920K, committed 16192K, reserved 1114112K
  class space    used 1495K, committed 1600K, reserved 1048576K
}
Event: 1.226 GC heap before
{Heap before GC invocations=1 (full 0):
 garbage-first heap   total 262144K, used 38826K [0x000002d6f4000000, 0x000006d6f4000000)
  region size 32768K, 2 young (65536K), 1 survivors (32768K)
 Metaspace       used 16581K, committed 16832K, reserved 1114112K
  class space    used 1556K, committed 1664K, reserved 1048576K
}
Event: 1.235 GC heap after
{Heap after GC invocations=2 (full 0):
 garbage-first heap   total 262144K, used 15454K [0x000002d6f4000000, 0x000006d6f4000000)
  region size 32768K, 1 young (32768K), 1 survivors (32768K)
 Metaspace       used 16581K, committed 16832K, reserved 1114112K
  class space    used 1556K, committed 1664K, reserved 1048576K
}
Event: 1.575 GC heap before
{Heap before GC invocations=2 (full 0):
 garbage-first heap   total 262144K, used 48222K [0x000002d6f4000000, 0x000006d6f4000000)
  region size 32768K, 2 young (65536K), 1 survivors (32768K)
 Metaspace       used 16590K, committed 16832K, reserved 1114112K
  class space    used 1556K, committed 1664K, reserved 1048576K
}
Event: 1.588 GC heap after
{Heap after GC invocations=3 (full 0):
 garbage-first heap   total 262144K, used 31261K [0x000002d6f4000000, 0x000006d6f4000000)
  region size 32768K, 1 young (32768K), 1 survivors (32768K)
 Metaspace       used 16590K, committed 16832K, reserved 1114112K
  class space    used 1556K, committed 1664K, reserved 1048576K
}
Event: 1.617 GC heap before
{Heap before GC invocations=3 (full 0):
 garbage-first heap   total 262144K, used 31261K [0x000002d6f4000000, 0x000006d6f4000000)
  region size 32768K, 2 young (65536K), 1 survivors (32768K)
 Metaspace       used 16590K, committed 16832K, reserved 1114112K
  class space    used 1556K, committed 1664K, reserved 1048576K
}
Event: 1.630 GC heap after
{Heap after GC invocations=4 (full 0):
 garbage-first heap   total 262144K, used 47423K [0x000002d6f4000000, 0x000006d6f4000000)
  region size 32768K, 1 young (32768K), 1 survivors (32768K)
 Metaspace       used 16590K, committed 16832K, reserved 1114112K
  class space    used 1556K, committed 1664K, reserved 1048576K
}
Event: 1.793 GC heap before
{Heap before GC invocations=4 (full 0):
 garbage-first heap   total 262144K, used 80191K [0x000002d6f4000000, 0x000006d6f4000000)
  region size 32768K, 2 young (65536K), 1 survivors (32768K)
 Metaspace       used 16941K, committed 17216K, reserved 1114112K
  class space    used 1608K, committed 1728K, reserved 1048576K
}
Event: 1.806 GC heap after
{Heap after GC invocations=5 (full 0):
 garbage-first heap   total 524288K, used 106473K [0x000002d6f4000000, 0x000006d6f4000000)
  region size 32768K, 1 young (32768K), 1 survivors (32768K)
 Metaspace       used 16941K, committed 17216K, reserved 1114112K
  class space    used 1608K, committed 1728K, reserved 1048576K
}
Event: 1.839 GC heap before
{Heap before GC invocations=5 (full 0):
 garbage-first heap   total 524288K, used 106473K [0x000002d6f4000000, 0x000006d6f4000000)
  region size 32768K, 2 young (65536K), 1 survivors (32768K)
 Metaspace       used 16944K, committed 17216K, reserved 1114112K
  class space    used 1608K, committed 1728K, reserved 1048576K
}
Event: 1.853 GC heap after
{Heap after GC invocations=6 (full 0):
 garbage-first heap   total 524288K, used 179610K [0x000002d6f4000000, 0x000006d6f4000000)
  region size 32768K, 1 young (32768K), 1 survivors (32768K)
 Metaspace       used 16944K, committed 17216K, reserved 1114112K
  class space    used 1608K, committed 1728K, reserved 1048576K
}
Event: 2.045 GC heap before
{Heap before GC invocations=6 (full 0):
 garbage-first heap   total 524288K, used 212378K [0x000002d6f4000000, 0x000006d6f4000000)
  region size 32768K, 2 young (65536K), 1 survivors (32768K)
 Metaspace       used 17399K, committed 17600K, reserved 1114112K
  class space    used 1666K, committed 1728K, reserved 1048576K
}
Event: 2.057 GC heap after
{Heap after GC invocations=7 (full 0):
 garbage-first heap   total 524288K, used 191895K [0x000002d6f4000000, 0x000006d6f4000000)
  region size 32768K, 1 young (32768K), 1 survivors (32768K)
 Metaspace       used 17399K, committed 17600K, reserved 1114112K
  class space    used 1666K, committed 1728K, reserved 1048576K
}
Event: 3.541 GC heap before
{Heap before GC invocations=7 (full 0):
 garbage-first heap   total 524288K, used 224663K [0x000002d6f4000000, 0x000006d6f4000000)
  region size 32768K, 2 young (65536K), 1 survivors (32768K)
 Metaspace       used 17431K, committed 17664K, reserved 1114112K
  class space    used 1671K, committed 1728K, reserved 1048576K
}
Event: 3.556 GC heap after
{Heap after GC invocations=8 (full 0):
 garbage-first heap   total 524288K, used 228090K [0x000002d6f4000000, 0x000006d6f4000000)
  region size 32768K, 1 young (32768K), 1 survivors (32768K)
 Metaspace       used 17431K, committed 17664K, reserved 1114112K
  class space    used 1671K, committed 1728K, reserved 1048576K
}
Event: 4.936 GC heap before
{Heap before GC invocations=8 (full 0):
 garbage-first heap   total 524288K, used 260858K [0x000002d6f4000000, 0x000006d6f4000000)
  region size 32768K, 2 young (65536K), 1 survivors (32768K)
 Metaspace       used 19964K, committed 20288K, reserved 1114112K
  class space    used 2041K, committed 2176K, reserved 1048576K
}
Event: 4.953 GC heap after
{Heap after GC invocations=9 (full 0):
 garbage-first heap   total 524288K, used 260269K [0x000002d6f4000000, 0x000006d6f4000000)
  region size 32768K, 1 young (32768K), 1 survivors (32768K)
 Metaspace       used 19964K, committed 20288K, reserved 1114112K
  class space    used 2041K, committed 2176K, reserved 1048576K
}
Event: 6.031 GC heap before
{Heap before GC invocations=9 (full 0):
 garbage-first heap   total 524288K, used 260269K [0x000002d6f4000000, 0x000006d6f4000000)
  region size 32768K, 2 young (65536K), 1 survivors (32768K)
 Metaspace       used 21229K, committed 21504K, reserved 1114112K
  class space    used 2186K, committed 2304K, reserved 1048576K
}
Event: 6.041 GC heap after
{Heap after GC invocations=10 (full 0):
 garbage-first heap   total 1048576K, used 264692K [0x000002d6f4000000, 0x000006d6f4000000)
  region size 32768K, 1 young (32768K), 1 survivors (32768K)
 Metaspace       used 21229K, committed 21504K, reserved 1114112K
  class space    used 2186K, committed 2304K, reserved 1048576K
}

