# JRE version: OpenJDK Runtime Environment JBR-17.0.9+8-1166.2-jcef (17.0.9+8) (build 17.0.9+8-b1166.2)
# Java VM: OpenJDK 64-Bit Server VM JBR-17.0.9+8-1166.2-jcef (17.0.9+8-b1166.2, mixed mode, tiered, compressed class ptrs, g1 gc, windows-amd64)
GC Precious Log:
 CPUs: 12 total, 12 available
 Memory: 16254M
 Large Page Support: Disabled
 NUMA Support: Disabled
 Compressed Oops: Disabled
 Heap Region Size: 32M
 Heap Min Capacity: 32M
 Heap Initial Capacity: 256M
 Heap Max Capacity: 4096G
 Pre-touch: Disabled
 Parallel Workers: 10
 Concurrent Workers: 3
 Concurrent Refinement Workers: 10
 Periodic GC: Disabled
Heap:
 garbage-first heap   total 491520K, used 250548K [0x000001cc64000000, 0x000005cc64000000)
  region size 32768K, 2 young (65536K), 1 survivors (32768K)
 Metaspace       used 21541K, committed 21824K, reserved 1114112K
  class space    used 2199K, committed 2368K, reserved 1048576K
GC Heap History (14 events):
Event: 1.101 GC heap before
{Heap before GC invocations=0 (full 0):
 garbage-first heap   total 262144K, used 98304K [0x000001cc64000000, 0x000005cc64000000)
  region size 32768K, 1 young (32768K), 0 survivors (0K)
 Metaspace       used 16493K, committed 16768K, reserved 1114112K
  class space    used 1553K, committed 1664K, reserved 1048576K
}
Event: 1.113 GC heap after
{Heap after GC invocations=1 (full 0):
 garbage-first heap   total 262144K, used 69710K [0x000001cc64000000, 0x000005cc64000000)
  region size 32768K, 1 young (32768K), 1 survivors (32768K)
 Metaspace       used 16493K, committed 16768K, reserved 1114112K
  class space    used 1553K, committed 1664K, reserved 1048576K
}
Event: 1.225 GC heap before
{Heap before GC invocations=1 (full 0):
 garbage-first heap   total 262144K, used 102478K [0x000001cc64000000, 0x000005cc64000000)
  region size 32768K, 2 young (65536K), 1 survivors (32768K)
 Metaspace       used 16500K, committed 16768K, reserved 1114112K
  class space    used 1553K, committed 1664K, reserved 1048576K
}
Event: 1.229 GC heap after
{Heap after GC invocations=2 (full 0):
 garbage-first heap   total 262144K, used 69899K [0x000001cc64000000, 0x000005cc64000000)
  region size 32768K, 1 young (32768K), 1 survivors (32768K)
 Metaspace       used 16500K, committed 16768K, reserved 1114112K
  class space    used 1553K, committed 1664K, reserved 1048576K
}
Event: 1.311 GC heap before
{Heap before GC invocations=2 (full 0):
 garbage-first heap   total 262144K, used 69899K [0x000001cc64000000, 0x000005cc64000000)
  region size 32768K, 2 young (65536K), 1 survivors (32768K)
 Metaspace       used 16500K, committed 16768K, reserved 1114112K
  class space    used 1553K, committed 1664K, reserved 1048576K
}
Event: 1.317 GC heap after
{Heap after GC invocations=3 (full 0):
 garbage-first heap   total 262144K, used 69683K [0x000001cc64000000, 0x000005cc64000000)
  region size 32768K, 1 young (32768K), 1 survivors (32768K)
 Metaspace       used 16500K, committed 16768K, reserved 1114112K
  class space    used 1553K, committed 1664K, reserved 1048576K
}
Event: 1.348 GC heap before
{Heap before GC invocations=3 (full 0):
 garbage-first heap   total 262144K, used 135219K [0x000001cc64000000, 0x000005cc64000000)
  region size 32768K, 2 young (65536K), 1 survivors (32768K)
 Metaspace       used 16500K, committed 16768K, reserved 1114112K
  class space    used 1553K, committed 1664K, reserved 1048576K
}
Event: 1.352 GC heap after
{Heap after GC invocations=4 (full 0):
 garbage-first heap   total 262144K, used 135304K [0x000001cc64000000, 0x000005cc64000000)
  region size 32768K, 1 young (32768K), 1 survivors (32768K)
 Metaspace       used 16500K, committed 16768K, reserved 1114112K
  class space    used 1553K, committed 1664K, reserved 1048576K
}
Event: 1.523 GC heap before
{Heap before GC invocations=5 (full 0):
 garbage-first heap   total 393216K, used 200840K [0x000001cc64000000, 0x000005cc64000000)
  region size 32768K, 2 young (65536K), 1 survivors (32768K)
 Metaspace       used 16500K, committed 16768K, reserved 1114112K
  class space    used 1553K, committed 1664K, reserved 1048576K
}
Event: 1.528 GC heap after
{Heap after GC invocations=6 (full 0):
 garbage-first heap   total 393216K, used 211035K [0x000001cc64000000, 0x000005cc64000000)
  region size 32768K, 1 young (32768K), 1 survivors (32768K)
 Metaspace       used 16500K, committed 16768K, reserved 1114112K
  class space    used 1553K, committed 1664K, reserved 1048576K
}
Event: 1.595 GC heap before
{Heap before GC invocations=6 (full 0):
 garbage-first heap   total 393216K, used 211035K [0x000001cc64000000, 0x000005cc64000000)
  region size 32768K, 2 young (65536K), 1 survivors (32768K)
 Metaspace       used 16517K, committed 16768K, reserved 1114112K
  class space    used 1556K, committed 1664K, reserved 1048576K
}
Event: 1.602 GC heap after
{Heap after GC invocations=7 (full 0):
 garbage-first heap   total 557056K, used 85171K [0x000001cc64000000, 0x000005cc64000000)
  region size 32768K, 1 young (32768K), 1 survivors (32768K)
 Metaspace       used 16517K, committed 16768K, reserved 1114112K
  class space    used 1556K, committed 1664K, reserved 1048576K
}
Event: 5.045 GC heap before
{Heap before GC invocations=8 (full 0):
 garbage-first heap   total 458752K, used 281779K [0x000001cc64000000, 0x000005cc64000000)
  region size 32768K, 7 young (229376K), 1 survivors (32768K)
 Metaspace       used 17364K, committed 17600K, reserved 1114112K
  class space    used 1670K, committed 1728K, reserved 1048576K
}
Event: 5.079 GC heap after
{Heap after GC invocations=9 (full 0):
 garbage-first heap   total 491520K, used 250548K [0x000001cc64000000, 0x000005cc64000000)
  region size 32768K, 1 young (32768K), 1 survivors (32768K)
 Metaspace       used 17364K, committed 17600K, reserved 1114112K
  class space    used 1670K, committed 1728K, reserved 1048576K
}

