# JRE version: OpenJDK Runtime Environment JBR-17.0.9+8-1166.2-jcef (17.0.9+8) (build 17.0.9+8-b1166.2)
# Java VM: OpenJDK 64-Bit Server VM JBR-17.0.9+8-1166.2-jcef (17.0.9+8-b1166.2, mixed mode, tiered, compressed class ptrs, g1 gc, windows-amd64)
GC Precious Log:
 CPUs: 12 total, 12 available
 Memory: 16254M
 Large Page Support: Disabled
 NUMA Support: Disabled
 Compressed Oops: Disabled
 Heap Region Size: 32M
 Heap Min Capacity: 32M
 Heap Initial Capacity: 256M
 Heap Max Capacity: 4096G
 Pre-touch: Disabled
 Parallel Workers: 10
 Concurrent Workers: 3
 Concurrent Refinement Workers: 10
 Periodic GC: Disabled
Heap:
 garbage-first heap   total 557056K, used 249907K [0x000002201a000000, 0x000006201a000000)
  region size 32768K, 2 young (65536K), 1 survivors (32768K)
 Metaspace       used 23289K, committed 23552K, reserved 1114112K
  class space    used 2373K, committed 2496K, reserved 1048576K
GC Heap History (20 events):
Event: 1.152 GC heap before
{Heap before GC invocations=0 (full 0):
 garbage-first heap   total 262144K, used 0K [0x000002201a000000, 0x000006201a000000)
  region size 32768K, 1 young (32768K), 0 survivors (0K)
 Metaspace       used 16502K, committed 16704K, reserved 1114112K
  class space    used 1554K, committed 1664K, reserved 1048576K
}
Event: 1.162 GC heap after
{Heap after GC invocations=1 (full 0):
 garbage-first heap   total 262144K, used 6075K [0x000002201a000000, 0x000006201a000000)
  region size 32768K, 1 young (32768K), 1 survivors (32768K)
 Metaspace       used 16502K, committed 16704K, reserved 1114112K
  class space    used 1554K, committed 1664K, reserved 1048576K
}
Event: 1.306 GC heap before
{Heap before GC invocations=1 (full 0):
 garbage-first heap   total 262144K, used 38843K [0x000002201a000000, 0x000006201a000000)
  region size 32768K, 2 young (65536K), 1 survivors (32768K)
 Metaspace       used 16576K, committed 16832K, reserved 1114112K
  class space    used 1557K, committed 1664K, reserved 1048576K
}
Event: 1.314 GC heap after
{Heap after GC invocations=2 (full 0):
 garbage-first heap   total 262144K, used 15488K [0x000002201a000000, 0x000006201a000000)
  region size 32768K, 1 young (32768K), 1 survivors (32768K)
 Metaspace       used 16576K, committed 16832K, reserved 1114112K
  class space    used 1557K, committed 1664K, reserved 1048576K
}
Event: 1.643 GC heap before
{Heap before GC invocations=2 (full 0):
 garbage-first heap   total 262144K, used 48256K [0x000002201a000000, 0x000006201a000000)
  region size 32768K, 2 young (65536K), 1 survivors (32768K)
 Metaspace       used 16585K, committed 16832K, reserved 1114112K
  class space    used 1557K, committed 1664K, reserved 1048576K
}
Event: 1.662 GC heap after
{Heap after GC invocations=3 (full 0):
 garbage-first heap   total 262144K, used 31252K [0x000002201a000000, 0x000006201a000000)
  region size 32768K, 1 young (32768K), 1 survivors (32768K)
 Metaspace       used 16585K, committed 16832K, reserved 1114112K
  class space    used 1557K, committed 1664K, reserved 1048576K
}
Event: 1.694 GC heap before
{Heap before GC invocations=3 (full 0):
 garbage-first heap   total 262144K, used 31252K [0x000002201a000000, 0x000006201a000000)
  region size 32768K, 2 young (65536K), 1 survivors (32768K)
 Metaspace       used 16585K, committed 16832K, reserved 1114112K
  class space    used 1557K, committed 1664K, reserved 1048576K
}
Event: 1.714 GC heap after
{Heap after GC invocations=4 (full 0):
 garbage-first heap   total 262144K, used 47313K [0x000002201a000000, 0x000006201a000000)
  region size 32768K, 1 young (32768K), 1 survivors (32768K)
 Metaspace       used 16585K, committed 16832K, reserved 1114112K
  class space    used 1557K, committed 1664K, reserved 1048576K
}
Event: 1.933 GC heap before
{Heap before GC invocations=4 (full 0):
 garbage-first heap   total 262144K, used 80081K [0x000002201a000000, 0x000006201a000000)
  region size 32768K, 2 young (65536K), 1 survivors (32768K)
 Metaspace       used 16936K, committed 17152K, reserved 1114112K
  class space    used 1608K, committed 1728K, reserved 1048576K
}
Event: 1.947 GC heap after
{Heap after GC invocations=5 (full 0):
 garbage-first heap   total 262144K, used 129845K [0x000002201a000000, 0x000006201a000000)
  region size 32768K, 1 young (32768K), 1 survivors (32768K)
 Metaspace       used 16936K, committed 17152K, reserved 1114112K
  class space    used 1608K, committed 1728K, reserved 1048576K
}
Event: 1.974 GC heap before
{Heap before GC invocations=5 (full 0):
 garbage-first heap   total 262144K, used 129845K [0x000002201a000000, 0x000006201a000000)
  region size 32768K, 2 young (65536K), 1 survivors (32768K)
 Metaspace       used 16940K, committed 17152K, reserved 1114112K
  class space    used 1608K, committed 1728K, reserved 1048576K
}
Event: 1.988 GC heap after
{Heap after GC invocations=6 (full 0):
 garbage-first heap   total 557056K, used 156120K [0x000002201a000000, 0x000006201a000000)
  region size 32768K, 1 young (32768K), 1 survivors (32768K)
 Metaspace       used 16940K, committed 17152K, reserved 1114112K
  class space    used 1608K, committed 1728K, reserved 1048576K
}
Event: 2.156 GC heap before
{Heap before GC invocations=6 (full 0):
 garbage-first heap   total 557056K, used 188888K [0x000002201a000000, 0x000006201a000000)
  region size 32768K, 2 young (65536K), 1 survivors (32768K)
 Metaspace       used 17377K, committed 17600K, reserved 1114112K
  class space    used 1664K, committed 1792K, reserved 1048576K
}
Event: 2.174 GC heap after
{Heap after GC invocations=7 (full 0):
 garbage-first heap   total 557056K, used 176324K [0x000002201a000000, 0x000006201a000000)
  region size 32768K, 1 young (32768K), 1 survivors (32768K)
 Metaspace       used 17377K, committed 17600K, reserved 1114112K
  class space    used 1664K, committed 1792K, reserved 1048576K
}
Event: 3.122 GC heap before
{Heap before GC invocations=7 (full 0):
 garbage-first heap   total 557056K, used 241860K [0x000002201a000000, 0x000006201a000000)
  region size 32768K, 3 young (98304K), 1 survivors (32768K)
 Metaspace       used 18719K, committed 18944K, reserved 1114112K
  class space    used 1821K, committed 1920K, reserved 1048576K
}
Event: 3.146 GC heap after
{Heap after GC invocations=8 (full 0):
 garbage-first heap   total 557056K, used 246204K [0x000002201a000000, 0x000006201a000000)
  region size 32768K, 1 young (32768K), 1 survivors (32768K)
 Metaspace       used 18719K, committed 18944K, reserved 1114112K
  class space    used 1821K, committed 1920K, reserved 1048576K
}
Event: 4.088 GC heap before
{Heap before GC invocations=8 (full 0):
 garbage-first heap   total 557056K, used 246204K [0x000002201a000000, 0x000006201a000000)
  region size 32768K, 2 young (65536K), 1 survivors (32768K)
 Metaspace       used 21187K, committed 21504K, reserved 1114112K
  class space    used 2201K, committed 2368K, reserved 1048576K
}
Event: 4.101 GC heap after
{Heap after GC invocations=9 (full 0):
 garbage-first heap   total 557056K, used 252008K [0x000002201a000000, 0x000006201a000000)
  region size 32768K, 1 young (32768K), 1 survivors (32768K)
 Metaspace       used 21187K, committed 21504K, reserved 1114112K
  class space    used 2201K, committed 2368K, reserved 1048576K
}
Event: 16.760 GC heap before
{Heap before GC invocations=10 (full 0):
 garbage-first heap   total 557056K, used 284776K [0x000002201a000000, 0x000006201a000000)
  region size 32768K, 2 young (65536K), 1 survivors (32768K)
 Metaspace       used 23191K, committed 23488K, reserved 1114112K
  class space    used 2371K, committed 2496K, reserved 1048576K
}
Event: 16.768 GC heap after
{Heap after GC invocations=11 (full 0):
 garbage-first heap   total 557056K, used 249907K [0x000002201a000000, 0x000006201a000000)
  region size 32768K, 1 young (32768K), 1 survivors (32768K)
 Metaspace       used 23191K, committed 23488K, reserved 1114112K
  class space    used 2371K, committed 2496K, reserved 1048576K
}

