# JRE version: OpenJDK Runtime Environment JBR-17.0.9+8-1166.2-jcef (17.0.9+8) (build 17.0.9+8-b1166.2)
# Java VM: OpenJDK 64-Bit Server VM JBR-17.0.9+8-1166.2-jcef (17.0.9+8-b1166.2, mixed mode, tiered, compressed class ptrs, g1 gc, windows-amd64)
GC Precious Log:
 CPUs: 12 total, 12 available
 Memory: 16254M
 Large Page Support: Disabled
 NUMA Support: Disabled
 Compressed Oops: Disabled
 Heap Region Size: 32M
 Heap Min Capacity: 32M
 Heap Initial Capacity: 256M
 Heap Max Capacity: 4096G
 Pre-touch: Disabled
 Parallel Workers: 10
 Concurrent Workers: 3
 Concurrent Refinement Workers: 10
 Periodic GC: Disabled
Heap:
 garbage-first heap   total 557056K, used 293597K [0x0000026680000000, 0x0000066680000000)
  region size 32768K, 2 young (65536K), 1 survivors (32768K)
 Metaspace       used 23688K, committed 23936K, reserved 1114112K
  class space    used 2497K, committed 2624K, reserved 1048576K
GC Heap History (18 events):
Event: 1.034 GC heap before
{Heap before GC invocations=0 (full 0):
 garbage-first heap   total 262144K, used 98304K [0x0000026680000000, 0x0000066680000000)
  region size 32768K, 1 young (32768K), 0 survivors (0K)
 Metaspace       used 16495K, committed 16768K, reserved 1114112K
  class space    used 1554K, committed 1664K, reserved 1048576K
}
Event: 1.047 GC heap after
{Heap after GC invocations=1 (full 0):
 garbage-first heap   total 262144K, used 69770K [0x0000026680000000, 0x0000066680000000)
  region size 32768K, 1 young (32768K), 1 survivors (32768K)
 Metaspace       used 16495K, committed 16768K, reserved 1114112K
  class space    used 1554K, committed 1664K, reserved 1048576K
}
Event: 1.151 GC heap before
{Heap before GC invocations=1 (full 0):
 garbage-first heap   total 262144K, used 102538K [0x0000026680000000, 0x0000066680000000)
  region size 32768K, 2 young (65536K), 1 survivors (32768K)
 Metaspace       used 16500K, committed 16768K, reserved 1114112K
  class space    used 1554K, committed 1664K, reserved 1048576K
}
Event: 1.157 GC heap after
{Heap after GC invocations=2 (full 0):
 garbage-first heap   total 262144K, used 69861K [0x0000026680000000, 0x0000066680000000)
  region size 32768K, 1 young (32768K), 1 survivors (32768K)
 Metaspace       used 16500K, committed 16768K, reserved 1114112K
  class space    used 1554K, committed 1664K, reserved 1048576K
}
Event: 1.241 GC heap before
{Heap before GC invocations=2 (full 0):
 garbage-first heap   total 262144K, used 69861K [0x0000026680000000, 0x0000066680000000)
  region size 32768K, 2 young (65536K), 1 survivors (32768K)
 Metaspace       used 16500K, committed 16768K, reserved 1114112K
  class space    used 1554K, committed 1664K, reserved 1048576K
}
Event: 1.246 GC heap after
{Heap after GC invocations=3 (full 0):
 garbage-first heap   total 262144K, used 69787K [0x0000026680000000, 0x0000066680000000)
  region size 32768K, 1 young (32768K), 1 survivors (32768K)
 Metaspace       used 16500K, committed 16768K, reserved 1114112K
  class space    used 1554K, committed 1664K, reserved 1048576K
}
Event: 1.274 GC heap before
{Heap before GC invocations=3 (full 0):
 garbage-first heap   total 262144K, used 135323K [0x0000026680000000, 0x0000066680000000)
  region size 32768K, 2 young (65536K), 1 survivors (32768K)
 Metaspace       used 16500K, committed 16768K, reserved 1114112K
  class space    used 1554K, committed 1664K, reserved 1048576K
}
Event: 1.279 GC heap after
{Heap after GC invocations=4 (full 0):
 garbage-first heap   total 262144K, used 135359K [0x0000026680000000, 0x0000066680000000)
  region size 32768K, 1 young (32768K), 1 survivors (32768K)
 Metaspace       used 16500K, committed 16768K, reserved 1114112K
  class space    used 1554K, committed 1664K, reserved 1048576K
}
Event: 1.453 GC heap before
{Heap before GC invocations=5 (full 0):
 garbage-first heap   total 393216K, used 200895K [0x0000026680000000, 0x0000066680000000)
  region size 32768K, 2 young (65536K), 1 survivors (32768K)
 Metaspace       used 16500K, committed 16768K, reserved 1114112K
  class space    used 1554K, committed 1664K, reserved 1048576K
}
Event: 1.460 GC heap after
{Heap after GC invocations=6 (full 0):
 garbage-first heap   total 393216K, used 210955K [0x0000026680000000, 0x0000066680000000)
  region size 32768K, 1 young (32768K), 1 survivors (32768K)
 Metaspace       used 16500K, committed 16768K, reserved 1114112K
  class space    used 1554K, committed 1664K, reserved 1048576K
}
Event: 1.535 GC heap before
{Heap before GC invocations=6 (full 0):
 garbage-first heap   total 393216K, used 210955K [0x0000026680000000, 0x0000066680000000)
  region size 32768K, 2 young (65536K), 1 survivors (32768K)
 Metaspace       used 16514K, committed 16768K, reserved 1114112K
  class space    used 1556K, committed 1664K, reserved 1048576K
}
Event: 1.545 GC heap after
{Heap after GC invocations=7 (full 0):
 garbage-first heap   total 557056K, used 85135K [0x0000026680000000, 0x0000066680000000)
  region size 32768K, 1 young (32768K), 1 survivors (32768K)
 Metaspace       used 16514K, committed 16768K, reserved 1114112K
  class space    used 1556K, committed 1664K, reserved 1048576K
}
Event: 5.055 GC heap before
{Heap before GC invocations=8 (full 0):
 garbage-first heap   total 458752K, used 281743K [0x0000026680000000, 0x0000066680000000)
  region size 32768K, 7 young (229376K), 1 survivors (32768K)
 Metaspace       used 17365K, committed 17600K, reserved 1114112K
  class space    used 1670K, committed 1728K, reserved 1048576K
}
Event: 5.096 GC heap after
{Heap after GC invocations=9 (full 0):
 garbage-first heap   total 524288K, used 262697K [0x0000026680000000, 0x0000066680000000)
  region size 32768K, 1 young (32768K), 1 survivors (32768K)
 Metaspace       used 17365K, committed 17600K, reserved 1114112K
  class space    used 1670K, committed 1728K, reserved 1048576K
}
Event: 28.295 GC heap before
{Heap before GC invocations=9 (full 0):
 garbage-first heap   total 524288K, used 295465K [0x0000026680000000, 0x0000066680000000)
  region size 32768K, 2 young (65536K), 1 survivors (32768K)
 Metaspace       used 23354K, committed 23616K, reserved 1114112K
  class space    used 2478K, committed 2560K, reserved 1048576K
}
Event: 28.318 GC heap after
{Heap after GC invocations=10 (full 0):
 garbage-first heap   total 524288K, used 288015K [0x0000026680000000, 0x0000066680000000)
  region size 32768K, 1 young (32768K), 1 survivors (32768K)
 Metaspace       used 23354K, committed 23616K, reserved 1114112K
  class space    used 2478K, committed 2560K, reserved 1048576K
}
Event: 36.343 GC heap before
{Heap before GC invocations=11 (full 0):
 garbage-first heap   total 557056K, used 320783K [0x0000026680000000, 0x0000066680000000)
  region size 32768K, 2 young (65536K), 1 survivors (32768K)
 Metaspace       used 23654K, committed 23936K, reserved 1114112K
  class space    used 2495K, committed 2624K, reserved 1048576K
}
Event: 36.354 GC heap after
{Heap after GC invocations=12 (full 0):
 garbage-first heap   total 557056K, used 293597K [0x0000026680000000, 0x0000066680000000)
  region size 32768K, 1 young (32768K), 1 survivors (32768K)
 Metaspace       used 23654K, committed 23936K, reserved 1114112K
  class space    used 2495K, committed 2624K, reserved 1048576K
}

