# JRE version: OpenJDK Runtime Environment JBR-17.0.9+8-1166.2-jcef (17.0.9+8) (build 17.0.9+8-b1166.2)
# Java VM: OpenJDK 64-Bit Server VM JBR-17.0.9+8-1166.2-jcef (17.0.9+8-b1166.2, mixed mode, tiered, compressed class ptrs, g1 gc, windows-amd64)
GC Precious Log:
 CPUs: 12 total, 12 available
 Memory: 16254M
 Large Page Support: Disabled
 NUMA Support: Disabled
 Compressed Oops: Disabled
 Heap Region Size: 32M
 Heap Min Capacity: 32M
 Heap Initial Capacity: 256M
 Heap Max Capacity: 4096G
 Pre-touch: Disabled
 Parallel Workers: 10
 Concurrent Workers: 3
 Concurrent Refinement Workers: 10
 Periodic GC: Disabled
Heap:
 garbage-first heap   total 1081344K, used 251618K [0x000002d2c0000000, 0x000006d2c0000000)
  region size 32768K, 2 young (65536K), 1 survivors (32768K)
 Metaspace       used 21717K, committed 22016K, reserved 1114112K
  class space    used 2230K, committed 2368K, reserved 1048576K
GC Heap History (20 events):
Event: 1.233 GC heap before
{Heap before GC invocations=0 (full 0):
 garbage-first heap   total 262144K, used 0K [0x000002d2c0000000, 0x000006d2c0000000)
  region size 32768K, 1 young (32768K), 0 survivors (0K)
 Metaspace       used 16491K, committed 16704K, reserved 1114112K
  class space    used 1554K, committed 1664K, reserved 1048576K
}
Event: 1.244 GC heap after
{Heap after GC invocations=1 (full 0):
 garbage-first heap   total 262144K, used 6109K [0x000002d2c0000000, 0x000006d2c0000000)
  region size 32768K, 1 young (32768K), 1 survivors (32768K)
 Metaspace       used 16491K, committed 16704K, reserved 1114112K
  class space    used 1554K, committed 1664K, reserved 1048576K
}
Event: 1.372 GC heap before
{Heap before GC invocations=1 (full 0):
 garbage-first heap   total 262144K, used 38877K [0x000002d2c0000000, 0x000006d2c0000000)
  region size 32768K, 2 young (65536K), 1 survivors (32768K)
 Metaspace       used 16565K, committed 16768K, reserved 1114112K
  class space    used 1557K, committed 1664K, reserved 1048576K
}
Event: 1.383 GC heap after
{Heap after GC invocations=2 (full 0):
 garbage-first heap   total 262144K, used 15484K [0x000002d2c0000000, 0x000006d2c0000000)
  region size 32768K, 1 young (32768K), 1 survivors (32768K)
 Metaspace       used 16565K, committed 16768K, reserved 1114112K
  class space    used 1557K, committed 1664K, reserved 1048576K
}
Event: 1.697 GC heap before
{Heap before GC invocations=2 (full 0):
 garbage-first heap   total 262144K, used 48252K [0x000002d2c0000000, 0x000006d2c0000000)
  region size 32768K, 2 young (65536K), 1 survivors (32768K)
 Metaspace       used 16574K, committed 16832K, reserved 1114112K
  class space    used 1557K, committed 1664K, reserved 1048576K
}
Event: 1.711 GC heap after
{Heap after GC invocations=3 (full 0):
 garbage-first heap   total 262144K, used 60746K [0x000002d2c0000000, 0x000006d2c0000000)
  region size 32768K, 1 young (32768K), 1 survivors (32768K)
 Metaspace       used 16574K, committed 16832K, reserved 1114112K
  class space    used 1557K, committed 1664K, reserved 1048576K
}
Event: 1.746 GC heap before
{Heap before GC invocations=3 (full 0):
 garbage-first heap   total 262144K, used 60746K [0x000002d2c0000000, 0x000006d2c0000000)
  region size 32768K, 2 young (65536K), 1 survivors (32768K)
 Metaspace       used 16574K, committed 16832K, reserved 1114112K
  class space    used 1557K, committed 1664K, reserved 1048576K
}
Event: 1.760 GC heap after
{Heap after GC invocations=4 (full 0):
 garbage-first heap   total 262144K, used 62770K [0x000002d2c0000000, 0x000006d2c0000000)
  region size 32768K, 1 young (32768K), 1 survivors (32768K)
 Metaspace       used 16574K, committed 16832K, reserved 1114112K
  class space    used 1557K, committed 1664K, reserved 1048576K
}
Event: 1.987 GC heap before
{Heap before GC invocations=4 (full 0):
 garbage-first heap   total 262144K, used 95538K [0x000002d2c0000000, 0x000006d2c0000000)
  region size 32768K, 2 young (65536K), 1 survivors (32768K)
 Metaspace       used 16925K, committed 17152K, reserved 1114112K
  class space    used 1608K, committed 1728K, reserved 1048576K
}
Event: 2.001 GC heap after
{Heap after GC invocations=5 (full 0):
 garbage-first heap   total 262144K, used 106441K [0x000002d2c0000000, 0x000006d2c0000000)
  region size 32768K, 1 young (32768K), 1 survivors (32768K)
 Metaspace       used 16925K, committed 17152K, reserved 1114112K
  class space    used 1608K, committed 1728K, reserved 1048576K
}
Event: 2.031 GC heap before
{Heap before GC invocations=5 (full 0):
 garbage-first heap   total 262144K, used 106441K [0x000002d2c0000000, 0x000006d2c0000000)
  region size 32768K, 2 young (65536K), 1 survivors (32768K)
 Metaspace       used 16929K, committed 17152K, reserved 1114112K
  class space    used 1608K, committed 1728K, reserved 1048576K
}
Event: 2.046 GC heap after
{Heap after GC invocations=6 (full 0):
 garbage-first heap   total 524288K, used 162635K [0x000002d2c0000000, 0x000006d2c0000000)
  region size 32768K, 1 young (32768K), 1 survivors (32768K)
 Metaspace       used 16929K, committed 17152K, reserved 1114112K
  class space    used 1608K, committed 1728K, reserved 1048576K
}
Event: 2.222 GC heap before
{Heap before GC invocations=6 (full 0):
 garbage-first heap   total 524288K, used 195403K [0x000002d2c0000000, 0x000006d2c0000000)
  region size 32768K, 2 young (65536K), 1 survivors (32768K)
 Metaspace       used 17372K, committed 17600K, reserved 1114112K
  class space    used 1664K, committed 1792K, reserved 1048576K
}
Event: 2.239 GC heap after
{Heap after GC invocations=7 (full 0):
 garbage-first heap   total 524288K, used 176089K [0x000002d2c0000000, 0x000006d2c0000000)
  region size 32768K, 1 young (32768K), 1 survivors (32768K)
 Metaspace       used 17372K, committed 17600K, reserved 1114112K
  class space    used 1664K, committed 1792K, reserved 1048576K
}
Event: 2.685 GC heap before
{Heap before GC invocations=7 (full 0):
 garbage-first heap   total 524288K, used 208857K [0x000002d2c0000000, 0x000006d2c0000000)
  region size 32768K, 2 young (65536K), 1 survivors (32768K)
 Metaspace       used 17410K, committed 17664K, reserved 1114112K
  class space    used 1669K, committed 1792K, reserved 1048576K
}
Event: 2.706 GC heap after
{Heap after GC invocations=8 (full 0):
 garbage-first heap   total 524288K, used 214479K [0x000002d2c0000000, 0x000006d2c0000000)
  region size 32768K, 1 young (32768K), 1 survivors (32768K)
 Metaspace       used 17410K, committed 17664K, reserved 1114112K
  class space    used 1669K, committed 1792K, reserved 1048576K
}
Event: 3.150 GC heap before
{Heap before GC invocations=8 (full 0):
 garbage-first heap   total 524288K, used 247247K [0x000002d2c0000000, 0x000006d2c0000000)
  region size 32768K, 2 young (65536K), 1 survivors (32768K)
 Metaspace       used 18808K, committed 19072K, reserved 1114112K
  class space    used 1848K, committed 1984K, reserved 1048576K
}
Event: 3.167 GC heap after
{Heap after GC invocations=9 (full 0):
 garbage-first heap   total 524288K, used 247072K [0x000002d2c0000000, 0x000006d2c0000000)
  region size 32768K, 1 young (32768K), 1 survivors (32768K)
 Metaspace       used 18808K, committed 19072K, reserved 1114112K
  class space    used 1848K, committed 1984K, reserved 1048576K
}
Event: 38.393 GC heap before
{Heap before GC invocations=9 (full 0):
 garbage-first heap   total 524288K, used 247072K [0x000002d2c0000000, 0x000006d2c0000000)
  region size 32768K, 2 young (65536K), 1 survivors (32768K)
 Metaspace       used 21198K, committed 21504K, reserved 1114112K
  class space    used 2198K, committed 2368K, reserved 1048576K
}
Event: 38.405 GC heap after
{Heap after GC invocations=10 (full 0):
 garbage-first heap   total 1081344K, used 251618K [0x000002d2c0000000, 0x000006d2c0000000)
  region size 32768K, 1 young (32768K), 1 survivors (32768K)
 Metaspace       used 21198K, committed 21504K, reserved 1114112K
  class space    used 2198K, committed 2368K, reserved 1048576K
}

