# JRE version: OpenJDK Runtime Environment JBR-17.0.9+8-1166.2-jcef (17.0.9+8) (build 17.0.9+8-b1166.2)
# Java VM: OpenJDK 64-Bit Server VM JBR-17.0.9+8-1166.2-jcef (17.0.9+8-b1166.2, mixed mode, tiered, compressed class ptrs, g1 gc, windows-amd64)
GC Precious Log:
 CPUs: 12 total, 12 available
 Memory: 16254M
 Large Page Support: Disabled
 NUMA Support: Disabled
 Compressed Oops: Disabled
 Heap Region Size: 32M
 Heap Min Capacity: 32M
 Heap Initial Capacity: 256M
 Heap Max Capacity: 4096G
 Pre-touch: Disabled
 Parallel Workers: 10
 Concurrent Workers: 3
 Concurrent Refinement Workers: 10
 Periodic GC: Disabled
Heap:
 garbage-first heap   total 1048576K, used 227577K [0x000001ba3a000000, 0x000005ba3a000000)
  region size 32768K, 2 young (65536K), 1 survivors (32768K)
 Metaspace       used 23213K, committed 23488K, reserved 1114112K
  class space    used 2371K, committed 2496K, reserved 1048576K
GC Heap History (20 events):
Event: 1.184 GC heap before
{Heap before GC invocations=0 (full 0):
 garbage-first heap   total 262144K, used 0K [0x000001ba3a000000, 0x000005ba3a000000)
  region size 32768K, 1 young (32768K), 0 survivors (0K)
 Metaspace       used 16507K, committed 16704K, reserved 1114112K
  class space    used 1554K, committed 1664K, reserved 1048576K
}
Event: 1.198 GC heap after
{Heap after GC invocations=1 (full 0):
 garbage-first heap   total 262144K, used 6578K [0x000001ba3a000000, 0x000005ba3a000000)
  region size 32768K, 1 young (32768K), 1 survivors (32768K)
 Metaspace       used 16507K, committed 16704K, reserved 1114112K
  class space    used 1554K, committed 1664K, reserved 1048576K
}
Event: 1.392 GC heap before
{Heap before GC invocations=1 (full 0):
 garbage-first heap   total 262144K, used 39346K [0x000001ba3a000000, 0x000005ba3a000000)
  region size 32768K, 2 young (65536K), 1 survivors (32768K)
 Metaspace       used 16585K, committed 16832K, reserved 1114112K
  class space    used 1557K, committed 1664K, reserved 1048576K
}
Event: 1.399 GC heap after
{Heap after GC invocations=2 (full 0):
 garbage-first heap   total 262144K, used 15529K [0x000001ba3a000000, 0x000005ba3a000000)
  region size 32768K, 1 young (32768K), 1 survivors (32768K)
 Metaspace       used 16585K, committed 16832K, reserved 1114112K
  class space    used 1557K, committed 1664K, reserved 1048576K
}
Event: 1.723 GC heap before
{Heap before GC invocations=2 (full 0):
 garbage-first heap   total 262144K, used 48297K [0x000001ba3a000000, 0x000005ba3a000000)
  region size 32768K, 2 young (65536K), 1 survivors (32768K)
 Metaspace       used 16594K, committed 16832K, reserved 1114112K
  class space    used 1557K, committed 1664K, reserved 1048576K
}
Event: 1.734 GC heap after
{Heap after GC invocations=3 (full 0):
 garbage-first heap   total 262144K, used 31417K [0x000001ba3a000000, 0x000005ba3a000000)
  region size 32768K, 1 young (32768K), 1 survivors (32768K)
 Metaspace       used 16594K, committed 16832K, reserved 1114112K
  class space    used 1557K, committed 1664K, reserved 1048576K
}
Event: 1.764 GC heap before
{Heap before GC invocations=3 (full 0):
 garbage-first heap   total 262144K, used 31417K [0x000001ba3a000000, 0x000005ba3a000000)
  region size 32768K, 2 young (65536K), 1 survivors (32768K)
 Metaspace       used 16594K, committed 16832K, reserved 1114112K
  class space    used 1557K, committed 1664K, reserved 1048576K
}
Event: 1.776 GC heap after
{Heap after GC invocations=4 (full 0):
 garbage-first heap   total 262144K, used 47439K [0x000001ba3a000000, 0x000005ba3a000000)
  region size 32768K, 1 young (32768K), 1 survivors (32768K)
 Metaspace       used 16594K, committed 16832K, reserved 1114112K
  class space    used 1557K, committed 1664K, reserved 1048576K
}
Event: 1.940 GC heap before
{Heap before GC invocations=4 (full 0):
 garbage-first heap   total 262144K, used 80207K [0x000001ba3a000000, 0x000005ba3a000000)
  region size 32768K, 2 young (65536K), 1 survivors (32768K)
 Metaspace       used 16944K, committed 17152K, reserved 1114112K
  class space    used 1608K, committed 1728K, reserved 1048576K
}
Event: 1.951 GC heap after
{Heap after GC invocations=5 (full 0):
 garbage-first heap   total 524288K, used 89291K [0x000001ba3a000000, 0x000005ba3a000000)
  region size 32768K, 1 young (32768K), 1 survivors (32768K)
 Metaspace       used 16944K, committed 17152K, reserved 1114112K
  class space    used 1608K, committed 1728K, reserved 1048576K
}
Event: 1.983 GC heap before
{Heap before GC invocations=5 (full 0):
 garbage-first heap   total 524288K, used 89291K [0x000001ba3a000000, 0x000005ba3a000000)
  region size 32768K, 2 young (65536K), 1 survivors (32768K)
 Metaspace       used 16948K, committed 17216K, reserved 1114112K
  class space    used 1608K, committed 1728K, reserved 1048576K
}
Event: 1.997 GC heap after
{Heap after GC invocations=6 (full 0):
 garbage-first heap   total 524288K, used 146864K [0x000001ba3a000000, 0x000005ba3a000000)
  region size 32768K, 1 young (32768K), 1 survivors (32768K)
 Metaspace       used 16948K, committed 17216K, reserved 1114112K
  class space    used 1608K, committed 1728K, reserved 1048576K
}
Event: 2.203 GC heap before
{Heap before GC invocations=6 (full 0):
 garbage-first heap   total 524288K, used 179632K [0x000001ba3a000000, 0x000005ba3a000000)
  region size 32768K, 2 young (65536K), 1 survivors (32768K)
 Metaspace       used 17406K, committed 17600K, reserved 1114112K
  class space    used 1667K, committed 1792K, reserved 1048576K
}
Event: 2.219 GC heap after
{Heap after GC invocations=7 (full 0):
 garbage-first heap   total 524288K, used 160751K [0x000001ba3a000000, 0x000005ba3a000000)
  region size 32768K, 1 young (32768K), 1 survivors (32768K)
 Metaspace       used 17406K, committed 17600K, reserved 1114112K
  class space    used 1667K, committed 1792K, reserved 1048576K
}
Event: 5.179 GC heap before
{Heap before GC invocations=7 (full 0):
 garbage-first heap   total 524288K, used 226287K [0x000001ba3a000000, 0x000005ba3a000000)
  region size 32768K, 3 young (98304K), 1 survivors (32768K)
 Metaspace       used 19965K, committed 20288K, reserved 1114112K
  class space    used 2043K, committed 2176K, reserved 1048576K
}
Event: 5.202 GC heap after
{Heap after GC invocations=8 (full 0):
 garbage-first heap   total 524288K, used 223634K [0x000001ba3a000000, 0x000005ba3a000000)
  region size 32768K, 1 young (32768K), 1 survivors (32768K)
 Metaspace       used 19965K, committed 20288K, reserved 1114112K
  class space    used 2043K, committed 2176K, reserved 1048576K
}
Event: 6.504 GC heap before
{Heap before GC invocations=8 (full 0):
 garbage-first heap   total 524288K, used 223634K [0x000001ba3a000000, 0x000005ba3a000000)
  region size 32768K, 2 young (65536K), 1 survivors (32768K)
 Metaspace       used 21242K, committed 21504K, reserved 1114112K
  class space    used 2189K, committed 2304K, reserved 1048576K
}
Event: 6.515 GC heap after
{Heap after GC invocations=9 (full 0):
 garbage-first heap   total 524288K, used 230023K [0x000001ba3a000000, 0x000005ba3a000000)
  region size 32768K, 1 young (32768K), 1 survivors (32768K)
 Metaspace       used 21242K, committed 21504K, reserved 1114112K
  class space    used 2189K, committed 2304K, reserved 1048576K
}
Event: 32.419 GC heap before
{Heap before GC invocations=10 (full 0):
 garbage-first heap   total 524288K, used 262791K [0x000001ba3a000000, 0x000005ba3a000000)
  region size 32768K, 2 young (65536K), 1 survivors (32768K)
 Metaspace       used 23167K, committed 23424K, reserved 1114112K
  class space    used 2368K, committed 2496K, reserved 1048576K
}
Event: 32.425 GC heap after
{Heap after GC invocations=11 (full 0):
 garbage-first heap   total 1048576K, used 227577K [0x000001ba3a000000, 0x000005ba3a000000)
  region size 32768K, 1 young (32768K), 1 survivors (32768K)
 Metaspace       used 23167K, committed 23424K, reserved 1114112K
  class space    used 2368K, committed 2496K, reserved 1048576K
}

