# JRE version: OpenJDK Runtime Environment JBR-17.0.9+8-1166.2-jcef (17.0.9+8) (build 17.0.9+8-b1166.2)
# Java VM: OpenJDK 64-Bit Server VM JBR-17.0.9+8-1166.2-jcef (17.0.9+8-b1166.2, mixed mode, tiered, compressed class ptrs, g1 gc, windows-amd64)
GC Precious Log:
 CPUs: 12 total, 12 available
 Memory: 16254M
 Large Page Support: Disabled
 NUMA Support: Disabled
 Compressed Oops: Disabled
 Heap Region Size: 32M
 Heap Min Capacity: 32M
 Heap Initial Capacity: 256M
 Heap Max Capacity: 4096G
 Pre-touch: Disabled
 Parallel Workers: 10
 Concurrent Workers: 3
 Concurrent Refinement Workers: 10
 Periodic GC: Disabled
Heap:
 garbage-first heap   total 524288K, used 206980K [0x00000206be000000, 0x00000606be000000)
  region size 32768K, 2 young (65536K), 1 survivors (32768K)
 Metaspace       used 22059K, committed 22336K, reserved 1114112K
  class space    used 2268K, committed 2432K, reserved 1048576K
GC Heap History (18 events):
Event: 1.038 GC heap before
{Heap before GC invocations=0 (full 0):
 garbage-first heap   total 262144K, used 32768K [0x00000206be000000, 0x00000606be000000)
  region size 32768K, 1 young (32768K), 0 survivors (0K)
 Metaspace       used 16155K, committed 16384K, reserved 1114112K
  class space    used 1523K, committed 1664K, reserved 1048576K
}
Event: 1.049 GC heap after
{Heap after GC invocations=1 (full 0):
 garbage-first heap   total 262144K, used 6019K [0x00000206be000000, 0x00000606be000000)
  region size 32768K, 1 young (32768K), 1 survivors (32768K)
 Metaspace       used 16155K, committed 16384K, reserved 1114112K
  class space    used 1523K, committed 1664K, reserved 1048576K
}
Event: 1.188 GC heap before
{Heap before GC invocations=1 (full 0):
 garbage-first heap   total 262144K, used 38787K [0x00000206be000000, 0x00000606be000000)
  region size 32768K, 2 young (65536K), 1 survivors (32768K)
 Metaspace       used 16566K, committed 16832K, reserved 1114112K
  class space    used 1556K, committed 1664K, reserved 1048576K
}
Event: 1.195 GC heap after
{Heap after GC invocations=2 (full 0):
 garbage-first heap   total 262144K, used 15559K [0x00000206be000000, 0x00000606be000000)
  region size 32768K, 1 young (32768K), 1 survivors (32768K)
 Metaspace       used 16566K, committed 16832K, reserved 1114112K
  class space    used 1556K, committed 1664K, reserved 1048576K
}
Event: 1.504 GC heap before
{Heap before GC invocations=2 (full 0):
 garbage-first heap   total 262144K, used 48327K [0x00000206be000000, 0x00000606be000000)
  region size 32768K, 2 young (65536K), 1 survivors (32768K)
 Metaspace       used 16577K, committed 16832K, reserved 1114112K
  class space    used 1556K, committed 1664K, reserved 1048576K
}
Event: 1.515 GC heap after
{Heap after GC invocations=3 (full 0):
 garbage-first heap   total 262144K, used 31293K [0x00000206be000000, 0x00000606be000000)
  region size 32768K, 1 young (32768K), 1 survivors (32768K)
 Metaspace       used 16577K, committed 16832K, reserved 1114112K
  class space    used 1556K, committed 1664K, reserved 1048576K
}
Event: 1.549 GC heap before
{Heap before GC invocations=3 (full 0):
 garbage-first heap   total 262144K, used 31293K [0x00000206be000000, 0x00000606be000000)
  region size 32768K, 2 young (65536K), 1 survivors (32768K)
 Metaspace       used 16577K, committed 16832K, reserved 1114112K
  class space    used 1556K, committed 1664K, reserved 1048576K
}
Event: 1.563 GC heap after
{Heap after GC invocations=4 (full 0):
 garbage-first heap   total 262144K, used 47314K [0x00000206be000000, 0x00000606be000000)
  region size 32768K, 1 young (32768K), 1 survivors (32768K)
 Metaspace       used 16577K, committed 16832K, reserved 1114112K
  class space    used 1556K, committed 1664K, reserved 1048576K
}
Event: 1.731 GC heap before
{Heap before GC invocations=4 (full 0):
 garbage-first heap   total 262144K, used 80082K [0x00000206be000000, 0x00000606be000000)
  region size 32768K, 2 young (65536K), 1 survivors (32768K)
 Metaspace       used 16928K, committed 17216K, reserved 1114112K
  class space    used 1608K, committed 1728K, reserved 1048576K
}
Event: 1.737 GC heap after
{Heap after GC invocations=5 (full 0):
 garbage-first heap   total 262144K, used 73299K [0x00000206be000000, 0x00000606be000000)
  region size 32768K, 1 young (32768K), 1 survivors (32768K)
 Metaspace       used 16928K, committed 17216K, reserved 1114112K
  class space    used 1608K, committed 1728K, reserved 1048576K
}
Event: 1.760 GC heap before
{Heap before GC invocations=5 (full 0):
 garbage-first heap   total 262144K, used 73299K [0x00000206be000000, 0x00000606be000000)
  region size 32768K, 2 young (65536K), 1 survivors (32768K)
 Metaspace       used 16932K, committed 17216K, reserved 1114112K
  class space    used 1608K, committed 1728K, reserved 1048576K
}
Event: 1.773 GC heap after
{Heap after GC invocations=6 (full 0):
 garbage-first heap   total 524288K, used 129863K [0x00000206be000000, 0x00000606be000000)
  region size 32768K, 1 young (32768K), 1 survivors (32768K)
 Metaspace       used 16932K, committed 17216K, reserved 1114112K
  class space    used 1608K, committed 1728K, reserved 1048576K
}
Event: 2.012 GC heap before
{Heap before GC invocations=6 (full 0):
 garbage-first heap   total 524288K, used 162631K [0x00000206be000000, 0x00000606be000000)
  region size 32768K, 2 young (65536K), 1 survivors (32768K)
 Metaspace       used 17388K, committed 17600K, reserved 1114112K
  class space    used 1666K, committed 1728K, reserved 1048576K
}
Event: 2.032 GC heap after
{Heap after GC invocations=7 (full 0):
 garbage-first heap   total 524288K, used 137205K [0x00000206be000000, 0x00000606be000000)
  region size 32768K, 1 young (32768K), 1 survivors (32768K)
 Metaspace       used 17388K, committed 17600K, reserved 1114112K
  class space    used 1666K, committed 1728K, reserved 1048576K
}
Event: 5.186 GC heap before
{Heap before GC invocations=7 (full 0):
 garbage-first heap   total 524288K, used 202741K [0x00000206be000000, 0x00000606be000000)
  region size 32768K, 3 young (98304K), 1 survivors (32768K)
 Metaspace       used 19941K, committed 20224K, reserved 1114112K
  class space    used 2041K, committed 2176K, reserved 1048576K
}
Event: 5.215 GC heap after
{Heap after GC invocations=8 (full 0):
 garbage-first heap   total 524288K, used 200199K [0x00000206be000000, 0x00000606be000000)
  region size 32768K, 1 young (32768K), 1 survivors (32768K)
 Metaspace       used 19941K, committed 20224K, reserved 1114112K
  class space    used 2041K, committed 2176K, reserved 1048576K
}
Event: 6.407 GC heap before
{Heap before GC invocations=8 (full 0):
 garbage-first heap   total 524288K, used 200199K [0x00000206be000000, 0x00000606be000000)
  region size 32768K, 2 young (65536K), 1 survivors (32768K)
 Metaspace       used 21192K, committed 21504K, reserved 1114112K
  class space    used 2186K, committed 2304K, reserved 1048576K
}
Event: 6.417 GC heap after
{Heap after GC invocations=9 (full 0):
 garbage-first heap   total 524288K, used 206980K [0x00000206be000000, 0x00000606be000000)
  region size 32768K, 1 young (32768K), 1 survivors (32768K)
 Metaspace       used 21192K, committed 21504K, reserved 1114112K
  class space    used 2186K, committed 2304K, reserved 1048576K
}

