# JRE version: OpenJDK Runtime Environment JBR-17.0.9+8-1166.2-jcef (17.0.9+8) (build 17.0.9+8-b1166.2)
# Java VM: OpenJDK 64-Bit Server VM JBR-17.0.9+8-1166.2-jcef (17.0.9+8-b1166.2, mixed mode, tiered, compressed class ptrs, g1 gc, windows-amd64)
GC Precious Log:
 CPUs: 12 total, 12 available
 Memory: 16254M
 Large Page Support: Disabled
 NUMA Support: Disabled
 Compressed Oops: Disabled
 Heap Region Size: 32M
 Heap Min Capacity: 32M
 Heap Initial Capacity: 256M
 Heap Max Capacity: 4096G
 Pre-touch: Disabled
 Parallel Workers: 10
 Concurrent Workers: 3
 Concurrent Refinement Workers: 10
 Periodic GC: Disabled
Heap:
 garbage-first heap   total 458752K, used 191507K [0x0000012b7e000000, 0x0000052b7e000000)
  region size 32768K, 2 young (65536K), 1 survivors (32768K)
 Metaspace       used 23236K, committed 23552K, reserved 1114112K
  class space    used 2374K, committed 2496K, reserved 1048576K
GC Heap History (18 events):
Event: 1.101 GC heap before
{Heap before GC invocations=0 (full 0):
 garbage-first heap   total 262144K, used 32768K [0x0000012b7e000000, 0x0000052b7e000000)
  region size 32768K, 1 young (32768K), 0 survivors (0K)
 Metaspace       used 16503K, committed 16768K, reserved 1114112K
  class space    used 1554K, committed 1664K, reserved 1048576K
}
Event: 1.112 GC heap after
{Heap after GC invocations=1 (full 0):
 garbage-first heap   total 262144K, used 6140K [0x0000012b7e000000, 0x0000052b7e000000)
  region size 32768K, 1 young (32768K), 1 survivors (32768K)
 Metaspace       used 16503K, committed 16768K, reserved 1114112K
  class space    used 1554K, committed 1664K, reserved 1048576K
}
Event: 1.238 GC heap before
{Heap before GC invocations=1 (full 0):
 garbage-first heap   total 262144K, used 6140K [0x0000012b7e000000, 0x0000052b7e000000)
  region size 32768K, 2 young (65536K), 1 survivors (32768K)
 Metaspace       used 16571K, committed 16832K, reserved 1114112K
  class space    used 1556K, committed 1664K, reserved 1048576K
}
Event: 1.245 GC heap after
{Heap after GC invocations=2 (full 0):
 garbage-first heap   total 262144K, used 17508K [0x0000012b7e000000, 0x0000052b7e000000)
  region size 32768K, 1 young (32768K), 1 survivors (32768K)
 Metaspace       used 16571K, committed 16832K, reserved 1114112K
  class space    used 1556K, committed 1664K, reserved 1048576K
}
Event: 1.506 GC heap before
{Heap before GC invocations=2 (full 0):
 garbage-first heap   total 262144K, used 50276K [0x0000012b7e000000, 0x0000052b7e000000)
  region size 32768K, 2 young (65536K), 1 survivors (32768K)
 Metaspace       used 16588K, committed 16832K, reserved 1114112K
  class space    used 1556K, committed 1664K, reserved 1048576K
}
Event: 1.515 GC heap after
{Heap after GC invocations=3 (full 0):
 garbage-first heap   total 262144K, used 31597K [0x0000012b7e000000, 0x0000052b7e000000)
  region size 32768K, 1 young (32768K), 1 survivors (32768K)
 Metaspace       used 16588K, committed 16832K, reserved 1114112K
  class space    used 1556K, committed 1664K, reserved 1048576K
}
Event: 1.571 GC heap before
{Heap before GC invocations=3 (full 0):
 garbage-first heap   total 262144K, used 31597K [0x0000012b7e000000, 0x0000052b7e000000)
  region size 32768K, 2 young (65536K), 1 survivors (32768K)
 Metaspace       used 16588K, committed 16832K, reserved 1114112K
  class space    used 1556K, committed 1664K, reserved 1048576K
}
Event: 1.581 GC heap after
{Heap after GC invocations=4 (full 0):
 garbage-first heap   total 262144K, used 47258K [0x0000012b7e000000, 0x0000052b7e000000)
  region size 32768K, 1 young (32768K), 1 survivors (32768K)
 Metaspace       used 16588K, committed 16832K, reserved 1114112K
  class space    used 1556K, committed 1664K, reserved 1048576K
}
Event: 1.778 GC heap before
{Heap before GC invocations=4 (full 0):
 garbage-first heap   total 262144K, used 80026K [0x0000012b7e000000, 0x0000052b7e000000)
  region size 32768K, 2 young (65536K), 1 survivors (32768K)
 Metaspace       used 16938K, committed 17216K, reserved 1114112K
  class space    used 1608K, committed 1728K, reserved 1048576K
}
Event: 1.784 GC heap after
{Heap after GC invocations=5 (full 0):
 garbage-first heap   total 458752K, used 73477K [0x0000012b7e000000, 0x0000052b7e000000)
  region size 32768K, 1 young (32768K), 1 survivors (32768K)
 Metaspace       used 16938K, committed 17216K, reserved 1114112K
  class space    used 1608K, committed 1728K, reserved 1048576K
}
Event: 2.093 GC heap before
{Heap before GC invocations=5 (full 0):
 garbage-first heap   total 458752K, used 106245K [0x0000012b7e000000, 0x0000052b7e000000)
  region size 32768K, 3 young (98304K), 1 survivors (32768K)
 Metaspace       used 17381K, committed 17536K, reserved 1114112K
  class space    used 1663K, committed 1728K, reserved 1048576K
}
Event: 2.111 GC heap after
{Heap after GC invocations=6 (full 0):
 garbage-first heap   total 458752K, used 137875K [0x0000012b7e000000, 0x0000052b7e000000)
  region size 32768K, 1 young (32768K), 1 survivors (32768K)
 Metaspace       used 17381K, committed 17536K, reserved 1114112K
  class space    used 1663K, committed 1728K, reserved 1048576K
}
Event: 2.538 GC heap before
{Heap before GC invocations=6 (full 0):
 garbage-first heap   total 458752K, used 170643K [0x0000012b7e000000, 0x0000052b7e000000)
  region size 32768K, 2 young (65536K), 1 survivors (32768K)
 Metaspace       used 17415K, committed 17664K, reserved 1114112K
  class space    used 1668K, committed 1728K, reserved 1048576K
}
Event: 2.553 GC heap after
{Heap after GC invocations=7 (full 0):
 garbage-first heap   total 458752K, used 160525K [0x0000012b7e000000, 0x0000052b7e000000)
  region size 32768K, 1 young (32768K), 1 survivors (32768K)
 Metaspace       used 17415K, committed 17664K, reserved 1114112K
  class space    used 1668K, committed 1728K, reserved 1048576K
}
Event: 3.830 GC heap before
{Heap before GC invocations=7 (full 0):
 garbage-first heap   total 458752K, used 160525K [0x0000012b7e000000, 0x0000052b7e000000)
  region size 32768K, 2 young (65536K), 1 survivors (32768K)
 Metaspace       used 21187K, committed 21504K, reserved 1114112K
  class space    used 2198K, committed 2368K, reserved 1048576K
}
Event: 3.850 GC heap after
{Heap after GC invocations=8 (full 0):
 garbage-first heap   total 458752K, used 186884K [0x0000012b7e000000, 0x0000052b7e000000)
  region size 32768K, 1 young (32768K), 1 survivors (32768K)
 Metaspace       used 21187K, committed 21504K, reserved 1114112K
  class space    used 2198K, committed 2368K, reserved 1048576K
}
Event: 25.711 GC heap before
{Heap before GC invocations=9 (full 0):
 garbage-first heap   total 458752K, used 219652K [0x0000012b7e000000, 0x0000052b7e000000)
  region size 32768K, 2 young (65536K), 1 survivors (32768K)
 Metaspace       used 23112K, committed 23424K, reserved 1114112K
  class space    used 2353K, committed 2496K, reserved 1048576K
}
Event: 25.719 GC heap after
{Heap after GC invocations=10 (full 0):
 garbage-first heap   total 458752K, used 191507K [0x0000012b7e000000, 0x0000052b7e000000)
  region size 32768K, 1 young (32768K), 1 survivors (32768K)
 Metaspace       used 23112K, committed 23424K, reserved 1114112K
  class space    used 2353K, committed 2496K, reserved 1048576K
}

