# JRE version: OpenJDK Runtime Environment JBR-17.0.9+8-1166.2-jcef (17.0.9+8) (build 17.0.9+8-b1166.2)
# Java VM: OpenJDK 64-Bit Server VM JBR-17.0.9+8-1166.2-jcef (17.0.9+8-b1166.2, mixed mode, tiered, compressed class ptrs, g1 gc, windows-amd64)
GC Precious Log:
 CPUs: 12 total, 12 available
 Memory: 16254M
 Large Page Support: Disabled
 NUMA Support: Disabled
 Compressed Oops: Disabled
 Heap Region Size: 32M
 Heap Min Capacity: 32M
 Heap Initial Capacity: 256M
 Heap Max Capacity: 4096G
 Pre-touch: Disabled
 Parallel Workers: 10
 Concurrent Workers: 3
 Concurrent Refinement Workers: 10
 Periodic GC: Disabled
Heap:
 garbage-first heap   total 1048576K, used 332235K [0x0000022af2000000, 0x0000062af2000000)
  region size 32768K, 4 young (131072K), 1 survivors (32768K)
 Metaspace       used 22513K, committed 22784K, reserved 1114112K
  class space    used 2303K, committed 2432K, reserved 1048576K
GC Heap History (20 events):
Event: 1.220 GC heap before
{Heap before GC invocations=0 (full 0):
 garbage-first heap   total 262144K, used 0K [0x0000022af2000000, 0x0000062af2000000)
  region size 32768K, 1 young (32768K), 0 survivors (0K)
 Metaspace       used 16514K, committed 16768K, reserved 1114112K
  class space    used 1554K, committed 1664K, reserved 1048576K
}
Event: 1.234 GC heap after
{Heap after GC invocations=1 (full 0):
 garbage-first heap   total 262144K, used 6133K [0x0000022af2000000, 0x0000062af2000000)
  region size 32768K, 1 young (32768K), 1 survivors (32768K)
 Metaspace       used 16514K, committed 16768K, reserved 1114112K
  class space    used 1554K, committed 1664K, reserved 1048576K
}
Event: 1.374 GC heap before
{Heap before GC invocations=1 (full 0):
 garbage-first heap   total 262144K, used 38901K [0x0000022af2000000, 0x0000062af2000000)
  region size 32768K, 2 young (65536K), 1 survivors (32768K)
 Metaspace       used 16589K, committed 16832K, reserved 1114112K
  class space    used 1557K, committed 1664K, reserved 1048576K
}
Event: 1.383 GC heap after
{Heap after GC invocations=2 (full 0):
 garbage-first heap   total 262144K, used 15455K [0x0000022af2000000, 0x0000062af2000000)
  region size 32768K, 1 young (32768K), 1 survivors (32768K)
 Metaspace       used 16589K, committed 16832K, reserved 1114112K
  class space    used 1557K, committed 1664K, reserved 1048576K
}
Event: 1.699 GC heap before
{Heap before GC invocations=2 (full 0):
 garbage-first heap   total 262144K, used 48223K [0x0000022af2000000, 0x0000062af2000000)
  region size 32768K, 2 young (65536K), 1 survivors (32768K)
 Metaspace       used 16599K, committed 16832K, reserved 1114112K
  class space    used 1557K, committed 1664K, reserved 1048576K
}
Event: 1.711 GC heap after
{Heap after GC invocations=3 (full 0):
 garbage-first heap   total 262144K, used 31183K [0x0000022af2000000, 0x0000062af2000000)
  region size 32768K, 1 young (32768K), 1 survivors (32768K)
 Metaspace       used 16599K, committed 16832K, reserved 1114112K
  class space    used 1557K, committed 1664K, reserved 1048576K
}
Event: 1.750 GC heap before
{Heap before GC invocations=3 (full 0):
 garbage-first heap   total 262144K, used 31183K [0x0000022af2000000, 0x0000062af2000000)
  region size 32768K, 2 young (65536K), 1 survivors (32768K)
 Metaspace       used 16599K, committed 16832K, reserved 1114112K
  class space    used 1557K, committed 1664K, reserved 1048576K
}
Event: 1.766 GC heap after
{Heap after GC invocations=4 (full 0):
 garbage-first heap   total 262144K, used 47315K [0x0000022af2000000, 0x0000062af2000000)
  region size 32768K, 1 young (32768K), 1 survivors (32768K)
 Metaspace       used 16599K, committed 16832K, reserved 1114112K
  class space    used 1557K, committed 1664K, reserved 1048576K
}
Event: 2.012 GC heap before
{Heap before GC invocations=4 (full 0):
 garbage-first heap   total 262144K, used 80083K [0x0000022af2000000, 0x0000062af2000000)
  region size 32768K, 2 young (65536K), 1 survivors (32768K)
 Metaspace       used 16949K, committed 17216K, reserved 1114112K
  class space    used 1608K, committed 1728K, reserved 1048576K
}
Event: 2.033 GC heap after
{Heap after GC invocations=5 (full 0):
 garbage-first heap   total 524288K, used 129990K [0x0000022af2000000, 0x0000062af2000000)
  region size 32768K, 1 young (32768K), 1 survivors (32768K)
 Metaspace       used 16949K, committed 17216K, reserved 1114112K
  class space    used 1608K, committed 1728K, reserved 1048576K
}
Event: 2.071 GC heap before
{Heap before GC invocations=5 (full 0):
 garbage-first heap   total 524288K, used 129990K [0x0000022af2000000, 0x0000062af2000000)
  region size 32768K, 2 young (65536K), 1 survivors (32768K)
 Metaspace       used 16953K, committed 17216K, reserved 1114112K
  class space    used 1608K, committed 1728K, reserved 1048576K
}
Event: 2.086 GC heap after
{Heap after GC invocations=6 (full 0):
 garbage-first heap   total 524288K, used 179665K [0x0000022af2000000, 0x0000062af2000000)
  region size 32768K, 1 young (32768K), 1 survivors (32768K)
 Metaspace       used 16953K, committed 17216K, reserved 1114112K
  class space    used 1608K, committed 1728K, reserved 1048576K
}
Event: 2.252 GC heap before
{Heap before GC invocations=6 (full 0):
 garbage-first heap   total 524288K, used 212433K [0x0000022af2000000, 0x0000062af2000000)
  region size 32768K, 2 young (65536K), 1 survivors (32768K)
 Metaspace       used 17390K, committed 17600K, reserved 1114112K
  class space    used 1664K, committed 1792K, reserved 1048576K
}
Event: 2.270 GC heap after
{Heap after GC invocations=7 (full 0):
 garbage-first heap   total 524288K, used 191953K [0x0000022af2000000, 0x0000062af2000000)
  region size 32768K, 1 young (32768K), 1 survivors (32768K)
 Metaspace       used 17390K, committed 17600K, reserved 1114112K
  class space    used 1664K, committed 1792K, reserved 1048576K
}
Event: 2.695 GC heap before
{Heap before GC invocations=7 (full 0):
 garbage-first heap   total 524288K, used 224721K [0x0000022af2000000, 0x0000062af2000000)
  region size 32768K, 2 young (65536K), 1 survivors (32768K)
 Metaspace       used 17427K, committed 17728K, reserved 1114112K
  class space    used 1669K, committed 1792K, reserved 1048576K
}
Event: 2.709 GC heap after
{Heap after GC invocations=8 (full 0):
 garbage-first heap   total 524288K, used 228692K [0x0000022af2000000, 0x0000062af2000000)
  region size 32768K, 1 young (32768K), 1 survivors (32768K)
 Metaspace       used 17427K, committed 17728K, reserved 1114112K
  class space    used 1669K, committed 1792K, reserved 1048576K
}
Event: 3.136 GC heap before
{Heap before GC invocations=8 (full 0):
 garbage-first heap   total 524288K, used 261460K [0x0000022af2000000, 0x0000062af2000000)
  region size 32768K, 2 young (65536K), 1 survivors (32768K)
 Metaspace       used 18836K, committed 19136K, reserved 1114112K
  class space    used 1849K, committed 1984K, reserved 1048576K
}
Event: 3.156 GC heap after
{Heap after GC invocations=9 (full 0):
 garbage-first heap   total 1048576K, used 261096K [0x0000022af2000000, 0x0000062af2000000)
  region size 32768K, 1 young (32768K), 1 survivors (32768K)
 Metaspace       used 18836K, committed 19136K, reserved 1114112K
  class space    used 1849K, committed 1984K, reserved 1048576K
}
Event: 4.038 GC heap before
{Heap before GC invocations=9 (full 0):
 garbage-first heap   total 1048576K, used 261096K [0x0000022af2000000, 0x0000062af2000000)
  region size 32768K, 2 young (65536K), 1 survivors (32768K)
 Metaspace       used 21213K, committed 21504K, reserved 1114112K
  class space    used 2194K, committed 2304K, reserved 1048576K
}
Event: 4.049 GC heap after
{Heap after GC invocations=10 (full 0):
 garbage-first heap   total 1048576K, used 266699K [0x0000022af2000000, 0x0000062af2000000)
  region size 32768K, 1 young (32768K), 1 survivors (32768K)
 Metaspace       used 21213K, committed 21504K, reserved 1114112K
  class space    used 2194K, committed 2304K, reserved 1048576K
}

