# JRE version: OpenJDK Runtime Environment JBR-17.0.9+8-1166.2-jcef (17.0.9+8) (build 17.0.9+8-b1166.2)
# Java VM: OpenJDK 64-Bit Server VM JBR-17.0.9+8-1166.2-jcef (17.0.9+8-b1166.2, mixed mode, tiered, compressed class ptrs, g1 gc, windows-amd64)
GC Precious Log:
 CPUs: 12 total, 12 available
 Memory: 16254M
 Large Page Support: Disabled
 NUMA Support: Disabled
 Compressed Oops: Disabled
 Heap Region Size: 32M
 Heap Min Capacity: 32M
 Heap Initial Capacity: 256M
 Heap Max Capacity: 4096G
 Pre-touch: Disabled
 Parallel Workers: 10
 Concurrent Workers: 3
 Concurrent Refinement Workers: 10
 Periodic GC: Disabled
Heap:
 garbage-first heap   total 458752K, used 201598K [0x000002b3a0000000, 0x000006b3a0000000)
  region size 32768K, 2 young (65536K), 1 survivors (32768K)
 Metaspace       used 21733K, committed 22016K, reserved 1114112K
  class space    used 2231K, committed 2368K, reserved 1048576K
GC Heap History (16 events):
Event: 1.100 GC heap before
{Heap before GC invocations=0 (full 0):
 garbage-first heap   total 262144K, used 32768K [0x000002b3a0000000, 0x000006b3a0000000)
  region size 32768K, 1 young (32768K), 0 survivors (0K)
 Metaspace       used 16506K, committed 16768K, reserved 1114112K
  class space    used 1554K, committed 1664K, reserved 1048576K
}
Event: 1.113 GC heap after
{Heap after GC invocations=1 (full 0):
 garbage-first heap   total 262144K, used 6111K [0x000002b3a0000000, 0x000006b3a0000000)
  region size 32768K, 1 young (32768K), 1 survivors (32768K)
 Metaspace       used 16506K, committed 16768K, reserved 1114112K
  class space    used 1554K, committed 1664K, reserved 1048576K
}
Event: 1.244 GC heap before
{Heap before GC invocations=1 (full 0):
 garbage-first heap   total 262144K, used 6111K [0x000002b3a0000000, 0x000006b3a0000000)
  region size 32768K, 2 young (65536K), 1 survivors (32768K)
 Metaspace       used 16576K, committed 16832K, reserved 1114112K
  class space    used 1557K, committed 1664K, reserved 1048576K
}
Event: 1.252 GC heap after
{Heap after GC invocations=2 (full 0):
 garbage-first heap   total 262144K, used 17385K [0x000002b3a0000000, 0x000006b3a0000000)
  region size 32768K, 1 young (32768K), 1 survivors (32768K)
 Metaspace       used 16576K, committed 16832K, reserved 1114112K
  class space    used 1557K, committed 1664K, reserved 1048576K
}
Event: 1.526 GC heap before
{Heap before GC invocations=2 (full 0):
 garbage-first heap   total 262144K, used 50153K [0x000002b3a0000000, 0x000006b3a0000000)
  region size 32768K, 2 young (65536K), 1 survivors (32768K)
 Metaspace       used 16590K, committed 16832K, reserved 1114112K
  class space    used 1557K, committed 1664K, reserved 1048576K
}
Event: 1.536 GC heap after
{Heap after GC invocations=3 (full 0):
 garbage-first heap   total 262144K, used 31599K [0x000002b3a0000000, 0x000006b3a0000000)
  region size 32768K, 1 young (32768K), 1 survivors (32768K)
 Metaspace       used 16590K, committed 16832K, reserved 1114112K
  class space    used 1557K, committed 1664K, reserved 1048576K
}
Event: 1.600 GC heap before
{Heap before GC invocations=3 (full 0):
 garbage-first heap   total 262144K, used 31599K [0x000002b3a0000000, 0x000006b3a0000000)
  region size 32768K, 2 young (65536K), 1 survivors (32768K)
 Metaspace       used 16590K, committed 16832K, reserved 1114112K
  class space    used 1557K, committed 1664K, reserved 1048576K
}
Event: 1.612 GC heap after
{Heap after GC invocations=4 (full 0):
 garbage-first heap   total 262144K, used 47261K [0x000002b3a0000000, 0x000006b3a0000000)
  region size 32768K, 1 young (32768K), 1 survivors (32768K)
 Metaspace       used 16590K, committed 16832K, reserved 1114112K
  class space    used 1557K, committed 1664K, reserved 1048576K
}
Event: 1.834 GC heap before
{Heap before GC invocations=4 (full 0):
 garbage-first heap   total 262144K, used 80029K [0x000002b3a0000000, 0x000006b3a0000000)
  region size 32768K, 2 young (65536K), 1 survivors (32768K)
 Metaspace       used 16941K, committed 17216K, reserved 1114112K
  class space    used 1608K, committed 1728K, reserved 1048576K
}
Event: 1.841 GC heap after
{Heap after GC invocations=5 (full 0):
 garbage-first heap   total 458752K, used 73498K [0x000002b3a0000000, 0x000006b3a0000000)
  region size 32768K, 1 young (32768K), 1 survivors (32768K)
 Metaspace       used 16941K, committed 17216K, reserved 1114112K
  class space    used 1608K, committed 1728K, reserved 1048576K
}
Event: 2.169 GC heap before
{Heap before GC invocations=5 (full 0):
 garbage-first heap   total 458752K, used 106266K [0x000002b3a0000000, 0x000006b3a0000000)
  region size 32768K, 3 young (98304K), 1 survivors (32768K)
 Metaspace       used 17383K, committed 17600K, reserved 1114112K
  class space    used 1664K, committed 1728K, reserved 1048576K
}
Event: 2.189 GC heap after
{Heap after GC invocations=6 (full 0):
 garbage-first heap   total 458752K, used 140313K [0x000002b3a0000000, 0x000006b3a0000000)
  region size 32768K, 1 young (32768K), 1 survivors (32768K)
 Metaspace       used 17383K, committed 17600K, reserved 1114112K
  class space    used 1664K, committed 1728K, reserved 1048576K
}
Event: 2.592 GC heap before
{Heap before GC invocations=6 (full 0):
 garbage-first heap   total 458752K, used 173081K [0x000002b3a0000000, 0x000006b3a0000000)
  region size 32768K, 2 young (65536K), 1 survivors (32768K)
 Metaspace       used 17418K, committed 17664K, reserved 1114112K
  class space    used 1669K, committed 1728K, reserved 1048576K
}
Event: 2.609 GC heap after
{Heap after GC invocations=7 (full 0):
 garbage-first heap   total 458752K, used 176147K [0x000002b3a0000000, 0x000006b3a0000000)
  region size 32768K, 1 young (32768K), 1 survivors (32768K)
 Metaspace       used 17418K, committed 17664K, reserved 1114112K
  class space    used 1669K, committed 1728K, reserved 1048576K
}
Event: 4.236 GC heap before
{Heap before GC invocations=7 (full 0):
 garbage-first heap   total 458752K, used 176147K [0x000002b3a0000000, 0x000006b3a0000000)
  region size 32768K, 2 young (65536K), 1 survivors (32768K)
 Metaspace       used 21184K, committed 21504K, reserved 1114112K
  class space    used 2201K, committed 2368K, reserved 1048576K
}
Event: 4.255 GC heap after
{Heap after GC invocations=8 (full 0):
 garbage-first heap   total 458752K, used 201598K [0x000002b3a0000000, 0x000006b3a0000000)
  region size 32768K, 1 young (32768K), 1 survivors (32768K)
 Metaspace       used 21184K, committed 21504K, reserved 1114112K
  class space    used 2201K, committed 2368K, reserved 1048576K
}

