# JRE version: OpenJDK Runtime Environment JBR-17.0.9+8-1166.2-jcef (17.0.9+8) (build 17.0.9+8-b1166.2)
# Java VM: OpenJDK 64-Bit Server VM JBR-17.0.9+8-1166.2-jcef (17.0.9+8-b1166.2, mixed mode, tiered, compressed class ptrs, g1 gc, windows-amd64)
GC Precious Log:
 CPUs: 12 total, 12 available
 Memory: 16254M
 Large Page Support: Disabled
 NUMA Support: Disabled
 Compressed Oops: Disabled
 Heap Region Size: 32M
 Heap Min Capacity: 32M
 Heap Initial Capacity: 256M
 Heap Max Capacity: 4096G
 Pre-touch: Disabled
 Parallel Workers: 10
 Concurrent Workers: 3
 Concurrent Refinement Workers: 10
 Periodic GC: Disabled
Heap:
 garbage-first heap   total 655360K, used 327959K [0x000001dfe2000000, 0x000005dfe2000000)
  region size 32768K, 2 young (65536K), 1 survivors (32768K)
 Metaspace       used 23800K, committed 24128K, reserved 1114112K
  class space    used 2501K, committed 2688K, reserved 1048576K
GC Heap History (20 events):
Event: 1.603 GC heap before
{Heap before GC invocations=1 (full 0):
 garbage-first heap   total 262144K, used 102514K [0x000001dfe2000000, 0x000005dfe2000000)
  region size 32768K, 2 young (65536K), 1 survivors (32768K)
 Metaspace       used 16521K, committed 16768K, reserved 1114112K
  class space    used 1554K, committed 1664K, reserved 1048576K
}
Event: 1.609 GC heap after
{Heap after GC invocations=2 (full 0):
 garbage-first heap   total 262144K, used 69834K [0x000001dfe2000000, 0x000005dfe2000000)
  region size 32768K, 1 young (32768K), 1 survivors (32768K)
 Metaspace       used 16521K, committed 16768K, reserved 1114112K
  class space    used 1554K, committed 1664K, reserved 1048576K
}
Event: 1.758 GC heap before
{Heap before GC invocations=2 (full 0):
 garbage-first heap   total 262144K, used 69834K [0x000001dfe2000000, 0x000005dfe2000000)
  region size 32768K, 2 young (65536K), 1 survivors (32768K)
 Metaspace       used 16521K, committed 16768K, reserved 1114112K
  class space    used 1554K, committed 1664K, reserved 1048576K
}
Event: 1.764 GC heap after
{Heap after GC invocations=3 (full 0):
 garbage-first heap   total 262144K, used 69841K [0x000001dfe2000000, 0x000005dfe2000000)
  region size 32768K, 1 young (32768K), 1 survivors (32768K)
 Metaspace       used 16521K, committed 16768K, reserved 1114112K
  class space    used 1554K, committed 1664K, reserved 1048576K
}
Event: 1.809 GC heap before
{Heap before GC invocations=3 (full 0):
 garbage-first heap   total 262144K, used 135377K [0x000001dfe2000000, 0x000005dfe2000000)
  region size 32768K, 2 young (65536K), 1 survivors (32768K)
 Metaspace       used 16521K, committed 16768K, reserved 1114112K
  class space    used 1554K, committed 1664K, reserved 1048576K
}
Event: 1.815 GC heap after
{Heap after GC invocations=4 (full 0):
 garbage-first heap   total 262144K, used 135195K [0x000001dfe2000000, 0x000005dfe2000000)
  region size 32768K, 1 young (32768K), 1 survivors (32768K)
 Metaspace       used 16521K, committed 16768K, reserved 1114112K
  class space    used 1554K, committed 1664K, reserved 1048576K
}
Event: 2.204 GC heap before
{Heap before GC invocations=5 (full 0):
 garbage-first heap   total 393216K, used 233499K [0x000001dfe2000000, 0x000005dfe2000000)
  region size 32768K, 2 young (65536K), 1 survivors (32768K)
 Metaspace       used 16524K, committed 16768K, reserved 1114112K
  class space    used 1557K, committed 1664K, reserved 1048576K
}
Event: 2.212 GC heap after
{Heap after GC invocations=6 (full 0):
 garbage-first heap   total 393216K, used 210970K [0x000001dfe2000000, 0x000005dfe2000000)
  region size 32768K, 1 young (32768K), 1 survivors (32768K)
 Metaspace       used 16524K, committed 16768K, reserved 1114112K
  class space    used 1557K, committed 1664K, reserved 1048576K
}
Event: 2.349 GC heap before
{Heap before GC invocations=6 (full 0):
 garbage-first heap   total 393216K, used 210970K [0x000001dfe2000000, 0x000005dfe2000000)
  region size 32768K, 2 young (65536K), 1 survivors (32768K)
 Metaspace       used 16552K, committed 16768K, reserved 1114112K
  class space    used 1560K, committed 1664K, reserved 1048576K
}
Event: 2.359 GC heap after
{Heap after GC invocations=7 (full 0):
 garbage-first heap   total 393216K, used 85748K [0x000001dfe2000000, 0x000005dfe2000000)
  region size 32768K, 1 young (32768K), 1 survivors (32768K)
 Metaspace       used 16552K, committed 16768K, reserved 1114112K
  class space    used 1560K, committed 1664K, reserved 1048576K
}
Event: 3.015 GC heap before
{Heap before GC invocations=8 (full 0):
 garbage-first heap   total 393216K, used 216820K [0x000001dfe2000000, 0x000005dfe2000000)
  region size 32768K, 5 young (163840K), 1 survivors (32768K)
 Metaspace       used 17164K, committed 17344K, reserved 1114112K
  class space    used 1638K, committed 1728K, reserved 1048576K
}
Event: 3.031 GC heap after
{Heap after GC invocations=9 (full 0):
 garbage-first heap   total 491520K, used 207561K [0x000001dfe2000000, 0x000005dfe2000000)
  region size 32768K, 1 young (32768K), 1 survivors (32768K)
 Metaspace       used 17164K, committed 17344K, reserved 1114112K
  class space    used 1638K, committed 1728K, reserved 1048576K
}
Event: 4.415 GC heap before
{Heap before GC invocations=9 (full 0):
 garbage-first heap   total 491520K, used 240329K [0x000001dfe2000000, 0x000005dfe2000000)
  region size 32768K, 2 young (65536K), 1 survivors (32768K)
 Metaspace       used 17385K, committed 17664K, reserved 1114112K
  class space    used 1670K, committed 1792K, reserved 1048576K
}
Event: 4.430 GC heap after
{Heap after GC invocations=10 (full 0):
 garbage-first heap   total 491520K, used 238201K [0x000001dfe2000000, 0x000005dfe2000000)
  region size 32768K, 1 young (32768K), 1 survivors (32768K)
 Metaspace       used 17385K, committed 17664K, reserved 1114112K
  class space    used 1670K, committed 1792K, reserved 1048576K
}
Event: 6.038 GC heap before
{Heap before GC invocations=10 (full 0):
 garbage-first heap   total 491520K, used 270969K [0x000001dfe2000000, 0x000005dfe2000000)
  region size 32768K, 2 young (65536K), 1 survivors (32768K)
 Metaspace       used 17385K, committed 17664K, reserved 1114112K
  class space    used 1670K, committed 1792K, reserved 1048576K
}
Event: 6.059 GC heap after
{Heap after GC invocations=11 (full 0):
 garbage-first heap   total 491520K, used 272558K [0x000001dfe2000000, 0x000005dfe2000000)
  region size 32768K, 1 young (32768K), 1 survivors (32768K)
 Metaspace       used 17385K, committed 17664K, reserved 1114112K
  class space    used 1670K, committed 1792K, reserved 1048576K
}
Event: 19.567 GC heap before
{Heap before GC invocations=12 (full 0):
 garbage-first heap   total 557056K, used 305326K [0x000001dfe2000000, 0x000005dfe2000000)
  region size 32768K, 2 young (65536K), 1 survivors (32768K)
 Metaspace       used 23430K, committed 23744K, reserved 1114112K
  class space    used 2482K, committed 2624K, reserved 1048576K
}
Event: 19.582 GC heap after
{Heap after GC invocations=13 (full 0):
 garbage-first heap   total 557056K, used 299933K [0x000001dfe2000000, 0x000005dfe2000000)
  region size 32768K, 1 young (32768K), 1 survivors (32768K)
 Metaspace       used 23430K, committed 23744K, reserved 1114112K
  class space    used 2482K, committed 2624K, reserved 1048576K
}
Event: 34.976 GC heap before
{Heap before GC invocations=13 (full 0):
 garbage-first heap   total 557056K, used 332701K [0x000001dfe2000000, 0x000005dfe2000000)
  region size 32768K, 2 young (65536K), 1 survivors (32768K)
 Metaspace       used 23637K, committed 23936K, reserved 1114112K
  class space    used 2484K, committed 2624K, reserved 1048576K
}
Event: 34.989 GC heap after
{Heap after GC invocations=14 (full 0):
 garbage-first heap   total 557056K, used 327959K [0x000001dfe2000000, 0x000005dfe2000000)
  region size 32768K, 1 young (32768K), 1 survivors (32768K)
 Metaspace       used 23637K, committed 23936K, reserved 1114112K
  class space    used 2484K, committed 2624K, reserved 1048576K
}

