# JRE version: OpenJDK Runtime Environment JBR-17.0.9+8-1166.2-jcef (17.0.9+8) (build 17.0.9+8-b1166.2)
# Java VM: OpenJDK 64-Bit Server VM JBR-17.0.9+8-1166.2-jcef (17.0.9+8-b1166.2, mixed mode, tiered, compressed class ptrs, g1 gc, windows-amd64)
GC Precious Log:
 CPUs: 12 total, 12 available
 Memory: 16254M
 Large Page Support: Disabled
 NUMA Support: Disabled
 Compressed Oops: Disabled
 Heap Region Size: 32M
 Heap Min Capacity: 32M
 Heap Initial Capacity: 256M
 Heap Max Capacity: 4096G
 Pre-touch: Disabled
 Parallel Workers: 10
 Concurrent Workers: 3
 Concurrent Refinement Workers: 10
 Periodic GC: Disabled
Heap:
 garbage-first heap   total 524288K, used 221128K [0x0000021680000000, 0x0000061680000000)
  region size 32768K, 2 young (65536K), 1 survivors (32768K)
 Metaspace       used 21345K, committed 21632K, reserved 1114112K
  class space    used 2172K, committed 2304K, reserved 1048576K
GC Heap History (20 events):
Event: 1.070 GC heap before
{Heap before GC invocations=0 (full 0):
 garbage-first heap   total 262144K, used 0K [0x0000021680000000, 0x0000061680000000)
  region size 32768K, 1 young (32768K), 0 survivors (0K)
 Metaspace       used 16471K, committed 16704K, reserved 1114112K
  class space    used 1552K, committed 1664K, reserved 1048576K
}
Event: 1.080 GC heap after
{Heap after GC invocations=1 (full 0):
 garbage-first heap   total 262144K, used 6548K [0x0000021680000000, 0x0000061680000000)
  region size 32768K, 1 young (32768K), 1 survivors (32768K)
 Metaspace       used 16471K, committed 16704K, reserved 1114112K
  class space    used 1552K, committed 1664K, reserved 1048576K
}
Event: 1.183 GC heap before
{Heap before GC invocations=1 (full 0):
 garbage-first heap   total 262144K, used 6548K [0x0000021680000000, 0x0000061680000000)
  region size 32768K, 2 young (65536K), 1 survivors (32768K)
 Metaspace       used 16493K, committed 16768K, reserved 1114112K
  class space    used 1552K, committed 1664K, reserved 1048576K
}
Event: 1.191 GC heap after
{Heap after GC invocations=2 (full 0):
 garbage-first heap   total 262144K, used 15346K [0x0000021680000000, 0x0000061680000000)
  region size 32768K, 1 young (32768K), 1 survivors (32768K)
 Metaspace       used 16493K, committed 16768K, reserved 1114112K
  class space    used 1552K, committed 1664K, reserved 1048576K
}
Event: 1.483 GC heap before
{Heap before GC invocations=2 (full 0):
 garbage-first heap   total 262144K, used 48114K [0x0000021680000000, 0x0000061680000000)
  region size 32768K, 2 young (65536K), 1 survivors (32768K)
 Metaspace       used 16501K, committed 16768K, reserved 1114112K
  class space    used 1552K, committed 1664K, reserved 1048576K
}
Event: 1.495 GC heap after
{Heap after GC invocations=3 (full 0):
 garbage-first heap   total 262144K, used 31106K [0x0000021680000000, 0x0000061680000000)
  region size 32768K, 1 young (32768K), 1 survivors (32768K)
 Metaspace       used 16501K, committed 16768K, reserved 1114112K
  class space    used 1552K, committed 1664K, reserved 1048576K
}
Event: 1.525 GC heap before
{Heap before GC invocations=3 (full 0):
 garbage-first heap   total 262144K, used 31106K [0x0000021680000000, 0x0000061680000000)
  region size 32768K, 2 young (65536K), 1 survivors (32768K)
 Metaspace       used 16501K, committed 16768K, reserved 1114112K
  class space    used 1552K, committed 1664K, reserved 1048576K
}
Event: 1.538 GC heap after
{Heap after GC invocations=4 (full 0):
 garbage-first heap   total 262144K, used 47284K [0x0000021680000000, 0x0000061680000000)
  region size 32768K, 1 young (32768K), 1 survivors (32768K)
 Metaspace       used 16501K, committed 16768K, reserved 1114112K
  class space    used 1552K, committed 1664K, reserved 1048576K
}
Event: 1.701 GC heap before
{Heap before GC invocations=4 (full 0):
 garbage-first heap   total 262144K, used 80052K [0x0000021680000000, 0x0000061680000000)
  region size 32768K, 2 young (65536K), 1 survivors (32768K)
 Metaspace       used 16852K, committed 17152K, reserved 1114112K
  class space    used 1603K, committed 1728K, reserved 1048576K
}
Event: 1.713 GC heap after
{Heap after GC invocations=5 (full 0):
 garbage-first heap   total 262144K, used 106502K [0x0000021680000000, 0x0000061680000000)
  region size 32768K, 1 young (32768K), 1 survivors (32768K)
 Metaspace       used 16852K, committed 17152K, reserved 1114112K
  class space    used 1603K, committed 1728K, reserved 1048576K
}
Event: 1.735 GC heap before
{Heap before GC invocations=5 (full 0):
 garbage-first heap   total 262144K, used 106502K [0x0000021680000000, 0x0000061680000000)
  region size 32768K, 2 young (65536K), 1 survivors (32768K)
 Metaspace       used 16855K, committed 17152K, reserved 1114112K
  class space    used 1603K, committed 1728K, reserved 1048576K
}
Event: 1.749 GC heap after
{Heap after GC invocations=6 (full 0):
 garbage-first heap   total 524288K, used 140558K [0x0000021680000000, 0x0000061680000000)
  region size 32768K, 1 young (32768K), 1 survivors (32768K)
 Metaspace       used 16855K, committed 17152K, reserved 1114112K
  class space    used 1603K, committed 1728K, reserved 1048576K
}
Event: 1.994 GC heap before
{Heap before GC invocations=6 (full 0):
 garbage-first heap   total 524288K, used 173326K [0x0000021680000000, 0x0000061680000000)
  region size 32768K, 2 young (65536K), 1 survivors (32768K)
 Metaspace       used 16951K, committed 17152K, reserved 1114112K
  class space    used 1619K, committed 1728K, reserved 1048576K
}
Event: 2.008 GC heap after
{Heap after GC invocations=7 (full 0):
 garbage-first heap   total 524288K, used 164896K [0x0000021680000000, 0x0000061680000000)
  region size 32768K, 1 young (32768K), 1 survivors (32768K)
 Metaspace       used 16951K, committed 17152K, reserved 1114112K
  class space    used 1619K, committed 1728K, reserved 1048576K
}
Event: 2.339 GC heap before
{Heap before GC invocations=7 (full 0):
 garbage-first heap   total 524288K, used 197664K [0x0000021680000000, 0x0000061680000000)
  region size 32768K, 2 young (65536K), 1 survivors (32768K)
 Metaspace       used 16965K, committed 17152K, reserved 1114112K
  class space    used 1621K, committed 1728K, reserved 1048576K
}
Event: 2.358 GC heap after
{Heap after GC invocations=8 (full 0):
 garbage-first heap   total 524288K, used 199154K [0x0000021680000000, 0x0000061680000000)
  region size 32768K, 1 young (32768K), 1 survivors (32768K)
 Metaspace       used 16965K, committed 17152K, reserved 1114112K
  class space    used 1621K, committed 1728K, reserved 1048576K
}
Event: 7.441 GC heap before
{Heap before GC invocations=8 (full 0):
 garbage-first heap   total 524288K, used 231922K [0x0000021680000000, 0x0000061680000000)
  region size 32768K, 2 young (65536K), 1 survivors (32768K)
 Metaspace       used 21255K, committed 21504K, reserved 1114112K
  class space    used 2171K, committed 2304K, reserved 1048576K
}
Event: 7.454 GC heap after
{Heap after GC invocations=9 (full 0):
 garbage-first heap   total 524288K, used 217205K [0x0000021680000000, 0x0000061680000000)
  region size 32768K, 1 young (32768K), 1 survivors (32768K)
 Metaspace       used 21255K, committed 21504K, reserved 1114112K
  class space    used 2171K, committed 2304K, reserved 1048576K
}
Event: 7.602 GC heap before
{Heap before GC invocations=9 (full 0):
 garbage-first heap   total 524288K, used 217205K [0x0000021680000000, 0x0000061680000000)
  region size 32768K, 2 young (65536K), 1 survivors (32768K)
 Metaspace       used 21262K, committed 21504K, reserved 1114112K
  class space    used 2171K, committed 2304K, reserved 1048576K
}
Event: 7.611 GC heap after
{Heap after GC invocations=10 (full 0):
 garbage-first heap   total 524288K, used 221128K [0x0000021680000000, 0x0000061680000000)
  region size 32768K, 1 young (32768K), 1 survivors (32768K)
 Metaspace       used 21262K, committed 21504K, reserved 1114112K
  class space    used 2171K, committed 2304K, reserved 1048576K
}

