# JRE version: OpenJDK Runtime Environment JBR-17.0.9+8-1166.2-jcef (17.0.9+8) (build 17.0.9+8-b1166.2)
# Java VM: OpenJDK 64-Bit Server VM JBR-17.0.9+8-1166.2-jcef (17.0.9+8-b1166.2, mixed mode, tiered, compressed class ptrs, g1 gc, windows-amd64)
GC Precious Log:
 CPUs: 12 total, 12 available
 Memory: 16254M
 Large Page Support: Disabled
 NUMA Support: Disabled
 Compressed Oops: Disabled
 Heap Region Size: 32M
 Heap Min Capacity: 32M
 Heap Initial Capacity: 256M
 Heap Max Capacity: 4096G
 Pre-touch: Disabled
 Parallel Workers: 10
 Concurrent Workers: 3
 Concurrent Refinement Workers: 10
 Periodic GC: Disabled
Heap:
 garbage-first heap   total 1048576K, used 279492K [0x0000027aec000000, 0x0000067aec000000)
  region size 32768K, 3 young (98304K), 1 survivors (32768K)
 Metaspace       used 23148K, committed 23488K, reserved 1114112K
  class space    used 2334K, committed 2496K, reserved 1048576K
GC Heap History (18 events):
Event: 0.976 GC heap before
{Heap before GC invocations=0 (full 0):
 garbage-first heap   total 262144K, used 0K [0x0000027aec000000, 0x0000067aec000000)
  region size 32768K, 1 young (32768K), 0 survivors (0K)
 Metaspace       used 15906K, committed 16128K, reserved 1114112K
  class space    used 1495K, committed 1600K, reserved 1048576K
}
Event: 0.987 GC heap after
{Heap after GC invocations=1 (full 0):
 garbage-first heap   total 262144K, used 5957K [0x0000027aec000000, 0x0000067aec000000)
  region size 32768K, 1 young (32768K), 1 survivors (32768K)
 Metaspace       used 15906K, committed 16128K, reserved 1114112K
  class space    used 1495K, committed 1600K, reserved 1048576K
}
Event: 1.101 GC heap before
{Heap before GC invocations=1 (full 0):
 garbage-first heap   total 262144K, used 5957K [0x0000027aec000000, 0x0000067aec000000)
  region size 32768K, 2 young (65536K), 1 survivors (32768K)
 Metaspace       used 16526K, committed 16768K, reserved 1114112K
  class space    used 1554K, committed 1664K, reserved 1048576K
}
Event: 1.108 GC heap after
{Heap after GC invocations=2 (full 0):
 garbage-first heap   total 262144K, used 15276K [0x0000027aec000000, 0x0000067aec000000)
  region size 32768K, 1 young (32768K), 1 survivors (32768K)
 Metaspace       used 16526K, committed 16768K, reserved 1114112K
  class space    used 1554K, committed 1664K, reserved 1048576K
}
Event: 1.391 GC heap before
{Heap before GC invocations=2 (full 0):
 garbage-first heap   total 262144K, used 48044K [0x0000027aec000000, 0x0000067aec000000)
  region size 32768K, 2 young (65536K), 1 survivors (32768K)
 Metaspace       used 16534K, committed 16768K, reserved 1114112K
  class space    used 1554K, committed 1664K, reserved 1048576K
}
Event: 1.404 GC heap after
{Heap after GC invocations=3 (full 0):
 garbage-first heap   total 262144K, used 31204K [0x0000027aec000000, 0x0000067aec000000)
  region size 32768K, 1 young (32768K), 1 survivors (32768K)
 Metaspace       used 16534K, committed 16768K, reserved 1114112K
  class space    used 1554K, committed 1664K, reserved 1048576K
}
Event: 1.434 GC heap before
{Heap before GC invocations=3 (full 0):
 garbage-first heap   total 262144K, used 31204K [0x0000027aec000000, 0x0000067aec000000)
  region size 32768K, 2 young (65536K), 1 survivors (32768K)
 Metaspace       used 16534K, committed 16768K, reserved 1114112K
  class space    used 1554K, committed 1664K, reserved 1048576K
}
Event: 1.448 GC heap after
{Heap after GC invocations=4 (full 0):
 garbage-first heap   total 262144K, used 47398K [0x0000027aec000000, 0x0000067aec000000)
  region size 32768K, 1 young (32768K), 1 survivors (32768K)
 Metaspace       used 16534K, committed 16768K, reserved 1114112K
  class space    used 1554K, committed 1664K, reserved 1048576K
}
Event: 1.612 GC heap before
{Heap before GC invocations=4 (full 0):
 garbage-first heap   total 262144K, used 80166K [0x0000027aec000000, 0x0000067aec000000)
  region size 32768K, 2 young (65536K), 1 survivors (32768K)
 Metaspace       used 16886K, committed 17152K, reserved 1114112K
  class space    used 1605K, committed 1728K, reserved 1048576K
}
Event: 1.624 GC heap after
{Heap after GC invocations=5 (full 0):
 garbage-first heap   total 524288K, used 106501K [0x0000027aec000000, 0x0000067aec000000)
  region size 32768K, 1 young (32768K), 1 survivors (32768K)
 Metaspace       used 16886K, committed 17152K, reserved 1114112K
  class space    used 1605K, committed 1728K, reserved 1048576K
}
Event: 1.658 GC heap before
{Heap before GC invocations=5 (full 0):
 garbage-first heap   total 524288K, used 106501K [0x0000027aec000000, 0x0000067aec000000)
  region size 32768K, 2 young (65536K), 1 survivors (32768K)
 Metaspace       used 16890K, committed 17152K, reserved 1114112K
  class space    used 1605K, committed 1728K, reserved 1048576K
}
Event: 1.674 GC heap after
{Heap after GC invocations=6 (full 0):
 garbage-first heap   total 524288K, used 162429K [0x0000027aec000000, 0x0000067aec000000)
  region size 32768K, 1 young (32768K), 1 survivors (32768K)
 Metaspace       used 16890K, committed 17152K, reserved 1114112K
  class space    used 1605K, committed 1728K, reserved 1048576K
}
Event: 1.842 GC heap before
{Heap before GC invocations=6 (full 0):
 garbage-first heap   total 524288K, used 195197K [0x0000027aec000000, 0x0000067aec000000)
  region size 32768K, 2 young (65536K), 1 survivors (32768K)
 Metaspace       used 17219K, committed 17408K, reserved 1114112K
  class space    used 1643K, committed 1728K, reserved 1048576K
}
Event: 1.854 GC heap after
{Heap after GC invocations=7 (full 0):
 garbage-first heap   total 524288K, used 170700K [0x0000027aec000000, 0x0000067aec000000)
  region size 32768K, 1 young (32768K), 1 survivors (32768K)
 Metaspace       used 17219K, committed 17408K, reserved 1114112K
  class space    used 1643K, committed 1728K, reserved 1048576K
}
Event: 2.693 GC heap before
{Heap before GC invocations=7 (full 0):
 garbage-first heap   total 524288K, used 236236K [0x0000027aec000000, 0x0000067aec000000)
  region size 32768K, 3 young (98304K), 1 survivors (32768K)
 Metaspace       used 18604K, committed 18880K, reserved 1114112K
  class space    used 1810K, committed 1920K, reserved 1048576K
}
Event: 2.716 GC heap after
{Heap after GC invocations=8 (full 0):
 garbage-first heap   total 524288K, used 241535K [0x0000027aec000000, 0x0000067aec000000)
  region size 32768K, 1 young (32768K), 1 survivors (32768K)
 Metaspace       used 18604K, committed 18880K, reserved 1114112K
  class space    used 1810K, committed 1920K, reserved 1048576K
}
Event: 3.856 GC heap before
{Heap before GC invocations=8 (full 0):
 garbage-first heap   total 524288K, used 241535K [0x0000027aec000000, 0x0000067aec000000)
  region size 32768K, 2 young (65536K), 1 survivors (32768K)
 Metaspace       used 21177K, committed 21504K, reserved 1114112K
  class space    used 2194K, committed 2368K, reserved 1048576K
}
Event: 3.869 GC heap after
{Heap after GC invocations=9 (full 0):
 garbage-first heap   total 1048576K, used 246724K [0x0000027aec000000, 0x0000067aec000000)
  region size 32768K, 1 young (32768K), 1 survivors (32768K)
 Metaspace       used 21177K, committed 21504K, reserved 1114112K
  class space    used 2194K, committed 2368K, reserved 1048576K
}

