# JRE version: OpenJDK Runtime Environment JBR-17.0.9+8-1166.2-jcef (17.0.9+8) (build 17.0.9+8-b1166.2)
# Java VM: OpenJDK 64-Bit Server VM JBR-17.0.9+8-1166.2-jcef (17.0.9+8-b1166.2, mixed mode, tiered, compressed class ptrs, g1 gc, windows-amd64)
GC Precious Log:
 CPUs: 12 total, 12 available
 Memory: 16254M
 Large Page Support: Disabled
 NUMA Support: Disabled
 Compressed Oops: Disabled
 Heap Region Size: 32M
 Heap Min Capacity: 32M
 Heap Initial Capacity: 256M
 Heap Max Capacity: 4096G
 Pre-touch: Disabled
 Parallel Workers: 10
 Concurrent Workers: 3
 Concurrent Refinement Workers: 10
 Periodic GC: Disabled
Heap:
 garbage-first heap   total 524288K, used 225357K [0x000001385c000000, 0x000005385c000000)
  region size 32768K, 2 young (65536K), 1 survivors (32768K)
 Metaspace       used 21220K, committed 21504K, reserved 1114112K
  class space    used 2182K, committed 2304K, reserved 1048576K
GC Heap History (18 events):
Event: 1.061 GC heap before
{Heap before GC invocations=0 (full 0):
 garbage-first heap   total 262144K, used 0K [0x000001385c000000, 0x000005385c000000)
  region size 32768K, 1 young (32768K), 0 survivors (0K)
 Metaspace       used 16469K, committed 16704K, reserved 1114112K
  class space    used 1552K, committed 1664K, reserved 1048576K
}
Event: 1.071 GC heap after
{Heap after GC invocations=1 (full 0):
 garbage-first heap   total 262144K, used 6148K [0x000001385c000000, 0x000005385c000000)
  region size 32768K, 1 young (32768K), 1 survivors (32768K)
 Metaspace       used 16469K, committed 16704K, reserved 1114112K
  class space    used 1552K, committed 1664K, reserved 1048576K
}
Event: 1.178 GC heap before
{Heap before GC invocations=1 (full 0):
 garbage-first heap   total 262144K, used 6148K [0x000001385c000000, 0x000005385c000000)
  region size 32768K, 2 young (65536K), 1 survivors (32768K)
 Metaspace       used 16492K, committed 16768K, reserved 1114112K
  class space    used 1552K, committed 1664K, reserved 1048576K
}
Event: 1.186 GC heap after
{Heap after GC invocations=2 (full 0):
 garbage-first heap   total 262144K, used 15495K [0x000001385c000000, 0x000005385c000000)
  region size 32768K, 1 young (32768K), 1 survivors (32768K)
 Metaspace       used 16492K, committed 16768K, reserved 1114112K
  class space    used 1552K, committed 1664K, reserved 1048576K
}
Event: 1.481 GC heap before
{Heap before GC invocations=2 (full 0):
 garbage-first heap   total 262144K, used 48263K [0x000001385c000000, 0x000005385c000000)
  region size 32768K, 2 young (65536K), 1 survivors (32768K)
 Metaspace       used 16501K, committed 16768K, reserved 1114112K
  class space    used 1552K, committed 1664K, reserved 1048576K
}
Event: 1.493 GC heap after
{Heap after GC invocations=3 (full 0):
 garbage-first heap   total 262144K, used 31586K [0x000001385c000000, 0x000005385c000000)
  region size 32768K, 1 young (32768K), 1 survivors (32768K)
 Metaspace       used 16501K, committed 16768K, reserved 1114112K
  class space    used 1552K, committed 1664K, reserved 1048576K
}
Event: 1.524 GC heap before
{Heap before GC invocations=3 (full 0):
 garbage-first heap   total 262144K, used 31586K [0x000001385c000000, 0x000005385c000000)
  region size 32768K, 2 young (65536K), 1 survivors (32768K)
 Metaspace       used 16501K, committed 16768K, reserved 1114112K
  class space    used 1552K, committed 1664K, reserved 1048576K
}
Event: 1.536 GC heap after
{Heap after GC invocations=4 (full 0):
 garbage-first heap   total 262144K, used 47396K [0x000001385c000000, 0x000005385c000000)
  region size 32768K, 1 young (32768K), 1 survivors (32768K)
 Metaspace       used 16501K, committed 16768K, reserved 1114112K
  class space    used 1552K, committed 1664K, reserved 1048576K
}
Event: 1.714 GC heap before
{Heap before GC invocations=4 (full 0):
 garbage-first heap   total 262144K, used 80164K [0x000001385c000000, 0x000005385c000000)
  region size 32768K, 2 young (65536K), 1 survivors (32768K)
 Metaspace       used 16852K, committed 17152K, reserved 1114112K
  class space    used 1603K, committed 1728K, reserved 1048576K
}
Event: 1.726 GC heap after
{Heap after GC invocations=5 (full 0):
 garbage-first heap   total 262144K, used 106647K [0x000001385c000000, 0x000005385c000000)
  region size 32768K, 1 young (32768K), 1 survivors (32768K)
 Metaspace       used 16852K, committed 17152K, reserved 1114112K
  class space    used 1603K, committed 1728K, reserved 1048576K
}
Event: 1.748 GC heap before
{Heap before GC invocations=5 (full 0):
 garbage-first heap   total 262144K, used 106647K [0x000001385c000000, 0x000005385c000000)
  region size 32768K, 2 young (65536K), 1 survivors (32768K)
 Metaspace       used 16854K, committed 17152K, reserved 1114112K
  class space    used 1603K, committed 1728K, reserved 1048576K
}
Event: 1.762 GC heap after
{Heap after GC invocations=6 (full 0):
 garbage-first heap   total 524288K, used 140313K [0x000001385c000000, 0x000005385c000000)
  region size 32768K, 1 young (32768K), 1 survivors (32768K)
 Metaspace       used 16854K, committed 17152K, reserved 1114112K
  class space    used 1603K, committed 1728K, reserved 1048576K
}
Event: 2.015 GC heap before
{Heap before GC invocations=6 (full 0):
 garbage-first heap   total 524288K, used 173081K [0x000001385c000000, 0x000005385c000000)
  region size 32768K, 2 young (65536K), 1 survivors (32768K)
 Metaspace       used 16949K, committed 17152K, reserved 1114112K
  class space    used 1619K, committed 1728K, reserved 1048576K
}
Event: 2.028 GC heap after
{Heap after GC invocations=7 (full 0):
 garbage-first heap   total 524288K, used 172961K [0x000001385c000000, 0x000005385c000000)
  region size 32768K, 1 young (32768K), 1 survivors (32768K)
 Metaspace       used 16949K, committed 17152K, reserved 1114112K
  class space    used 1619K, committed 1728K, reserved 1048576K
}
Event: 2.368 GC heap before
{Heap before GC invocations=7 (full 0):
 garbage-first heap   total 524288K, used 205729K [0x000001385c000000, 0x000005385c000000)
  region size 32768K, 2 young (65536K), 1 survivors (32768K)
 Metaspace       used 16964K, committed 17152K, reserved 1114112K
  class space    used 1621K, committed 1728K, reserved 1048576K
}
Event: 2.387 GC heap after
{Heap after GC invocations=8 (full 0):
 garbage-first heap   total 524288K, used 205574K [0x000001385c000000, 0x000005385c000000)
  region size 32768K, 1 young (32768K), 1 survivors (32768K)
 Metaspace       used 16964K, committed 17152K, reserved 1114112K
  class space    used 1621K, committed 1728K, reserved 1048576K
}
Event: 5.867 GC heap before
{Heap before GC invocations=8 (full 0):
 garbage-first heap   total 524288K, used 238342K [0x000001385c000000, 0x000005385c000000)
  region size 32768K, 2 young (65536K), 1 survivors (32768K)
 Metaspace       used 21218K, committed 21504K, reserved 1114112K
  class space    used 2182K, committed 2304K, reserved 1048576K
}
Event: 5.886 GC heap after
{Heap after GC invocations=9 (full 0):
 garbage-first heap   total 524288K, used 225357K [0x000001385c000000, 0x000005385c000000)
  region size 32768K, 1 young (32768K), 1 survivors (32768K)
 Metaspace       used 21218K, committed 21504K, reserved 1114112K
  class space    used 2182K, committed 2304K, reserved 1048576K
}

