# JRE version: OpenJDK Runtime Environment JBR-17.0.9+8-1166.2-jcef (17.0.9+8) (build 17.0.9+8-b1166.2)
# Java VM: OpenJDK 64-Bit Server VM JBR-17.0.9+8-1166.2-jcef (17.0.9+8-b1166.2, mixed mode, tiered, compressed class ptrs, g1 gc, windows-amd64)
GC Precious Log:
 CPUs: 12 total, 12 available
 Memory: 16254M
 Large Page Support: Disabled
 NUMA Support: Disabled
 Compressed Oops: Disabled
 Heap Region Size: 32M
 Heap Min Capacity: 32M
 Heap Initial Capacity: 256M
 Heap Max Capacity: 4096G
 Pre-touch: Disabled
 Parallel Workers: 10
 Concurrent Workers: 3
 Concurrent Refinement Workers: 10
 Periodic GC: Disabled
Heap:
 garbage-first heap   total 557056K, used 260895K [0x000001c73a000000, 0x000005c73a000000)
  region size 32768K, 2 young (65536K), 1 survivors (32768K)
 Metaspace       used 22581K, committed 22848K, reserved 1114112K
  class space    used 2296K, committed 2432K, reserved 1048576K
GC Heap History (20 events):
Event: 1.264 GC heap before
{Heap before GC invocations=1 (full 0):
 garbage-first heap   total 262144K, used 38883K [0x000001c73a000000, 0x000005c73a000000)
  region size 32768K, 2 young (65536K), 1 survivors (32768K)
 Metaspace       used 16585K, committed 16832K, reserved 1114112K
  class space    used 1557K, committed 1664K, reserved 1048576K
}
Event: 1.271 GC heap after
{Heap after GC invocations=2 (full 0):
 garbage-first heap   total 262144K, used 15558K [0x000001c73a000000, 0x000005c73a000000)
  region size 32768K, 1 young (32768K), 1 survivors (32768K)
 Metaspace       used 16585K, committed 16832K, reserved 1114112K
  class space    used 1557K, committed 1664K, reserved 1048576K
}
Event: 1.594 GC heap before
{Heap before GC invocations=2 (full 0):
 garbage-first heap   total 262144K, used 48326K [0x000001c73a000000, 0x000005c73a000000)
  region size 32768K, 2 young (65536K), 1 survivors (32768K)
 Metaspace       used 16594K, committed 16832K, reserved 1114112K
  class space    used 1557K, committed 1664K, reserved 1048576K
}
Event: 1.605 GC heap after
{Heap after GC invocations=3 (full 0):
 garbage-first heap   total 262144K, used 31257K [0x000001c73a000000, 0x000005c73a000000)
  region size 32768K, 1 young (32768K), 1 survivors (32768K)
 Metaspace       used 16594K, committed 16832K, reserved 1114112K
  class space    used 1557K, committed 1664K, reserved 1048576K
}
Event: 1.634 GC heap before
{Heap before GC invocations=3 (full 0):
 garbage-first heap   total 262144K, used 31257K [0x000001c73a000000, 0x000005c73a000000)
  region size 32768K, 2 young (65536K), 1 survivors (32768K)
 Metaspace       used 16594K, committed 16832K, reserved 1114112K
  class space    used 1557K, committed 1664K, reserved 1048576K
}
Event: 1.648 GC heap after
{Heap after GC invocations=4 (full 0):
 garbage-first heap   total 262144K, used 47312K [0x000001c73a000000, 0x000005c73a000000)
  region size 32768K, 1 young (32768K), 1 survivors (32768K)
 Metaspace       used 16594K, committed 16832K, reserved 1114112K
  class space    used 1557K, committed 1664K, reserved 1048576K
}
Event: 1.822 GC heap before
{Heap before GC invocations=4 (full 0):
 garbage-first heap   total 262144K, used 80080K [0x000001c73a000000, 0x000005c73a000000)
  region size 32768K, 2 young (65536K), 1 survivors (32768K)
 Metaspace       used 16945K, committed 17216K, reserved 1114112K
  class space    used 1609K, committed 1728K, reserved 1048576K
}
Event: 1.833 GC heap after
{Heap after GC invocations=5 (full 0):
 garbage-first heap   total 262144K, used 129845K [0x000001c73a000000, 0x000005c73a000000)
  region size 32768K, 1 young (32768K), 1 survivors (32768K)
 Metaspace       used 16945K, committed 17216K, reserved 1114112K
  class space    used 1609K, committed 1728K, reserved 1048576K
}
Event: 1.856 GC heap before
{Heap before GC invocations=5 (full 0):
 garbage-first heap   total 262144K, used 129845K [0x000001c73a000000, 0x000005c73a000000)
  region size 32768K, 2 young (65536K), 1 survivors (32768K)
 Metaspace       used 16949K, committed 17216K, reserved 1114112K
  class space    used 1609K, committed 1728K, reserved 1048576K
}
Event: 1.870 GC heap after
{Heap after GC invocations=6 (full 0):
 garbage-first heap   total 524288K, used 173326K [0x000001c73a000000, 0x000005c73a000000)
  region size 32768K, 1 young (32768K), 1 survivors (32768K)
 Metaspace       used 16949K, committed 17216K, reserved 1114112K
  class space    used 1609K, committed 1728K, reserved 1048576K
}
Event: 2.124 GC heap before
{Heap before GC invocations=6 (full 0):
 garbage-first heap   total 524288K, used 206094K [0x000001c73a000000, 0x000005c73a000000)
  region size 32768K, 2 young (65536K), 1 survivors (32768K)
 Metaspace       used 17408K, committed 17600K, reserved 1114112K
  class space    used 1667K, committed 1728K, reserved 1048576K
}
Event: 2.146 GC heap after
{Heap after GC invocations=7 (full 0):
 garbage-first heap   total 524288K, used 185641K [0x000001c73a000000, 0x000005c73a000000)
  region size 32768K, 1 young (32768K), 1 survivors (32768K)
 Metaspace       used 17408K, committed 17600K, reserved 1114112K
  class space    used 1667K, committed 1728K, reserved 1048576K
}
Event: 4.037 GC heap before
{Heap before GC invocations=7 (full 0):
 garbage-first heap   total 524288K, used 218409K [0x000001c73a000000, 0x000005c73a000000)
  region size 32768K, 2 young (65536K), 1 survivors (32768K)
 Metaspace       used 17440K, committed 17664K, reserved 1114112K
  class space    used 1672K, committed 1728K, reserved 1048576K
}
Event: 4.055 GC heap after
{Heap after GC invocations=8 (full 0):
 garbage-first heap   total 524288K, used 226809K [0x000001c73a000000, 0x000005c73a000000)
  region size 32768K, 1 young (32768K), 1 survivors (32768K)
 Metaspace       used 17440K, committed 17664K, reserved 1114112K
  class space    used 1672K, committed 1728K, reserved 1048576K
}
Event: 5.828 GC heap before
{Heap before GC invocations=8 (full 0):
 garbage-first heap   total 524288K, used 259577K [0x000001c73a000000, 0x000005c73a000000)
  region size 32768K, 2 young (65536K), 1 survivors (32768K)
 Metaspace       used 19948K, committed 20224K, reserved 1114112K
  class space    used 2042K, committed 2176K, reserved 1048576K
}
Event: 5.845 GC heap after
{Heap after GC invocations=9 (full 0):
 garbage-first heap   total 524288K, used 258816K [0x000001c73a000000, 0x000005c73a000000)
  region size 32768K, 1 young (32768K), 1 survivors (32768K)
 Metaspace       used 19948K, committed 20224K, reserved 1114112K
  class space    used 2042K, committed 2176K, reserved 1048576K
}
Event: 7.251 GC heap before
{Heap before GC invocations=9 (full 0):
 garbage-first heap   total 524288K, used 258816K [0x000001c73a000000, 0x000005c73a000000)
  region size 32768K, 2 young (65536K), 1 survivors (32768K)
 Metaspace       used 21218K, committed 21504K, reserved 1114112K
  class space    used 2179K, committed 2304K, reserved 1048576K
}
Event: 7.261 GC heap after
{Heap after GC invocations=10 (full 0):
 garbage-first heap   total 524288K, used 263573K [0x000001c73a000000, 0x000005c73a000000)
  region size 32768K, 1 young (32768K), 1 survivors (32768K)
 Metaspace       used 21218K, committed 21504K, reserved 1114112K
  class space    used 2179K, committed 2304K, reserved 1048576K
}
Event: 29.677 GC heap before
{Heap before GC invocations=11 (full 0):
 garbage-first heap   total 557056K, used 296341K [0x000001c73a000000, 0x000005c73a000000)
  region size 32768K, 2 young (65536K), 1 survivors (32768K)
 Metaspace       used 22551K, committed 22784K, reserved 1114112K
  class space    used 2294K, committed 2432K, reserved 1048576K
}
Event: 29.684 GC heap after
{Heap after GC invocations=12 (full 0):
 garbage-first heap   total 557056K, used 260895K [0x000001c73a000000, 0x000005c73a000000)
  region size 32768K, 1 young (32768K), 1 survivors (32768K)
 Metaspace       used 22551K, committed 22784K, reserved 1114112K
  class space    used 2294K, committed 2432K, reserved 1048576K
}

