# JRE version: OpenJDK Runtime Environment JBR-17.0.9+8-1166.2-jcef (17.0.9+8) (build 17.0.9+8-b1166.2)
# Java VM: OpenJDK 64-Bit Server VM JBR-17.0.9+8-1166.2-jcef (17.0.9+8-b1166.2, mixed mode, tiered, compressed class ptrs, g1 gc, windows-amd64)
GC Precious Log:
 CPUs: 12 total, 12 available
 Memory: 16254M
 Large Page Support: Disabled
 NUMA Support: Disabled
 Compressed Oops: Disabled
 Heap Region Size: 32M
 Heap Min Capacity: 32M
 Heap Initial Capacity: 256M
 Heap Max Capacity: 4096G
 Pre-touch: Disabled
 Parallel Workers: 10
 Concurrent Workers: 3
 Concurrent Refinement Workers: 10
 Periodic GC: Disabled
Heap:
 garbage-first heap   total 524288K, used 227781K [0x000002631a000000, 0x000006631a000000)
  region size 32768K, 2 young (65536K), 1 survivors (32768K)
 Metaspace       used 22358K, committed 22592K, reserved 1114112K
  class space    used 2285K, committed 2432K, reserved 1048576K
GC Heap History (20 events):
Event: 2.641 GC heap before
{Heap before GC invocations=0 (full 0):
 garbage-first heap   total 262144K, used 0K [0x000002631a000000, 0x000006631a000000)
  region size 32768K, 1 young (32768K), 0 survivors (0K)
 Metaspace       used 16508K, committed 16768K, reserved 1114112K
  class space    used 1554K, committed 1664K, reserved 1048576K
}
Event: 2.651 GC heap after
{Heap after GC invocations=1 (full 0):
 garbage-first heap   total 262144K, used 6132K [0x000002631a000000, 0x000006631a000000)
  region size 32768K, 1 young (32768K), 1 survivors (32768K)
 Metaspace       used 16508K, committed 16768K, reserved 1114112K
  class space    used 1554K, committed 1664K, reserved 1048576K
}
Event: 2.798 GC heap before
{Heap before GC invocations=1 (full 0):
 garbage-first heap   total 262144K, used 6132K [0x000002631a000000, 0x000006631a000000)
  region size 32768K, 2 young (65536K), 1 survivors (32768K)
 Metaspace       used 16586K, committed 16832K, reserved 1114112K
  class space    used 1557K, committed 1664K, reserved 1048576K
}
Event: 2.806 GC heap after
{Heap after GC invocations=2 (full 0):
 garbage-first heap   total 262144K, used 15220K [0x000002631a000000, 0x000006631a000000)
  region size 32768K, 1 young (32768K), 1 survivors (32768K)
 Metaspace       used 16586K, committed 16832K, reserved 1114112K
  class space    used 1557K, committed 1664K, reserved 1048576K
}
Event: 3.120 GC heap before
{Heap before GC invocations=2 (full 0):
 garbage-first heap   total 262144K, used 47988K [0x000002631a000000, 0x000006631a000000)
  region size 32768K, 2 young (65536K), 1 survivors (32768K)
 Metaspace       used 16594K, committed 16832K, reserved 1114112K
  class space    used 1557K, committed 1664K, reserved 1048576K
}
Event: 3.131 GC heap after
{Heap after GC invocations=3 (full 0):
 garbage-first heap   total 262144K, used 60417K [0x000002631a000000, 0x000006631a000000)
  region size 32768K, 1 young (32768K), 1 survivors (32768K)
 Metaspace       used 16594K, committed 16832K, reserved 1114112K
  class space    used 1557K, committed 1664K, reserved 1048576K
}
Event: 3.163 GC heap before
{Heap before GC invocations=3 (full 0):
 garbage-first heap   total 262144K, used 60417K [0x000002631a000000, 0x000006631a000000)
  region size 32768K, 2 young (65536K), 1 survivors (32768K)
 Metaspace       used 16594K, committed 16832K, reserved 1114112K
  class space    used 1557K, committed 1664K, reserved 1048576K
}
Event: 3.175 GC heap after
{Heap after GC invocations=4 (full 0):
 garbage-first heap   total 262144K, used 62422K [0x000002631a000000, 0x000006631a000000)
  region size 32768K, 1 young (32768K), 1 survivors (32768K)
 Metaspace       used 16594K, committed 16832K, reserved 1114112K
  class space    used 1557K, committed 1664K, reserved 1048576K
}
Event: 3.360 GC heap before
{Heap before GC invocations=4 (full 0):
 garbage-first heap   total 262144K, used 95190K [0x000002631a000000, 0x000006631a000000)
  region size 32768K, 2 young (65536K), 1 survivors (32768K)
 Metaspace       used 16945K, committed 17216K, reserved 1114112K
  class space    used 1608K, committed 1728K, reserved 1048576K
}
Event: 3.372 GC heap after
{Heap after GC invocations=5 (full 0):
 garbage-first heap   total 262144K, used 106406K [0x000002631a000000, 0x000006631a000000)
  region size 32768K, 1 young (32768K), 1 survivors (32768K)
 Metaspace       used 16945K, committed 17216K, reserved 1114112K
  class space    used 1608K, committed 1728K, reserved 1048576K
}
Event: 3.419 GC heap before
{Heap before GC invocations=5 (full 0):
 garbage-first heap   total 262144K, used 106406K [0x000002631a000000, 0x000006631a000000)
  region size 32768K, 2 young (65536K), 1 survivors (32768K)
 Metaspace       used 16949K, committed 17216K, reserved 1114112K
  class space    used 1608K, committed 1728K, reserved 1048576K
}
Event: 3.437 GC heap after
{Heap after GC invocations=6 (full 0):
 garbage-first heap   total 524288K, used 146637K [0x000002631a000000, 0x000006631a000000)
  region size 32768K, 1 young (32768K), 1 survivors (32768K)
 Metaspace       used 16949K, committed 17216K, reserved 1114112K
  class space    used 1608K, committed 1728K, reserved 1048576K
}
Event: 3.796 GC heap before
{Heap before GC invocations=6 (full 0):
 garbage-first heap   total 524288K, used 179405K [0x000002631a000000, 0x000006631a000000)
  region size 32768K, 2 young (65536K), 1 survivors (32768K)
 Metaspace       used 17409K, committed 17664K, reserved 1114112K
  class space    used 1667K, committed 1792K, reserved 1048576K
}
Event: 3.807 GC heap after
{Heap after GC invocations=7 (full 0):
 garbage-first heap   total 524288K, used 152857K [0x000002631a000000, 0x000006631a000000)
  region size 32768K, 1 young (32768K), 1 survivors (32768K)
 Metaspace       used 17409K, committed 17664K, reserved 1114112K
  class space    used 1667K, committed 1792K, reserved 1048576K
}
Event: 6.911 GC heap before
{Heap before GC invocations=7 (full 0):
 garbage-first heap   total 524288K, used 218393K [0x000002631a000000, 0x000006631a000000)
  region size 32768K, 3 young (98304K), 1 survivors (32768K)
 Metaspace       used 18963K, committed 19200K, reserved 1114112K
  class space    used 1886K, committed 1984K, reserved 1048576K
}
Event: 6.938 GC heap after
{Heap after GC invocations=8 (full 0):
 garbage-first heap   total 524288K, used 224116K [0x000002631a000000, 0x000006631a000000)
  region size 32768K, 1 young (32768K), 1 survivors (32768K)
 Metaspace       used 18963K, committed 19200K, reserved 1114112K
  class space    used 1886K, committed 1984K, reserved 1048576K
}
Event: 7.882 GC heap before
{Heap before GC invocations=8 (full 0):
 garbage-first heap   total 524288K, used 224116K [0x000002631a000000, 0x000006631a000000)
  region size 32768K, 2 young (65536K), 1 survivors (32768K)
 Metaspace       used 21207K, committed 21504K, reserved 1114112K
  class space    used 2208K, committed 2304K, reserved 1048576K
}
Event: 7.892 GC heap after
{Heap after GC invocations=9 (full 0):
 garbage-first heap   total 524288K, used 229881K [0x000002631a000000, 0x000006631a000000)
  region size 32768K, 1 young (32768K), 1 survivors (32768K)
 Metaspace       used 21207K, committed 21504K, reserved 1114112K
  class space    used 2208K, committed 2304K, reserved 1048576K
}
Event: 20.606 GC heap before
{Heap before GC invocations=10 (full 0):
 garbage-first heap   total 524288K, used 262649K [0x000002631a000000, 0x000006631a000000)
  region size 32768K, 2 young (65536K), 1 survivors (32768K)
 Metaspace       used 22333K, committed 22592K, reserved 1114112K
  class space    used 2285K, committed 2432K, reserved 1048576K
}
Event: 20.612 GC heap after
{Heap after GC invocations=11 (full 0):
 garbage-first heap   total 524288K, used 227781K [0x000002631a000000, 0x000006631a000000)
  region size 32768K, 1 young (32768K), 1 survivors (32768K)
 Metaspace       used 22333K, committed 22592K, reserved 1114112K
  class space    used 2285K, committed 2432K, reserved 1048576K
}

