# JRE version: OpenJDK Runtime Environment JBR-17.0.9+8-1166.2-jcef (17.0.9+8) (build 17.0.9+8-b1166.2)
# Java VM: OpenJDK 64-Bit Server VM JBR-17.0.9+8-1166.2-jcef (17.0.9+8-b1166.2, mixed mode, tiered, compressed class ptrs, g1 gc, windows-amd64)
GC Precious Log:
 CPUs: 12 total, 12 available
 Memory: 16254M
 Large Page Support: Disabled
 NUMA Support: Disabled
 Compressed Oops: Disabled
 Heap Region Size: 32M
 Heap Min Capacity: 32M
 Heap Initial Capacity: 256M
 Heap Max Capacity: 4096G
 Pre-touch: Disabled
 Parallel Workers: 10
 Concurrent Workers: 3
 Concurrent Refinement Workers: 10
 Periodic GC: Disabled
Heap:
 garbage-first heap   total 983040K, used 263718K [0x000001adfc000000, 0x000005adfc000000)
  region size 32768K, 3 young (98304K), 1 survivors (32768K)
 Metaspace       used 23115K, committed 23424K, reserved 1114112K
  class space    used 2348K, committed 2496K, reserved 1048576K
GC Heap History (20 events):
Event: 1.128 GC heap before
{Heap before GC invocations=0 (full 0):
 garbage-first heap   total 262144K, used 0K [0x000001adfc000000, 0x000005adfc000000)
  region size 32768K, 1 young (32768K), 0 survivors (0K)
 Metaspace       used 16499K, committed 16768K, reserved 1114112K
  class space    used 1554K, committed 1664K, reserved 1048576K
}
Event: 1.138 GC heap after
{Heap after GC invocations=1 (full 0):
 garbage-first heap   total 262144K, used 6122K [0x000001adfc000000, 0x000005adfc000000)
  region size 32768K, 1 young (32768K), 1 survivors (32768K)
 Metaspace       used 16499K, committed 16768K, reserved 1114112K
  class space    used 1554K, committed 1664K, reserved 1048576K
}
Event: 1.266 GC heap before
{Heap before GC invocations=1 (full 0):
 garbage-first heap   total 262144K, used 6122K [0x000001adfc000000, 0x000005adfc000000)
  region size 32768K, 2 young (65536K), 1 survivors (32768K)
 Metaspace       used 16572K, committed 16832K, reserved 1114112K
  class space    used 1557K, committed 1664K, reserved 1048576K
}
Event: 1.275 GC heap after
{Heap after GC invocations=2 (full 0):
 garbage-first heap   total 262144K, used 15428K [0x000001adfc000000, 0x000005adfc000000)
  region size 32768K, 1 young (32768K), 1 survivors (32768K)
 Metaspace       used 16572K, committed 16832K, reserved 1114112K
  class space    used 1557K, committed 1664K, reserved 1048576K
}
Event: 1.558 GC heap before
{Heap before GC invocations=2 (full 0):
 garbage-first heap   total 262144K, used 48196K [0x000001adfc000000, 0x000005adfc000000)
  region size 32768K, 2 young (65536K), 1 survivors (32768K)
 Metaspace       used 16581K, committed 16832K, reserved 1114112K
  class space    used 1557K, committed 1664K, reserved 1048576K
}
Event: 1.568 GC heap after
{Heap after GC invocations=3 (full 0):
 garbage-first heap   total 262144K, used 31187K [0x000001adfc000000, 0x000005adfc000000)
  region size 32768K, 1 young (32768K), 1 survivors (32768K)
 Metaspace       used 16581K, committed 16832K, reserved 1114112K
  class space    used 1557K, committed 1664K, reserved 1048576K
}
Event: 1.598 GC heap before
{Heap before GC invocations=3 (full 0):
 garbage-first heap   total 262144K, used 31187K [0x000001adfc000000, 0x000005adfc000000)
  region size 32768K, 2 young (65536K), 1 survivors (32768K)
 Metaspace       used 16581K, committed 16832K, reserved 1114112K
  class space    used 1557K, committed 1664K, reserved 1048576K
}
Event: 1.611 GC heap after
{Heap after GC invocations=4 (full 0):
 garbage-first heap   total 262144K, used 47192K [0x000001adfc000000, 0x000005adfc000000)
  region size 32768K, 1 young (32768K), 1 survivors (32768K)
 Metaspace       used 16581K, committed 16832K, reserved 1114112K
  class space    used 1557K, committed 1664K, reserved 1048576K
}
Event: 1.792 GC heap before
{Heap before GC invocations=4 (full 0):
 garbage-first heap   total 262144K, used 79960K [0x000001adfc000000, 0x000005adfc000000)
  region size 32768K, 2 young (65536K), 1 survivors (32768K)
 Metaspace       used 16932K, committed 17216K, reserved 1114112K
  class space    used 1608K, committed 1728K, reserved 1048576K
}
Event: 1.805 GC heap after
{Heap after GC invocations=5 (full 0):
 garbage-first heap   total 262144K, used 114219K [0x000001adfc000000, 0x000005adfc000000)
  region size 32768K, 1 young (32768K), 1 survivors (32768K)
 Metaspace       used 16932K, committed 17216K, reserved 1114112K
  class space    used 1608K, committed 1728K, reserved 1048576K
}
Event: 1.829 GC heap before
{Heap before GC invocations=5 (full 0):
 garbage-first heap   total 262144K, used 114219K [0x000001adfc000000, 0x000005adfc000000)
  region size 32768K, 2 young (65536K), 1 survivors (32768K)
 Metaspace       used 16935K, committed 17216K, reserved 1114112K
  class space    used 1608K, committed 1728K, reserved 1048576K
}
Event: 1.842 GC heap after
{Heap after GC invocations=6 (full 0):
 garbage-first heap   total 524288K, used 140558K [0x000001adfc000000, 0x000005adfc000000)
  region size 32768K, 1 young (32768K), 1 survivors (32768K)
 Metaspace       used 16935K, committed 17216K, reserved 1114112K
  class space    used 1608K, committed 1728K, reserved 1048576K
}
Event: 2.062 GC heap before
{Heap before GC invocations=6 (full 0):
 garbage-first heap   total 524288K, used 173326K [0x000001adfc000000, 0x000005adfc000000)
  region size 32768K, 2 young (65536K), 1 survivors (32768K)
 Metaspace       used 17391K, committed 17600K, reserved 1114112K
  class space    used 1667K, committed 1792K, reserved 1048576K
}
Event: 2.077 GC heap after
{Heap after GC invocations=7 (full 0):
 garbage-first heap   total 524288K, used 152852K [0x000001adfc000000, 0x000005adfc000000)
  region size 32768K, 1 young (32768K), 1 survivors (32768K)
 Metaspace       used 17391K, committed 17600K, reserved 1114112K
  class space    used 1667K, committed 1792K, reserved 1048576K
}
Event: 3.742 GC heap before
{Heap before GC invocations=7 (full 0):
 garbage-first heap   total 524288K, used 185620K [0x000001adfc000000, 0x000005adfc000000)
  region size 32768K, 2 young (65536K), 1 survivors (32768K)
 Metaspace       used 17423K, committed 17664K, reserved 1114112K
  class space    used 1671K, committed 1792K, reserved 1048576K
}
Event: 3.761 GC heap after
{Heap after GC invocations=8 (full 0):
 garbage-first heap   total 524288K, used 194696K [0x000001adfc000000, 0x000005adfc000000)
  region size 32768K, 1 young (32768K), 1 survivors (32768K)
 Metaspace       used 17423K, committed 17664K, reserved 1114112K
  class space    used 1671K, committed 1792K, reserved 1048576K
}
Event: 5.202 GC heap before
{Heap before GC invocations=8 (full 0):
 garbage-first heap   total 524288K, used 227464K [0x000001adfc000000, 0x000005adfc000000)
  region size 32768K, 2 young (65536K), 1 survivors (32768K)
 Metaspace       used 19678K, committed 19840K, reserved 1114112K
  class space    used 1988K, committed 2048K, reserved 1048576K
}
Event: 5.217 GC heap after
{Heap after GC invocations=9 (full 0):
 garbage-first heap   total 524288K, used 226469K [0x000001adfc000000, 0x000005adfc000000)
  region size 32768K, 1 young (32768K), 1 survivors (32768K)
 Metaspace       used 19678K, committed 19840K, reserved 1114112K
  class space    used 1988K, committed 2048K, reserved 1048576K
}
Event: 6.024 GC heap before
{Heap before GC invocations=9 (full 0):
 garbage-first heap   total 524288K, used 226469K [0x000001adfc000000, 0x000005adfc000000)
  region size 32768K, 2 young (65536K), 1 survivors (32768K)
 Metaspace       used 21205K, committed 21504K, reserved 1114112K
  class space    used 2192K, committed 2304K, reserved 1048576K
}
Event: 6.035 GC heap after
{Heap after GC invocations=10 (full 0):
 garbage-first heap   total 1048576K, used 230950K [0x000001adfc000000, 0x000005adfc000000)
  region size 32768K, 1 young (32768K), 1 survivors (32768K)
 Metaspace       used 21205K, committed 21504K, reserved 1114112K
  class space    used 2192K, committed 2304K, reserved 1048576K
}

