# JRE version: OpenJDK Runtime Environment JBR-17.0.9+8-1166.2-jcef (17.0.9+8) (build 17.0.9+8-b1166.2)
# Java VM: OpenJDK 64-Bit Server VM JBR-17.0.9+8-1166.2-jcef (17.0.9+8-b1166.2, mixed mode, tiered, compressed class ptrs, g1 gc, windows-amd64)
GC Precious Log:
 CPUs: 12 total, 12 available
 Memory: 16254M
 Large Page Support: Disabled
 NUMA Support: Disabled
 Compressed Oops: Disabled
 Heap Region Size: 32M
 Heap Min Capacity: 32M
 Heap Initial Capacity: 256M
 Heap Max Capacity: 4096G
 Pre-touch: Disabled
 Parallel Workers: 10
 Concurrent Workers: 3
 Concurrent Refinement Workers: 10
 Periodic GC: Disabled
Heap:
 garbage-first heap   total 983040K, used 230184K [0x000002dd7e000000, 0x000006dd7e000000)
  region size 32768K, 2 young (65536K), 1 survivors (32768K)
 Metaspace       used 22640K, committed 22912K, reserved 1114112K
  class space    used 2325K, committed 2496K, reserved 1048576K
GC Heap History (20 events):
Event: 1.088 GC heap before
{Heap before GC invocations=0 (full 0):
 garbage-first heap   total 262144K, used 32768K [0x000002dd7e000000, 0x000006dd7e000000)
  region size 32768K, 1 young (32768K), 0 survivors (0K)
 Metaspace       used 16505K, committed 16768K, reserved 1114112K
  class space    used 1554K, committed 1664K, reserved 1048576K
}
Event: 1.100 GC heap after
{Heap after GC invocations=1 (full 0):
 garbage-first heap   total 262144K, used 6095K [0x000002dd7e000000, 0x000006dd7e000000)
  region size 32768K, 1 young (32768K), 1 survivors (32768K)
 Metaspace       used 16505K, committed 16768K, reserved 1114112K
  class space    used 1554K, committed 1664K, reserved 1048576K
}
Event: 1.261 GC heap before
{Heap before GC invocations=1 (full 0):
 garbage-first heap   total 262144K, used 6095K [0x000002dd7e000000, 0x000006dd7e000000)
  region size 32768K, 2 young (65536K), 1 survivors (32768K)
 Metaspace       used 16531K, committed 16768K, reserved 1114112K
  class space    used 1554K, committed 1664K, reserved 1048576K
}
Event: 1.269 GC heap after
{Heap after GC invocations=2 (full 0):
 garbage-first heap   total 262144K, used 15351K [0x000002dd7e000000, 0x000006dd7e000000)
  region size 32768K, 1 young (32768K), 1 survivors (32768K)
 Metaspace       used 16531K, committed 16768K, reserved 1114112K
  class space    used 1554K, committed 1664K, reserved 1048576K
}
Event: 1.587 GC heap before
{Heap before GC invocations=2 (full 0):
 garbage-first heap   total 262144K, used 48119K [0x000002dd7e000000, 0x000006dd7e000000)
  region size 32768K, 2 young (65536K), 1 survivors (32768K)
 Metaspace       used 16539K, committed 16768K, reserved 1114112K
  class space    used 1554K, committed 1664K, reserved 1048576K
}
Event: 1.597 GC heap after
{Heap after GC invocations=3 (full 0):
 garbage-first heap   total 262144K, used 31111K [0x000002dd7e000000, 0x000006dd7e000000)
  region size 32768K, 1 young (32768K), 1 survivors (32768K)
 Metaspace       used 16539K, committed 16768K, reserved 1114112K
  class space    used 1554K, committed 1664K, reserved 1048576K
}
Event: 1.627 GC heap before
{Heap before GC invocations=3 (full 0):
 garbage-first heap   total 262144K, used 31111K [0x000002dd7e000000, 0x000006dd7e000000)
  region size 32768K, 2 young (65536K), 1 survivors (32768K)
 Metaspace       used 16539K, committed 16768K, reserved 1114112K
  class space    used 1554K, committed 1664K, reserved 1048576K
}
Event: 1.638 GC heap after
{Heap after GC invocations=4 (full 0):
 garbage-first heap   total 262144K, used 47170K [0x000002dd7e000000, 0x000006dd7e000000)
  region size 32768K, 1 young (32768K), 1 survivors (32768K)
 Metaspace       used 16539K, committed 16768K, reserved 1114112K
  class space    used 1554K, committed 1664K, reserved 1048576K
}
Event: 1.786 GC heap before
{Heap before GC invocations=4 (full 0):
 garbage-first heap   total 262144K, used 79938K [0x000002dd7e000000, 0x000006dd7e000000)
  region size 32768K, 2 young (65536K), 1 survivors (32768K)
 Metaspace       used 16892K, committed 17152K, reserved 1114112K
  class space    used 1605K, committed 1728K, reserved 1048576K
}
Event: 1.797 GC heap after
{Heap after GC invocations=5 (full 0):
 garbage-first heap   total 524288K, used 89089K [0x000002dd7e000000, 0x000006dd7e000000)
  region size 32768K, 1 young (32768K), 1 survivors (32768K)
 Metaspace       used 16892K, committed 17152K, reserved 1114112K
  class space    used 1605K, committed 1728K, reserved 1048576K
}
Event: 1.831 GC heap before
{Heap before GC invocations=5 (full 0):
 garbage-first heap   total 524288K, used 89089K [0x000002dd7e000000, 0x000006dd7e000000)
  region size 32768K, 2 young (65536K), 1 survivors (32768K)
 Metaspace       used 16895K, committed 17152K, reserved 1114112K
  class space    used 1605K, committed 1728K, reserved 1048576K
}
Event: 1.846 GC heap after
{Heap after GC invocations=6 (full 0):
 garbage-first heap   total 524288K, used 146864K [0x000002dd7e000000, 0x000006dd7e000000)
  region size 32768K, 1 young (32768K), 1 survivors (32768K)
 Metaspace       used 16895K, committed 17152K, reserved 1114112K
  class space    used 1605K, committed 1728K, reserved 1048576K
}
Event: 1.982 GC heap before
{Heap before GC invocations=6 (full 0):
 garbage-first heap   total 524288K, used 179632K [0x000002dd7e000000, 0x000006dd7e000000)
  region size 32768K, 2 young (65536K), 1 survivors (32768K)
 Metaspace       used 17238K, committed 17472K, reserved 1114112K
  class space    used 1647K, committed 1728K, reserved 1048576K
}
Event: 1.997 GC heap after
{Heap after GC invocations=7 (full 0):
 garbage-first heap   total 524288K, used 159202K [0x000002dd7e000000, 0x000006dd7e000000)
  region size 32768K, 1 young (32768K), 1 survivors (32768K)
 Metaspace       used 17238K, committed 17472K, reserved 1114112K
  class space    used 1647K, committed 1728K, reserved 1048576K
}
Event: 2.394 GC heap before
{Heap before GC invocations=7 (full 0):
 garbage-first heap   total 524288K, used 191970K [0x000002dd7e000000, 0x000006dd7e000000)
  region size 32768K, 2 young (65536K), 1 survivors (32768K)
 Metaspace       used 17276K, committed 17472K, reserved 1114112K
  class space    used 1651K, committed 1728K, reserved 1048576K
}
Event: 2.412 GC heap after
{Heap after GC invocations=8 (full 0):
 garbage-first heap   total 524288K, used 193996K [0x000002dd7e000000, 0x000006dd7e000000)
  region size 32768K, 1 young (32768K), 1 survivors (32768K)
 Metaspace       used 17276K, committed 17472K, reserved 1114112K
  class space    used 1651K, committed 1728K, reserved 1048576K
}
Event: 2.842 GC heap before
{Heap before GC invocations=8 (full 0):
 garbage-first heap   total 524288K, used 226764K [0x000002dd7e000000, 0x000006dd7e000000)
  region size 32768K, 2 young (65536K), 1 survivors (32768K)
 Metaspace       used 18808K, committed 19072K, reserved 1114112K
  class space    used 1865K, committed 1984K, reserved 1048576K
}
Event: 2.860 GC heap after
{Heap after GC invocations=9 (full 0):
 garbage-first heap   total 1081344K, used 225831K [0x000002dd7e000000, 0x000006dd7e000000)
  region size 32768K, 1 young (32768K), 1 survivors (32768K)
 Metaspace       used 18808K, committed 19072K, reserved 1114112K
  class space    used 1865K, committed 1984K, reserved 1048576K
}
Event: 3.848 GC heap before
{Heap before GC invocations=9 (full 0):
 garbage-first heap   total 1081344K, used 225831K [0x000002dd7e000000, 0x000006dd7e000000)
  region size 32768K, 2 young (65536K), 1 survivors (32768K)
 Metaspace       used 21186K, committed 21504K, reserved 1114112K
  class space    used 2199K, committed 2368K, reserved 1048576K
}
Event: 3.858 GC heap after
{Heap after GC invocations=10 (full 0):
 garbage-first heap   total 1081344K, used 230184K [0x000002dd7e000000, 0x000006dd7e000000)
  region size 32768K, 1 young (32768K), 1 survivors (32768K)
 Metaspace       used 21186K, committed 21504K, reserved 1114112K
  class space    used 2199K, committed 2368K, reserved 1048576K
}

