# JRE version: OpenJDK Runtime Environment JBR-17.0.9+8-1166.2-jcef (17.0.9+8) (build 17.0.9+8-b1166.2)
# Java VM: OpenJDK 64-Bit Server VM JBR-17.0.9+8-1166.2-jcef (17.0.9+8-b1166.2, mixed mode, tiered, compressed class ptrs, g1 gc, windows-amd64)
GC Precious Log:
 CPUs: 12 total, 12 available
 Memory: 16254M
 Large Page Support: Disabled
 NUMA Support: Disabled
 Compressed Oops: Disabled
 Heap Region Size: 32M
 Heap Min Capacity: 32M
 Heap Initial Capacity: 256M
 Heap Max Capacity: 4096G
 Pre-touch: Disabled
 Parallel Workers: 10
 Concurrent Workers: 3
 Concurrent Refinement Workers: 10
 Periodic GC: Disabled
Heap:
 garbage-first heap   total 983040K, used 232871K [0x0000024aa0000000, 0x0000064aa0000000)
  region size 32768K, 2 young (65536K), 1 survivors (32768K)
 Metaspace       used 21498K, committed 21824K, reserved 1114112K
  class space    used 2198K, committed 2368K, reserved 1048576K
GC Heap History (20 events):
Event: 1.431 GC heap before
{Heap before GC invocations=0 (full 0):
 garbage-first heap   total 262144K, used 32768K [0x0000024aa0000000, 0x0000064aa0000000)
  region size 32768K, 1 young (32768K), 0 survivors (0K)
 Metaspace       used 16509K, committed 16768K, reserved 1114112K
  class space    used 1554K, committed 1664K, reserved 1048576K
}
Event: 1.446 GC heap after
{Heap after GC invocations=1 (full 0):
 garbage-first heap   total 262144K, used 6103K [0x0000024aa0000000, 0x0000064aa0000000)
  region size 32768K, 1 young (32768K), 1 survivors (32768K)
 Metaspace       used 16509K, committed 16768K, reserved 1114112K
  class space    used 1554K, committed 1664K, reserved 1048576K
}
Event: 1.608 GC heap before
{Heap before GC invocations=1 (full 0):
 garbage-first heap   total 262144K, used 6103K [0x0000024aa0000000, 0x0000064aa0000000)
  region size 32768K, 2 young (65536K), 1 survivors (32768K)
 Metaspace       used 16584K, committed 16832K, reserved 1114112K
  class space    used 1556K, committed 1664K, reserved 1048576K
}
Event: 1.614 GC heap after
{Heap after GC invocations=2 (full 0):
 garbage-first heap   total 262144K, used 15513K [0x0000024aa0000000, 0x0000064aa0000000)
  region size 32768K, 1 young (32768K), 1 survivors (32768K)
 Metaspace       used 16584K, committed 16832K, reserved 1114112K
  class space    used 1556K, committed 1664K, reserved 1048576K
}
Event: 1.902 GC heap before
{Heap before GC invocations=2 (full 0):
 garbage-first heap   total 262144K, used 48281K [0x0000024aa0000000, 0x0000064aa0000000)
  region size 32768K, 2 young (65536K), 1 survivors (32768K)
 Metaspace       used 16592K, committed 16832K, reserved 1114112K
  class space    used 1556K, committed 1664K, reserved 1048576K
}
Event: 1.914 GC heap after
{Heap after GC invocations=3 (full 0):
 garbage-first heap   total 262144K, used 30936K [0x0000024aa0000000, 0x0000064aa0000000)
  region size 32768K, 1 young (32768K), 1 survivors (32768K)
 Metaspace       used 16592K, committed 16832K, reserved 1114112K
  class space    used 1556K, committed 1664K, reserved 1048576K
}
Event: 1.945 GC heap before
{Heap before GC invocations=3 (full 0):
 garbage-first heap   total 262144K, used 30936K [0x0000024aa0000000, 0x0000064aa0000000)
  region size 32768K, 2 young (65536K), 1 survivors (32768K)
 Metaspace       used 16593K, committed 16832K, reserved 1114112K
  class space    used 1556K, committed 1664K, reserved 1048576K
}
Event: 1.959 GC heap after
{Heap after GC invocations=4 (full 0):
 garbage-first heap   total 262144K, used 46948K [0x0000024aa0000000, 0x0000064aa0000000)
  region size 32768K, 1 young (32768K), 1 survivors (32768K)
 Metaspace       used 16593K, committed 16832K, reserved 1114112K
  class space    used 1556K, committed 1664K, reserved 1048576K
}
Event: 2.132 GC heap before
{Heap before GC invocations=4 (full 0):
 garbage-first heap   total 262144K, used 79716K [0x0000024aa0000000, 0x0000064aa0000000)
  region size 32768K, 2 young (65536K), 1 survivors (32768K)
 Metaspace       used 16944K, committed 17216K, reserved 1114112K
  class space    used 1608K, committed 1728K, reserved 1048576K
}
Event: 2.143 GC heap after
{Heap after GC invocations=5 (full 0):
 garbage-first heap   total 524288K, used 88921K [0x0000024aa0000000, 0x0000064aa0000000)
  region size 32768K, 1 young (32768K), 1 survivors (32768K)
 Metaspace       used 16944K, committed 17216K, reserved 1114112K
  class space    used 1608K, committed 1728K, reserved 1048576K
}
Event: 2.175 GC heap before
{Heap before GC invocations=5 (full 0):
 garbage-first heap   total 524288K, used 88921K [0x0000024aa0000000, 0x0000064aa0000000)
  region size 32768K, 2 young (65536K), 1 survivors (32768K)
 Metaspace       used 16947K, committed 17216K, reserved 1114112K
  class space    used 1608K, committed 1728K, reserved 1048576K
}
Event: 2.191 GC heap after
{Heap after GC invocations=6 (full 0):
 garbage-first heap   total 524288K, used 140522K [0x0000024aa0000000, 0x0000064aa0000000)
  region size 32768K, 1 young (32768K), 1 survivors (32768K)
 Metaspace       used 16947K, committed 17216K, reserved 1114112K
  class space    used 1608K, committed 1728K, reserved 1048576K
}
Event: 2.391 GC heap before
{Heap before GC invocations=6 (full 0):
 garbage-first heap   total 524288K, used 173290K [0x0000024aa0000000, 0x0000064aa0000000)
  region size 32768K, 2 young (65536K), 1 survivors (32768K)
 Metaspace       used 17411K, committed 17600K, reserved 1114112K
  class space    used 1666K, committed 1728K, reserved 1048576K
}
Event: 2.405 GC heap after
{Heap after GC invocations=7 (full 0):
 garbage-first heap   total 524288K, used 152830K [0x0000024aa0000000, 0x0000064aa0000000)
  region size 32768K, 1 young (32768K), 1 survivors (32768K)
 Metaspace       used 17411K, committed 17600K, reserved 1114112K
  class space    used 1666K, committed 1728K, reserved 1048576K
}
Event: 3.895 GC heap before
{Heap before GC invocations=7 (full 0):
 garbage-first heap   total 524288K, used 185598K [0x0000024aa0000000, 0x0000064aa0000000)
  region size 32768K, 2 young (65536K), 1 survivors (32768K)
 Metaspace       used 17443K, committed 17664K, reserved 1114112K
  class space    used 1671K, committed 1728K, reserved 1048576K
}
Event: 3.910 GC heap after
{Heap after GC invocations=8 (full 0):
 garbage-first heap   total 524288K, used 194874K [0x0000024aa0000000, 0x0000064aa0000000)
  region size 32768K, 1 young (32768K), 1 survivors (32768K)
 Metaspace       used 17443K, committed 17664K, reserved 1114112K
  class space    used 1671K, committed 1728K, reserved 1048576K
}
Event: 5.298 GC heap before
{Heap before GC invocations=8 (full 0):
 garbage-first heap   total 524288K, used 227642K [0x0000024aa0000000, 0x0000064aa0000000)
  region size 32768K, 2 young (65536K), 1 survivors (32768K)
 Metaspace       used 18939K, committed 19200K, reserved 1114112K
  class space    used 1878K, committed 1984K, reserved 1048576K
}
Event: 5.315 GC heap after
{Heap after GC invocations=9 (full 0):
 garbage-first heap   total 1048576K, used 226866K [0x0000024aa0000000, 0x0000064aa0000000)
  region size 32768K, 1 young (32768K), 1 survivors (32768K)
 Metaspace       used 18939K, committed 19200K, reserved 1114112K
  class space    used 1878K, committed 1984K, reserved 1048576K
}
Event: 7.224 GC heap before
{Heap before GC invocations=9 (full 0):
 garbage-first heap   total 1048576K, used 226866K [0x0000024aa0000000, 0x0000064aa0000000)
  region size 32768K, 2 young (65536K), 1 survivors (32768K)
 Metaspace       used 21258K, committed 21504K, reserved 1114112K
  class space    used 2179K, committed 2304K, reserved 1048576K
}
Event: 7.233 GC heap after
{Heap after GC invocations=10 (full 0):
 garbage-first heap   total 1048576K, used 232871K [0x0000024aa0000000, 0x0000064aa0000000)
  region size 32768K, 1 young (32768K), 1 survivors (32768K)
 Metaspace       used 21258K, committed 21504K, reserved 1114112K
  class space    used 2179K, committed 2304K, reserved 1048576K
}

