# JRE version: OpenJDK Runtime Environment JBR-17.0.9+8-1166.2-jcef (17.0.9+8) (build 17.0.9+8-b1166.2)
# Java VM: OpenJDK 64-Bit Server VM JBR-17.0.9+8-1166.2-jcef (17.0.9+8-b1166.2, mixed mode, tiered, compressed class ptrs, g1 gc, windows-amd64)
GC Precious Log:
 CPUs: 12 total, 12 available
 Memory: 16254M
 Large Page Support: Disabled
 NUMA Support: Disabled
 Compressed Oops: Disabled
 Heap Region Size: 32M
 Heap Min Capacity: 32M
 Heap Initial Capacity: 256M
 Heap Max Capacity: 4096G
 Pre-touch: Disabled
 Parallel Workers: 10
 Concurrent Workers: 3
 Concurrent Refinement Workers: 10
 Periodic GC: Disabled
Heap:
 garbage-first heap   total 524288K, used 184357K [0x0000024d00000000, 0x0000064d00000000)
  region size 32768K, 2 young (65536K), 1 survivors (32768K)
 Metaspace       used 21093K, committed 21376K, reserved 1114112K
  class space    used 2154K, committed 2304K, reserved 1048576K
GC Heap History (12 events):
Event: 1.194 GC heap before
{Heap before GC invocations=0 (full 0):
 garbage-first heap   total 262144K, used 0K [0x0000024d00000000, 0x0000064d00000000)
  region size 32768K, 1 young (32768K), 0 survivors (0K)
 Metaspace       used 16488K, committed 16704K, reserved 1114112K
  class space    used 1552K, committed 1664K, reserved 1048576K
}
Event: 1.210 GC heap after
{Heap after GC invocations=1 (full 0):
 garbage-first heap   total 262144K, used 6132K [0x0000024d00000000, 0x0000064d00000000)
  region size 32768K, 1 young (32768K), 1 survivors (32768K)
 Metaspace       used 16488K, committed 16704K, reserved 1114112K
  class space    used 1552K, committed 1664K, reserved 1048576K
}
Event: 1.434 GC heap before
{Heap before GC invocations=1 (full 0):
 garbage-first heap   total 262144K, used 6132K [0x0000024d00000000, 0x0000064d00000000)
  region size 32768K, 2 young (65536K), 1 survivors (32768K)
 Metaspace       used 16847K, committed 17024K, reserved 1114112K
  class space    used 1602K, committed 1664K, reserved 1048576K
}
Event: 1.441 GC heap after
{Heap after GC invocations=2 (full 0):
 garbage-first heap   total 262144K, used 15644K [0x0000024d00000000, 0x0000064d00000000)
  region size 32768K, 1 young (32768K), 1 survivors (32768K)
 Metaspace       used 16847K, committed 17024K, reserved 1114112K
  class space    used 1602K, committed 1664K, reserved 1048576K
}
Event: 1.510 GC heap before
{Heap before GC invocations=2 (full 0):
 garbage-first heap   total 262144K, used 48412K [0x0000024d00000000, 0x0000064d00000000)
  region size 32768K, 2 young (65536K), 1 survivors (32768K)
 Metaspace       used 16865K, committed 17024K, reserved 1114112K
  class space    used 1604K, committed 1664K, reserved 1048576K
}
Event: 1.521 GC heap after
{Heap after GC invocations=3 (full 0):
 garbage-first heap   total 262144K, used 66997K [0x0000024d00000000, 0x0000064d00000000)
  region size 32768K, 1 young (32768K), 1 survivors (32768K)
 Metaspace       used 16865K, committed 17024K, reserved 1114112K
  class space    used 1604K, committed 1664K, reserved 1048576K
}
Event: 1.583 GC heap before
{Heap before GC invocations=3 (full 0):
 garbage-first heap   total 262144K, used 99765K [0x0000024d00000000, 0x0000064d00000000)
  region size 32768K, 2 young (65536K), 1 survivors (32768K)
 Metaspace       used 16941K, committed 17152K, reserved 1114112K
  class space    used 1615K, committed 1728K, reserved 1048576K
}
Event: 1.600 GC heap after
{Heap after GC invocations=4 (full 0):
 garbage-first heap   total 262144K, used 107770K [0x0000024d00000000, 0x0000064d00000000)
  region size 32768K, 1 young (32768K), 1 survivors (32768K)
 Metaspace       used 16941K, committed 17152K, reserved 1114112K
  class space    used 1615K, committed 1728K, reserved 1048576K
}
Event: 1.979 GC heap before
{Heap before GC invocations=4 (full 0):
 garbage-first heap   total 262144K, used 107770K [0x0000024d00000000, 0x0000064d00000000)
  region size 32768K, 2 young (65536K), 1 survivors (32768K)
 Metaspace       used 16959K, committed 17216K, reserved 1114112K
  class space    used 1617K, committed 1728K, reserved 1048576K
}
Event: 1.999 GC heap after
{Heap after GC invocations=5 (full 0):
 garbage-first heap   total 524288K, used 151814K [0x0000024d00000000, 0x0000064d00000000)
  region size 32768K, 1 young (32768K), 1 survivors (32768K)
 Metaspace       used 16959K, committed 17216K, reserved 1114112K
  class space    used 1617K, committed 1728K, reserved 1048576K
}
Event: 2.396 GC heap before
{Heap before GC invocations=5 (full 0):
 garbage-first heap   total 524288K, used 184582K [0x0000024d00000000, 0x0000064d00000000)
  region size 32768K, 2 young (65536K), 1 survivors (32768K)
 Metaspace       used 18352K, committed 18624K, reserved 1114112K
  class space    used 1790K, committed 1920K, reserved 1048576K
}
Event: 2.418 GC heap after
{Heap after GC invocations=6 (full 0):
 garbage-first heap   total 524288K, used 184357K [0x0000024d00000000, 0x0000064d00000000)
  region size 32768K, 1 young (32768K), 1 survivors (32768K)
 Metaspace       used 18352K, committed 18624K, reserved 1114112K
  class space    used 1790K, committed 1920K, reserved 1048576K
}

