# JRE version: OpenJDK Runtime Environment JBR-17.0.9+8-1166.2-jcef (17.0.9+8) (build 17.0.9+8-b1166.2)
# Java VM: OpenJDK 64-Bit Server VM JBR-17.0.9+8-1166.2-jcef (17.0.9+8-b1166.2, mixed mode, tiered, compressed class ptrs, g1 gc, windows-amd64)
GC Precious Log:
 CPUs: 12 total, 12 available
 Memory: 16254M
 Large Page Support: Disabled
 NUMA Support: Disabled
 Compressed Oops: Disabled
 Heap Region Size: 32M
 Heap Min Capacity: 32M
 Heap Initial Capacity: 256M
 Heap Max Capacity: 4096G
 Pre-touch: Disabled
 Parallel Workers: 10
 Concurrent Workers: 3
 Concurrent Refinement Workers: 10
 Periodic GC: Disabled
Heap:
 garbage-first heap   total 524288K, used 215686K [0x000001bfea000000, 0x000005bfea000000)
  region size 32768K, 2 young (65536K), 1 survivors (32768K)
 Metaspace       used 21280K, committed 21568K, reserved 1114112K
  class space    used 2176K, committed 2304K, reserved 1048576K
GC Heap History (18 events):
Event: 1.130 GC heap before
{Heap before GC invocations=0 (full 0):
 garbage-first heap   total 262144K, used 0K [0x000001bfea000000, 0x000005bfea000000)
  region size 32768K, 1 young (32768K), 0 survivors (0K)
 Metaspace       used 16479K, committed 16704K, reserved 1114112K
  class space    used 1552K, committed 1664K, reserved 1048576K
}
Event: 1.140 GC heap after
{Heap after GC invocations=1 (full 0):
 garbage-first heap   total 262144K, used 6206K [0x000001bfea000000, 0x000005bfea000000)
  region size 32768K, 1 young (32768K), 1 survivors (32768K)
 Metaspace       used 16479K, committed 16704K, reserved 1114112K
  class space    used 1552K, committed 1664K, reserved 1048576K
}
Event: 1.249 GC heap before
{Heap before GC invocations=1 (full 0):
 garbage-first heap   total 262144K, used 6206K [0x000001bfea000000, 0x000005bfea000000)
  region size 32768K, 2 young (65536K), 1 survivors (32768K)
 Metaspace       used 16506K, committed 16768K, reserved 1114112K
  class space    used 1552K, committed 1664K, reserved 1048576K
}
Event: 1.256 GC heap after
{Heap after GC invocations=2 (full 0):
 garbage-first heap   total 262144K, used 15391K [0x000001bfea000000, 0x000005bfea000000)
  region size 32768K, 1 young (32768K), 1 survivors (32768K)
 Metaspace       used 16506K, committed 16768K, reserved 1114112K
  class space    used 1552K, committed 1664K, reserved 1048576K
}
Event: 1.593 GC heap before
{Heap before GC invocations=2 (full 0):
 garbage-first heap   total 262144K, used 48159K [0x000001bfea000000, 0x000005bfea000000)
  region size 32768K, 2 young (65536K), 1 survivors (32768K)
 Metaspace       used 16514K, committed 16768K, reserved 1114112K
  class space    used 1552K, committed 1664K, reserved 1048576K
}
Event: 1.603 GC heap after
{Heap after GC invocations=3 (full 0):
 garbage-first heap   total 262144K, used 31156K [0x000001bfea000000, 0x000005bfea000000)
  region size 32768K, 1 young (32768K), 1 survivors (32768K)
 Metaspace       used 16514K, committed 16768K, reserved 1114112K
  class space    used 1552K, committed 1664K, reserved 1048576K
}
Event: 1.634 GC heap before
{Heap before GC invocations=3 (full 0):
 garbage-first heap   total 262144K, used 31156K [0x000001bfea000000, 0x000005bfea000000)
  region size 32768K, 2 young (65536K), 1 survivors (32768K)
 Metaspace       used 16514K, committed 16768K, reserved 1114112K
  class space    used 1552K, committed 1664K, reserved 1048576K
}
Event: 1.646 GC heap after
{Heap after GC invocations=4 (full 0):
 garbage-first heap   total 262144K, used 47283K [0x000001bfea000000, 0x000005bfea000000)
  region size 32768K, 1 young (32768K), 1 survivors (32768K)
 Metaspace       used 16514K, committed 16768K, reserved 1114112K
  class space    used 1552K, committed 1664K, reserved 1048576K
}
Event: 1.800 GC heap before
{Heap before GC invocations=4 (full 0):
 garbage-first heap   total 262144K, used 80051K [0x000001bfea000000, 0x000005bfea000000)
  region size 32768K, 2 young (65536K), 1 survivors (32768K)
 Metaspace       used 16865K, committed 17088K, reserved 1114112K
  class space    used 1604K, committed 1664K, reserved 1048576K
}
Event: 1.811 GC heap after
{Heap after GC invocations=5 (full 0):
 garbage-first heap   total 262144K, used 89257K [0x000001bfea000000, 0x000005bfea000000)
  region size 32768K, 1 young (32768K), 1 survivors (32768K)
 Metaspace       used 16865K, committed 17088K, reserved 1114112K
  class space    used 1604K, committed 1664K, reserved 1048576K
}
Event: 1.831 GC heap before
{Heap before GC invocations=5 (full 0):
 garbage-first heap   total 262144K, used 89257K [0x000001bfea000000, 0x000005bfea000000)
  region size 32768K, 2 young (65536K), 1 survivors (32768K)
 Metaspace       used 16868K, committed 17088K, reserved 1114112K
  class space    used 1604K, committed 1664K, reserved 1048576K
}
Event: 1.843 GC heap after
{Heap after GC invocations=6 (full 0):
 garbage-first heap   total 524288K, used 123333K [0x000001bfea000000, 0x000005bfea000000)
  region size 32768K, 1 young (32768K), 1 survivors (32768K)
 Metaspace       used 16868K, committed 17088K, reserved 1114112K
  class space    used 1604K, committed 1664K, reserved 1048576K
}
Event: 2.085 GC heap before
{Heap before GC invocations=6 (full 0):
 garbage-first heap   total 524288K, used 156101K [0x000001bfea000000, 0x000005bfea000000)
  region size 32768K, 2 young (65536K), 1 survivors (32768K)
 Metaspace       used 16962K, committed 17152K, reserved 1114112K
  class space    used 1619K, committed 1728K, reserved 1048576K
}
Event: 2.099 GC heap after
{Heap after GC invocations=7 (full 0):
 garbage-first heap   total 524288K, used 155764K [0x000001bfea000000, 0x000005bfea000000)
  region size 32768K, 1 young (32768K), 1 survivors (32768K)
 Metaspace       used 16962K, committed 17152K, reserved 1114112K
  class space    used 1619K, committed 1728K, reserved 1048576K
}
Event: 2.440 GC heap before
{Heap before GC invocations=7 (full 0):
 garbage-first heap   total 524288K, used 188532K [0x000001bfea000000, 0x000005bfea000000)
  region size 32768K, 2 young (65536K), 1 survivors (32768K)
 Metaspace       used 16977K, committed 17152K, reserved 1114112K
  class space    used 1621K, committed 1728K, reserved 1048576K
}
Event: 2.460 GC heap after
{Heap after GC invocations=8 (full 0):
 garbage-first heap   total 524288K, used 196034K [0x000001bfea000000, 0x000005bfea000000)
  region size 32768K, 1 young (32768K), 1 survivors (32768K)
 Metaspace       used 16977K, committed 17152K, reserved 1114112K
  class space    used 1621K, committed 1728K, reserved 1048576K
}
Event: 5.699 GC heap before
{Heap before GC invocations=8 (full 0):
 garbage-first heap   total 524288K, used 196034K [0x000001bfea000000, 0x000005bfea000000)
  region size 32768K, 2 young (65536K), 1 survivors (32768K)
 Metaspace       used 21271K, committed 21504K, reserved 1114112K
  class space    used 2175K, committed 2304K, reserved 1048576K
}
Event: 5.714 GC heap after
{Heap after GC invocations=9 (full 0):
 garbage-first heap   total 524288K, used 215686K [0x000001bfea000000, 0x000005bfea000000)
  region size 32768K, 1 young (32768K), 1 survivors (32768K)
 Metaspace       used 21271K, committed 21504K, reserved 1114112K
  class space    used 2175K, committed 2304K, reserved 1048576K
}

