# JRE version: OpenJDK Runtime Environment JBR-17.0.9+8-1166.2-jcef (17.0.9+8) (build 17.0.9+8-b1166.2)
# Java VM: OpenJDK 64-Bit Server VM JBR-17.0.9+8-1166.2-jcef (17.0.9+8-b1166.2, mixed mode, tiered, compressed class ptrs, g1 gc, windows-amd64)
GC Precious Log:
 CPUs: 12 total, 12 available
 Memory: 16254M
 Large Page Support: Disabled
 NUMA Support: Disabled
 Compressed Oops: Disabled
 Heap Region Size: 32M
 Heap Min Capacity: 32M
 Heap Initial Capacity: 256M
 Heap Max Capacity: 4096G
 Pre-touch: Disabled
 Parallel Workers: 10
 Concurrent Workers: 3
 Concurrent Refinement Workers: 10
 Periodic GC: Disabled
Heap:
 garbage-first heap   total 557056K, used 252140K [0x000001fcca000000, 0x000005fcca000000)
  region size 32768K, 2 young (65536K), 1 survivors (32768K)
 Metaspace       used 21642K, committed 21952K, reserved 1114112K
  class space    used 2221K, committed 2368K, reserved 1048576K
GC Heap History (18 events):
Event: 1.799 GC heap before
{Heap before GC invocations=0 (full 0):
 garbage-first heap   total 262144K, used 0K [0x000001fcca000000, 0x000005fcca000000)
  region size 32768K, 1 young (32768K), 0 survivors (0K)
 Metaspace       used 16502K, committed 16704K, reserved 1114112K
  class space    used 1554K, committed 1664K, reserved 1048576K
}
Event: 1.812 GC heap after
{Heap after GC invocations=1 (full 0):
 garbage-first heap   total 262144K, used 6146K [0x000001fcca000000, 0x000005fcca000000)
  region size 32768K, 1 young (32768K), 1 survivors (32768K)
 Metaspace       used 16502K, committed 16704K, reserved 1114112K
  class space    used 1554K, committed 1664K, reserved 1048576K
}
Event: 1.980 GC heap before
{Heap before GC invocations=1 (full 0):
 garbage-first heap   total 262144K, used 38914K [0x000001fcca000000, 0x000005fcca000000)
  region size 32768K, 2 young (65536K), 1 survivors (32768K)
 Metaspace       used 16579K, committed 16832K, reserved 1114112K
  class space    used 1557K, committed 1664K, reserved 1048576K
}
Event: 1.990 GC heap after
{Heap after GC invocations=2 (full 0):
 garbage-first heap   total 262144K, used 15452K [0x000001fcca000000, 0x000005fcca000000)
  region size 32768K, 1 young (32768K), 1 survivors (32768K)
 Metaspace       used 16579K, committed 16832K, reserved 1114112K
  class space    used 1557K, committed 1664K, reserved 1048576K
}
Event: 2.282 GC heap before
{Heap before GC invocations=2 (full 0):
 garbage-first heap   total 262144K, used 48220K [0x000001fcca000000, 0x000005fcca000000)
  region size 32768K, 2 young (65536K), 1 survivors (32768K)
 Metaspace       used 16588K, committed 16832K, reserved 1114112K
  class space    used 1557K, committed 1664K, reserved 1048576K
}
Event: 2.293 GC heap after
{Heap after GC invocations=3 (full 0):
 garbage-first heap   total 262144K, used 60562K [0x000001fcca000000, 0x000005fcca000000)
  region size 32768K, 1 young (32768K), 1 survivors (32768K)
 Metaspace       used 16588K, committed 16832K, reserved 1114112K
  class space    used 1557K, committed 1664K, reserved 1048576K
}
Event: 2.321 GC heap before
{Heap before GC invocations=3 (full 0):
 garbage-first heap   total 262144K, used 60562K [0x000001fcca000000, 0x000005fcca000000)
  region size 32768K, 2 young (65536K), 1 survivors (32768K)
 Metaspace       used 16588K, committed 16832K, reserved 1114112K
  class space    used 1557K, committed 1664K, reserved 1048576K
}
Event: 2.334 GC heap after
{Heap after GC invocations=4 (full 0):
 garbage-first heap   total 262144K, used 62733K [0x000001fcca000000, 0x000005fcca000000)
  region size 32768K, 1 young (32768K), 1 survivors (32768K)
 Metaspace       used 16588K, committed 16832K, reserved 1114112K
  class space    used 1557K, committed 1664K, reserved 1048576K
}
Event: 2.552 GC heap before
{Heap before GC invocations=4 (full 0):
 garbage-first heap   total 262144K, used 95501K [0x000001fcca000000, 0x000005fcca000000)
  region size 32768K, 2 young (65536K), 1 survivors (32768K)
 Metaspace       used 16939K, committed 17152K, reserved 1114112K
  class space    used 1608K, committed 1728K, reserved 1048576K
}
Event: 2.565 GC heap after
{Heap after GC invocations=5 (full 0):
 garbage-first heap   total 262144K, used 122262K [0x000001fcca000000, 0x000005fcca000000)
  region size 32768K, 1 young (32768K), 1 survivors (32768K)
 Metaspace       used 16939K, committed 17152K, reserved 1114112K
  class space    used 1608K, committed 1728K, reserved 1048576K
}
Event: 2.623 GC heap before
{Heap before GC invocations=5 (full 0):
 garbage-first heap   total 262144K, used 122262K [0x000001fcca000000, 0x000005fcca000000)
  region size 32768K, 2 young (65536K), 1 survivors (32768K)
 Metaspace       used 16942K, committed 17216K, reserved 1114112K
  class space    used 1608K, committed 1728K, reserved 1048576K
}
Event: 2.635 GC heap after
{Heap after GC invocations=6 (full 0):
 garbage-first heap   total 524288K, used 156089K [0x000001fcca000000, 0x000005fcca000000)
  region size 32768K, 1 young (32768K), 1 survivors (32768K)
 Metaspace       used 16942K, committed 17216K, reserved 1114112K
  class space    used 1608K, committed 1728K, reserved 1048576K
}
Event: 3.021 GC heap before
{Heap before GC invocations=6 (full 0):
 garbage-first heap   total 524288K, used 188857K [0x000001fcca000000, 0x000005fcca000000)
  region size 32768K, 2 young (65536K), 1 survivors (32768K)
 Metaspace       used 17408K, committed 17664K, reserved 1114112K
  class space    used 1667K, committed 1792K, reserved 1048576K
}
Event: 3.038 GC heap after
{Heap after GC invocations=7 (full 0):
 garbage-first heap   total 524288K, used 176370K [0x000001fcca000000, 0x000005fcca000000)
  region size 32768K, 1 young (32768K), 1 survivors (32768K)
 Metaspace       used 17408K, committed 17664K, reserved 1114112K
  class space    used 1667K, committed 1792K, reserved 1048576K
}
Event: 6.518 GC heap before
{Heap before GC invocations=7 (full 0):
 garbage-first heap   total 524288K, used 241906K [0x000001fcca000000, 0x000005fcca000000)
  region size 32768K, 3 young (98304K), 1 survivors (32768K)
 Metaspace       used 19969K, committed 20288K, reserved 1114112K
  class space    used 2043K, committed 2176K, reserved 1048576K
}
Event: 6.545 GC heap after
{Heap after GC invocations=8 (full 0):
 garbage-first heap   total 524288K, used 246565K [0x000001fcca000000, 0x000005fcca000000)
  region size 32768K, 1 young (32768K), 1 survivors (32768K)
 Metaspace       used 19969K, committed 20288K, reserved 1114112K
  class space    used 2043K, committed 2176K, reserved 1048576K
}
Event: 8.519 GC heap before
{Heap before GC invocations=8 (full 0):
 garbage-first heap   total 524288K, used 246565K [0x000001fcca000000, 0x000005fcca000000)
  region size 32768K, 2 young (65536K), 1 survivors (32768K)
 Metaspace       used 21220K, committed 21504K, reserved 1114112K
  class space    used 2171K, committed 2304K, reserved 1048576K
}
Event: 8.529 GC heap after
{Heap after GC invocations=9 (full 0):
 garbage-first heap   total 524288K, used 252140K [0x000001fcca000000, 0x000005fcca000000)
  region size 32768K, 1 young (32768K), 1 survivors (32768K)
 Metaspace       used 21220K, committed 21504K, reserved 1114112K
  class space    used 2171K, committed 2304K, reserved 1048576K
}

