# JRE version: OpenJDK Runtime Environment JBR-17.0.9+8-1166.2-jcef (17.0.9+8) (build 17.0.9+8-b1166.2)
# Java VM: OpenJDK 64-Bit Server VM JBR-17.0.9+8-1166.2-jcef (17.0.9+8-b1166.2, mixed mode, tiered, compressed class ptrs, g1 gc, windows-amd64)
GC Precious Log:
 CPUs: 12 total, 12 available
 Memory: 16254M
 Large Page Support: Disabled
 NUMA Support: Disabled
 Compressed Oops: Disabled
 Heap Region Size: 32M
 Heap Min Capacity: 32M
 Heap Initial Capacity: 256M
 Heap Max Capacity: 4096G
 Pre-touch: Disabled
 Parallel Workers: 10
 Concurrent Workers: 3
 Concurrent Refinement Workers: 10
 Periodic GC: Disabled
Heap:
 garbage-first heap   total 983040K, used 250449K [0x0000029b80000000, 0x0000069b80000000)
  region size 32768K, 3 young (98304K), 1 survivors (32768K)
 Metaspace       used 22631K, committed 22848K, reserved 1114112K
  class space    used 2306K, committed 2432K, reserved 1048576K
GC Heap History (20 events):
Event: 1.135 GC heap before
{Heap before GC invocations=0 (full 0):
 garbage-first heap   total 262144K, used 0K [0x0000029b80000000, 0x0000069b80000000)
  region size 32768K, 1 young (32768K), 0 survivors (0K)
 Metaspace       used 16501K, committed 16704K, reserved 1114112K
  class space    used 1554K, committed 1664K, reserved 1048576K
}
Event: 1.146 GC heap after
{Heap after GC invocations=1 (full 0):
 garbage-first heap   total 262144K, used 6151K [0x0000029b80000000, 0x0000069b80000000)
  region size 32768K, 1 young (32768K), 1 survivors (32768K)
 Metaspace       used 16501K, committed 16704K, reserved 1114112K
  class space    used 1554K, committed 1664K, reserved 1048576K
}
Event: 1.294 GC heap before
{Heap before GC invocations=1 (full 0):
 garbage-first heap   total 262144K, used 38919K [0x0000029b80000000, 0x0000069b80000000)
  region size 32768K, 2 young (65536K), 1 survivors (32768K)
 Metaspace       used 16576K, committed 16832K, reserved 1114112K
  class space    used 1557K, committed 1664K, reserved 1048576K
}
Event: 1.302 GC heap after
{Heap after GC invocations=2 (full 0):
 garbage-first heap   total 262144K, used 15496K [0x0000029b80000000, 0x0000069b80000000)
  region size 32768K, 1 young (32768K), 1 survivors (32768K)
 Metaspace       used 16576K, committed 16832K, reserved 1114112K
  class space    used 1557K, committed 1664K, reserved 1048576K
}
Event: 1.632 GC heap before
{Heap before GC invocations=2 (full 0):
 garbage-first heap   total 262144K, used 48264K [0x0000029b80000000, 0x0000069b80000000)
  region size 32768K, 2 young (65536K), 1 survivors (32768K)
 Metaspace       used 16585K, committed 16832K, reserved 1114112K
  class space    used 1557K, committed 1664K, reserved 1048576K
}
Event: 1.645 GC heap after
{Heap after GC invocations=3 (full 0):
 garbage-first heap   total 262144K, used 31364K [0x0000029b80000000, 0x0000069b80000000)
  region size 32768K, 1 young (32768K), 1 survivors (32768K)
 Metaspace       used 16585K, committed 16832K, reserved 1114112K
  class space    used 1557K, committed 1664K, reserved 1048576K
}
Event: 1.681 GC heap before
{Heap before GC invocations=3 (full 0):
 garbage-first heap   total 262144K, used 31364K [0x0000029b80000000, 0x0000069b80000000)
  region size 32768K, 2 young (65536K), 1 survivors (32768K)
 Metaspace       used 16585K, committed 16832K, reserved 1114112K
  class space    used 1557K, committed 1664K, reserved 1048576K
}
Event: 1.698 GC heap after
{Heap after GC invocations=4 (full 0):
 garbage-first heap   total 262144K, used 47321K [0x0000029b80000000, 0x0000069b80000000)
  region size 32768K, 1 young (32768K), 1 survivors (32768K)
 Metaspace       used 16585K, committed 16832K, reserved 1114112K
  class space    used 1557K, committed 1664K, reserved 1048576K
}
Event: 1.937 GC heap before
{Heap before GC invocations=4 (full 0):
 garbage-first heap   total 262144K, used 80089K [0x0000029b80000000, 0x0000069b80000000)
  region size 32768K, 2 young (65536K), 1 survivors (32768K)
 Metaspace       used 16935K, committed 17152K, reserved 1114112K
  class space    used 1608K, committed 1728K, reserved 1048576K
}
Event: 1.950 GC heap after
{Heap after GC invocations=5 (full 0):
 garbage-first heap   total 262144K, used 89043K [0x0000029b80000000, 0x0000069b80000000)
  region size 32768K, 1 young (32768K), 1 survivors (32768K)
 Metaspace       used 16935K, committed 17152K, reserved 1114112K
  class space    used 1608K, committed 1728K, reserved 1048576K
}
Event: 1.979 GC heap before
{Heap before GC invocations=5 (full 0):
 garbage-first heap   total 262144K, used 89043K [0x0000029b80000000, 0x0000069b80000000)
  region size 32768K, 2 young (65536K), 1 survivors (32768K)
 Metaspace       used 16940K, committed 17152K, reserved 1114112K
  class space    used 1608K, committed 1728K, reserved 1048576K
}
Event: 1.993 GC heap after
{Heap after GC invocations=6 (full 0):
 garbage-first heap   total 524288K, used 123561K [0x0000029b80000000, 0x0000069b80000000)
  region size 32768K, 1 young (32768K), 1 survivors (32768K)
 Metaspace       used 16940K, committed 17152K, reserved 1114112K
  class space    used 1608K, committed 1728K, reserved 1048576K
}
Event: 2.177 GC heap before
{Heap before GC invocations=6 (full 0):
 garbage-first heap   total 524288K, used 156329K [0x0000029b80000000, 0x0000069b80000000)
  region size 32768K, 2 young (65536K), 1 survivors (32768K)
 Metaspace       used 17378K, committed 17600K, reserved 1114112K
  class space    used 1664K, committed 1792K, reserved 1048576K
}
Event: 2.195 GC heap after
{Heap after GC invocations=7 (full 0):
 garbage-first heap   total 524288K, used 143354K [0x0000029b80000000, 0x0000069b80000000)
  region size 32768K, 1 young (32768K), 1 survivors (32768K)
 Metaspace       used 17378K, committed 17600K, reserved 1114112K
  class space    used 1664K, committed 1792K, reserved 1048576K
}
Event: 2.640 GC heap before
{Heap before GC invocations=7 (full 0):
 garbage-first heap   total 524288K, used 176122K [0x0000029b80000000, 0x0000069b80000000)
  region size 32768K, 2 young (65536K), 1 survivors (32768K)
 Metaspace       used 17416K, committed 17664K, reserved 1114112K
  class space    used 1669K, committed 1792K, reserved 1048576K
}
Event: 2.658 GC heap after
{Heap after GC invocations=8 (full 0):
 garbage-first heap   total 524288K, used 179086K [0x0000029b80000000, 0x0000069b80000000)
  region size 32768K, 1 young (32768K), 1 survivors (32768K)
 Metaspace       used 17416K, committed 17664K, reserved 1114112K
  class space    used 1669K, committed 1792K, reserved 1048576K
}
Event: 3.134 GC heap before
{Heap before GC invocations=8 (full 0):
 garbage-first heap   total 524288K, used 211854K [0x0000029b80000000, 0x0000069b80000000)
  region size 32768K, 2 young (65536K), 1 survivors (32768K)
 Metaspace       used 18825K, committed 19136K, reserved 1114112K
  class space    used 1849K, committed 1984K, reserved 1048576K
}
Event: 3.155 GC heap after
{Heap after GC invocations=9 (full 0):
 garbage-first heap   total 524288K, used 212011K [0x0000029b80000000, 0x0000069b80000000)
  region size 32768K, 1 young (32768K), 1 survivors (32768K)
 Metaspace       used 18825K, committed 19136K, reserved 1114112K
  class space    used 1849K, committed 1984K, reserved 1048576K
}
Event: 4.053 GC heap before
{Heap before GC invocations=9 (full 0):
 garbage-first heap   total 524288K, used 212011K [0x0000029b80000000, 0x0000069b80000000)
  region size 32768K, 2 young (65536K), 1 survivors (32768K)
 Metaspace       used 21193K, committed 21504K, reserved 1114112K
  class space    used 2201K, committed 2368K, reserved 1048576K
}
Event: 4.065 GC heap after
{Heap after GC invocations=10 (full 0):
 garbage-first heap   total 1048576K, used 217681K [0x0000029b80000000, 0x0000069b80000000)
  region size 32768K, 1 young (32768K), 1 survivors (32768K)
 Metaspace       used 21193K, committed 21504K, reserved 1114112K
  class space    used 2201K, committed 2368K, reserved 1048576K
}

