# JRE version: OpenJDK Runtime Environment JBR-17.0.9+8-1166.2-jcef (17.0.9+8) (build 17.0.9+8-b1166.2)
# Java VM: OpenJDK 64-Bit Server VM JBR-17.0.9+8-1166.2-jcef (17.0.9+8-b1166.2, mixed mode, tiered, compressed class ptrs, g1 gc, windows-amd64)
GC Precious Log:
 CPUs: 12 total, 12 available
 Memory: 16254M
 Large Page Support: Disabled
 NUMA Support: Disabled
 Compressed Oops: Disabled
 Heap Region Size: 32M
 Heap Min Capacity: 32M
 Heap Initial Capacity: 256M
 Heap Max Capacity: 4096G
 Pre-touch: Disabled
 Parallel Workers: 10
 Concurrent Workers: 3
 Concurrent Refinement Workers: 10
 Periodic GC: Disabled
Heap:
 garbage-first heap   total 524288K, used 220735K [0x0000022aaa000000, 0x0000062aaa000000)
  region size 32768K, 2 young (65536K), 1 survivors (32768K)
 Metaspace       used 21367K, committed 21632K, reserved 1114112K
  class space    used 2184K, committed 2304K, reserved 1048576K
GC Heap History (20 events):
Event: 1.023 GC heap before
{Heap before GC invocations=0 (full 0):
 garbage-first heap   total 262144K, used 32768K [0x0000022aaa000000, 0x0000062aaa000000)
  region size 32768K, 1 young (32768K), 0 survivors (0K)
 Metaspace       used 15986K, committed 16192K, reserved 1114112K
  class space    used 1500K, committed 1600K, reserved 1048576K
}
Event: 1.033 GC heap after
{Heap after GC invocations=1 (full 0):
 garbage-first heap   total 262144K, used 6037K [0x0000022aaa000000, 0x0000062aaa000000)
  region size 32768K, 1 young (32768K), 1 survivors (32768K)
 Metaspace       used 15986K, committed 16192K, reserved 1114112K
  class space    used 1500K, committed 1600K, reserved 1048576K
}
Event: 1.136 GC heap before
{Heap before GC invocations=1 (full 0):
 garbage-first heap   total 262144K, used 6037K [0x0000022aaa000000, 0x0000062aaa000000)
  region size 32768K, 2 young (65536K), 1 survivors (32768K)
 Metaspace       used 16518K, committed 16768K, reserved 1114112K
  class space    used 1552K, committed 1664K, reserved 1048576K
}
Event: 1.144 GC heap after
{Heap after GC invocations=2 (full 0):
 garbage-first heap   total 262144K, used 15400K [0x0000022aaa000000, 0x0000062aaa000000)
  region size 32768K, 1 young (32768K), 1 survivors (32768K)
 Metaspace       used 16518K, committed 16768K, reserved 1114112K
  class space    used 1552K, committed 1664K, reserved 1048576K
}
Event: 1.434 GC heap before
{Heap before GC invocations=2 (full 0):
 garbage-first heap   total 262144K, used 48168K [0x0000022aaa000000, 0x0000062aaa000000)
  region size 32768K, 2 young (65536K), 1 survivors (32768K)
 Metaspace       used 16526K, committed 16768K, reserved 1114112K
  class space    used 1552K, committed 1664K, reserved 1048576K
}
Event: 1.451 GC heap after
{Heap after GC invocations=3 (full 0):
 garbage-first heap   total 262144K, used 31084K [0x0000022aaa000000, 0x0000062aaa000000)
  region size 32768K, 1 young (32768K), 1 survivors (32768K)
 Metaspace       used 16526K, committed 16768K, reserved 1114112K
  class space    used 1552K, committed 1664K, reserved 1048576K
}
Event: 1.483 GC heap before
{Heap before GC invocations=3 (full 0):
 garbage-first heap   total 262144K, used 31084K [0x0000022aaa000000, 0x0000062aaa000000)
  region size 32768K, 2 young (65536K), 1 survivors (32768K)
 Metaspace       used 16526K, committed 16768K, reserved 1114112K
  class space    used 1552K, committed 1664K, reserved 1048576K
}
Event: 1.496 GC heap after
{Heap after GC invocations=4 (full 0):
 garbage-first heap   total 262144K, used 47277K [0x0000022aaa000000, 0x0000062aaa000000)
  region size 32768K, 1 young (32768K), 1 survivors (32768K)
 Metaspace       used 16526K, committed 16768K, reserved 1114112K
  class space    used 1552K, committed 1664K, reserved 1048576K
}
Event: 1.669 GC heap before
{Heap before GC invocations=4 (full 0):
 garbage-first heap   total 262144K, used 80045K [0x0000022aaa000000, 0x0000062aaa000000)
  region size 32768K, 2 young (65536K), 1 survivors (32768K)
 Metaspace       used 16877K, committed 17152K, reserved 1114112K
  class space    used 1603K, committed 1728K, reserved 1048576K
}
Event: 1.685 GC heap after
{Heap after GC invocations=5 (full 0):
 garbage-first heap   total 262144K, used 106500K [0x0000022aaa000000, 0x0000062aaa000000)
  region size 32768K, 1 young (32768K), 1 survivors (32768K)
 Metaspace       used 16877K, committed 17152K, reserved 1114112K
  class space    used 1603K, committed 1728K, reserved 1048576K
}
Event: 1.716 GC heap before
{Heap before GC invocations=5 (full 0):
 garbage-first heap   total 262144K, used 106500K [0x0000022aaa000000, 0x0000062aaa000000)
  region size 32768K, 2 young (65536K), 1 survivors (32768K)
 Metaspace       used 16879K, committed 17152K, reserved 1114112K
  class space    used 1603K, committed 1728K, reserved 1048576K
}
Event: 1.734 GC heap after
{Heap after GC invocations=6 (full 0):
 garbage-first heap   total 524288K, used 140540K [0x0000022aaa000000, 0x0000062aaa000000)
  region size 32768K, 1 young (32768K), 1 survivors (32768K)
 Metaspace       used 16879K, committed 17152K, reserved 1114112K
  class space    used 1603K, committed 1728K, reserved 1048576K
}
Event: 2.038 GC heap before
{Heap before GC invocations=6 (full 0):
 garbage-first heap   total 524288K, used 173308K [0x0000022aaa000000, 0x0000062aaa000000)
  region size 32768K, 2 young (65536K), 1 survivors (32768K)
 Metaspace       used 16974K, committed 17216K, reserved 1114112K
  class space    used 1619K, committed 1728K, reserved 1048576K
}
Event: 2.054 GC heap after
{Heap after GC invocations=7 (full 0):
 garbage-first heap   total 524288K, used 164889K [0x0000022aaa000000, 0x0000062aaa000000)
  region size 32768K, 1 young (32768K), 1 survivors (32768K)
 Metaspace       used 16974K, committed 17216K, reserved 1114112K
  class space    used 1619K, committed 1728K, reserved 1048576K
}
Event: 2.397 GC heap before
{Heap before GC invocations=7 (full 0):
 garbage-first heap   total 524288K, used 197657K [0x0000022aaa000000, 0x0000062aaa000000)
  region size 32768K, 2 young (65536K), 1 survivors (32768K)
 Metaspace       used 16989K, committed 17216K, reserved 1114112K
  class space    used 1621K, committed 1728K, reserved 1048576K
}
Event: 2.419 GC heap after
{Heap after GC invocations=8 (full 0):
 garbage-first heap   total 524288K, used 198856K [0x0000022aaa000000, 0x0000062aaa000000)
  region size 32768K, 1 young (32768K), 1 survivors (32768K)
 Metaspace       used 16989K, committed 17216K, reserved 1114112K
  class space    used 1621K, committed 1728K, reserved 1048576K
}
Event: 6.128 GC heap before
{Heap before GC invocations=8 (full 0):
 garbage-first heap   total 524288K, used 231624K [0x0000022aaa000000, 0x0000062aaa000000)
  region size 32768K, 2 young (65536K), 1 survivors (32768K)
 Metaspace       used 21244K, committed 21504K, reserved 1114112K
  class space    used 2171K, committed 2304K, reserved 1048576K
}
Event: 6.140 GC heap after
{Heap after GC invocations=9 (full 0):
 garbage-first heap   total 524288K, used 218311K [0x0000022aaa000000, 0x0000062aaa000000)
  region size 32768K, 1 young (32768K), 1 survivors (32768K)
 Metaspace       used 21244K, committed 21504K, reserved 1114112K
  class space    used 2171K, committed 2304K, reserved 1048576K
}
Event: 6.502 GC heap before
{Heap before GC invocations=9 (full 0):
 garbage-first heap   total 524288K, used 218311K [0x0000022aaa000000, 0x0000062aaa000000)
  region size 32768K, 2 young (65536K), 1 survivors (32768K)
 Metaspace       used 21262K, committed 21504K, reserved 1114112K
  class space    used 2171K, committed 2304K, reserved 1048576K
}
Event: 6.512 GC heap after
{Heap after GC invocations=10 (full 0):
 garbage-first heap   total 524288K, used 220735K [0x0000022aaa000000, 0x0000062aaa000000)
  region size 32768K, 1 young (32768K), 1 survivors (32768K)
 Metaspace       used 21262K, committed 21504K, reserved 1114112K
  class space    used 2171K, committed 2304K, reserved 1048576K
}

