# JRE version: OpenJDK Runtime Environment JBR-17.0.9+8-1166.2-jcef (17.0.9+8) (build 17.0.9+8-b1166.2)
# Java VM: OpenJDK 64-Bit Server VM JBR-17.0.9+8-1166.2-jcef (17.0.9+8-b1166.2, mixed mode, tiered, compressed class ptrs, g1 gc, windows-amd64)
GC Precious Log:
 CPUs: 12 total, 12 available
 Memory: 16254M
 Large Page Support: Disabled
 NUMA Support: Disabled
 Compressed Oops: Disabled
 Heap Region Size: 32M
 Heap Min Capacity: 32M
 Heap Initial Capacity: 256M
 Heap Max Capacity: 4096G
 Pre-touch: Disabled
 Parallel Workers: 10
 Concurrent Workers: 3
 Concurrent Refinement Workers: 10
 Periodic GC: Disabled
Heap:
 garbage-first heap   total 1081344K, used 264516K [0x0000022a7e000000, 0x0000062a7e000000)
  region size 32768K, 2 young (65536K), 1 survivors (32768K)
 Metaspace       used 22126K, committed 22400K, reserved 1114112K
  class space    used 2269K, committed 2432K, reserved 1048576K
GC Heap History (20 events):
Event: 1.019 GC heap before
{Heap before GC invocations=0 (full 0):
 garbage-first heap   total 262144K, used 0K [0x0000022a7e000000, 0x0000062a7e000000)
  region size 32768K, 1 young (32768K), 0 survivors (0K)
 Metaspace       used 15917K, committed 16128K, reserved 1114112K
  class space    used 1495K, committed 1600K, reserved 1048576K
}
Event: 1.030 GC heap after
{Heap after GC invocations=1 (full 0):
 garbage-first heap   total 262144K, used 6026K [0x0000022a7e000000, 0x0000062a7e000000)
  region size 32768K, 1 young (32768K), 1 survivors (32768K)
 Metaspace       used 15917K, committed 16128K, reserved 1114112K
  class space    used 1495K, committed 1600K, reserved 1048576K
}
Event: 1.180 GC heap before
{Heap before GC invocations=1 (full 0):
 garbage-first heap   total 262144K, used 38794K [0x0000022a7e000000, 0x0000062a7e000000)
  region size 32768K, 2 young (65536K), 1 survivors (32768K)
 Metaspace       used 16580K, committed 16832K, reserved 1114112K
  class space    used 1556K, committed 1664K, reserved 1048576K
}
Event: 1.188 GC heap after
{Heap after GC invocations=2 (full 0):
 garbage-first heap   total 262144K, used 15527K [0x0000022a7e000000, 0x0000062a7e000000)
  region size 32768K, 1 young (32768K), 1 survivors (32768K)
 Metaspace       used 16580K, committed 16832K, reserved 1114112K
  class space    used 1556K, committed 1664K, reserved 1048576K
}
Event: 1.495 GC heap before
{Heap before GC invocations=2 (full 0):
 garbage-first heap   total 262144K, used 48295K [0x0000022a7e000000, 0x0000062a7e000000)
  region size 32768K, 2 young (65536K), 1 survivors (32768K)
 Metaspace       used 16589K, committed 16832K, reserved 1114112K
  class space    used 1556K, committed 1664K, reserved 1048576K
}
Event: 1.505 GC heap after
{Heap after GC invocations=3 (full 0):
 garbage-first heap   total 262144K, used 31403K [0x0000022a7e000000, 0x0000062a7e000000)
  region size 32768K, 1 young (32768K), 1 survivors (32768K)
 Metaspace       used 16589K, committed 16832K, reserved 1114112K
  class space    used 1556K, committed 1664K, reserved 1048576K
}
Event: 1.539 GC heap before
{Heap before GC invocations=3 (full 0):
 garbage-first heap   total 262144K, used 31403K [0x0000022a7e000000, 0x0000062a7e000000)
  region size 32768K, 2 young (65536K), 1 survivors (32768K)
 Metaspace       used 16589K, committed 16832K, reserved 1114112K
  class space    used 1556K, committed 1664K, reserved 1048576K
}
Event: 1.552 GC heap after
{Heap after GC invocations=4 (full 0):
 garbage-first heap   total 262144K, used 47433K [0x0000022a7e000000, 0x0000062a7e000000)
  region size 32768K, 1 young (32768K), 1 survivors (32768K)
 Metaspace       used 16589K, committed 16832K, reserved 1114112K
  class space    used 1556K, committed 1664K, reserved 1048576K
}
Event: 1.743 GC heap before
{Heap before GC invocations=4 (full 0):
 garbage-first heap   total 262144K, used 80201K [0x0000022a7e000000, 0x0000062a7e000000)
  region size 32768K, 2 young (65536K), 1 survivors (32768K)
 Metaspace       used 16939K, committed 17216K, reserved 1114112K
  class space    used 1608K, committed 1728K, reserved 1048576K
}
Event: 1.756 GC heap after
{Heap after GC invocations=5 (full 0):
 garbage-first heap   total 524288K, used 106505K [0x0000022a7e000000, 0x0000062a7e000000)
  region size 32768K, 1 young (32768K), 1 survivors (32768K)
 Metaspace       used 16939K, committed 17216K, reserved 1114112K
  class space    used 1608K, committed 1728K, reserved 1048576K
}
Event: 1.797 GC heap before
{Heap before GC invocations=5 (full 0):
 garbage-first heap   total 524288K, used 106505K [0x0000022a7e000000, 0x0000062a7e000000)
  region size 32768K, 2 young (65536K), 1 survivors (32768K)
 Metaspace       used 16943K, committed 17216K, reserved 1114112K
  class space    used 1608K, committed 1728K, reserved 1048576K
}
Event: 1.818 GC heap after
{Heap after GC invocations=6 (full 0):
 garbage-first heap   total 524288K, used 179610K [0x0000022a7e000000, 0x0000062a7e000000)
  region size 32768K, 1 young (32768K), 1 survivors (32768K)
 Metaspace       used 16943K, committed 17216K, reserved 1114112K
  class space    used 1608K, committed 1728K, reserved 1048576K
}
Event: 2.055 GC heap before
{Heap before GC invocations=6 (full 0):
 garbage-first heap   total 524288K, used 212378K [0x0000022a7e000000, 0x0000062a7e000000)
  region size 32768K, 2 young (65536K), 1 survivors (32768K)
 Metaspace       used 17402K, committed 17600K, reserved 1114112K
  class space    used 1666K, committed 1728K, reserved 1048576K
}
Event: 2.077 GC heap after
{Heap after GC invocations=7 (full 0):
 garbage-first heap   total 524288K, used 191892K [0x0000022a7e000000, 0x0000062a7e000000)
  region size 32768K, 1 young (32768K), 1 survivors (32768K)
 Metaspace       used 17402K, committed 17600K, reserved 1114112K
  class space    used 1666K, committed 1728K, reserved 1048576K
}
Event: 3.766 GC heap before
{Heap before GC invocations=7 (full 0):
 garbage-first heap   total 524288K, used 224660K [0x0000022a7e000000, 0x0000062a7e000000)
  region size 32768K, 2 young (65536K), 1 survivors (32768K)
 Metaspace       used 17434K, committed 17664K, reserved 1114112K
  class space    used 1671K, committed 1728K, reserved 1048576K
}
Event: 3.781 GC heap after
{Heap after GC invocations=8 (full 0):
 garbage-first heap   total 524288K, used 228439K [0x0000022a7e000000, 0x0000062a7e000000)
  region size 32768K, 1 young (32768K), 1 survivors (32768K)
 Metaspace       used 17434K, committed 17664K, reserved 1114112K
  class space    used 1671K, committed 1728K, reserved 1048576K
}
Event: 5.321 GC heap before
{Heap before GC invocations=8 (full 0):
 garbage-first heap   total 524288K, used 261207K [0x0000022a7e000000, 0x0000062a7e000000)
  region size 32768K, 2 young (65536K), 1 survivors (32768K)
 Metaspace       used 19964K, committed 20288K, reserved 1114112K
  class space    used 2041K, committed 2176K, reserved 1048576K
}
Event: 5.338 GC heap after
{Heap after GC invocations=9 (full 0):
 garbage-first heap   total 524288K, used 260508K [0x0000022a7e000000, 0x0000062a7e000000)
  region size 32768K, 1 young (32768K), 1 survivors (32768K)
 Metaspace       used 19964K, committed 20288K, reserved 1114112K
  class space    used 2041K, committed 2176K, reserved 1048576K
}
Event: 6.577 GC heap before
{Heap before GC invocations=9 (full 0):
 garbage-first heap   total 524288K, used 260508K [0x0000022a7e000000, 0x0000062a7e000000)
  region size 32768K, 2 young (65536K), 1 survivors (32768K)
 Metaspace       used 21226K, committed 21504K, reserved 1114112K
  class space    used 2186K, committed 2304K, reserved 1048576K
}
Event: 6.588 GC heap after
{Heap after GC invocations=10 (full 0):
 garbage-first heap   total 1081344K, used 264516K [0x0000022a7e000000, 0x0000062a7e000000)
  region size 32768K, 1 young (32768K), 1 survivors (32768K)
 Metaspace       used 21226K, committed 21504K, reserved 1114112K
  class space    used 2186K, committed 2304K, reserved 1048576K
}

