# JRE version: OpenJDK Runtime Environment JBR-17.0.9+8-1166.2-jcef (17.0.9+8) (build 17.0.9+8-b1166.2)
# Java VM: OpenJDK 64-Bit Server VM JBR-17.0.9+8-1166.2-jcef (17.0.9+8-b1166.2, mixed mode, tiered, compressed class ptrs, g1 gc, windows-amd64)
GC Precious Log:
 CPUs: 12 total, 12 available
 Memory: 16254M
 Large Page Support: Disabled
 NUMA Support: Disabled
 Compressed Oops: Disabled
 Heap Region Size: 32M
 Heap Min Capacity: 32M
 Heap Initial Capacity: 256M
 Heap Max Capacity: 4096G
 Pre-touch: Disabled
 Parallel Workers: 10
 Concurrent Workers: 3
 Concurrent Refinement Workers: 10
 Periodic GC: Disabled
Heap:
 garbage-first heap   total 557056K, used 235825K [0x0000021ff6000000, 0x0000061ff6000000)
  region size 32768K, 2 young (65536K), 1 survivors (32768K)
 Metaspace       used 21604K, committed 21888K, reserved 1114112K
  class space    used 2215K, committed 2368K, reserved 1048576K
GC Heap History (18 events):
Event: 2.809 GC heap before
{Heap before GC invocations=0 (full 0):
 garbage-first heap   total 262144K, used 32768K [0x0000021ff6000000, 0x0000061ff6000000)
  region size 32768K, 1 young (32768K), 0 survivors (0K)
 Metaspace       used 16517K, committed 16768K, reserved 1114112K
  class space    used 1554K, committed 1664K, reserved 1048576K
}
Event: 2.822 GC heap after
{Heap after GC invocations=1 (full 0):
 garbage-first heap   total 262144K, used 6148K [0x0000021ff6000000, 0x0000061ff6000000)
  region size 32768K, 1 young (32768K), 1 survivors (32768K)
 Metaspace       used 16517K, committed 16768K, reserved 1114112K
  class space    used 1554K, committed 1664K, reserved 1048576K
}
Event: 2.990 GC heap before
{Heap before GC invocations=1 (full 0):
 garbage-first heap   total 262144K, used 6148K [0x0000021ff6000000, 0x0000061ff6000000)
  region size 32768K, 2 young (65536K), 1 survivors (32768K)
 Metaspace       used 16592K, committed 16832K, reserved 1114112K
  class space    used 1556K, committed 1664K, reserved 1048576K
}
Event: 2.997 GC heap after
{Heap after GC invocations=2 (full 0):
 garbage-first heap   total 262144K, used 15041K [0x0000021ff6000000, 0x0000061ff6000000)
  region size 32768K, 1 young (32768K), 1 survivors (32768K)
 Metaspace       used 16592K, committed 16832K, reserved 1114112K
  class space    used 1556K, committed 1664K, reserved 1048576K
}
Event: 3.287 GC heap before
{Heap before GC invocations=2 (full 0):
 garbage-first heap   total 262144K, used 47809K [0x0000021ff6000000, 0x0000061ff6000000)
  region size 32768K, 2 young (65536K), 1 survivors (32768K)
 Metaspace       used 16599K, committed 16832K, reserved 1114112K
  class space    used 1556K, committed 1664K, reserved 1048576K
}
Event: 3.298 GC heap after
{Heap after GC invocations=3 (full 0):
 garbage-first heap   total 262144K, used 30914K [0x0000021ff6000000, 0x0000061ff6000000)
  region size 32768K, 1 young (32768K), 1 survivors (32768K)
 Metaspace       used 16599K, committed 16832K, reserved 1114112K
  class space    used 1556K, committed 1664K, reserved 1048576K
}
Event: 3.327 GC heap before
{Heap before GC invocations=3 (full 0):
 garbage-first heap   total 262144K, used 30914K [0x0000021ff6000000, 0x0000061ff6000000)
  region size 32768K, 2 young (65536K), 1 survivors (32768K)
 Metaspace       used 16600K, committed 16832K, reserved 1114112K
  class space    used 1556K, committed 1664K, reserved 1048576K
}
Event: 3.341 GC heap after
{Heap after GC invocations=4 (full 0):
 garbage-first heap   total 262144K, used 47063K [0x0000021ff6000000, 0x0000061ff6000000)
  region size 32768K, 1 young (32768K), 1 survivors (32768K)
 Metaspace       used 16600K, committed 16832K, reserved 1114112K
  class space    used 1556K, committed 1664K, reserved 1048576K
}
Event: 3.553 GC heap before
{Heap before GC invocations=4 (full 0):
 garbage-first heap   total 262144K, used 79831K [0x0000021ff6000000, 0x0000061ff6000000)
  region size 32768K, 2 young (65536K), 1 survivors (32768K)
 Metaspace       used 16951K, committed 17216K, reserved 1114112K
  class space    used 1608K, committed 1728K, reserved 1048576K
}
Event: 3.566 GC heap after
{Heap after GC invocations=5 (full 0):
 garbage-first heap   total 262144K, used 114147K [0x0000021ff6000000, 0x0000061ff6000000)
  region size 32768K, 1 young (32768K), 1 survivors (32768K)
 Metaspace       used 16951K, committed 17216K, reserved 1114112K
  class space    used 1608K, committed 1728K, reserved 1048576K
}
Event: 3.644 GC heap before
{Heap before GC invocations=5 (full 0):
 garbage-first heap   total 262144K, used 114147K [0x0000021ff6000000, 0x0000061ff6000000)
  region size 32768K, 2 young (65536K), 1 survivors (32768K)
 Metaspace       used 16955K, committed 17216K, reserved 1114112K
  class space    used 1608K, committed 1728K, reserved 1048576K
}
Event: 3.661 GC heap after
{Heap after GC invocations=6 (full 0):
 garbage-first heap   total 524288K, used 146842K [0x0000021ff6000000, 0x0000061ff6000000)
  region size 32768K, 1 young (32768K), 1 survivors (32768K)
 Metaspace       used 16955K, committed 17216K, reserved 1114112K
  class space    used 1608K, committed 1728K, reserved 1048576K
}
Event: 4.123 GC heap before
{Heap before GC invocations=6 (full 0):
 garbage-first heap   total 524288K, used 179610K [0x0000021ff6000000, 0x0000061ff6000000)
  region size 32768K, 2 young (65536K), 1 survivors (32768K)
 Metaspace       used 17418K, committed 17664K, reserved 1114112K
  class space    used 1666K, committed 1792K, reserved 1048576K
}
Event: 4.137 GC heap after
{Heap after GC invocations=7 (full 0):
 garbage-first heap   total 524288K, used 166868K [0x0000021ff6000000, 0x0000061ff6000000)
  region size 32768K, 1 young (32768K), 1 survivors (32768K)
 Metaspace       used 17418K, committed 17664K, reserved 1114112K
  class space    used 1666K, committed 1792K, reserved 1048576K
}
Event: 7.287 GC heap before
{Heap before GC invocations=7 (full 0):
 garbage-first heap   total 524288K, used 232404K [0x0000021ff6000000, 0x0000061ff6000000)
  region size 32768K, 3 young (98304K), 1 survivors (32768K)
 Metaspace       used 18976K, committed 19200K, reserved 1114112K
  class space    used 1889K, committed 1984K, reserved 1048576K
}
Event: 7.314 GC heap after
{Heap after GC invocations=8 (full 0):
 garbage-first heap   total 524288K, used 230467K [0x0000021ff6000000, 0x0000061ff6000000)
  region size 32768K, 1 young (32768K), 1 survivors (32768K)
 Metaspace       used 18976K, committed 19200K, reserved 1114112K
  class space    used 1889K, committed 1984K, reserved 1048576K
}
Event: 9.727 GC heap before
{Heap before GC invocations=8 (full 0):
 garbage-first heap   total 524288K, used 230467K [0x0000021ff6000000, 0x0000061ff6000000)
  region size 32768K, 2 young (65536K), 1 survivors (32768K)
 Metaspace       used 21253K, committed 21504K, reserved 1114112K
  class space    used 2196K, committed 2304K, reserved 1048576K
}
Event: 9.739 GC heap after
{Heap after GC invocations=9 (full 0):
 garbage-first heap   total 524288K, used 235825K [0x0000021ff6000000, 0x0000061ff6000000)
  region size 32768K, 1 young (32768K), 1 survivors (32768K)
 Metaspace       used 21253K, committed 21504K, reserved 1114112K
  class space    used 2196K, committed 2304K, reserved 1048576K
}

