# JRE version: OpenJDK Runtime Environment JBR-17.0.9+8-1166.2-jcef (17.0.9+8) (build 17.0.9+8-b1166.2)
# Java VM: OpenJDK 64-Bit Server VM JBR-17.0.9+8-1166.2-jcef (17.0.9+8-b1166.2, mixed mode, tiered, compressed class ptrs, g1 gc, windows-amd64)
GC Precious Log:
 CPUs: 12 total, 12 available
 Memory: 16254M
 Large Page Support: Disabled
 NUMA Support: Disabled
 Compressed Oops: Disabled
 Heap Region Size: 32M
 Heap Min Capacity: 32M
 Heap Initial Capacity: 256M
 Heap Max Capacity: 4096G
 Pre-touch: Disabled
 Parallel Workers: 10
 Concurrent Workers: 3
 Concurrent Refinement Workers: 10
 Periodic GC: Disabled
Heap:
 garbage-first heap   total 557056K, used 252197K [0x0000021200000000, 0x0000061200000000)
  region size 32768K, 2 young (65536K), 1 survivors (32768K)
 Metaspace       used 21482K, committed 21760K, reserved 1114112K
  class space    used 2198K, committed 2368K, reserved 1048576K
GC Heap History (18 events):
Event: 1.002 GC heap before
{Heap before GC invocations=0 (full 0):
 garbage-first heap   total 262144K, used 0K [0x0000021200000000, 0x0000061200000000)
  region size 32768K, 1 young (32768K), 0 survivors (0K)
 Metaspace       used 15920K, committed 16192K, reserved 1114112K
  class space    used 1495K, committed 1600K, reserved 1048576K
}
Event: 1.018 GC heap after
{Heap after GC invocations=1 (full 0):
 garbage-first heap   total 262144K, used 6042K [0x0000021200000000, 0x0000061200000000)
  region size 32768K, 1 young (32768K), 1 survivors (32768K)
 Metaspace       used 15920K, committed 16192K, reserved 1114112K
  class space    used 1495K, committed 1600K, reserved 1048576K
}
Event: 1.148 GC heap before
{Heap before GC invocations=1 (full 0):
 garbage-first heap   total 262144K, used 38810K [0x0000021200000000, 0x0000061200000000)
  region size 32768K, 2 young (65536K), 1 survivors (32768K)
 Metaspace       used 16581K, committed 16832K, reserved 1114112K
  class space    used 1556K, committed 1664K, reserved 1048576K
}
Event: 1.156 GC heap after
{Heap after GC invocations=2 (full 0):
 garbage-first heap   total 262144K, used 15458K [0x0000021200000000, 0x0000061200000000)
  region size 32768K, 1 young (32768K), 1 survivors (32768K)
 Metaspace       used 16581K, committed 16832K, reserved 1114112K
  class space    used 1556K, committed 1664K, reserved 1048576K
}
Event: 1.490 GC heap before
{Heap before GC invocations=2 (full 0):
 garbage-first heap   total 262144K, used 48226K [0x0000021200000000, 0x0000061200000000)
  region size 32768K, 2 young (65536K), 1 survivors (32768K)
 Metaspace       used 16591K, committed 16832K, reserved 1114112K
  class space    used 1556K, committed 1664K, reserved 1048576K
}
Event: 1.503 GC heap after
{Heap after GC invocations=3 (full 0):
 garbage-first heap   total 262144K, used 31215K [0x0000021200000000, 0x0000061200000000)
  region size 32768K, 1 young (32768K), 1 survivors (32768K)
 Metaspace       used 16591K, committed 16832K, reserved 1114112K
  class space    used 1556K, committed 1664K, reserved 1048576K
}
Event: 1.540 GC heap before
{Heap before GC invocations=3 (full 0):
 garbage-first heap   total 262144K, used 31215K [0x0000021200000000, 0x0000061200000000)
  region size 32768K, 2 young (65536K), 1 survivors (32768K)
 Metaspace       used 16591K, committed 16832K, reserved 1114112K
  class space    used 1556K, committed 1664K, reserved 1048576K
}
Event: 1.557 GC heap after
{Heap after GC invocations=4 (full 0):
 garbage-first heap   total 262144K, used 47319K [0x0000021200000000, 0x0000061200000000)
  region size 32768K, 1 young (32768K), 1 survivors (32768K)
 Metaspace       used 16591K, committed 16832K, reserved 1114112K
  class space    used 1556K, committed 1664K, reserved 1048576K
}
Event: 1.757 GC heap before
{Heap before GC invocations=4 (full 0):
 garbage-first heap   total 262144K, used 80087K [0x0000021200000000, 0x0000061200000000)
  region size 32768K, 2 young (65536K), 1 survivors (32768K)
 Metaspace       used 16941K, committed 17216K, reserved 1114112K
  class space    used 1608K, committed 1728K, reserved 1048576K
}
Event: 1.774 GC heap after
{Heap after GC invocations=5 (full 0):
 garbage-first heap   total 524288K, used 106476K [0x0000021200000000, 0x0000061200000000)
  region size 32768K, 1 young (32768K), 1 survivors (32768K)
 Metaspace       used 16941K, committed 17216K, reserved 1114112K
  class space    used 1608K, committed 1728K, reserved 1048576K
}
Event: 1.824 GC heap before
{Heap before GC invocations=5 (full 0):
 garbage-first heap   total 524288K, used 106476K [0x0000021200000000, 0x0000061200000000)
  region size 32768K, 2 young (65536K), 1 survivors (32768K)
 Metaspace       used 16945K, committed 17216K, reserved 1114112K
  class space    used 1608K, committed 1728K, reserved 1048576K
}
Event: 1.841 GC heap after
{Heap after GC invocations=6 (full 0):
 garbage-first heap   total 524288K, used 156120K [0x0000021200000000, 0x0000061200000000)
  region size 32768K, 1 young (32768K), 1 survivors (32768K)
 Metaspace       used 16945K, committed 17216K, reserved 1114112K
  class space    used 1608K, committed 1728K, reserved 1048576K
}
Event: 2.063 GC heap before
{Heap before GC invocations=6 (full 0):
 garbage-first heap   total 524288K, used 188888K [0x0000021200000000, 0x0000061200000000)
  region size 32768K, 2 young (65536K), 1 survivors (32768K)
 Metaspace       used 17399K, committed 17600K, reserved 1114112K
  class space    used 1666K, committed 1728K, reserved 1048576K
}
Event: 2.082 GC heap after
{Heap after GC invocations=7 (full 0):
 garbage-first heap   total 524288K, used 176320K [0x0000021200000000, 0x0000061200000000)
  region size 32768K, 1 young (32768K), 1 survivors (32768K)
 Metaspace       used 17399K, committed 17600K, reserved 1114112K
  class space    used 1666K, committed 1728K, reserved 1048576K
}
Event: 5.270 GC heap before
{Heap before GC invocations=7 (full 0):
 garbage-first heap   total 524288K, used 241856K [0x0000021200000000, 0x0000061200000000)
  region size 32768K, 3 young (98304K), 1 survivors (32768K)
 Metaspace       used 19939K, committed 20224K, reserved 1114112K
  class space    used 2041K, committed 2176K, reserved 1048576K
}
Event: 5.294 GC heap after
{Heap after GC invocations=8 (full 0):
 garbage-first heap   total 524288K, used 246368K [0x0000021200000000, 0x0000061200000000)
  region size 32768K, 1 young (32768K), 1 survivors (32768K)
 Metaspace       used 19939K, committed 20224K, reserved 1114112K
  class space    used 2041K, committed 2176K, reserved 1048576K
}
Event: 7.195 GC heap before
{Heap before GC invocations=8 (full 0):
 garbage-first heap   total 524288K, used 246368K [0x0000021200000000, 0x0000061200000000)
  region size 32768K, 2 young (65536K), 1 survivors (32768K)
 Metaspace       used 21256K, committed 21504K, reserved 1114112K
  class space    used 2180K, committed 2304K, reserved 1048576K
}
Event: 7.205 GC heap after
{Heap after GC invocations=9 (full 0):
 garbage-first heap   total 524288K, used 252197K [0x0000021200000000, 0x0000061200000000)
  region size 32768K, 1 young (32768K), 1 survivors (32768K)
 Metaspace       used 21256K, committed 21504K, reserved 1114112K
  class space    used 2180K, committed 2304K, reserved 1048576K
}

