# JRE version: OpenJDK Runtime Environment JBR-17.0.9+8-1166.2-jcef (17.0.9+8) (build 17.0.9+8-b1166.2)
# Java VM: OpenJDK 64-Bit Server VM JBR-17.0.9+8-1166.2-jcef (17.0.9+8-b1166.2, mixed mode, tiered, compressed class ptrs, g1 gc, windows-amd64)
GC Precious Log:
 CPUs: 12 total, 12 available
 Memory: 16254M
 Large Page Support: Disabled
 NUMA Support: Disabled
 Compressed Oops: Disabled
 Heap Region Size: 32M
 Heap Min Capacity: 32M
 Heap Initial Capacity: 256M
 Heap Max Capacity: 4096G
 Pre-touch: Disabled
 Parallel Workers: 10
 Concurrent Workers: 3
 Concurrent Refinement Workers: 10
 Periodic GC: Disabled
Heap:
 garbage-first heap   total 458752K, used 187177K [0x000002d37a000000, 0x000006d37a000000)
  region size 32768K, 2 young (65536K), 1 survivors (32768K)
 Metaspace       used 22214K, committed 22464K, reserved 1114112K
  class space    used 2279K, committed 2432K, reserved 1048576K
GC Heap History (16 events):
Event: 1.268 GC heap before
{Heap before GC invocations=0 (full 0):
 garbage-first heap   total 262144K, used 32768K [0x000002d37a000000, 0x000006d37a000000)
  region size 32768K, 1 young (32768K), 0 survivors (0K)
 Metaspace       used 16490K, committed 16704K, reserved 1114112K
  class space    used 1552K, committed 1664K, reserved 1048576K
}
Event: 1.282 GC heap after
{Heap after GC invocations=1 (full 0):
 garbage-first heap   total 262144K, used 6122K [0x000002d37a000000, 0x000006d37a000000)
  region size 32768K, 1 young (32768K), 1 survivors (32768K)
 Metaspace       used 16490K, committed 16704K, reserved 1114112K
  class space    used 1552K, committed 1664K, reserved 1048576K
}
Event: 1.431 GC heap before
{Heap before GC invocations=1 (full 0):
 garbage-first heap   total 262144K, used 6122K [0x000002d37a000000, 0x000006d37a000000)
  region size 32768K, 2 young (65536K), 1 survivors (32768K)
 Metaspace       used 16560K, committed 16768K, reserved 1114112K
  class space    used 1555K, committed 1664K, reserved 1048576K
}
Event: 1.440 GC heap after
{Heap after GC invocations=2 (full 0):
 garbage-first heap   total 262144K, used 17545K [0x000002d37a000000, 0x000006d37a000000)
  region size 32768K, 1 young (32768K), 1 survivors (32768K)
 Metaspace       used 16560K, committed 16768K, reserved 1114112K
  class space    used 1555K, committed 1664K, reserved 1048576K
}
Event: 1.727 GC heap before
{Heap before GC invocations=2 (full 0):
 garbage-first heap   total 262144K, used 50313K [0x000002d37a000000, 0x000006d37a000000)
  region size 32768K, 2 young (65536K), 1 survivors (32768K)
 Metaspace       used 16577K, committed 16832K, reserved 1114112K
  class space    used 1555K, committed 1664K, reserved 1048576K
}
Event: 1.740 GC heap after
{Heap after GC invocations=3 (full 0):
 garbage-first heap   total 262144K, used 31596K [0x000002d37a000000, 0x000006d37a000000)
  region size 32768K, 1 young (32768K), 1 survivors (32768K)
 Metaspace       used 16577K, committed 16832K, reserved 1114112K
  class space    used 1555K, committed 1664K, reserved 1048576K
}
Event: 1.803 GC heap before
{Heap before GC invocations=3 (full 0):
 garbage-first heap   total 262144K, used 31596K [0x000002d37a000000, 0x000006d37a000000)
  region size 32768K, 2 young (65536K), 1 survivors (32768K)
 Metaspace       used 16577K, committed 16832K, reserved 1114112K
  class space    used 1555K, committed 1664K, reserved 1048576K
}
Event: 1.815 GC heap after
{Heap after GC invocations=4 (full 0):
 garbage-first heap   total 262144K, used 47287K [0x000002d37a000000, 0x000006d37a000000)
  region size 32768K, 1 young (32768K), 1 survivors (32768K)
 Metaspace       used 16577K, committed 16832K, reserved 1114112K
  class space    used 1555K, committed 1664K, reserved 1048576K
}
Event: 2.043 GC heap before
{Heap before GC invocations=4 (full 0):
 garbage-first heap   total 262144K, used 80055K [0x000002d37a000000, 0x000006d37a000000)
  region size 32768K, 2 young (65536K), 1 survivors (32768K)
 Metaspace       used 16927K, committed 17152K, reserved 1114112K
  class space    used 1607K, committed 1728K, reserved 1048576K
}
Event: 2.051 GC heap after
{Heap after GC invocations=5 (full 0):
 garbage-first heap   total 458752K, used 73473K [0x000002d37a000000, 0x000006d37a000000)
  region size 32768K, 1 young (32768K), 1 survivors (32768K)
 Metaspace       used 16927K, committed 17152K, reserved 1114112K
  class space    used 1607K, committed 1728K, reserved 1048576K
}
Event: 2.424 GC heap before
{Heap before GC invocations=5 (full 0):
 garbage-first heap   total 458752K, used 106241K [0x000002d37a000000, 0x000006d37a000000)
  region size 32768K, 3 young (98304K), 1 survivors (32768K)
 Metaspace       used 17375K, committed 17600K, reserved 1114112K
  class space    used 1663K, committed 1792K, reserved 1048576K
}
Event: 2.446 GC heap after
{Heap after GC invocations=6 (full 0):
 garbage-first heap   total 458752K, used 129100K [0x000002d37a000000, 0x000006d37a000000)
  region size 32768K, 1 young (32768K), 1 survivors (32768K)
 Metaspace       used 17375K, committed 17600K, reserved 1114112K
  class space    used 1663K, committed 1792K, reserved 1048576K
}
Event: 2.908 GC heap before
{Heap before GC invocations=6 (full 0):
 garbage-first heap   total 458752K, used 161868K [0x000002d37a000000, 0x000006d37a000000)
  region size 32768K, 2 young (65536K), 1 survivors (32768K)
 Metaspace       used 17410K, committed 17664K, reserved 1114112K
  class space    used 1667K, committed 1792K, reserved 1048576K
}
Event: 2.928 GC heap after
{Heap after GC invocations=7 (full 0):
 garbage-first heap   total 458752K, used 161030K [0x000002d37a000000, 0x000006d37a000000)
  region size 32768K, 1 young (32768K), 1 survivors (32768K)
 Metaspace       used 17410K, committed 17664K, reserved 1114112K
  class space    used 1667K, committed 1792K, reserved 1048576K
}
Event: 4.721 GC heap before
{Heap before GC invocations=7 (full 0):
 garbage-first heap   total 458752K, used 161030K [0x000002d37a000000, 0x000006d37a000000)
  region size 32768K, 2 young (65536K), 1 survivors (32768K)
 Metaspace       used 21200K, committed 21504K, reserved 1114112K
  class space    used 2199K, committed 2368K, reserved 1048576K
}
Event: 4.740 GC heap after
{Heap after GC invocations=8 (full 0):
 garbage-first heap   total 458752K, used 187177K [0x000002d37a000000, 0x000006d37a000000)
  region size 32768K, 1 young (32768K), 1 survivors (32768K)
 Metaspace       used 21200K, committed 21504K, reserved 1114112K
  class space    used 2199K, committed 2368K, reserved 1048576K
}

