# JRE version: OpenJDK Runtime Environment JBR-17.0.9+8-1166.2-jcef (17.0.9+8) (build 17.0.9+8-b1166.2)
# Java VM: OpenJDK 64-Bit Server VM JBR-17.0.9+8-1166.2-jcef (17.0.9+8-b1166.2, mixed mode, tiered, compressed class ptrs, g1 gc, windows-amd64)
GC Precious Log:
 CPUs: 12 total, 12 available
 Memory: 16254M
 Large Page Support: Disabled
 NUMA Support: Disabled
 Compressed Oops: Disabled
 Heap Region Size: 32M
 Heap Min Capacity: 32M
 Heap Initial Capacity: 256M
 Heap Max Capacity: 4096G
 Pre-touch: Disabled
 Parallel Workers: 10
 Concurrent Workers: 3
 Concurrent Refinement Workers: 10
 Periodic GC: Disabled
Heap:
 garbage-first heap   total 983040K, used 260719K [0x0000027066000000, 0x0000067066000000)
  region size 32768K, 3 young (98304K), 1 survivors (32768K)
 Metaspace       used 21418K, committed 21696K, reserved 1114112K
  class space    used 2187K, committed 2304K, reserved 1048576K
GC Heap History (20 events):
Event: 1.020 GC heap before
{Heap before GC invocations=0 (full 0):
 garbage-first heap   total 262144K, used 32768K [0x0000027066000000, 0x0000067066000000)
  region size 32768K, 1 young (32768K), 0 survivors (0K)
 Metaspace       used 15897K, committed 16064K, reserved 1114112K
  class space    used 1494K, committed 1600K, reserved 1048576K
}
Event: 1.045 GC heap after
{Heap after GC invocations=1 (full 0):
 garbage-first heap   total 262144K, used 6458K [0x0000027066000000, 0x0000067066000000)
  region size 32768K, 1 young (32768K), 1 survivors (32768K)
 Metaspace       used 15897K, committed 16064K, reserved 1114112K
  class space    used 1494K, committed 1600K, reserved 1048576K
}
Event: 1.143 GC heap before
{Heap before GC invocations=1 (full 0):
 garbage-first heap   total 262144K, used 6458K [0x0000027066000000, 0x0000067066000000)
  region size 32768K, 2 young (65536K), 1 survivors (32768K)
 Metaspace       used 16505K, committed 16768K, reserved 1114112K
  class space    used 1552K, committed 1664K, reserved 1048576K
}
Event: 1.149 GC heap after
{Heap after GC invocations=2 (full 0):
 garbage-first heap   total 262144K, used 15292K [0x0000027066000000, 0x0000067066000000)
  region size 32768K, 1 young (32768K), 1 survivors (32768K)
 Metaspace       used 16505K, committed 16768K, reserved 1114112K
  class space    used 1552K, committed 1664K, reserved 1048576K
}
Event: 1.434 GC heap before
{Heap before GC invocations=2 (full 0):
 garbage-first heap   total 262144K, used 48060K [0x0000027066000000, 0x0000067066000000)
  region size 32768K, 2 young (65536K), 1 survivors (32768K)
 Metaspace       used 16513K, committed 16768K, reserved 1114112K
  class space    used 1552K, committed 1664K, reserved 1048576K
}
Event: 1.445 GC heap after
{Heap after GC invocations=3 (full 0):
 garbage-first heap   total 262144K, used 31322K [0x0000027066000000, 0x0000067066000000)
  region size 32768K, 1 young (32768K), 1 survivors (32768K)
 Metaspace       used 16513K, committed 16768K, reserved 1114112K
  class space    used 1552K, committed 1664K, reserved 1048576K
}
Event: 1.479 GC heap before
{Heap before GC invocations=3 (full 0):
 garbage-first heap   total 262144K, used 31322K [0x0000027066000000, 0x0000067066000000)
  region size 32768K, 2 young (65536K), 1 survivors (32768K)
 Metaspace       used 16513K, committed 16768K, reserved 1114112K
  class space    used 1552K, committed 1664K, reserved 1048576K
}
Event: 1.491 GC heap after
{Heap after GC invocations=4 (full 0):
 garbage-first heap   total 262144K, used 47396K [0x0000027066000000, 0x0000067066000000)
  region size 32768K, 1 young (32768K), 1 survivors (32768K)
 Metaspace       used 16513K, committed 16768K, reserved 1114112K
  class space    used 1552K, committed 1664K, reserved 1048576K
}
Event: 1.646 GC heap before
{Heap before GC invocations=4 (full 0):
 garbage-first heap   total 262144K, used 80164K [0x0000027066000000, 0x0000067066000000)
  region size 32768K, 2 young (65536K), 1 survivors (32768K)
 Metaspace       used 16864K, committed 17152K, reserved 1114112K
  class space    used 1603K, committed 1728K, reserved 1048576K
}
Event: 1.660 GC heap after
{Heap after GC invocations=5 (full 0):
 garbage-first heap   total 524288K, used 89043K [0x0000027066000000, 0x0000067066000000)
  region size 32768K, 1 young (32768K), 1 survivors (32768K)
 Metaspace       used 16864K, committed 17152K, reserved 1114112K
  class space    used 1603K, committed 1728K, reserved 1048576K
}
Event: 1.691 GC heap before
{Heap before GC invocations=5 (full 0):
 garbage-first heap   total 524288K, used 89043K [0x0000027066000000, 0x0000067066000000)
  region size 32768K, 2 young (65536K), 1 survivors (32768K)
 Metaspace       used 16867K, committed 17152K, reserved 1114112K
  class space    used 1603K, committed 1728K, reserved 1048576K
}
Event: 1.702 GC heap after
{Heap after GC invocations=6 (full 0):
 garbage-first heap   total 524288K, used 146656K [0x0000027066000000, 0x0000067066000000)
  region size 32768K, 1 young (32768K), 1 survivors (32768K)
 Metaspace       used 16867K, committed 17152K, reserved 1114112K
  class space    used 1603K, committed 1728K, reserved 1048576K
}
Event: 1.930 GC heap before
{Heap before GC invocations=6 (full 0):
 garbage-first heap   total 524288K, used 179424K [0x0000027066000000, 0x0000067066000000)
  region size 32768K, 2 young (65536K), 1 survivors (32768K)
 Metaspace       used 16962K, committed 17152K, reserved 1114112K
  class space    used 1619K, committed 1728K, reserved 1048576K
}
Event: 1.947 GC heap after
{Heap after GC invocations=7 (full 0):
 garbage-first heap   total 524288K, used 173703K [0x0000027066000000, 0x0000067066000000)
  region size 32768K, 1 young (32768K), 1 survivors (32768K)
 Metaspace       used 16962K, committed 17152K, reserved 1114112K
  class space    used 1619K, committed 1728K, reserved 1048576K
}
Event: 2.265 GC heap before
{Heap before GC invocations=7 (full 0):
 garbage-first heap   total 524288K, used 206471K [0x0000027066000000, 0x0000067066000000)
  region size 32768K, 2 young (65536K), 1 survivors (32768K)
 Metaspace       used 16977K, committed 17152K, reserved 1114112K
  class space    used 1621K, committed 1728K, reserved 1048576K
}
Event: 2.288 GC heap after
{Heap after GC invocations=8 (full 0):
 garbage-first heap   total 524288K, used 205567K [0x0000027066000000, 0x0000067066000000)
  region size 32768K, 1 young (32768K), 1 survivors (32768K)
 Metaspace       used 16977K, committed 17152K, reserved 1114112K
  class space    used 1621K, committed 1728K, reserved 1048576K
}
Event: 7.326 GC heap before
{Heap before GC invocations=8 (full 0):
 garbage-first heap   total 524288K, used 238335K [0x0000027066000000, 0x0000067066000000)
  region size 32768K, 2 young (65536K), 1 survivors (32768K)
 Metaspace       used 21171K, committed 21440K, reserved 1114112K
  class space    used 2169K, committed 2304K, reserved 1048576K
}
Event: 7.340 GC heap after
{Heap after GC invocations=9 (full 0):
 garbage-first heap   total 1048576K, used 225878K [0x0000027066000000, 0x0000067066000000)
  region size 32768K, 1 young (32768K), 1 survivors (32768K)
 Metaspace       used 21171K, committed 21440K, reserved 1114112K
  class space    used 2169K, committed 2304K, reserved 1048576K
}
Event: 9.099 GC heap before
{Heap before GC invocations=9 (full 0):
 garbage-first heap   total 1048576K, used 225878K [0x0000027066000000, 0x0000067066000000)
  region size 32768K, 2 young (65536K), 1 survivors (32768K)
 Metaspace       used 21244K, committed 21504K, reserved 1114112K
  class space    used 2169K, committed 2304K, reserved 1048576K
}
Event: 9.107 GC heap after
{Heap after GC invocations=10 (full 0):
 garbage-first heap   total 1048576K, used 227951K [0x0000027066000000, 0x0000067066000000)
  region size 32768K, 1 young (32768K), 1 survivors (32768K)
 Metaspace       used 21244K, committed 21504K, reserved 1114112K
  class space    used 2169K, committed 2304K, reserved 1048576K
}

