# JRE version: OpenJDK Runtime Environment JBR-17.0.9+8-1166.2-jcef (17.0.9+8) (build 17.0.9+8-b1166.2)
# Java VM: OpenJDK 64-Bit Server VM JBR-17.0.9+8-1166.2-jcef (17.0.9+8-b1166.2, mixed mode, tiered, compressed class ptrs, g1 gc, windows-amd64)
GC Precious Log:
 CPUs: 12 total, 12 available
 Memory: 16254M
 Large Page Support: Disabled
 NUMA Support: Disabled
 Compressed Oops: Disabled
 Heap Region Size: 32M
 Heap Min Capacity: 32M
 Heap Initial Capacity: 256M
 Heap Max Capacity: 4096G
 Pre-touch: Disabled
 Parallel Workers: 10
 Concurrent Workers: 3
 Concurrent Refinement Workers: 10
 Periodic GC: Disabled
Heap:
 garbage-first heap   total 524288K, used 204845K [0x000001ffa4000000, 0x000005ffa4000000)
  region size 32768K, 2 young (65536K), 1 survivors (32768K)
 Metaspace       used 21272K, committed 21568K, reserved 1114112K
  class space    used 2179K, committed 2304K, reserved 1048576K
GC Heap History (18 events):
Event: 1.159 GC heap before
{Heap before GC invocations=0 (full 0):
 garbage-first heap   total 262144K, used 0K [0x000001ffa4000000, 0x000005ffa4000000)
  region size 32768K, 1 young (32768K), 0 survivors (0K)
 Metaspace       used 16487K, committed 16704K, reserved 1114112K
  class space    used 1552K, committed 1664K, reserved 1048576K
}
Event: 1.169 GC heap after
{Heap after GC invocations=1 (full 0):
 garbage-first heap   total 262144K, used 6138K [0x000001ffa4000000, 0x000005ffa4000000)
  region size 32768K, 1 young (32768K), 1 survivors (32768K)
 Metaspace       used 16487K, committed 16704K, reserved 1114112K
  class space    used 1552K, committed 1664K, reserved 1048576K
}
Event: 1.276 GC heap before
{Heap before GC invocations=1 (full 0):
 garbage-first heap   total 262144K, used 6138K [0x000001ffa4000000, 0x000005ffa4000000)
  region size 32768K, 2 young (65536K), 1 survivors (32768K)
 Metaspace       used 16511K, committed 16768K, reserved 1114112K
  class space    used 1552K, committed 1664K, reserved 1048576K
}
Event: 1.284 GC heap after
{Heap after GC invocations=2 (full 0):
 garbage-first heap   total 262144K, used 15506K [0x000001ffa4000000, 0x000005ffa4000000)
  region size 32768K, 1 young (32768K), 1 survivors (32768K)
 Metaspace       used 16511K, committed 16768K, reserved 1114112K
  class space    used 1552K, committed 1664K, reserved 1048576K
}
Event: 1.572 GC heap before
{Heap before GC invocations=2 (full 0):
 garbage-first heap   total 262144K, used 48274K [0x000001ffa4000000, 0x000005ffa4000000)
  region size 32768K, 2 young (65536K), 1 survivors (32768K)
 Metaspace       used 16519K, committed 16768K, reserved 1114112K
  class space    used 1552K, committed 1664K, reserved 1048576K
}
Event: 1.583 GC heap after
{Heap after GC invocations=3 (full 0):
 garbage-first heap   total 262144K, used 31422K [0x000001ffa4000000, 0x000005ffa4000000)
  region size 32768K, 1 young (32768K), 1 survivors (32768K)
 Metaspace       used 16519K, committed 16768K, reserved 1114112K
  class space    used 1552K, committed 1664K, reserved 1048576K
}
Event: 1.615 GC heap before
{Heap before GC invocations=3 (full 0):
 garbage-first heap   total 262144K, used 31422K [0x000001ffa4000000, 0x000005ffa4000000)
  region size 32768K, 2 young (65536K), 1 survivors (32768K)
 Metaspace       used 16519K, committed 16768K, reserved 1114112K
  class space    used 1552K, committed 1664K, reserved 1048576K
}
Event: 1.627 GC heap after
{Heap after GC invocations=4 (full 0):
 garbage-first heap   total 262144K, used 47281K [0x000001ffa4000000, 0x000005ffa4000000)
  region size 32768K, 1 young (32768K), 1 survivors (32768K)
 Metaspace       used 16519K, committed 16768K, reserved 1114112K
  class space    used 1552K, committed 1664K, reserved 1048576K
}
Event: 1.773 GC heap before
{Heap before GC invocations=4 (full 0):
 garbage-first heap   total 262144K, used 80049K [0x000001ffa4000000, 0x000005ffa4000000)
  region size 32768K, 2 young (65536K), 1 survivors (32768K)
 Metaspace       used 16870K, committed 17088K, reserved 1114112K
  class space    used 1604K, committed 1664K, reserved 1048576K
}
Event: 1.783 GC heap after
{Heap after GC invocations=5 (full 0):
 garbage-first heap   total 262144K, used 89091K [0x000001ffa4000000, 0x000005ffa4000000)
  region size 32768K, 1 young (32768K), 1 survivors (32768K)
 Metaspace       used 16870K, committed 17088K, reserved 1114112K
  class space    used 1604K, committed 1664K, reserved 1048576K
}
Event: 1.805 GC heap before
{Heap before GC invocations=5 (full 0):
 garbage-first heap   total 262144K, used 89091K [0x000001ffa4000000, 0x000005ffa4000000)
  region size 32768K, 2 young (65536K), 1 survivors (32768K)
 Metaspace       used 16872K, committed 17088K, reserved 1114112K
  class space    used 1604K, committed 1664K, reserved 1048576K
}
Event: 1.818 GC heap after
{Heap after GC invocations=6 (full 0):
 garbage-first heap   total 524288K, used 129675K [0x000001ffa4000000, 0x000005ffa4000000)
  region size 32768K, 1 young (32768K), 1 survivors (32768K)
 Metaspace       used 16872K, committed 17088K, reserved 1114112K
  class space    used 1604K, committed 1664K, reserved 1048576K
}
Event: 2.064 GC heap before
{Heap before GC invocations=6 (full 0):
 garbage-first heap   total 524288K, used 162443K [0x000001ffa4000000, 0x000005ffa4000000)
  region size 32768K, 2 young (65536K), 1 survivors (32768K)
 Metaspace       used 16967K, committed 17152K, reserved 1114112K
  class space    used 1619K, committed 1728K, reserved 1048576K
}
Event: 2.076 GC heap after
{Heap after GC invocations=7 (full 0):
 garbage-first heap   total 524288K, used 149826K [0x000001ffa4000000, 0x000005ffa4000000)
  region size 32768K, 1 young (32768K), 1 survivors (32768K)
 Metaspace       used 16967K, committed 17152K, reserved 1114112K
  class space    used 1619K, committed 1728K, reserved 1048576K
}
Event: 2.397 GC heap before
{Heap before GC invocations=7 (full 0):
 garbage-first heap   total 524288K, used 182594K [0x000001ffa4000000, 0x000005ffa4000000)
  region size 32768K, 2 young (65536K), 1 survivors (32768K)
 Metaspace       used 16982K, committed 17216K, reserved 1114112K
  class space    used 1621K, committed 1728K, reserved 1048576K
}
Event: 2.416 GC heap after
{Heap after GC invocations=8 (full 0):
 garbage-first heap   total 524288K, used 186420K [0x000001ffa4000000, 0x000005ffa4000000)
  region size 32768K, 1 young (32768K), 1 survivors (32768K)
 Metaspace       used 16982K, committed 17216K, reserved 1114112K
  class space    used 1621K, committed 1728K, reserved 1048576K
}
Event: 5.971 GC heap before
{Heap before GC invocations=8 (full 0):
 garbage-first heap   total 524288K, used 186420K [0x000001ffa4000000, 0x000005ffa4000000)
  region size 32768K, 2 young (65536K), 1 survivors (32768K)
 Metaspace       used 21245K, committed 21504K, reserved 1114112K
  class space    used 2177K, committed 2304K, reserved 1048576K
}
Event: 5.987 GC heap after
{Heap after GC invocations=9 (full 0):
 garbage-first heap   total 524288K, used 204845K [0x000001ffa4000000, 0x000005ffa4000000)
  region size 32768K, 1 young (32768K), 1 survivors (32768K)
 Metaspace       used 21245K, committed 21504K, reserved 1114112K
  class space    used 2177K, committed 2304K, reserved 1048576K
}

