# JRE version: OpenJDK Runtime Environment JBR-17.0.9+8-1166.2-jcef (17.0.9+8) (build 17.0.9+8-b1166.2)
# Java VM: OpenJDK 64-Bit Server VM JBR-17.0.9+8-1166.2-jcef (17.0.9+8-b1166.2, mixed mode, tiered, compressed class ptrs, g1 gc, windows-amd64)
GC Precious Log:
 CPUs: 12 total, 12 available
 Memory: 16254M
 Large Page Support: Disabled
 NUMA Support: Disabled
 Compressed Oops: Disabled
 Heap Region Size: 32M
 Heap Min Capacity: 32M
 Heap Initial Capacity: 256M
 Heap Max Capacity: 4096G
 Pre-touch: Disabled
 Parallel Workers: 10
 Concurrent Workers: 3
 Concurrent Refinement Workers: 10
 Periodic GC: Disabled
Heap:
 garbage-first heap   total 491520K, used 256255K [0x0000023dac000000, 0x0000063dac000000)
  region size 32768K, 2 young (65536K), 1 survivors (32768K)
 Metaspace       used 22004K, committed 22272K, reserved 1114112K
  class space    used 2262K, committed 2368K, reserved 1048576K
GC Heap History (14 events):
Event: 1.065 GC heap before
{Heap before GC invocations=0 (full 0):
 garbage-first heap   total 262144K, used 98304K [0x0000023dac000000, 0x0000063dac000000)
  region size 32768K, 1 young (32768K), 0 survivors (0K)
 Metaspace       used 16502K, committed 16768K, reserved 1114112K
  class space    used 1554K, committed 1664K, reserved 1048576K
}
Event: 1.078 GC heap after
{Heap after GC invocations=1 (full 0):
 garbage-first heap   total 262144K, used 69722K [0x0000023dac000000, 0x0000063dac000000)
  region size 32768K, 1 young (32768K), 1 survivors (32768K)
 Metaspace       used 16502K, committed 16768K, reserved 1114112K
  class space    used 1554K, committed 1664K, reserved 1048576K
}
Event: 1.199 GC heap before
{Heap before GC invocations=1 (full 0):
 garbage-first heap   total 262144K, used 102490K [0x0000023dac000000, 0x0000063dac000000)
  region size 32768K, 2 young (65536K), 1 survivors (32768K)
 Metaspace       used 16509K, committed 16768K, reserved 1114112K
  class space    used 1554K, committed 1664K, reserved 1048576K
}
Event: 1.205 GC heap after
{Heap after GC invocations=2 (full 0):
 garbage-first heap   total 262144K, used 69863K [0x0000023dac000000, 0x0000063dac000000)
  region size 32768K, 1 young (32768K), 1 survivors (32768K)
 Metaspace       used 16509K, committed 16768K, reserved 1114112K
  class space    used 1554K, committed 1664K, reserved 1048576K
}
Event: 1.298 GC heap before
{Heap before GC invocations=2 (full 0):
 garbage-first heap   total 262144K, used 69863K [0x0000023dac000000, 0x0000063dac000000)
  region size 32768K, 2 young (65536K), 1 survivors (32768K)
 Metaspace       used 16509K, committed 16768K, reserved 1114112K
  class space    used 1554K, committed 1664K, reserved 1048576K
}
Event: 1.303 GC heap after
{Heap after GC invocations=3 (full 0):
 garbage-first heap   total 262144K, used 69786K [0x0000023dac000000, 0x0000063dac000000)
  region size 32768K, 1 young (32768K), 1 survivors (32768K)
 Metaspace       used 16509K, committed 16768K, reserved 1114112K
  class space    used 1554K, committed 1664K, reserved 1048576K
}
Event: 1.352 GC heap before
{Heap before GC invocations=3 (full 0):
 garbage-first heap   total 262144K, used 135322K [0x0000023dac000000, 0x0000063dac000000)
  region size 32768K, 2 young (65536K), 1 survivors (32768K)
 Metaspace       used 16509K, committed 16768K, reserved 1114112K
  class space    used 1554K, committed 1664K, reserved 1048576K
}
Event: 1.358 GC heap after
{Heap after GC invocations=4 (full 0):
 garbage-first heap   total 262144K, used 135301K [0x0000023dac000000, 0x0000063dac000000)
  region size 32768K, 1 young (32768K), 1 survivors (32768K)
 Metaspace       used 16509K, committed 16768K, reserved 1114112K
  class space    used 1554K, committed 1664K, reserved 1048576K
}
Event: 1.545 GC heap before
{Heap before GC invocations=5 (full 0):
 garbage-first heap   total 393216K, used 233605K [0x0000023dac000000, 0x0000063dac000000)
  region size 32768K, 2 young (65536K), 1 survivors (32768K)
 Metaspace       used 16509K, committed 16768K, reserved 1114112K
  class space    used 1554K, committed 1664K, reserved 1048576K
}
Event: 1.553 GC heap after
{Heap after GC invocations=6 (full 0):
 garbage-first heap   total 393216K, used 211387K [0x0000023dac000000, 0x0000063dac000000)
  region size 32768K, 1 young (32768K), 1 survivors (32768K)
 Metaspace       used 16509K, committed 16768K, reserved 1114112K
  class space    used 1554K, committed 1664K, reserved 1048576K
}
Event: 1.618 GC heap before
{Heap before GC invocations=6 (full 0):
 garbage-first heap   total 393216K, used 211387K [0x0000023dac000000, 0x0000063dac000000)
  region size 32768K, 2 young (65536K), 1 survivors (32768K)
 Metaspace       used 16530K, committed 16768K, reserved 1114112K
  class space    used 1556K, committed 1664K, reserved 1048576K
}
Event: 1.625 GC heap after
{Heap after GC invocations=7 (full 0):
 garbage-first heap   total 557056K, used 85115K [0x0000023dac000000, 0x0000063dac000000)
  region size 32768K, 1 young (32768K), 1 survivors (32768K)
 Metaspace       used 16530K, committed 16768K, reserved 1114112K
  class space    used 1556K, committed 1664K, reserved 1048576K
}
Event: 5.136 GC heap before
{Heap before GC invocations=8 (full 0):
 garbage-first heap   total 458752K, used 281723K [0x0000023dac000000, 0x0000063dac000000)
  region size 32768K, 7 young (229376K), 1 survivors (32768K)
 Metaspace       used 17374K, committed 17600K, reserved 1114112K
  class space    used 1670K, committed 1728K, reserved 1048576K
}
Event: 5.172 GC heap after
{Heap after GC invocations=9 (full 0):
 garbage-first heap   total 491520K, used 256255K [0x0000023dac000000, 0x0000063dac000000)
  region size 32768K, 1 young (32768K), 1 survivors (32768K)
 Metaspace       used 17374K, committed 17600K, reserved 1114112K
  class space    used 1670K, committed 1728K, reserved 1048576K
}

