# JRE version: OpenJDK Runtime Environment JBR-17.0.9+8-1166.2-jcef (17.0.9+8) (build 17.0.9+8-b1166.2)
# Java VM: OpenJDK 64-Bit Server VM JBR-17.0.9+8-1166.2-jcef (17.0.9+8-b1166.2, mixed mode, tiered, compressed class ptrs, g1 gc, windows-amd64)
GC Precious Log:
 CPUs: 12 total, 12 available
 Memory: 16254M
 Large Page Support: Disabled
 NUMA Support: Disabled
 Compressed Oops: Disabled
 Heap Region Size: 32M
 Heap Min Capacity: 32M
 Heap Initial Capacity: 256M
 Heap Max Capacity: 4096G
 Pre-touch: Disabled
 Parallel Workers: 10
 Concurrent Workers: 3
 Concurrent Refinement Workers: 10
 Periodic GC: Disabled
Heap:
 garbage-first heap   total 884736K, used 264456K [0x00000241fe000000, 0x00000641fe000000)
  region size 32768K, 4 young (131072K), 1 survivors (32768K)
 Metaspace       used 22715K, committed 22976K, reserved 1114112K
  class space    used 2305K, committed 2432K, reserved 1048576K
GC Heap History (20 events):
Event: 1.166 GC heap before
{Heap before GC invocations=0 (full 0):
 garbage-first heap   total 262144K, used 32768K [0x00000241fe000000, 0x00000641fe000000)
  region size 32768K, 1 young (32768K), 0 survivors (0K)
 Metaspace       used 16506K, committed 16768K, reserved 1114112K
  class space    used 1554K, committed 1664K, reserved 1048576K
}
Event: 1.178 GC heap after
{Heap after GC invocations=1 (full 0):
 garbage-first heap   total 262144K, used 6509K [0x00000241fe000000, 0x00000641fe000000)
  region size 32768K, 1 young (32768K), 1 survivors (32768K)
 Metaspace       used 16506K, committed 16768K, reserved 1114112K
  class space    used 1554K, committed 1664K, reserved 1048576K
}
Event: 1.324 GC heap before
{Heap before GC invocations=1 (full 0):
 garbage-first heap   total 262144K, used 6509K [0x00000241fe000000, 0x00000641fe000000)
  region size 32768K, 2 young (65536K), 1 survivors (32768K)
 Metaspace       used 16571K, committed 16832K, reserved 1114112K
  class space    used 1557K, committed 1664K, reserved 1048576K
}
Event: 1.332 GC heap after
{Heap after GC invocations=2 (full 0):
 garbage-first heap   total 262144K, used 17486K [0x00000241fe000000, 0x00000641fe000000)
  region size 32768K, 1 young (32768K), 1 survivors (32768K)
 Metaspace       used 16571K, committed 16832K, reserved 1114112K
  class space    used 1557K, committed 1664K, reserved 1048576K
}
Event: 1.611 GC heap before
{Heap before GC invocations=2 (full 0):
 garbage-first heap   total 262144K, used 50254K [0x00000241fe000000, 0x00000641fe000000)
  region size 32768K, 2 young (65536K), 1 survivors (32768K)
 Metaspace       used 16587K, committed 16832K, reserved 1114112K
  class space    used 1557K, committed 1664K, reserved 1048576K
}
Event: 1.622 GC heap after
{Heap after GC invocations=3 (full 0):
 garbage-first heap   total 262144K, used 31603K [0x00000241fe000000, 0x00000641fe000000)
  region size 32768K, 1 young (32768K), 1 survivors (32768K)
 Metaspace       used 16587K, committed 16832K, reserved 1114112K
  class space    used 1557K, committed 1664K, reserved 1048576K
}
Event: 1.683 GC heap before
{Heap before GC invocations=3 (full 0):
 garbage-first heap   total 262144K, used 31603K [0x00000241fe000000, 0x00000641fe000000)
  region size 32768K, 2 young (65536K), 1 survivors (32768K)
 Metaspace       used 16587K, committed 16832K, reserved 1114112K
  class space    used 1557K, committed 1664K, reserved 1048576K
}
Event: 1.694 GC heap after
{Heap after GC invocations=4 (full 0):
 garbage-first heap   total 262144K, used 47264K [0x00000241fe000000, 0x00000641fe000000)
  region size 32768K, 1 young (32768K), 1 survivors (32768K)
 Metaspace       used 16587K, committed 16832K, reserved 1114112K
  class space    used 1557K, committed 1664K, reserved 1048576K
}
Event: 1.917 GC heap before
{Heap before GC invocations=4 (full 0):
 garbage-first heap   total 262144K, used 80032K [0x00000241fe000000, 0x00000641fe000000)
  region size 32768K, 2 young (65536K), 1 survivors (32768K)
 Metaspace       used 16938K, committed 17152K, reserved 1114112K
  class space    used 1608K, committed 1728K, reserved 1048576K
}
Event: 1.924 GC heap after
{Heap after GC invocations=5 (full 0):
 garbage-first heap   total 262144K, used 73498K [0x00000241fe000000, 0x00000641fe000000)
  region size 32768K, 1 young (32768K), 1 survivors (32768K)
 Metaspace       used 16938K, committed 17152K, reserved 1114112K
  class space    used 1608K, committed 1728K, reserved 1048576K
}
Event: 1.957 GC heap before
{Heap before GC invocations=5 (full 0):
 garbage-first heap   total 262144K, used 73498K [0x00000241fe000000, 0x00000641fe000000)
  region size 32768K, 2 young (65536K), 1 survivors (32768K)
 Metaspace       used 16942K, committed 17216K, reserved 1114112K
  class space    used 1608K, committed 1728K, reserved 1048576K
}
Event: 1.974 GC heap after
{Heap after GC invocations=6 (full 0):
 garbage-first heap   total 491520K, used 107784K [0x00000241fe000000, 0x00000641fe000000)
  region size 32768K, 1 young (32768K), 1 survivors (32768K)
 Metaspace       used 16942K, committed 17216K, reserved 1114112K
  class space    used 1608K, committed 1728K, reserved 1048576K
}
Event: 2.148 GC heap before
{Heap before GC invocations=6 (full 0):
 garbage-first heap   total 491520K, used 140552K [0x00000241fe000000, 0x00000641fe000000)
  region size 32768K, 2 young (65536K), 1 survivors (32768K)
 Metaspace       used 17381K, committed 17600K, reserved 1114112K
  class space    used 1664K, committed 1792K, reserved 1048576K
}
Event: 2.163 GC heap after
{Heap after GC invocations=7 (full 0):
 garbage-first heap   total 491520K, used 120090K [0x00000241fe000000, 0x00000641fe000000)
  region size 32768K, 1 young (32768K), 1 survivors (32768K)
 Metaspace       used 17381K, committed 17600K, reserved 1114112K
  class space    used 1664K, committed 1792K, reserved 1048576K
}
Event: 2.623 GC heap before
{Heap before GC invocations=7 (full 0):
 garbage-first heap   total 491520K, used 152858K [0x00000241fe000000, 0x00000641fe000000)
  region size 32768K, 2 young (65536K), 1 survivors (32768K)
 Metaspace       used 17418K, committed 17664K, reserved 1114112K
  class space    used 1669K, committed 1792K, reserved 1048576K
}
Event: 2.644 GC heap after
{Heap after GC invocations=8 (full 0):
 garbage-first heap   total 491520K, used 161436K [0x00000241fe000000, 0x00000641fe000000)
  region size 32768K, 1 young (32768K), 1 survivors (32768K)
 Metaspace       used 17418K, committed 17664K, reserved 1114112K
  class space    used 1669K, committed 1792K, reserved 1048576K
}
Event: 3.088 GC heap before
{Heap before GC invocations=8 (full 0):
 garbage-first heap   total 491520K, used 194204K [0x00000241fe000000, 0x00000641fe000000)
  region size 32768K, 2 young (65536K), 1 survivors (32768K)
 Metaspace       used 18913K, committed 19136K, reserved 1114112K
  class space    used 1872K, committed 1984K, reserved 1048576K
}
Event: 3.109 GC heap after
{Heap after GC invocations=9 (full 0):
 garbage-first heap   total 491520K, used 194006K [0x00000241fe000000, 0x00000641fe000000)
  region size 32768K, 1 young (32768K), 1 survivors (32768K)
 Metaspace       used 18913K, committed 19136K, reserved 1114112K
  class space    used 1872K, committed 1984K, reserved 1048576K
}
Event: 3.972 GC heap before
{Heap before GC invocations=9 (full 0):
 garbage-first heap   total 491520K, used 194006K [0x00000241fe000000, 0x00000641fe000000)
  region size 32768K, 2 young (65536K), 1 survivors (32768K)
 Metaspace       used 21187K, committed 21504K, reserved 1114112K
  class space    used 2201K, committed 2368K, reserved 1048576K
}
Event: 3.985 GC heap after
{Heap after GC invocations=10 (full 0):
 garbage-first heap   total 1015808K, used 198920K [0x00000241fe000000, 0x00000641fe000000)
  region size 32768K, 1 young (32768K), 1 survivors (32768K)
 Metaspace       used 21187K, committed 21504K, reserved 1114112K
  class space    used 2201K, committed 2368K, reserved 1048576K
}

