# JRE version: OpenJDK Runtime Environment JBR-17.0.9+8-1166.2-jcef (17.0.9+8) (build 17.0.9+8-b1166.2)
# Java VM: OpenJDK 64-Bit Server VM JBR-17.0.9+8-1166.2-jcef (17.0.9+8-b1166.2, mixed mode, tiered, compressed class ptrs, g1 gc, windows-amd64)
GC Precious Log:
 CPUs: 12 total, 12 available
 Memory: 16254M
 Large Page Support: Disabled
 NUMA Support: Disabled
 Compressed Oops: Disabled
 Heap Region Size: 32M
 Heap Min Capacity: 32M
 Heap Initial Capacity: 256M
 Heap Max Capacity: 4096G
 Pre-touch: Disabled
 Parallel Workers: 10
 Concurrent Workers: 3
 Concurrent Refinement Workers: 10
 Periodic GC: Disabled
Heap:
 garbage-first heap   total 491520K, used 189527K [0x000002a136000000, 0x000006a136000000)
  region size 32768K, 2 young (65536K), 1 survivors (32768K)
 Metaspace       used 21708K, committed 22016K, reserved 1114112K
  class space    used 2228K, committed 2368K, reserved 1048576K
GC Heap History (16 events):
Event: 1.026 GC heap before
{Heap before GC invocations=0 (full 0):
 garbage-first heap   total 262144K, used 0K [0x000002a136000000, 0x000006a136000000)
  region size 32768K, 1 young (32768K), 0 survivors (0K)
 Metaspace       used 15909K, committed 16128K, reserved 1114112K
  class space    used 1495K, committed 1600K, reserved 1048576K
}
Event: 1.040 GC heap after
{Heap after GC invocations=1 (full 0):
 garbage-first heap   total 262144K, used 5957K [0x000002a136000000, 0x000006a136000000)
  region size 32768K, 1 young (32768K), 1 survivors (32768K)
 Metaspace       used 15909K, committed 16128K, reserved 1114112K
  class space    used 1495K, committed 1600K, reserved 1048576K
}
Event: 1.153 GC heap before
{Heap before GC invocations=1 (full 0):
 garbage-first heap   total 262144K, used 5957K [0x000002a136000000, 0x000006a136000000)
  region size 32768K, 2 young (65536K), 1 survivors (32768K)
 Metaspace       used 16564K, committed 16832K, reserved 1114112K
  class space    used 1556K, committed 1664K, reserved 1048576K
}
Event: 1.162 GC heap after
{Heap after GC invocations=2 (full 0):
 garbage-first heap   total 262144K, used 17283K [0x000002a136000000, 0x000006a136000000)
  region size 32768K, 1 young (32768K), 1 survivors (32768K)
 Metaspace       used 16564K, committed 16832K, reserved 1114112K
  class space    used 1556K, committed 1664K, reserved 1048576K
}
Event: 1.452 GC heap before
{Heap before GC invocations=2 (full 0):
 garbage-first heap   total 262144K, used 50051K [0x000002a136000000, 0x000006a136000000)
  region size 32768K, 2 young (65536K), 1 survivors (32768K)
 Metaspace       used 16579K, committed 16832K, reserved 1114112K
  class space    used 1556K, committed 1664K, reserved 1048576K
}
Event: 1.464 GC heap after
{Heap after GC invocations=3 (full 0):
 garbage-first heap   total 262144K, used 31379K [0x000002a136000000, 0x000006a136000000)
  region size 32768K, 1 young (32768K), 1 survivors (32768K)
 Metaspace       used 16579K, committed 16832K, reserved 1114112K
  class space    used 1556K, committed 1664K, reserved 1048576K
}
Event: 1.524 GC heap before
{Heap before GC invocations=3 (full 0):
 garbage-first heap   total 262144K, used 31379K [0x000002a136000000, 0x000006a136000000)
  region size 32768K, 2 young (65536K), 1 survivors (32768K)
 Metaspace       used 16579K, committed 16832K, reserved 1114112K
  class space    used 1556K, committed 1664K, reserved 1048576K
}
Event: 1.537 GC heap after
{Heap after GC invocations=4 (full 0):
 garbage-first heap   total 262144K, used 47202K [0x000002a136000000, 0x000006a136000000)
  region size 32768K, 1 young (32768K), 1 survivors (32768K)
 Metaspace       used 16579K, committed 16832K, reserved 1114112K
  class space    used 1556K, committed 1664K, reserved 1048576K
}
Event: 1.735 GC heap before
{Heap before GC invocations=4 (full 0):
 garbage-first heap   total 262144K, used 79970K [0x000002a136000000, 0x000006a136000000)
  region size 32768K, 2 young (65536K), 1 survivors (32768K)
 Metaspace       used 16929K, committed 17216K, reserved 1114112K
  class space    used 1608K, committed 1728K, reserved 1048576K
}
Event: 1.742 GC heap after
{Heap after GC invocations=5 (full 0):
 garbage-first heap   total 491520K, used 73374K [0x000002a136000000, 0x000006a136000000)
  region size 32768K, 1 young (32768K), 1 survivors (32768K)
 Metaspace       used 16929K, committed 17216K, reserved 1114112K
  class space    used 1608K, committed 1728K, reserved 1048576K
}
Event: 2.040 GC heap before
{Heap before GC invocations=5 (full 0):
 garbage-first heap   total 491520K, used 106142K [0x000002a136000000, 0x000006a136000000)
  region size 32768K, 3 young (98304K), 1 survivors (32768K)
 Metaspace       used 17376K, committed 17536K, reserved 1114112K
  class space    used 1663K, committed 1728K, reserved 1048576K
}
Event: 2.070 GC heap after
{Heap after GC invocations=6 (full 0):
 garbage-first heap   total 491520K, used 126955K [0x000002a136000000, 0x000006a136000000)
  region size 32768K, 1 young (32768K), 1 survivors (32768K)
 Metaspace       used 17376K, committed 17536K, reserved 1114112K
  class space    used 1663K, committed 1728K, reserved 1048576K
}
Event: 2.464 GC heap before
{Heap before GC invocations=6 (full 0):
 garbage-first heap   total 491520K, used 159723K [0x000002a136000000, 0x000006a136000000)
  region size 32768K, 2 young (65536K), 1 survivors (32768K)
 Metaspace       used 17410K, committed 17600K, reserved 1114112K
  class space    used 1668K, committed 1728K, reserved 1048576K
}
Event: 2.482 GC heap after
{Heap after GC invocations=7 (full 0):
 garbage-first heap   total 491520K, used 162731K [0x000002a136000000, 0x000006a136000000)
  region size 32768K, 1 young (32768K), 1 survivors (32768K)
 Metaspace       used 17410K, committed 17600K, reserved 1114112K
  class space    used 1668K, committed 1728K, reserved 1048576K
}
Event: 3.613 GC heap before
{Heap before GC invocations=7 (full 0):
 garbage-first heap   total 491520K, used 162731K [0x000002a136000000, 0x000006a136000000)
  region size 32768K, 2 young (65536K), 1 survivors (32768K)
 Metaspace       used 21181K, committed 21504K, reserved 1114112K
  class space    used 2197K, committed 2368K, reserved 1048576K
}
Event: 3.633 GC heap after
{Heap after GC invocations=8 (full 0):
 garbage-first heap   total 491520K, used 189527K [0x000002a136000000, 0x000006a136000000)
  region size 32768K, 1 young (32768K), 1 survivors (32768K)
 Metaspace       used 21181K, committed 21504K, reserved 1114112K
  class space    used 2197K, committed 2368K, reserved 1048576K
}

