# JRE version: OpenJDK Runtime Environment JBR-17.0.9+8-1166.2-jcef (17.0.9+8) (build 17.0.9+8-b1166.2)
# Java VM: OpenJDK 64-Bit Server VM JBR-17.0.9+8-1166.2-jcef (17.0.9+8-b1166.2, mixed mode, tiered, compressed class ptrs, g1 gc, windows-amd64)
GC Precious Log:
 CPUs: 12 total, 12 available
 Memory: 16254M
 Large Page Support: Disabled
 NUMA Support: Disabled
 Compressed Oops: Disabled
 Heap Region Size: 32M
 Heap Min Capacity: 32M
 Heap Initial Capacity: 256M
 Heap Max Capacity: 4096G
 Pre-touch: Disabled
 Parallel Workers: 10
 Concurrent Workers: 3
 Concurrent Refinement Workers: 10
 Periodic GC: Disabled
Heap:
 garbage-first heap   total 524288K, used 215790K [0x0000029370000000, 0x0000069370000000)
  region size 32768K, 2 young (65536K), 1 survivors (32768K)
 Metaspace       used 21408K, committed 21696K, reserved 1114112K
  class space    used 2196K, committed 2368K, reserved 1048576K
GC Heap History (18 events):
Event: 1.008 GC heap before
{Heap before GC invocations=0 (full 0):
 garbage-first heap   total 262144K, used 32768K [0x0000029370000000, 0x0000069370000000)
  region size 32768K, 1 young (32768K), 0 survivors (0K)
 Metaspace       used 15901K, committed 16128K, reserved 1114112K
  class space    used 1494K, committed 1600K, reserved 1048576K
}
Event: 1.018 GC heap after
{Heap after GC invocations=1 (full 0):
 garbage-first heap   total 262144K, used 6476K [0x0000029370000000, 0x0000069370000000)
  region size 32768K, 1 young (32768K), 1 survivors (32768K)
 Metaspace       used 15901K, committed 16128K, reserved 1114112K
  class space    used 1494K, committed 1600K, reserved 1048576K
}
Event: 1.133 GC heap before
{Heap before GC invocations=1 (full 0):
 garbage-first heap   total 262144K, used 6476K [0x0000029370000000, 0x0000069370000000)
  region size 32768K, 2 young (65536K), 1 survivors (32768K)
 Metaspace       used 16508K, committed 16768K, reserved 1114112K
  class space    used 1552K, committed 1664K, reserved 1048576K
}
Event: 1.142 GC heap after
{Heap after GC invocations=2 (full 0):
 garbage-first heap   total 262144K, used 15866K [0x0000029370000000, 0x0000069370000000)
  region size 32768K, 1 young (32768K), 1 survivors (32768K)
 Metaspace       used 16508K, committed 16768K, reserved 1114112K
  class space    used 1552K, committed 1664K, reserved 1048576K
}
Event: 1.462 GC heap before
{Heap before GC invocations=2 (full 0):
 garbage-first heap   total 262144K, used 48634K [0x0000029370000000, 0x0000069370000000)
  region size 32768K, 2 young (65536K), 1 survivors (32768K)
 Metaspace       used 16516K, committed 16768K, reserved 1114112K
  class space    used 1552K, committed 1664K, reserved 1048576K
}
Event: 1.472 GC heap after
{Heap after GC invocations=3 (full 0):
 garbage-first heap   total 262144K, used 31207K [0x0000029370000000, 0x0000069370000000)
  region size 32768K, 1 young (32768K), 1 survivors (32768K)
 Metaspace       used 16516K, committed 16768K, reserved 1114112K
  class space    used 1552K, committed 1664K, reserved 1048576K
}
Event: 1.502 GC heap before
{Heap before GC invocations=3 (full 0):
 garbage-first heap   total 262144K, used 31207K [0x0000029370000000, 0x0000069370000000)
  region size 32768K, 2 young (65536K), 1 survivors (32768K)
 Metaspace       used 16516K, committed 16768K, reserved 1114112K
  class space    used 1552K, committed 1664K, reserved 1048576K
}
Event: 1.516 GC heap after
{Heap after GC invocations=4 (full 0):
 garbage-first heap   total 262144K, used 47394K [0x0000029370000000, 0x0000069370000000)
  region size 32768K, 1 young (32768K), 1 survivors (32768K)
 Metaspace       used 16516K, committed 16768K, reserved 1114112K
  class space    used 1552K, committed 1664K, reserved 1048576K
}
Event: 1.683 GC heap before
{Heap before GC invocations=4 (full 0):
 garbage-first heap   total 262144K, used 80162K [0x0000029370000000, 0x0000069370000000)
  region size 32768K, 2 young (65536K), 1 survivors (32768K)
 Metaspace       used 16867K, committed 17152K, reserved 1114112K
  class space    used 1603K, committed 1728K, reserved 1048576K
}
Event: 1.694 GC heap after
{Heap after GC invocations=5 (full 0):
 garbage-first heap   total 262144K, used 89114K [0x0000029370000000, 0x0000069370000000)
  region size 32768K, 1 young (32768K), 1 survivors (32768K)
 Metaspace       used 16867K, committed 17152K, reserved 1114112K
  class space    used 1603K, committed 1728K, reserved 1048576K
}
Event: 1.715 GC heap before
{Heap before GC invocations=5 (full 0):
 garbage-first heap   total 262144K, used 89114K [0x0000029370000000, 0x0000069370000000)
  region size 32768K, 2 young (65536K), 1 survivors (32768K)
 Metaspace       used 16870K, committed 17152K, reserved 1114112K
  class space    used 1603K, committed 1728K, reserved 1048576K
}
Event: 1.727 GC heap after
{Heap after GC invocations=6 (full 0):
 garbage-first heap   total 524288K, used 123333K [0x0000029370000000, 0x0000069370000000)
  region size 32768K, 1 young (32768K), 1 survivors (32768K)
 Metaspace       used 16870K, committed 17152K, reserved 1114112K
  class space    used 1603K, committed 1728K, reserved 1048576K
}
Event: 1.982 GC heap before
{Heap before GC invocations=6 (full 0):
 garbage-first heap   total 524288K, used 156101K [0x0000029370000000, 0x0000069370000000)
  region size 32768K, 2 young (65536K), 1 survivors (32768K)
 Metaspace       used 16965K, committed 17152K, reserved 1114112K
  class space    used 1619K, committed 1728K, reserved 1048576K
}
Event: 1.997 GC heap after
{Heap after GC invocations=7 (full 0):
 garbage-first heap   total 524288K, used 155767K [0x0000029370000000, 0x0000069370000000)
  region size 32768K, 1 young (32768K), 1 survivors (32768K)
 Metaspace       used 16965K, committed 17152K, reserved 1114112K
  class space    used 1619K, committed 1728K, reserved 1048576K
}
Event: 2.326 GC heap before
{Heap before GC invocations=7 (full 0):
 garbage-first heap   total 524288K, used 188535K [0x0000029370000000, 0x0000069370000000)
  region size 32768K, 2 young (65536K), 1 survivors (32768K)
 Metaspace       used 16980K, committed 17152K, reserved 1114112K
  class space    used 1621K, committed 1728K, reserved 1048576K
}
Event: 2.346 GC heap after
{Heap after GC invocations=8 (full 0):
 garbage-first heap   total 524288K, used 196077K [0x0000029370000000, 0x0000069370000000)
  region size 32768K, 1 young (32768K), 1 survivors (32768K)
 Metaspace       used 16980K, committed 17152K, reserved 1114112K
  class space    used 1621K, committed 1728K, reserved 1048576K
}
Event: 5.689 GC heap before
{Heap before GC invocations=8 (full 0):
 garbage-first heap   total 524288K, used 196077K [0x0000029370000000, 0x0000069370000000)
  region size 32768K, 2 young (65536K), 1 survivors (32768K)
 Metaspace       used 21274K, committed 21504K, reserved 1114112K
  class space    used 2179K, committed 2304K, reserved 1048576K
}
Event: 5.703 GC heap after
{Heap after GC invocations=9 (full 0):
 garbage-first heap   total 524288K, used 215790K [0x0000029370000000, 0x0000069370000000)
  region size 32768K, 1 young (32768K), 1 survivors (32768K)
 Metaspace       used 21274K, committed 21504K, reserved 1114112K
  class space    used 2179K, committed 2304K, reserved 1048576K
}

