# JRE version: OpenJDK Runtime Environment JBR-17.0.9+8-1166.2-jcef (17.0.9+8) (build 17.0.9+8-b1166.2)
# Java VM: OpenJDK 64-Bit Server VM JBR-17.0.9+8-1166.2-jcef (17.0.9+8-b1166.2, mixed mode, tiered, compressed class ptrs, g1 gc, windows-amd64)
GC Precious Log:
 CPUs: 12 total, 12 available
 Memory: 16254M
 Large Page Support: Disabled
 NUMA Support: Disabled
 Compressed Oops: Disabled
 Heap Region Size: 32M
 Heap Min Capacity: 32M
 Heap Initial Capacity: 256M
 Heap Max Capacity: 4096G
 Pre-touch: Disabled
 Parallel Workers: 10
 Concurrent Workers: 3
 Concurrent Refinement Workers: 10
 Periodic GC: Disabled
Heap:
 garbage-first heap   total 1048576K, used 316584K [0x0000018a52000000, 0x0000058a52000000)
  region size 32768K, 4 young (131072K), 1 survivors (32768K)
 Metaspace       used 22565K, committed 22912K, reserved 1114112K
  class space    used 2289K, committed 2432K, reserved 1048576K
GC Heap History (20 events):
Event: 1.118 GC heap before
{Heap before GC invocations=0 (full 0):
 garbage-first heap   total 262144K, used 0K [0x0000018a52000000, 0x0000058a52000000)
  region size 32768K, 1 young (32768K), 0 survivors (0K)
 Metaspace       used 16499K, committed 16704K, reserved 1114112K
  class space    used 1554K, committed 1664K, reserved 1048576K
}
Event: 1.131 GC heap after
{Heap after GC invocations=1 (full 0):
 garbage-first heap   total 262144K, used 6177K [0x0000018a52000000, 0x0000058a52000000)
  region size 32768K, 1 young (32768K), 1 survivors (32768K)
 Metaspace       used 16499K, committed 16704K, reserved 1114112K
  class space    used 1554K, committed 1664K, reserved 1048576K
}
Event: 1.286 GC heap before
{Heap before GC invocations=1 (full 0):
 garbage-first heap   total 262144K, used 6177K [0x0000018a52000000, 0x0000058a52000000)
  region size 32768K, 2 young (65536K), 1 survivors (32768K)
 Metaspace       used 16573K, committed 16768K, reserved 1114112K
  class space    used 1557K, committed 1664K, reserved 1048576K
}
Event: 1.294 GC heap after
{Heap after GC invocations=2 (full 0):
 garbage-first heap   total 262144K, used 15590K [0x0000018a52000000, 0x0000058a52000000)
  region size 32768K, 1 young (32768K), 1 survivors (32768K)
 Metaspace       used 16573K, committed 16768K, reserved 1114112K
  class space    used 1557K, committed 1664K, reserved 1048576K
}
Event: 1.601 GC heap before
{Heap before GC invocations=2 (full 0):
 garbage-first heap   total 262144K, used 48358K [0x0000018a52000000, 0x0000058a52000000)
  region size 32768K, 2 young (65536K), 1 survivors (32768K)
 Metaspace       used 16582K, committed 16832K, reserved 1114112K
  class space    used 1557K, committed 1664K, reserved 1048576K
}
Event: 1.612 GC heap after
{Heap after GC invocations=3 (full 0):
 garbage-first heap   total 262144K, used 31265K [0x0000018a52000000, 0x0000058a52000000)
  region size 32768K, 1 young (32768K), 1 survivors (32768K)
 Metaspace       used 16582K, committed 16832K, reserved 1114112K
  class space    used 1557K, committed 1664K, reserved 1048576K
}
Event: 1.640 GC heap before
{Heap before GC invocations=3 (full 0):
 garbage-first heap   total 262144K, used 31265K [0x0000018a52000000, 0x0000058a52000000)
  region size 32768K, 2 young (65536K), 1 survivors (32768K)
 Metaspace       used 16582K, committed 16832K, reserved 1114112K
  class space    used 1557K, committed 1664K, reserved 1048576K
}
Event: 1.652 GC heap after
{Heap after GC invocations=4 (full 0):
 garbage-first heap   total 262144K, used 47827K [0x0000018a52000000, 0x0000058a52000000)
  region size 32768K, 1 young (32768K), 1 survivors (32768K)
 Metaspace       used 16582K, committed 16832K, reserved 1114112K
  class space    used 1557K, committed 1664K, reserved 1048576K
}
Event: 1.823 GC heap before
{Heap before GC invocations=4 (full 0):
 garbage-first heap   total 262144K, used 80595K [0x0000018a52000000, 0x0000058a52000000)
  region size 32768K, 2 young (65536K), 1 survivors (32768K)
 Metaspace       used 16933K, committed 17152K, reserved 1114112K
  class space    used 1608K, committed 1728K, reserved 1048576K
}
Event: 1.836 GC heap after
{Heap after GC invocations=5 (full 0):
 garbage-first heap   total 524288K, used 106547K [0x0000018a52000000, 0x0000058a52000000)
  region size 32768K, 1 young (32768K), 1 survivors (32768K)
 Metaspace       used 16933K, committed 17152K, reserved 1114112K
  class space    used 1608K, committed 1728K, reserved 1048576K
}
Event: 1.869 GC heap before
{Heap before GC invocations=5 (full 0):
 garbage-first heap   total 524288K, used 106547K [0x0000018a52000000, 0x0000058a52000000)
  region size 32768K, 2 young (65536K), 1 survivors (32768K)
 Metaspace       used 16937K, committed 17152K, reserved 1114112K
  class space    used 1608K, committed 1728K, reserved 1048576K
}
Event: 1.884 GC heap after
{Heap after GC invocations=6 (full 0):
 garbage-first heap   total 524288K, used 156303K [0x0000018a52000000, 0x0000058a52000000)
  region size 32768K, 1 young (32768K), 1 survivors (32768K)
 Metaspace       used 16937K, committed 17152K, reserved 1114112K
  class space    used 1608K, committed 1728K, reserved 1048576K
}
Event: 2.089 GC heap before
{Heap before GC invocations=6 (full 0):
 garbage-first heap   total 524288K, used 189071K [0x0000018a52000000, 0x0000058a52000000)
  region size 32768K, 2 young (65536K), 1 survivors (32768K)
 Metaspace       used 17402K, committed 17600K, reserved 1114112K
  class space    used 1667K, committed 1792K, reserved 1048576K
}
Event: 2.107 GC heap after
{Heap after GC invocations=7 (full 0):
 garbage-first heap   total 524288K, used 176070K [0x0000018a52000000, 0x0000058a52000000)
  region size 32768K, 1 young (32768K), 1 survivors (32768K)
 Metaspace       used 17402K, committed 17600K, reserved 1114112K
  class space    used 1667K, committed 1792K, reserved 1048576K
}
Event: 3.653 GC heap before
{Heap before GC invocations=7 (full 0):
 garbage-first heap   total 524288K, used 208838K [0x0000018a52000000, 0x0000058a52000000)
  region size 32768K, 2 young (65536K), 1 survivors (32768K)
 Metaspace       used 17434K, committed 17664K, reserved 1114112K
  class space    used 1671K, committed 1792K, reserved 1048576K
}
Event: 3.666 GC heap after
{Heap after GC invocations=8 (full 0):
 garbage-first heap   total 524288K, used 214953K [0x0000018a52000000, 0x0000058a52000000)
  region size 32768K, 1 young (32768K), 1 survivors (32768K)
 Metaspace       used 17434K, committed 17664K, reserved 1114112K
  class space    used 1671K, committed 1792K, reserved 1048576K
}
Event: 5.043 GC heap before
{Heap before GC invocations=8 (full 0):
 garbage-first heap   total 524288K, used 247721K [0x0000018a52000000, 0x0000058a52000000)
  region size 32768K, 2 young (65536K), 1 survivors (32768K)
 Metaspace       used 19967K, committed 20288K, reserved 1114112K
  class space    used 2043K, committed 2176K, reserved 1048576K
}
Event: 5.058 GC heap after
{Heap after GC invocations=9 (full 0):
 garbage-first heap   total 524288K, used 247930K [0x0000018a52000000, 0x0000058a52000000)
  region size 32768K, 1 young (32768K), 1 survivors (32768K)
 Metaspace       used 19967K, committed 20288K, reserved 1114112K
  class space    used 2043K, committed 2176K, reserved 1048576K
}
Event: 6.156 GC heap before
{Heap before GC invocations=9 (full 0):
 garbage-first heap   total 524288K, used 247930K [0x0000018a52000000, 0x0000058a52000000)
  region size 32768K, 2 young (65536K), 1 survivors (32768K)
 Metaspace       used 21247K, committed 21504K, reserved 1114112K
  class space    used 2188K, committed 2304K, reserved 1048576K
}
Event: 6.166 GC heap after
{Heap after GC invocations=10 (full 0):
 garbage-first heap   total 1048576K, used 251048K [0x0000018a52000000, 0x0000058a52000000)
  region size 32768K, 1 young (32768K), 1 survivors (32768K)
 Metaspace       used 21247K, committed 21504K, reserved 1114112K
  class space    used 2188K, committed 2304K, reserved 1048576K
}

