# JRE version: OpenJDK Runtime Environment JBR-17.0.9+8-1166.2-jcef (17.0.9+8) (build 17.0.9+8-b1166.2)
# Java VM: OpenJDK 64-Bit Server VM JBR-17.0.9+8-1166.2-jcef (17.0.9+8-b1166.2, mixed mode, tiered, compressed class ptrs, g1 gc, windows-amd64)
GC Precious Log:
 CPUs: 12 total, 12 available
 Memory: 16254M
 Large Page Support: Disabled
 NUMA Support: Disabled
 Compressed Oops: Disabled
 Heap Region Size: 32M
 Heap Min Capacity: 32M
 Heap Initial Capacity: 256M
 Heap Max Capacity: 4096G
 Pre-touch: Disabled
 Parallel Workers: 10
 Concurrent Workers: 3
 Concurrent Refinement Workers: 10
 Periodic GC: Disabled
Heap:
 garbage-first heap   total 983040K, used 230979K [0x000001f1ba000000, 0x000005f1ba000000)
  region size 32768K, 2 young (65536K), 1 survivors (32768K)
 Metaspace       used 22140K, committed 22400K, reserved 1114112K
  class space    used 2273K, committed 2432K, reserved 1048576K
GC Heap History (20 events):
Event: 1.061 GC heap before
{Heap before GC invocations=0 (full 0):
 garbage-first heap   total 262144K, used 0K [0x000001f1ba000000, 0x000005f1ba000000)
  region size 32768K, 1 young (32768K), 0 survivors (0K)
 Metaspace       used 15921K, committed 16192K, reserved 1114112K
  class space    used 1495K, committed 1600K, reserved 1048576K
}
Event: 1.072 GC heap after
{Heap after GC invocations=1 (full 0):
 garbage-first heap   total 262144K, used 6018K [0x000001f1ba000000, 0x000005f1ba000000)
  region size 32768K, 1 young (32768K), 1 survivors (32768K)
 Metaspace       used 15921K, committed 16192K, reserved 1114112K
  class space    used 1495K, committed 1600K, reserved 1048576K
}
Event: 1.238 GC heap before
{Heap before GC invocations=1 (full 0):
 garbage-first heap   total 262144K, used 38786K [0x000001f1ba000000, 0x000005f1ba000000)
  region size 32768K, 2 young (65536K), 1 survivors (32768K)
 Metaspace       used 16585K, committed 16832K, reserved 1114112K
  class space    used 1556K, committed 1664K, reserved 1048576K
}
Event: 1.246 GC heap after
{Heap after GC invocations=2 (full 0):
 garbage-first heap   total 262144K, used 15855K [0x000001f1ba000000, 0x000005f1ba000000)
  region size 32768K, 1 young (32768K), 1 survivors (32768K)
 Metaspace       used 16585K, committed 16832K, reserved 1114112K
  class space    used 1556K, committed 1664K, reserved 1048576K
}
Event: 1.558 GC heap before
{Heap before GC invocations=2 (full 0):
 garbage-first heap   total 262144K, used 48623K [0x000001f1ba000000, 0x000005f1ba000000)
  region size 32768K, 2 young (65536K), 1 survivors (32768K)
 Metaspace       used 16594K, committed 16832K, reserved 1114112K
  class space    used 1556K, committed 1664K, reserved 1048576K
}
Event: 1.571 GC heap after
{Heap after GC invocations=3 (full 0):
 garbage-first heap   total 262144K, used 31183K [0x000001f1ba000000, 0x000005f1ba000000)
  region size 32768K, 1 young (32768K), 1 survivors (32768K)
 Metaspace       used 16594K, committed 16832K, reserved 1114112K
  class space    used 1556K, committed 1664K, reserved 1048576K
}
Event: 1.603 GC heap before
{Heap before GC invocations=3 (full 0):
 garbage-first heap   total 262144K, used 31183K [0x000001f1ba000000, 0x000005f1ba000000)
  region size 32768K, 2 young (65536K), 1 survivors (32768K)
 Metaspace       used 16594K, committed 16832K, reserved 1114112K
  class space    used 1556K, committed 1664K, reserved 1048576K
}
Event: 1.617 GC heap after
{Heap after GC invocations=4 (full 0):
 garbage-first heap   total 262144K, used 47430K [0x000001f1ba000000, 0x000005f1ba000000)
  region size 32768K, 1 young (32768K), 1 survivors (32768K)
 Metaspace       used 16594K, committed 16832K, reserved 1114112K
  class space    used 1556K, committed 1664K, reserved 1048576K
}
Event: 1.795 GC heap before
{Heap before GC invocations=4 (full 0):
 garbage-first heap   total 262144K, used 80198K [0x000001f1ba000000, 0x000005f1ba000000)
  region size 32768K, 2 young (65536K), 1 survivors (32768K)
 Metaspace       used 16945K, committed 17216K, reserved 1114112K
  class space    used 1608K, committed 1728K, reserved 1048576K
}
Event: 1.808 GC heap after
{Heap after GC invocations=5 (full 0):
 garbage-first heap   total 262144K, used 106533K [0x000001f1ba000000, 0x000005f1ba000000)
  region size 32768K, 1 young (32768K), 1 survivors (32768K)
 Metaspace       used 16945K, committed 17216K, reserved 1114112K
  class space    used 1608K, committed 1728K, reserved 1048576K
}
Event: 1.833 GC heap before
{Heap before GC invocations=5 (full 0):
 garbage-first heap   total 262144K, used 106533K [0x000001f1ba000000, 0x000005f1ba000000)
  region size 32768K, 2 young (65536K), 1 survivors (32768K)
 Metaspace       used 16949K, committed 17216K, reserved 1114112K
  class space    used 1608K, committed 1728K, reserved 1048576K
}
Event: 1.852 GC heap after
{Heap after GC invocations=6 (full 0):
 garbage-first heap   total 524288K, used 140558K [0x000001f1ba000000, 0x000005f1ba000000)
  region size 32768K, 1 young (32768K), 1 survivors (32768K)
 Metaspace       used 16949K, committed 17216K, reserved 1114112K
  class space    used 1608K, committed 1728K, reserved 1048576K
}
Event: 2.087 GC heap before
{Heap before GC invocations=6 (full 0):
 garbage-first heap   total 524288K, used 173326K [0x000001f1ba000000, 0x000005f1ba000000)
  region size 32768K, 2 young (65536K), 1 survivors (32768K)
 Metaspace       used 17403K, committed 17600K, reserved 1114112K
  class space    used 1666K, committed 1728K, reserved 1048576K
}
Event: 2.105 GC heap after
{Heap after GC invocations=7 (full 0):
 garbage-first heap   total 524288K, used 152844K [0x000001f1ba000000, 0x000005f1ba000000)
  region size 32768K, 1 young (32768K), 1 survivors (32768K)
 Metaspace       used 17403K, committed 17600K, reserved 1114112K
  class space    used 1666K, committed 1728K, reserved 1048576K
}
Event: 4.024 GC heap before
{Heap before GC invocations=7 (full 0):
 garbage-first heap   total 524288K, used 185612K [0x000001f1ba000000, 0x000005f1ba000000)
  region size 32768K, 2 young (65536K), 1 survivors (32768K)
 Metaspace       used 17434K, committed 17664K, reserved 1114112K
  class space    used 1671K, committed 1728K, reserved 1048576K
}
Event: 4.046 GC heap after
{Heap after GC invocations=8 (full 0):
 garbage-first heap   total 524288K, used 194815K [0x000001f1ba000000, 0x000005f1ba000000)
  region size 32768K, 1 young (32768K), 1 survivors (32768K)
 Metaspace       used 17434K, committed 17664K, reserved 1114112K
  class space    used 1671K, committed 1728K, reserved 1048576K
}
Event: 5.604 GC heap before
{Heap before GC invocations=8 (full 0):
 garbage-first heap   total 524288K, used 227583K [0x000001f1ba000000, 0x000005f1ba000000)
  region size 32768K, 2 young (65536K), 1 survivors (32768K)
 Metaspace       used 19951K, committed 20224K, reserved 1114112K
  class space    used 2042K, committed 2176K, reserved 1048576K
}
Event: 5.620 GC heap after
{Heap after GC invocations=9 (full 0):
 garbage-first heap   total 524288K, used 226928K [0x000001f1ba000000, 0x000005f1ba000000)
  region size 32768K, 1 young (32768K), 1 survivors (32768K)
 Metaspace       used 19951K, committed 20224K, reserved 1114112K
  class space    used 2042K, committed 2176K, reserved 1048576K
}
Event: 8.281 GC heap before
{Heap before GC invocations=9 (full 0):
 garbage-first heap   total 524288K, used 226928K [0x000001f1ba000000, 0x000005f1ba000000)
  region size 32768K, 2 young (65536K), 1 survivors (32768K)
 Metaspace       used 21237K, committed 21504K, reserved 1114112K
  class space    used 2174K, committed 2304K, reserved 1048576K
}
Event: 8.291 GC heap after
{Heap after GC invocations=10 (full 0):
 garbage-first heap   total 1081344K, used 230979K [0x000001f1ba000000, 0x000005f1ba000000)
  region size 32768K, 1 young (32768K), 1 survivors (32768K)
 Metaspace       used 21237K, committed 21504K, reserved 1114112K
  class space    used 2174K, committed 2304K, reserved 1048576K
}

